[2022-09-13 02:34:00,442] {taskinstance.py:876} INFO - Dependencies all met for <TaskInstance: xcom_dag.processing_data.training_model_a 2022-09-13T02:33:53.660173+00:00 [queued]>
[2022-09-13 02:34:00,522] {taskinstance.py:876} INFO - Dependencies all met for <TaskInstance: xcom_dag.processing_data.training_model_a 2022-09-13T02:33:53.660173+00:00 [queued]>
[2022-09-13 02:34:00,522] {taskinstance.py:1067} INFO - 
--------------------------------------------------------------------------------
[2022-09-13 02:34:00,522] {taskinstance.py:1068} INFO - Starting attempt 1 of 1
[2022-09-13 02:34:00,522] {taskinstance.py:1069} INFO - 
--------------------------------------------------------------------------------
[2022-09-13 02:34:00,566] {taskinstance.py:1087} INFO - Executing <Task(PythonOperator): processing_data.training_model_a> on 2022-09-13T02:33:53.660173+00:00
[2022-09-13 02:34:00,576] {standard_task_runner.py:52} INFO - Started process 41121 to run task
[2022-09-13 02:34:00,584] {standard_task_runner.py:76} INFO - Running: ['airflow', 'tasks', 'run', 'xcom_dag', 'processing_data.training_model_a', '2022-09-13T02:33:53.660173+00:00', '--job-id', '43', '--pool', 'default_pool', '--raw', '--subdir', 'DAGS_FOLDER/xcom_dag.py', '--cfg-path', '/tmp/tmpa0ws46th', '--error-file', '/tmp/tmpfwqen653']
[2022-09-13 02:34:00,607] {standard_task_runner.py:77} INFO - Job 43: Subtask processing_data.training_model_a
[2022-09-13 02:34:00,853] {logging_mixin.py:104} INFO - Running <TaskInstance: xcom_dag.processing_data.training_model_a 2022-09-13T02:33:53.660173+00:00 [running]> on host airflowvm
[2022-09-13 02:34:01,302] {taskinstance.py:1280} INFO - Exporting the following env vars:
AIRFLOW_CTX_DAG_OWNER=airflow
AIRFLOW_CTX_DAG_ID=xcom_dag
AIRFLOW_CTX_TASK_ID=processing_data.training_model_a
AIRFLOW_CTX_EXECUTION_DATE=2022-09-13T02:33:53.660173+00:00
AIRFLOW_CTX_DAG_RUN_ID=manual__2022-09-13T02:33:53.660173+00:00
[2022-09-13 02:34:01,421] {python.py:151} INFO - Done. Returned value was: None
[2022-09-13 02:34:01,472] {taskinstance.py:1184} INFO - Marking task as SUCCESS. dag_id=xcom_dag, task_id=processing_data.training_model_a, execution_date=20220913T023353, start_date=20220913T023400, end_date=20220913T023401
[2022-09-13 02:34:01,682] {taskinstance.py:1245} INFO - 0 downstream tasks scheduled from follow-on schedule check
[2022-09-13 02:34:01,700] {local_task_job.py:151} INFO - Task exited with return code 0
