[2022-09-13 02:43:03,938] {taskinstance.py:876} INFO - Dependencies all met for <TaskInstance: xcom_dag.processing_data.training_model_a 2022-09-13T02:33:53.660173+00:00 [queued]>
[2022-09-13 02:43:04,098] {taskinstance.py:876} INFO - Dependencies all met for <TaskInstance: xcom_dag.processing_data.training_model_a 2022-09-13T02:33:53.660173+00:00 [queued]>
[2022-09-13 02:43:04,101] {taskinstance.py:1067} INFO - 
--------------------------------------------------------------------------------
[2022-09-13 02:43:04,101] {taskinstance.py:1068} INFO - Starting attempt 2 of 2
[2022-09-13 02:43:04,112] {taskinstance.py:1069} INFO - 
--------------------------------------------------------------------------------
[2022-09-13 02:43:04,202] {taskinstance.py:1087} INFO - Executing <Task(PythonOperator): processing_data.training_model_a> on 2022-09-13T02:33:53.660173+00:00
[2022-09-13 02:43:04,236] {standard_task_runner.py:52} INFO - Started process 43708 to run task
[2022-09-13 02:43:04,392] {standard_task_runner.py:76} INFO - Running: ['airflow', 'tasks', 'run', 'xcom_dag', 'processing_data.training_model_a', '2022-09-13T02:33:53.660173+00:00', '--job-id', '50', '--pool', 'default_pool', '--raw', '--subdir', 'DAGS_FOLDER/xcom_dag.py', '--cfg-path', '/tmp/tmpn3nv6yow', '--error-file', '/tmp/tmpfv9cbwvd']
[2022-09-13 02:43:04,434] {standard_task_runner.py:77} INFO - Job 50: Subtask processing_data.training_model_a
[2022-09-13 02:43:05,731] {logging_mixin.py:104} INFO - Running <TaskInstance: xcom_dag.processing_data.training_model_a 2022-09-13T02:33:53.660173+00:00 [running]> on host airflowvm
[2022-09-13 02:43:06,607] {taskinstance.py:1280} INFO - Exporting the following env vars:
AIRFLOW_CTX_DAG_OWNER=airflow
AIRFLOW_CTX_DAG_ID=xcom_dag
AIRFLOW_CTX_TASK_ID=processing_data.training_model_a
AIRFLOW_CTX_EXECUTION_DATE=2022-09-13T02:33:53.660173+00:00
AIRFLOW_CTX_DAG_RUN_ID=manual__2022-09-13T02:33:53.660173+00:00
[2022-09-13 02:43:07,154] {python.py:151} INFO - Done. Returned value was: None
[2022-09-13 02:43:07,381] {taskinstance.py:1184} INFO - Marking task as SUCCESS. dag_id=xcom_dag, task_id=processing_data.training_model_a, execution_date=20220913T023353, start_date=20220913T024303, end_date=20220913T024307
[2022-09-13 02:43:08,026] {taskinstance.py:1245} INFO - 0 downstream tasks scheduled from follow-on schedule check
[2022-09-13 02:43:08,037] {local_task_job.py:151} INFO - Task exited with return code 0
