[2022-09-12 01:19:48,791] {taskinstance.py:876} INFO - Dependencies all met for <TaskInstance: parallel_dag.task_4 2022-09-11T00:00:00+00:00 [queued]>
[2022-09-12 01:19:48,808] {taskinstance.py:876} INFO - Dependencies all met for <TaskInstance: parallel_dag.task_4 2022-09-11T00:00:00+00:00 [queued]>
[2022-09-12 01:19:48,809] {taskinstance.py:1067} INFO - 
--------------------------------------------------------------------------------
[2022-09-12 01:19:48,809] {taskinstance.py:1068} INFO - Starting attempt 1 of 1
[2022-09-12 01:19:48,809] {taskinstance.py:1069} INFO - 
--------------------------------------------------------------------------------
[2022-09-12 01:19:48,897] {taskinstance.py:1087} INFO - Executing <Task(BashOperator): task_4> on 2022-09-11T00:00:00+00:00
[2022-09-12 01:19:48,900] {standard_task_runner.py:52} INFO - Started process 252494 to run task
[2022-09-12 01:19:48,906] {standard_task_runner.py:76} INFO - Running: ['airflow', 'tasks', 'run', 'parallel_dag', 'task_4', '2022-09-11T00:00:00+00:00', '--job-id', '18', '--pool', 'default_pool', '--raw', '--subdir', 'DAGS_FOLDER/parallel_dag.py', '--cfg-path', '/tmp/tmprubxj2lb', '--error-file', '/tmp/tmpvrjuf6bv']
[2022-09-12 01:19:48,910] {standard_task_runner.py:77} INFO - Job 18: Subtask task_4
[2022-09-12 01:19:49,010] {logging_mixin.py:104} INFO - Running <TaskInstance: parallel_dag.task_4 2022-09-11T00:00:00+00:00 [running]> on host airflowvm
[2022-09-12 01:19:49,131] {taskinstance.py:1280} INFO - Exporting the following env vars:
AIRFLOW_CTX_DAG_OWNER=airflow
AIRFLOW_CTX_DAG_ID=parallel_dag
AIRFLOW_CTX_TASK_ID=task_4
AIRFLOW_CTX_EXECUTION_DATE=2022-09-11T00:00:00+00:00
AIRFLOW_CTX_DAG_RUN_ID=scheduled__2022-09-11T00:00:00+00:00
[2022-09-12 01:19:49,132] {subprocess.py:52} INFO - Tmp dir root location: 
 /tmp
[2022-09-12 01:19:49,132] {subprocess.py:63} INFO - Running command: ['bash', '-c', 'sleep 3']
[2022-09-12 01:19:49,142] {subprocess.py:75} INFO - Output:
[2022-09-12 01:19:52,148] {subprocess.py:83} INFO - Command exited with return code 0
[2022-09-12 01:19:52,191] {taskinstance.py:1184} INFO - Marking task as SUCCESS. dag_id=parallel_dag, task_id=task_4, execution_date=20220911T000000, start_date=20220912T011948, end_date=20220912T011952
[2022-09-12 01:19:52,228] {taskinstance.py:1245} INFO - 0 downstream tasks scheduled from follow-on schedule check
[2022-09-12 01:19:52,256] {local_task_job.py:151} INFO - Task exited with return code 0
