[2022-09-13 02:42:56,284] {taskinstance.py:876} INFO - Dependencies all met for <TaskInstance: xcom_dag.downloading_data 2022-09-13T02:26:18.795706+00:00 [queued]>
[2022-09-13 02:42:56,393] {taskinstance.py:876} INFO - Dependencies all met for <TaskInstance: xcom_dag.downloading_data 2022-09-13T02:26:18.795706+00:00 [queued]>
[2022-09-13 02:42:56,400] {taskinstance.py:1067} INFO - 
--------------------------------------------------------------------------------
[2022-09-13 02:42:56,400] {taskinstance.py:1068} INFO - Starting attempt 2 of 2
[2022-09-13 02:42:56,400] {taskinstance.py:1069} INFO - 
--------------------------------------------------------------------------------
[2022-09-13 02:42:56,435] {taskinstance.py:1087} INFO - Executing <Task(BashOperator): downloading_data> on 2022-09-13T02:26:18.795706+00:00
[2022-09-13 02:42:56,440] {standard_task_runner.py:52} INFO - Started process 43334 to run task
[2022-09-13 02:42:56,625] {standard_task_runner.py:76} INFO - Running: ['airflow', 'tasks', 'run', 'xcom_dag', 'downloading_data', '2022-09-13T02:26:18.795706+00:00', '--job-id', '48', '--pool', 'default_pool', '--raw', '--subdir', 'DAGS_FOLDER/xcom_dag.py', '--cfg-path', '/tmp/tmpqu1ceps7', '--error-file', '/tmp/tmpwhtxqbih']
[2022-09-13 02:42:56,660] {standard_task_runner.py:77} INFO - Job 48: Subtask downloading_data
[2022-09-13 02:42:57,219] {logging_mixin.py:104} INFO - Running <TaskInstance: xcom_dag.downloading_data 2022-09-13T02:26:18.795706+00:00 [running]> on host airflowvm
[2022-09-13 02:42:57,744] {taskinstance.py:1280} INFO - Exporting the following env vars:
AIRFLOW_CTX_DAG_OWNER=airflow
AIRFLOW_CTX_DAG_ID=xcom_dag
AIRFLOW_CTX_TASK_ID=downloading_data
AIRFLOW_CTX_EXECUTION_DATE=2022-09-13T02:26:18.795706+00:00
AIRFLOW_CTX_DAG_RUN_ID=manual__2022-09-13T02:26:18.795706+00:00
[2022-09-13 02:42:57,745] {subprocess.py:52} INFO - Tmp dir root location: 
 /tmp
[2022-09-13 02:42:57,748] {subprocess.py:63} INFO - Running command: ['bash', '-c', 'sleep 3']
[2022-09-13 02:42:57,794] {subprocess.py:75} INFO - Output:
[2022-09-13 02:43:00,904] {subprocess.py:83} INFO - Command exited with return code 0
[2022-09-13 02:43:00,924] {taskinstance.py:1184} INFO - Marking task as SUCCESS. dag_id=xcom_dag, task_id=downloading_data, execution_date=20220913T022618, start_date=20220913T024256, end_date=20220913T024300
[2022-09-13 02:43:00,965] {taskinstance.py:1245} INFO - 3 downstream tasks scheduled from follow-on schedule check
[2022-09-13 02:43:01,002] {local_task_job.py:151} INFO - Task exited with return code 0
