[2022-09-07 22:14:15,708] {taskinstance.py:826} INFO - Dependencies all met for <TaskInstance: parallel_dag.task_1 2022-09-06T00:00:00+00:00 [queued]>
[2022-09-07 22:14:15,715] {taskinstance.py:826} INFO - Dependencies all met for <TaskInstance: parallel_dag.task_1 2022-09-06T00:00:00+00:00 [queued]>
[2022-09-07 22:14:15,715] {taskinstance.py:1017} INFO - 
--------------------------------------------------------------------------------
[2022-09-07 22:14:15,716] {taskinstance.py:1018} INFO - Starting attempt 1 of 1
[2022-09-07 22:14:15,716] {taskinstance.py:1019} INFO - 
--------------------------------------------------------------------------------
[2022-09-07 22:14:15,736] {taskinstance.py:1038} INFO - Executing <Task(BashOperator): task_1> on 2022-09-06T00:00:00+00:00
[2022-09-07 22:14:15,737] {standard_task_runner.py:51} INFO - Started process 54169 to run task
[2022-09-07 22:14:15,745] {standard_task_runner.py:75} INFO - Running: ['airflow', 'tasks', 'run', 'parallel_dag', 'task_1', '2022-09-06T00:00:00+00:00', '--job-id', '10', '--pool', 'default_pool', '--raw', '--subdir', 'DAGS_FOLDER/parallel_dag.py', '--cfg-path', '/tmp/tmpah13zj7p']
[2022-09-07 22:14:15,746] {standard_task_runner.py:76} INFO - Job 10: Subtask task_1
[2022-09-07 22:14:15,792] {logging_mixin.py:103} INFO - Running <TaskInstance: parallel_dag.task_1 2022-09-06T00:00:00+00:00 [running]> on host airflowvm
[2022-09-07 22:14:15,872] {taskinstance.py:1230} INFO - Exporting the following env vars:
AIRFLOW_CTX_DAG_OWNER=airflow
AIRFLOW_CTX_DAG_ID=parallel_dag
AIRFLOW_CTX_TASK_ID=task_1
AIRFLOW_CTX_EXECUTION_DATE=2022-09-06T00:00:00+00:00
AIRFLOW_CTX_DAG_RUN_ID=scheduled__2022-09-06T00:00:00+00:00
[2022-09-07 22:14:15,873] {bash.py:135} INFO - Tmp dir root location: 
 /tmp
[2022-09-07 22:14:15,874] {bash.py:158} INFO - Running command: sleep 3
[2022-09-07 22:14:15,881] {bash.py:169} INFO - Output:
[2022-09-07 22:14:18,889] {bash.py:177} INFO - Command exited with return code 0
[2022-09-07 22:14:18,978] {taskinstance.py:1135} INFO - Marking task as SUCCESS. dag_id=parallel_dag, task_id=task_1, execution_date=20220906T000000, start_date=20220907T221415, end_date=20220907T221418
[2022-09-07 22:14:19,066] {taskinstance.py:1195} INFO - 2 downstream tasks scheduled from follow-on schedule check
[2022-09-07 22:14:19,101] {local_task_job.py:118} INFO - Task exited with return code 0
