[2022-09-08 00:00:33,476] {taskinstance.py:826} INFO - Dependencies all met for <TaskInstance: parallel_dag.task_3 2022-09-07T00:00:00+00:00 [queued]>
[2022-09-08 00:00:33,495] {taskinstance.py:826} INFO - Dependencies all met for <TaskInstance: parallel_dag.task_3 2022-09-07T00:00:00+00:00 [queued]>
[2022-09-08 00:00:33,495] {taskinstance.py:1017} INFO - 
--------------------------------------------------------------------------------
[2022-09-08 00:00:33,496] {taskinstance.py:1018} INFO - Starting attempt 1 of 1
[2022-09-08 00:00:33,496] {taskinstance.py:1019} INFO - 
--------------------------------------------------------------------------------
[2022-09-08 00:00:33,543] {taskinstance.py:1038} INFO - Executing <Task(BashOperator): task_3> on 2022-09-07T00:00:00+00:00
[2022-09-08 00:00:33,545] {standard_task_runner.py:51} INFO - Started process 80412 to run task
[2022-09-08 00:00:33,557] {standard_task_runner.py:75} INFO - Running: ['airflow', 'tasks', 'run', 'parallel_dag', 'task_3', '2022-09-07T00:00:00+00:00', '--job-id', '18', '--pool', 'default_pool', '--raw', '--subdir', 'DAGS_FOLDER/parallel_dag.py', '--cfg-path', '/tmp/tmprob1o01c']
[2022-09-08 00:00:33,568] {standard_task_runner.py:76} INFO - Job 18: Subtask task_3
[2022-09-08 00:00:33,685] {logging_mixin.py:103} INFO - Running <TaskInstance: parallel_dag.task_3 2022-09-07T00:00:00+00:00 [running]> on host airflowvm
[2022-09-08 00:00:33,768] {taskinstance.py:1230} INFO - Exporting the following env vars:
AIRFLOW_CTX_DAG_OWNER=airflow
AIRFLOW_CTX_DAG_ID=parallel_dag
AIRFLOW_CTX_TASK_ID=task_3
AIRFLOW_CTX_EXECUTION_DATE=2022-09-07T00:00:00+00:00
AIRFLOW_CTX_DAG_RUN_ID=scheduled__2022-09-07T00:00:00+00:00
[2022-09-08 00:00:33,769] {bash.py:135} INFO - Tmp dir root location: 
 /tmp
[2022-09-08 00:00:33,770] {bash.py:158} INFO - Running command: sleep 3
[2022-09-08 00:00:33,785] {bash.py:169} INFO - Output:
[2022-09-08 00:00:36,793] {bash.py:177} INFO - Command exited with return code 0
[2022-09-08 00:00:36,850] {taskinstance.py:1135} INFO - Marking task as SUCCESS. dag_id=parallel_dag, task_id=task_3, execution_date=20220907T000000, start_date=20220908T000033, end_date=20220908T000036
[2022-09-08 00:00:36,933] {taskinstance.py:1195} INFO - 1 downstream tasks scheduled from follow-on schedule check
[2022-09-08 00:00:36,941] {local_task_job.py:118} INFO - Task exited with return code 0
