[2022-09-13 00:39:13,969] {taskinstance.py:876} INFO - Dependencies all met for <TaskInstance: xcom_dag.processing_data.training_model_a 2022-09-12T00:00:00+00:00 [queued]>
[2022-09-13 00:39:14,073] {taskinstance.py:876} INFO - Dependencies all met for <TaskInstance: xcom_dag.processing_data.training_model_a 2022-09-12T00:00:00+00:00 [queued]>
[2022-09-13 00:39:14,073] {taskinstance.py:1067} INFO - 
--------------------------------------------------------------------------------
[2022-09-13 00:39:14,074] {taskinstance.py:1068} INFO - Starting attempt 1 of 1
[2022-09-13 00:39:14,076] {taskinstance.py:1069} INFO - 
--------------------------------------------------------------------------------
[2022-09-13 00:39:14,154] {taskinstance.py:1087} INFO - Executing <Task(PythonOperator): processing_data.training_model_a> on 2022-09-12T00:00:00+00:00
[2022-09-13 00:39:14,179] {standard_task_runner.py:76} INFO - Running: ['airflow', 'tasks', 'run', 'xcom_dag', 'processing_data.training_model_a', '2022-09-12T00:00:00+00:00', '--job-id', '32', '--pool', 'default_pool', '--raw', '--subdir', 'DAGS_FOLDER/xcom_dag.py', '--cfg-path', '/tmp/tmpdmtx_x7i', '--error-file', '/tmp/tmpx3gc97sk']
[2022-09-13 00:39:14,183] {standard_task_runner.py:52} INFO - Started process 27475 to run task
[2022-09-13 00:39:14,216] {standard_task_runner.py:77} INFO - Job 32: Subtask processing_data.training_model_a
[2022-09-13 00:39:15,031] {logging_mixin.py:104} INFO - Running <TaskInstance: xcom_dag.processing_data.training_model_a 2022-09-12T00:00:00+00:00 [running]> on host airflowvm
[2022-09-13 00:39:15,816] {taskinstance.py:1280} INFO - Exporting the following env vars:
AIRFLOW_CTX_DAG_OWNER=airflow
AIRFLOW_CTX_DAG_ID=xcom_dag
AIRFLOW_CTX_TASK_ID=processing_data.training_model_a
AIRFLOW_CTX_EXECUTION_DATE=2022-09-12T00:00:00+00:00
AIRFLOW_CTX_DAG_RUN_ID=scheduled__2022-09-12T00:00:00+00:00
[2022-09-13 00:39:15,965] {python.py:151} INFO - Done. Returned value was: None
[2022-09-13 00:39:16,041] {taskinstance.py:1184} INFO - Marking task as SUCCESS. dag_id=xcom_dag, task_id=processing_data.training_model_a, execution_date=20220912T000000, start_date=20220913T003913, end_date=20220913T003916
[2022-09-13 00:39:16,296] {taskinstance.py:1245} INFO - 0 downstream tasks scheduled from follow-on schedule check
[2022-09-13 00:39:16,322] {local_task_job.py:151} INFO - Task exited with return code 0
