[2022-09-13 02:43:05,331] {taskinstance.py:876} INFO - Dependencies all met for <TaskInstance: xcom_dag.processing_data.training_model_a 2022-09-12T00:00:00+00:00 [queued]>
[2022-09-13 02:43:05,782] {taskinstance.py:876} INFO - Dependencies all met for <TaskInstance: xcom_dag.processing_data.training_model_a 2022-09-12T00:00:00+00:00 [queued]>
[2022-09-13 02:43:05,811] {taskinstance.py:1067} INFO - 
--------------------------------------------------------------------------------
[2022-09-13 02:43:05,811] {taskinstance.py:1068} INFO - Starting attempt 2 of 2
[2022-09-13 02:43:05,811] {taskinstance.py:1069} INFO - 
--------------------------------------------------------------------------------
[2022-09-13 02:43:05,934] {taskinstance.py:1087} INFO - Executing <Task(PythonOperator): processing_data.training_model_a> on 2022-09-12T00:00:00+00:00
[2022-09-13 02:43:05,984] {standard_task_runner.py:52} INFO - Started process 43747 to run task
[2022-09-13 02:43:06,058] {standard_task_runner.py:76} INFO - Running: ['airflow', 'tasks', 'run', 'xcom_dag', 'processing_data.training_model_a', '2022-09-12T00:00:00+00:00', '--job-id', '55', '--pool', 'default_pool', '--raw', '--subdir', 'DAGS_FOLDER/xcom_dag.py', '--cfg-path', '/tmp/tmpgve52v8i', '--error-file', '/tmp/tmpzqlkl1ag']
[2022-09-13 02:43:06,176] {standard_task_runner.py:77} INFO - Job 55: Subtask processing_data.training_model_a
[2022-09-13 02:43:07,485] {logging_mixin.py:104} INFO - Running <TaskInstance: xcom_dag.processing_data.training_model_a 2022-09-12T00:00:00+00:00 [running]> on host airflowvm
[2022-09-13 02:43:08,610] {taskinstance.py:1280} INFO - Exporting the following env vars:
AIRFLOW_CTX_DAG_OWNER=airflow
AIRFLOW_CTX_DAG_ID=xcom_dag
AIRFLOW_CTX_TASK_ID=processing_data.training_model_a
AIRFLOW_CTX_EXECUTION_DATE=2022-09-12T00:00:00+00:00
AIRFLOW_CTX_DAG_RUN_ID=scheduled__2022-09-12T00:00:00+00:00
[2022-09-13 02:43:08,882] {python.py:151} INFO - Done. Returned value was: None
[2022-09-13 02:43:09,122] {taskinstance.py:1184} INFO - Marking task as SUCCESS. dag_id=xcom_dag, task_id=processing_data.training_model_a, execution_date=20220912T000000, start_date=20220913T024305, end_date=20220913T024309
[2022-09-13 02:43:09,433] {taskinstance.py:1245} INFO - 1 downstream tasks scheduled from follow-on schedule check
[2022-09-13 02:43:09,496] {local_task_job.py:151} INFO - Task exited with return code 0
