[2022-09-12 01:18:46,851] {taskinstance.py:876} INFO - Dependencies all met for <TaskInstance: parallel_dag.processing_tasks 2022-09-11T00:00:00+00:00 [queued]>
[2022-09-12 01:18:46,868] {taskinstance.py:876} INFO - Dependencies all met for <TaskInstance: parallel_dag.processing_tasks 2022-09-11T00:00:00+00:00 [queued]>
[2022-09-12 01:18:46,868] {taskinstance.py:1067} INFO - 
--------------------------------------------------------------------------------
[2022-09-12 01:18:46,869] {taskinstance.py:1068} INFO - Starting attempt 2 of 2
[2022-09-12 01:18:46,869] {taskinstance.py:1069} INFO - 
--------------------------------------------------------------------------------
[2022-09-12 01:18:46,956] {taskinstance.py:1087} INFO - Executing <Task(SubDagOperator): processing_tasks> on 2022-09-11T00:00:00+00:00
[2022-09-12 01:18:46,959] {standard_task_runner.py:52} INFO - Started process 251595 to run task
[2022-09-12 01:18:46,966] {standard_task_runner.py:76} INFO - Running: ['airflow', 'tasks', 'run', 'parallel_dag', 'processing_tasks', '2022-09-11T00:00:00+00:00', '--job-id', '15', '--pool', 'default_pool', '--raw', '--subdir', 'DAGS_FOLDER/parallel_dag.py', '--cfg-path', '/tmp/tmpf8b72zra', '--error-file', '/tmp/tmphivtudp0']
[2022-09-12 01:18:46,967] {standard_task_runner.py:77} INFO - Job 15: Subtask processing_tasks
[2022-09-12 01:18:47,056] {logging_mixin.py:104} INFO - Running <TaskInstance: parallel_dag.processing_tasks 2022-09-11T00:00:00+00:00 [running]> on host airflowvm
[2022-09-12 01:18:47,172] {taskinstance.py:1280} INFO - Exporting the following env vars:
AIRFLOW_CTX_DAG_OWNER=airflow
AIRFLOW_CTX_DAG_ID=parallel_dag
AIRFLOW_CTX_TASK_ID=processing_tasks
AIRFLOW_CTX_EXECUTION_DATE=2022-09-11T00:00:00+00:00
AIRFLOW_CTX_DAG_RUN_ID=scheduled__2022-09-11T00:00:00+00:00
[2022-09-12 01:18:47,209] {subdag.py:155} INFO - Created DagRun: scheduled__2022-09-11T00:00:00+00:00
[2022-09-12 01:19:47,289] {base.py:243} INFO - Success criteria met. Exiting.
[2022-09-12 01:19:47,306] {subdag.py:169} INFO - Execution finished. State is success
[2022-09-12 01:19:47,333] {taskinstance.py:1184} INFO - Marking task as SUCCESS. dag_id=parallel_dag, task_id=processing_tasks, execution_date=20220911T000000, start_date=20220912T011846, end_date=20220912T011947
[2022-09-12 01:19:47,427] {taskinstance.py:1245} INFO - 1 downstream tasks scheduled from follow-on schedule check
[2022-09-12 01:19:47,456] {local_task_job.py:151} INFO - Task exited with return code 0
