[2022-09-11 04:36:10,821] {taskinstance.py:876} INFO - Dependencies all met for <TaskInstance: parallel_dag.task_1 2022-09-10T00:00:00+00:00 [queued]>
[2022-09-11 04:36:11,013] {taskinstance.py:876} INFO - Dependencies all met for <TaskInstance: parallel_dag.task_1 2022-09-10T00:00:00+00:00 [queued]>
[2022-09-11 04:36:11,013] {taskinstance.py:1067} INFO - 
--------------------------------------------------------------------------------
[2022-09-11 04:36:11,014] {taskinstance.py:1068} INFO - Starting attempt 1 of 1
[2022-09-11 04:36:11,014] {taskinstance.py:1069} INFO - 
--------------------------------------------------------------------------------
[2022-09-11 04:36:11,035] {taskinstance.py:1087} INFO - Executing <Task(BashOperator): task_1> on 2022-09-10T00:00:00+00:00
[2022-09-11 04:36:11,049] {standard_task_runner.py:52} INFO - Started process 198634 to run task
[2022-09-11 04:36:11,054] {standard_task_runner.py:76} INFO - Running: ['airflow', 'tasks', 'run', 'parallel_dag', 'task_1', '2022-09-10T00:00:00+00:00', '--job-id', '3', '--pool', 'default_pool', '--raw', '--subdir', 'DAGS_FOLDER/parallel_dag.py', '--cfg-path', '/tmp/tmprcul5eau', '--error-file', '/tmp/tmpzwfg9_ob']
[2022-09-11 04:36:11,060] {standard_task_runner.py:77} INFO - Job 3: Subtask task_1
[2022-09-11 04:36:11,207] {logging_mixin.py:104} INFO - Running <TaskInstance: parallel_dag.task_1 2022-09-10T00:00:00+00:00 [running]> on host airflowvm
[2022-09-11 04:36:11,458] {taskinstance.py:1280} INFO - Exporting the following env vars:
AIRFLOW_CTX_DAG_OWNER=airflow
AIRFLOW_CTX_DAG_ID=parallel_dag
AIRFLOW_CTX_TASK_ID=task_1
AIRFLOW_CTX_EXECUTION_DATE=2022-09-10T00:00:00+00:00
AIRFLOW_CTX_DAG_RUN_ID=scheduled__2022-09-10T00:00:00+00:00
[2022-09-11 04:36:11,459] {subprocess.py:52} INFO - Tmp dir root location: 
 /tmp
[2022-09-11 04:36:11,460] {subprocess.py:63} INFO - Running command: ['bash', '-c', 'sleep 3']
[2022-09-11 04:36:11,471] {subprocess.py:75} INFO - Output:
[2022-09-11 04:36:14,488] {subprocess.py:83} INFO - Command exited with return code 0
[2022-09-11 04:36:14,664] {taskinstance.py:1184} INFO - Marking task as SUCCESS. dag_id=parallel_dag, task_id=task_1, execution_date=20220910T000000, start_date=20220911T043610, end_date=20220911T043614
[2022-09-11 04:36:14,781] {taskinstance.py:1245} INFO - 2 downstream tasks scheduled from follow-on schedule check
[2022-09-11 04:36:14,819] {local_task_job.py:151} INFO - Task exited with return code 0
