[2022-09-08 00:00:47,781] {taskinstance.py:826} INFO - Dependencies all met for <TaskInstance: parallel_dag.task_4 2022-09-07T00:00:00+00:00 [queued]>
[2022-09-08 00:00:47,796] {taskinstance.py:826} INFO - Dependencies all met for <TaskInstance: parallel_dag.task_4 2022-09-07T00:00:00+00:00 [queued]>
[2022-09-08 00:00:47,796] {taskinstance.py:1017} INFO - 
--------------------------------------------------------------------------------
[2022-09-08 00:00:47,796] {taskinstance.py:1018} INFO - Starting attempt 1 of 1
[2022-09-08 00:00:47,796] {taskinstance.py:1019} INFO - 
--------------------------------------------------------------------------------
[2022-09-08 00:00:47,821] {taskinstance.py:1038} INFO - Executing <Task(BashOperator): task_4> on 2022-09-07T00:00:00+00:00
[2022-09-08 00:00:47,825] {standard_task_runner.py:51} INFO - Started process 80662 to run task
[2022-09-08 00:00:47,836] {standard_task_runner.py:75} INFO - Running: ['airflow', 'tasks', 'run', 'parallel_dag', 'task_4', '2022-09-07T00:00:00+00:00', '--job-id', '20', '--pool', 'default_pool', '--raw', '--subdir', 'DAGS_FOLDER/parallel_dag.py', '--cfg-path', '/tmp/tmpf_bsm7gw']
[2022-09-08 00:00:47,837] {standard_task_runner.py:76} INFO - Job 20: Subtask task_4
[2022-09-08 00:00:47,900] {logging_mixin.py:103} INFO - Running <TaskInstance: parallel_dag.task_4 2022-09-07T00:00:00+00:00 [running]> on host airflowvm
[2022-09-08 00:00:47,954] {taskinstance.py:1230} INFO - Exporting the following env vars:
AIRFLOW_CTX_DAG_OWNER=airflow
AIRFLOW_CTX_DAG_ID=parallel_dag
AIRFLOW_CTX_TASK_ID=task_4
AIRFLOW_CTX_EXECUTION_DATE=2022-09-07T00:00:00+00:00
AIRFLOW_CTX_DAG_RUN_ID=scheduled__2022-09-07T00:00:00+00:00
[2022-09-08 00:00:47,954] {bash.py:135} INFO - Tmp dir root location: 
 /tmp
[2022-09-08 00:00:47,956] {bash.py:158} INFO - Running command: sleep 3
[2022-09-08 00:00:47,967] {bash.py:169} INFO - Output:
[2022-09-08 00:00:50,975] {bash.py:177} INFO - Command exited with return code 0
[2022-09-08 00:00:51,023] {taskinstance.py:1135} INFO - Marking task as SUCCESS. dag_id=parallel_dag, task_id=task_4, execution_date=20220907T000000, start_date=20220908T000047, end_date=20220908T000051
[2022-09-08 00:00:51,078] {taskinstance.py:1195} INFO - 0 downstream tasks scheduled from follow-on schedule check
[2022-09-08 00:00:51,096] {local_task_job.py:118} INFO - Task exited with return code 0
