[2022-09-12 23:28:29,574] {taskinstance.py:876} INFO - Dependencies all met for <TaskInstance: parallel_dag.processing_tasks.task_3 2022-09-11T00:00:00+00:00 [queued]>
[2022-09-12 23:28:29,649] {taskinstance.py:876} INFO - Dependencies all met for <TaskInstance: parallel_dag.processing_tasks.task_3 2022-09-11T00:00:00+00:00 [queued]>
[2022-09-12 23:28:29,651] {taskinstance.py:1067} INFO - 
--------------------------------------------------------------------------------
[2022-09-12 23:28:29,651] {taskinstance.py:1068} INFO - Starting attempt 1 of 1
[2022-09-12 23:28:29,653] {taskinstance.py:1069} INFO - 
--------------------------------------------------------------------------------
[2022-09-12 23:28:29,997] {taskinstance.py:1087} INFO - Executing <Task(BashOperator): processing_tasks.task_3> on 2022-09-11T00:00:00+00:00
[2022-09-12 23:28:30,005] {standard_task_runner.py:52} INFO - Started process 5848 to run task
[2022-09-12 23:28:30,191] {standard_task_runner.py:76} INFO - Running: ['airflow', 'tasks', 'run', 'parallel_dag', 'processing_tasks.task_3', '2022-09-11T00:00:00+00:00', '--job-id', '23', '--pool', 'default_pool', '--raw', '--subdir', 'DAGS_FOLDER/parallel_dag.py', '--cfg-path', '/tmp/tmpls8up0_c', '--error-file', '/tmp/tmpyvor709q']
[2022-09-12 23:28:30,215] {standard_task_runner.py:77} INFO - Job 23: Subtask processing_tasks.task_3
[2022-09-12 23:28:30,579] {logging_mixin.py:104} INFO - Running <TaskInstance: parallel_dag.processing_tasks.task_3 2022-09-11T00:00:00+00:00 [running]> on host airflowvm
[2022-09-12 23:28:30,882] {taskinstance.py:1280} INFO - Exporting the following env vars:
AIRFLOW_CTX_DAG_OWNER=airflow
AIRFLOW_CTX_DAG_ID=parallel_dag
AIRFLOW_CTX_TASK_ID=processing_tasks.task_3
AIRFLOW_CTX_EXECUTION_DATE=2022-09-11T00:00:00+00:00
AIRFLOW_CTX_DAG_RUN_ID=scheduled__2022-09-11T00:00:00+00:00
[2022-09-12 23:28:30,883] {subprocess.py:52} INFO - Tmp dir root location: 
 /tmp
[2022-09-12 23:28:30,883] {subprocess.py:63} INFO - Running command: ['bash', '-c', 'sleep 3']
[2022-09-12 23:28:30,908] {subprocess.py:75} INFO - Output:
[2022-09-12 23:28:33,924] {subprocess.py:83} INFO - Command exited with return code 0
[2022-09-12 23:28:34,129] {taskinstance.py:1184} INFO - Marking task as SUCCESS. dag_id=parallel_dag, task_id=processing_tasks.task_3, execution_date=20220911T000000, start_date=20220912T232829, end_date=20220912T232834
[2022-09-12 23:28:34,328] {taskinstance.py:1245} INFO - 1 downstream tasks scheduled from follow-on schedule check
[2022-09-12 23:28:34,384] {local_task_job.py:151} INFO - Task exited with return code 0
