[2022-09-11 04:36:23,091] {taskinstance.py:876} INFO - Dependencies all met for <TaskInstance: parallel_dag.task_4 2022-09-10T00:00:00+00:00 [queued]>
[2022-09-11 04:36:23,129] {taskinstance.py:876} INFO - Dependencies all met for <TaskInstance: parallel_dag.task_4 2022-09-10T00:00:00+00:00 [queued]>
[2022-09-11 04:36:23,129] {taskinstance.py:1067} INFO - 
--------------------------------------------------------------------------------
[2022-09-11 04:36:23,129] {taskinstance.py:1068} INFO - Starting attempt 1 of 1
[2022-09-11 04:36:23,130] {taskinstance.py:1069} INFO - 
--------------------------------------------------------------------------------
[2022-09-11 04:36:23,145] {taskinstance.py:1087} INFO - Executing <Task(BashOperator): task_4> on 2022-09-10T00:00:00+00:00
[2022-09-11 04:36:23,150] {standard_task_runner.py:52} INFO - Started process 199159 to run task
[2022-09-11 04:36:23,159] {standard_task_runner.py:76} INFO - Running: ['airflow', 'tasks', 'run', 'parallel_dag', 'task_4', '2022-09-10T00:00:00+00:00', '--job-id', '6', '--pool', 'default_pool', '--raw', '--subdir', 'DAGS_FOLDER/parallel_dag.py', '--cfg-path', '/tmp/tmp9uv7y_27', '--error-file', '/tmp/tmpjioa3joj']
[2022-09-11 04:36:23,160] {standard_task_runner.py:77} INFO - Job 6: Subtask task_4
[2022-09-11 04:36:23,295] {logging_mixin.py:104} INFO - Running <TaskInstance: parallel_dag.task_4 2022-09-10T00:00:00+00:00 [running]> on host airflowvm
[2022-09-11 04:36:23,734] {taskinstance.py:1280} INFO - Exporting the following env vars:
AIRFLOW_CTX_DAG_OWNER=airflow
AIRFLOW_CTX_DAG_ID=parallel_dag
AIRFLOW_CTX_TASK_ID=task_4
AIRFLOW_CTX_EXECUTION_DATE=2022-09-10T00:00:00+00:00
AIRFLOW_CTX_DAG_RUN_ID=scheduled__2022-09-10T00:00:00+00:00
[2022-09-11 04:36:23,735] {subprocess.py:52} INFO - Tmp dir root location: 
 /tmp
[2022-09-11 04:36:23,736] {subprocess.py:63} INFO - Running command: ['bash', '-c', 'sleep 3']
[2022-09-11 04:36:23,756] {subprocess.py:75} INFO - Output:
[2022-09-11 04:36:26,771] {subprocess.py:83} INFO - Command exited with return code 0
[2022-09-11 04:36:27,076] {taskinstance.py:1184} INFO - Marking task as SUCCESS. dag_id=parallel_dag, task_id=task_4, execution_date=20220910T000000, start_date=20220911T043623, end_date=20220911T043627
[2022-09-11 04:36:27,325] {taskinstance.py:1245} INFO - 0 downstream tasks scheduled from follow-on schedule check
[2022-09-11 04:36:27,365] {local_task_job.py:151} INFO - Task exited with return code 0
