[2022-09-12 23:28:29,517] {taskinstance.py:876} INFO - Dependencies all met for <TaskInstance: parallel_dag.processing_tasks.task_2 2022-09-11T00:00:00+00:00 [queued]>
[2022-09-12 23:28:29,578] {taskinstance.py:876} INFO - Dependencies all met for <TaskInstance: parallel_dag.processing_tasks.task_2 2022-09-11T00:00:00+00:00 [queued]>
[2022-09-12 23:28:29,587] {taskinstance.py:1067} INFO - 
--------------------------------------------------------------------------------
[2022-09-12 23:28:29,588] {taskinstance.py:1068} INFO - Starting attempt 1 of 1
[2022-09-12 23:28:29,588] {taskinstance.py:1069} INFO - 
--------------------------------------------------------------------------------
[2022-09-12 23:28:29,790] {taskinstance.py:1087} INFO - Executing <Task(BashOperator): processing_tasks.task_2> on 2022-09-11T00:00:00+00:00
[2022-09-12 23:28:29,826] {standard_task_runner.py:52} INFO - Started process 5837 to run task
[2022-09-12 23:28:29,850] {standard_task_runner.py:76} INFO - Running: ['airflow', 'tasks', 'run', 'parallel_dag', 'processing_tasks.task_2', '2022-09-11T00:00:00+00:00', '--job-id', '22', '--pool', 'default_pool', '--raw', '--subdir', 'DAGS_FOLDER/parallel_dag.py', '--cfg-path', '/tmp/tmpy6udbma0', '--error-file', '/tmp/tmpqvdvme0w']
[2022-09-12 23:28:29,866] {standard_task_runner.py:77} INFO - Job 22: Subtask processing_tasks.task_2
[2022-09-12 23:28:30,428] {logging_mixin.py:104} INFO - Running <TaskInstance: parallel_dag.processing_tasks.task_2 2022-09-11T00:00:00+00:00 [running]> on host airflowvm
[2022-09-12 23:28:30,730] {taskinstance.py:1280} INFO - Exporting the following env vars:
AIRFLOW_CTX_DAG_OWNER=airflow
AIRFLOW_CTX_DAG_ID=parallel_dag
AIRFLOW_CTX_TASK_ID=processing_tasks.task_2
AIRFLOW_CTX_EXECUTION_DATE=2022-09-11T00:00:00+00:00
AIRFLOW_CTX_DAG_RUN_ID=scheduled__2022-09-11T00:00:00+00:00
[2022-09-12 23:28:30,731] {subprocess.py:52} INFO - Tmp dir root location: 
 /tmp
[2022-09-12 23:28:30,736] {subprocess.py:63} INFO - Running command: ['bash', '-c', 'sleep 3']
[2022-09-12 23:28:30,762] {subprocess.py:75} INFO - Output:
[2022-09-12 23:28:33,796] {subprocess.py:83} INFO - Command exited with return code 0
[2022-09-12 23:28:33,961] {taskinstance.py:1184} INFO - Marking task as SUCCESS. dag_id=parallel_dag, task_id=processing_tasks.task_2, execution_date=20220911T000000, start_date=20220912T232829, end_date=20220912T232833
[2022-09-12 23:28:34,177] {taskinstance.py:1245} INFO - 0 downstream tasks scheduled from follow-on schedule check
[2022-09-12 23:28:34,208] {local_task_job.py:151} INFO - Task exited with return code 0
