[2022-09-07 11:25:58,011] {taskinstance.py:826} INFO - Dependencies all met for <TaskInstance: user_processing.storing_user 2022-09-06T00:00:00+00:00 [queued]>
[2022-09-07 11:25:58,063] {taskinstance.py:826} INFO - Dependencies all met for <TaskInstance: user_processing.storing_user 2022-09-06T00:00:00+00:00 [queued]>
[2022-09-07 11:25:58,068] {taskinstance.py:1017} INFO - 
--------------------------------------------------------------------------------
[2022-09-07 11:25:58,069] {taskinstance.py:1018} INFO - Starting attempt 1 of 1
[2022-09-07 11:25:58,069] {taskinstance.py:1019} INFO - 
--------------------------------------------------------------------------------
[2022-09-07 11:25:58,104] {taskinstance.py:1038} INFO - Executing <Task(BashOperator): storing_user> on 2022-09-06T00:00:00+00:00
[2022-09-07 11:25:58,116] {standard_task_runner.py:51} INFO - Started process 31440 to run task
[2022-09-07 11:25:58,130] {standard_task_runner.py:75} INFO - Running: ['airflow', 'tasks', 'run', 'user_processing', 'storing_user', '2022-09-06T00:00:00+00:00', '--job-id', '8', '--pool', 'default_pool', '--raw', '--subdir', 'DAGS_FOLDER/user_processing.py', '--cfg-path', '/tmp/tmp7fmfew5f']
[2022-09-07 11:25:58,147] {standard_task_runner.py:76} INFO - Job 8: Subtask storing_user
[2022-09-07 11:25:58,264] {logging_mixin.py:103} INFO - Running <TaskInstance: user_processing.storing_user 2022-09-06T00:00:00+00:00 [running]> on host airflowvm
[2022-09-07 11:25:58,363] {taskinstance.py:1230} INFO - Exporting the following env vars:
AIRFLOW_CTX_DAG_OWNER=airflow
AIRFLOW_CTX_DAG_ID=user_processing
AIRFLOW_CTX_TASK_ID=storing_user
AIRFLOW_CTX_EXECUTION_DATE=2022-09-06T00:00:00+00:00
AIRFLOW_CTX_DAG_RUN_ID=scheduled__2022-09-06T00:00:00+00:00
[2022-09-07 11:25:58,364] {bash.py:135} INFO - Tmp dir root location: 
 /tmp
[2022-09-07 11:25:58,364] {bash.py:158} INFO - Running command: echo -e ".separator ","
.import /tmp/processed_user.csv users" | sqlite3 /home/airflow/airflow/airflow.db
[2022-09-07 11:25:58,386] {bash.py:169} INFO - Output:
[2022-09-07 11:25:58,424] {bash.py:177} INFO - Command exited with return code 0
[2022-09-07 11:25:58,470] {taskinstance.py:1135} INFO - Marking task as SUCCESS. dag_id=user_processing, task_id=storing_user, execution_date=20220906T000000, start_date=20220907T112558, end_date=20220907T112558
[2022-09-07 11:25:58,534] {taskinstance.py:1195} INFO - 0 downstream tasks scheduled from follow-on schedule check
[2022-09-07 11:25:58,543] {local_task_job.py:118} INFO - Task exited with return code 0
