[2022-09-13 03:16:36,263] {taskinstance.py:876} INFO - Dependencies all met for <TaskInstance: xcom_dag.downloading_data 2022-09-13T03:16:11.674367+00:00 [queued]>
[2022-09-13 03:16:36,287] {taskinstance.py:876} INFO - Dependencies all met for <TaskInstance: xcom_dag.downloading_data 2022-09-13T03:16:11.674367+00:00 [queued]>
[2022-09-13 03:16:36,287] {taskinstance.py:1067} INFO - 
--------------------------------------------------------------------------------
[2022-09-13 03:16:36,287] {taskinstance.py:1068} INFO - Starting attempt 1 of 1
[2022-09-13 03:16:36,288] {taskinstance.py:1069} INFO - 
--------------------------------------------------------------------------------
[2022-09-13 03:16:36,297] {taskinstance.py:1087} INFO - Executing <Task(BashOperator): downloading_data> on 2022-09-13T03:16:11.674367+00:00
[2022-09-13 03:16:36,302] {standard_task_runner.py:52} INFO - Started process 49284 to run task
[2022-09-13 03:16:36,310] {standard_task_runner.py:76} INFO - Running: ['airflow', 'tasks', 'run', 'xcom_dag', 'downloading_data', '2022-09-13T03:16:11.674367+00:00', '--job-id', '62', '--pool', 'default_pool', '--raw', '--subdir', 'DAGS_FOLDER/xcom_dag.py', '--cfg-path', '/tmp/tmpyrzdo14w', '--error-file', '/tmp/tmp621vr5f8']
[2022-09-13 03:16:36,311] {standard_task_runner.py:77} INFO - Job 62: Subtask downloading_data
[2022-09-13 03:16:36,418] {logging_mixin.py:104} INFO - Running <TaskInstance: xcom_dag.downloading_data 2022-09-13T03:16:11.674367+00:00 [running]> on host airflowvm
[2022-09-13 03:16:36,577] {taskinstance.py:1280} INFO - Exporting the following env vars:
AIRFLOW_CTX_DAG_OWNER=airflow
AIRFLOW_CTX_DAG_ID=xcom_dag
AIRFLOW_CTX_TASK_ID=downloading_data
AIRFLOW_CTX_EXECUTION_DATE=2022-09-13T03:16:11.674367+00:00
AIRFLOW_CTX_DAG_RUN_ID=manual__2022-09-13T03:16:11.674367+00:00
[2022-09-13 03:16:36,578] {subprocess.py:52} INFO - Tmp dir root location: 
 /tmp
[2022-09-13 03:16:36,579] {subprocess.py:63} INFO - Running command: ['bash', '-c', 'sleep 3']
[2022-09-13 03:16:36,589] {subprocess.py:75} INFO - Output:
[2022-09-13 03:16:39,596] {subprocess.py:83} INFO - Command exited with return code 0
[2022-09-13 03:16:39,623] {taskinstance.py:1184} INFO - Marking task as SUCCESS. dag_id=xcom_dag, task_id=downloading_data, execution_date=20220913T031611, start_date=20220913T031636, end_date=20220913T031639
[2022-09-13 03:16:39,699] {taskinstance.py:1245} INFO - 3 downstream tasks scheduled from follow-on schedule check
[2022-09-13 03:16:39,724] {local_task_job.py:151} INFO - Task exited with return code 0
