[2022-09-13 02:43:12,347] {taskinstance.py:876} INFO - Dependencies all met for <TaskInstance: xcom_dag.choose_model 2022-09-12T00:00:00+00:00 [queued]>
[2022-09-13 02:43:12,443] {taskinstance.py:876} INFO - Dependencies all met for <TaskInstance: xcom_dag.choose_model 2022-09-12T00:00:00+00:00 [queued]>
[2022-09-13 02:43:12,452] {taskinstance.py:1067} INFO - 
--------------------------------------------------------------------------------
[2022-09-13 02:43:12,454] {taskinstance.py:1068} INFO - Starting attempt 2 of 2
[2022-09-13 02:43:12,454] {taskinstance.py:1069} INFO - 
--------------------------------------------------------------------------------
[2022-09-13 02:43:12,517] {taskinstance.py:1087} INFO - Executing <Task(BranchPythonOperator): choose_model> on 2022-09-12T00:00:00+00:00
[2022-09-13 02:43:12,538] {standard_task_runner.py:76} INFO - Running: ['airflow', 'tasks', 'run', 'xcom_dag', 'choose_model', '2022-09-12T00:00:00+00:00', '--job-id', '61', '--pool', 'default_pool', '--raw', '--subdir', 'DAGS_FOLDER/xcom_dag.py', '--cfg-path', '/tmp/tmpn4ulqjr4', '--error-file', '/tmp/tmpxz2f_7sb']
[2022-09-13 02:43:12,520] {standard_task_runner.py:52} INFO - Started process 44115 to run task
[2022-09-13 02:43:12,582] {standard_task_runner.py:77} INFO - Job 61: Subtask choose_model
[2022-09-13 02:43:12,878] {logging_mixin.py:104} INFO - Running <TaskInstance: xcom_dag.choose_model 2022-09-12T00:00:00+00:00 [running]> on host airflowvm
[2022-09-13 02:43:13,193] {taskinstance.py:1280} INFO - Exporting the following env vars:
AIRFLOW_CTX_DAG_OWNER=airflow
AIRFLOW_CTX_DAG_ID=xcom_dag
AIRFLOW_CTX_TASK_ID=choose_model
AIRFLOW_CTX_EXECUTION_DATE=2022-09-12T00:00:00+00:00
AIRFLOW_CTX_DAG_RUN_ID=scheduled__2022-09-12T00:00:00+00:00
[2022-09-13 02:43:13,244] {logging_mixin.py:104} INFO - these are your accuracies [6.164354413467113, 2.6008990881839966, 8.981777590962368]
[2022-09-13 02:43:13,248] {python.py:151} INFO - Done. Returned value was: accurate
[2022-09-13 02:43:13,249] {skipmixin.py:124} INFO - Following branch accurate
[2022-09-13 02:43:13,286] {skipmixin.py:155} INFO - Skipping tasks ['inaccurate']
[2022-09-13 02:43:13,500] {taskinstance.py:1184} INFO - Marking task as SUCCESS. dag_id=xcom_dag, task_id=choose_model, execution_date=20220912T000000, start_date=20220913T024312, end_date=20220913T024313
[2022-09-13 02:43:13,585] {taskinstance.py:1245} INFO - 1 downstream tasks scheduled from follow-on schedule check
[2022-09-13 02:43:13,623] {local_task_job.py:151} INFO - Task exited with return code 0
