[2022-09-08 00:00:10,529] {taskinstance.py:826} INFO - Dependencies all met for <TaskInstance: user_processing.creating_table 2022-09-07T00:00:00+00:00 [queued]>
[2022-09-08 00:00:10,547] {taskinstance.py:826} INFO - Dependencies all met for <TaskInstance: user_processing.creating_table 2022-09-07T00:00:00+00:00 [queued]>
[2022-09-08 00:00:10,548] {taskinstance.py:1017} INFO - 
--------------------------------------------------------------------------------
[2022-09-08 00:00:10,548] {taskinstance.py:1018} INFO - Starting attempt 1 of 1
[2022-09-08 00:00:10,548] {taskinstance.py:1019} INFO - 
--------------------------------------------------------------------------------
[2022-09-08 00:00:10,611] {taskinstance.py:1038} INFO - Executing <Task(SqliteOperator): creating_table> on 2022-09-07T00:00:00+00:00
[2022-09-08 00:00:10,643] {standard_task_runner.py:51} INFO - Started process 80108 to run task
[2022-09-08 00:00:10,765] {standard_task_runner.py:75} INFO - Running: ['airflow', 'tasks', 'run', 'user_processing', 'creating_table', '2022-09-07T00:00:00+00:00', '--job-id', '14', '--pool', 'default_pool', '--raw', '--subdir', 'DAGS_FOLDER/user_processing.py', '--cfg-path', '/tmp/tmpwcl44bo3']
[2022-09-08 00:00:10,766] {standard_task_runner.py:76} INFO - Job 14: Subtask creating_table
[2022-09-08 00:00:11,068] {logging_mixin.py:103} INFO - Running <TaskInstance: user_processing.creating_table 2022-09-07T00:00:00+00:00 [running]> on host airflowvm
[2022-09-08 00:00:11,318] {taskinstance.py:1230} INFO - Exporting the following env vars:
AIRFLOW_CTX_DAG_OWNER=airflow
AIRFLOW_CTX_DAG_ID=user_processing
AIRFLOW_CTX_TASK_ID=creating_table
AIRFLOW_CTX_EXECUTION_DATE=2022-09-07T00:00:00+00:00
AIRFLOW_CTX_DAG_RUN_ID=scheduled__2022-09-07T00:00:00+00:00
[2022-09-08 00:00:11,319] {sqlite.py:63} INFO - Executing: 
            CREATE TABLE IF NOT EXISTS users(
                email TEXT NOT NULL PRIMARY KEY,
                firstname TEXT NOT NULL,
                lastname TEXT NOT NULL,
                country TEXT NOT NULL,
                username TEXT NOT NULL,
                password TEXT NOT NULL
            );
            
[2022-09-08 00:00:11,365] {base.py:65} INFO - Using connection to: id: db_sqlite. Host: /home/airflow/airflow/airflow.db, Port: None, Schema: , Login: , Password: XXXXXXXX, extra: None
[2022-09-08 00:00:11,383] {dbapi.py:180} INFO - Running statement: 
            CREATE TABLE IF NOT EXISTS users(
                email TEXT NOT NULL PRIMARY KEY,
                firstname TEXT NOT NULL,
                lastname TEXT NOT NULL,
                country TEXT NOT NULL,
                username TEXT NOT NULL,
                password TEXT NOT NULL
            );
            , parameters: []
[2022-09-08 00:00:11,384] {dbapi.py:186} INFO - Rows affected: -1
[2022-09-08 00:00:11,392] {taskinstance.py:1135} INFO - Marking task as SUCCESS. dag_id=user_processing, task_id=creating_table, execution_date=20220907T000000, start_date=20220908T000010, end_date=20220908T000011
[2022-09-08 00:00:11,543] {taskinstance.py:1195} INFO - 1 downstream tasks scheduled from follow-on schedule check
[2022-09-08 00:00:11,584] {local_task_job.py:118} INFO - Task exited with return code 0
