[2022-09-13 03:16:42,150] {taskinstance.py:876} INFO - Dependencies all met for <TaskInstance: xcom_dag.processing_data.training_model_b 2022-09-13T03:16:11.674367+00:00 [queued]>
[2022-09-13 03:16:42,218] {taskinstance.py:876} INFO - Dependencies all met for <TaskInstance: xcom_dag.processing_data.training_model_b 2022-09-13T03:16:11.674367+00:00 [queued]>
[2022-09-13 03:16:42,219] {taskinstance.py:1067} INFO - 
--------------------------------------------------------------------------------
[2022-09-13 03:16:42,220] {taskinstance.py:1068} INFO - Starting attempt 1 of 1
[2022-09-13 03:16:42,220] {taskinstance.py:1069} INFO - 
--------------------------------------------------------------------------------
[2022-09-13 03:16:42,263] {taskinstance.py:1087} INFO - Executing <Task(PythonOperator): processing_data.training_model_b> on 2022-09-13T03:16:11.674367+00:00
[2022-09-13 03:16:42,267] {standard_task_runner.py:52} INFO - Started process 49513 to run task
[2022-09-13 03:16:42,342] {standard_task_runner.py:76} INFO - Running: ['airflow', 'tasks', 'run', 'xcom_dag', 'processing_data.training_model_b', '2022-09-13T03:16:11.674367+00:00', '--job-id', '65', '--pool', 'default_pool', '--raw', '--subdir', 'DAGS_FOLDER/xcom_dag.py', '--cfg-path', '/tmp/tmp9cofgqj_', '--error-file', '/tmp/tmpu5m8ut1y']
[2022-09-13 03:16:42,355] {standard_task_runner.py:77} INFO - Job 65: Subtask processing_data.training_model_b
[2022-09-13 03:16:43,050] {logging_mixin.py:104} INFO - Running <TaskInstance: xcom_dag.processing_data.training_model_b 2022-09-13T03:16:11.674367+00:00 [running]> on host airflowvm
[2022-09-13 03:16:43,475] {taskinstance.py:1280} INFO - Exporting the following env vars:
AIRFLOW_CTX_DAG_OWNER=airflow
AIRFLOW_CTX_DAG_ID=xcom_dag
AIRFLOW_CTX_TASK_ID=processing_data.training_model_b
AIRFLOW_CTX_EXECUTION_DATE=2022-09-13T03:16:11.674367+00:00
AIRFLOW_CTX_DAG_RUN_ID=manual__2022-09-13T03:16:11.674367+00:00
[2022-09-13 03:16:43,584] {python.py:151} INFO - Done. Returned value was: None
[2022-09-13 03:16:43,643] {taskinstance.py:1184} INFO - Marking task as SUCCESS. dag_id=xcom_dag, task_id=processing_data.training_model_b, execution_date=20220913T031611, start_date=20220913T031642, end_date=20220913T031643
[2022-09-13 03:16:43,760] {taskinstance.py:1245} INFO - 1 downstream tasks scheduled from follow-on schedule check
[2022-09-13 03:16:43,772] {local_task_job.py:151} INFO - Task exited with return code 0
