[2022-09-08 00:00:57,240] {taskinstance.py:826} INFO - Dependencies all met for <TaskInstance: user_processing.storing_user 2022-09-07T00:00:00+00:00 [queued]>
[2022-09-08 00:00:57,249] {taskinstance.py:826} INFO - Dependencies all met for <TaskInstance: user_processing.storing_user 2022-09-07T00:00:00+00:00 [queued]>
[2022-09-08 00:00:57,249] {taskinstance.py:1017} INFO - 
--------------------------------------------------------------------------------
[2022-09-08 00:00:57,249] {taskinstance.py:1018} INFO - Starting attempt 1 of 1
[2022-09-08 00:00:57,249] {taskinstance.py:1019} INFO - 
--------------------------------------------------------------------------------
[2022-09-08 00:00:57,274] {taskinstance.py:1038} INFO - Executing <Task(BashOperator): storing_user> on 2022-09-07T00:00:00+00:00
[2022-09-08 00:00:57,277] {standard_task_runner.py:51} INFO - Started process 80784 to run task
[2022-09-08 00:00:57,285] {standard_task_runner.py:75} INFO - Running: ['airflow', 'tasks', 'run', 'user_processing', 'storing_user', '2022-09-07T00:00:00+00:00', '--job-id', '22', '--pool', 'default_pool', '--raw', '--subdir', 'DAGS_FOLDER/user_processing.py', '--cfg-path', '/tmp/tmpm50ok8yu']
[2022-09-08 00:00:57,286] {standard_task_runner.py:76} INFO - Job 22: Subtask storing_user
[2022-09-08 00:00:57,516] {logging_mixin.py:103} INFO - Running <TaskInstance: user_processing.storing_user 2022-09-07T00:00:00+00:00 [running]> on host airflowvm
[2022-09-08 00:00:57,703] {taskinstance.py:1230} INFO - Exporting the following env vars:
AIRFLOW_CTX_DAG_OWNER=airflow
AIRFLOW_CTX_DAG_ID=user_processing
AIRFLOW_CTX_TASK_ID=storing_user
AIRFLOW_CTX_EXECUTION_DATE=2022-09-07T00:00:00+00:00
AIRFLOW_CTX_DAG_RUN_ID=scheduled__2022-09-07T00:00:00+00:00
[2022-09-08 00:00:57,704] {bash.py:135} INFO - Tmp dir root location: 
 /tmp
[2022-09-08 00:00:57,705] {bash.py:158} INFO - Running command: echo -e ".separator ","
.import /tmp/processed_user.csv users" | sqlite3 /home/airflow/airflow/airflow.db
[2022-09-08 00:00:57,714] {bash.py:169} INFO - Output:
[2022-09-08 00:00:57,946] {bash.py:177} INFO - Command exited with return code 0
[2022-09-08 00:00:57,969] {taskinstance.py:1135} INFO - Marking task as SUCCESS. dag_id=user_processing, task_id=storing_user, execution_date=20220907T000000, start_date=20220908T000057, end_date=20220908T000057
[2022-09-08 00:00:57,992] {taskinstance.py:1195} INFO - 0 downstream tasks scheduled from follow-on schedule check
[2022-09-08 00:00:58,019] {local_task_job.py:118} INFO - Task exited with return code 0
