[2022-09-07 11:25:51,930] {taskinstance.py:826} INFO - Dependencies all met for <TaskInstance: user_processing.processing_user 2022-09-06T00:00:00+00:00 [queued]>
[2022-09-07 11:25:51,948] {taskinstance.py:826} INFO - Dependencies all met for <TaskInstance: user_processing.processing_user 2022-09-06T00:00:00+00:00 [queued]>
[2022-09-07 11:25:51,949] {taskinstance.py:1017} INFO - 
--------------------------------------------------------------------------------
[2022-09-07 11:25:51,949] {taskinstance.py:1018} INFO - Starting attempt 1 of 1
[2022-09-07 11:25:51,949] {taskinstance.py:1019} INFO - 
--------------------------------------------------------------------------------
[2022-09-07 11:25:52,003] {taskinstance.py:1038} INFO - Executing <Task(PythonOperator): processing_user> on 2022-09-06T00:00:00+00:00
[2022-09-07 11:25:52,009] {standard_task_runner.py:51} INFO - Started process 31375 to run task
[2022-09-07 11:25:52,023] {standard_task_runner.py:75} INFO - Running: ['airflow', 'tasks', 'run', 'user_processing', 'processing_user', '2022-09-06T00:00:00+00:00', '--job-id', '7', '--pool', 'default_pool', '--raw', '--subdir', 'DAGS_FOLDER/user_processing.py', '--cfg-path', '/tmp/tmp0h127v8u']
[2022-09-07 11:25:52,024] {standard_task_runner.py:76} INFO - Job 7: Subtask processing_user
[2022-09-07 11:25:52,122] {logging_mixin.py:103} INFO - Running <TaskInstance: user_processing.processing_user 2022-09-06T00:00:00+00:00 [running]> on host airflowvm
[2022-09-07 11:25:52,258] {taskinstance.py:1230} INFO - Exporting the following env vars:
AIRFLOW_CTX_DAG_OWNER=airflow
AIRFLOW_CTX_DAG_ID=user_processing
AIRFLOW_CTX_TASK_ID=processing_user
AIRFLOW_CTX_EXECUTION_DATE=2022-09-06T00:00:00+00:00
AIRFLOW_CTX_DAG_RUN_ID=scheduled__2022-09-06T00:00:00+00:00
[2022-09-07 11:25:52,295] {python.py:118} INFO - Done. Returned value was: None
[2022-09-07 11:25:52,304] {taskinstance.py:1135} INFO - Marking task as SUCCESS. dag_id=user_processing, task_id=processing_user, execution_date=20220906T000000, start_date=20220907T112551, end_date=20220907T112552
[2022-09-07 11:25:52,400] {taskinstance.py:1195} INFO - 1 downstream tasks scheduled from follow-on schedule check
[2022-09-07 11:25:52,434] {local_task_job.py:118} INFO - Task exited with return code 0
