[2022-09-12 00:37:04,324] {scheduler_job.py:182} INFO - Started process (PID=240263) to work on /home/airflow/sandbox/lib/python3.8/site-packages/airflow/example_dags/example_latest_only_with_trigger.py
[2022-09-12 00:37:04,325] {scheduler_job.py:633} INFO - Processing file /home/airflow/sandbox/lib/python3.8/site-packages/airflow/example_dags/example_latest_only_with_trigger.py for tasks to queue
[2022-09-12 00:37:04,336] {logging_mixin.py:104} INFO - [2022-09-12 00:37:04,336] {dagbag.py:487} INFO - Filling up the DagBag from /home/airflow/sandbox/lib/python3.8/site-packages/airflow/example_dags/example_latest_only_with_trigger.py
[2022-09-12 00:37:04,359] {scheduler_job.py:643} INFO - DAG(s) dict_keys(['latest_only_with_trigger']) retrieved from /home/airflow/sandbox/lib/python3.8/site-packages/airflow/example_dags/example_latest_only_with_trigger.py
[2022-09-12 00:37:13,099] {logging_mixin.py:104} INFO - [2022-09-12 00:37:13,099] {dag.py:1832} INFO - Sync 1 DAGs
[2022-09-12 00:37:13,315] {logging_mixin.py:104} INFO - [2022-09-12 00:37:13,315] {dag.py:2305} INFO - Setting next_dagrun for latest_only_with_trigger to 2022-09-10 00:00:00+00:00
[2022-09-12 00:37:13,657] {scheduler_job.py:190} INFO - Processing /home/airflow/sandbox/lib/python3.8/site-packages/airflow/example_dags/example_latest_only_with_trigger.py took 9.407 seconds
[2022-09-12 00:38:32,723] {scheduler_job.py:182} INFO - Started process (PID=241186) to work on /home/airflow/sandbox/lib/python3.8/site-packages/airflow/example_dags/example_latest_only_with_trigger.py
[2022-09-12 00:38:32,792] {scheduler_job.py:633} INFO - Processing file /home/airflow/sandbox/lib/python3.8/site-packages/airflow/example_dags/example_latest_only_with_trigger.py for tasks to queue
[2022-09-12 00:38:32,813] {logging_mixin.py:104} INFO - [2022-09-12 00:38:32,813] {dagbag.py:487} INFO - Filling up the DagBag from /home/airflow/sandbox/lib/python3.8/site-packages/airflow/example_dags/example_latest_only_with_trigger.py
[2022-09-12 00:38:32,851] {scheduler_job.py:643} INFO - DAG(s) dict_keys(['latest_only_with_trigger']) retrieved from /home/airflow/sandbox/lib/python3.8/site-packages/airflow/example_dags/example_latest_only_with_trigger.py
[2022-09-12 00:38:33,004] {logging_mixin.py:104} INFO - [2022-09-12 00:38:33,004] {dag.py:1832} INFO - Sync 1 DAGs
[2022-09-12 00:38:33,093] {logging_mixin.py:104} INFO - [2022-09-12 00:38:33,093] {dag.py:2305} INFO - Setting next_dagrun for latest_only_with_trigger to 2022-09-10 00:00:00+00:00
[2022-09-12 00:38:33,147] {scheduler_job.py:190} INFO - Processing /home/airflow/sandbox/lib/python3.8/site-packages/airflow/example_dags/example_latest_only_with_trigger.py took 0.549 seconds
[2022-09-12 00:39:04,132] {scheduler_job.py:182} INFO - Started process (PID=241486) to work on /home/airflow/sandbox/lib/python3.8/site-packages/airflow/example_dags/example_latest_only_with_trigger.py
[2022-09-12 00:39:04,151] {scheduler_job.py:633} INFO - Processing file /home/airflow/sandbox/lib/python3.8/site-packages/airflow/example_dags/example_latest_only_with_trigger.py for tasks to queue
[2022-09-12 00:39:04,153] {logging_mixin.py:104} INFO - [2022-09-12 00:39:04,153] {dagbag.py:487} INFO - Filling up the DagBag from /home/airflow/sandbox/lib/python3.8/site-packages/airflow/example_dags/example_latest_only_with_trigger.py
[2022-09-12 00:39:04,207] {scheduler_job.py:643} INFO - DAG(s) dict_keys(['latest_only_with_trigger']) retrieved from /home/airflow/sandbox/lib/python3.8/site-packages/airflow/example_dags/example_latest_only_with_trigger.py
[2022-09-12 00:39:04,331] {logging_mixin.py:104} INFO - [2022-09-12 00:39:04,330] {dag.py:1832} INFO - Sync 1 DAGs
[2022-09-12 00:39:04,375] {logging_mixin.py:104} INFO - [2022-09-12 00:39:04,375] {dag.py:2305} INFO - Setting next_dagrun for latest_only_with_trigger to 2022-09-10 00:00:00+00:00
[2022-09-12 00:39:04,448] {scheduler_job.py:190} INFO - Processing /home/airflow/sandbox/lib/python3.8/site-packages/airflow/example_dags/example_latest_only_with_trigger.py took 0.326 seconds
[2022-09-12 00:39:34,737] {scheduler_job.py:182} INFO - Started process (PID=241711) to work on /home/airflow/sandbox/lib/python3.8/site-packages/airflow/example_dags/example_latest_only_with_trigger.py
[2022-09-12 00:39:34,748] {scheduler_job.py:633} INFO - Processing file /home/airflow/sandbox/lib/python3.8/site-packages/airflow/example_dags/example_latest_only_with_trigger.py for tasks to queue
[2022-09-12 00:39:34,748] {logging_mixin.py:104} INFO - [2022-09-12 00:39:34,748] {dagbag.py:487} INFO - Filling up the DagBag from /home/airflow/sandbox/lib/python3.8/site-packages/airflow/example_dags/example_latest_only_with_trigger.py
[2022-09-12 00:39:34,754] {scheduler_job.py:643} INFO - DAG(s) dict_keys(['latest_only_with_trigger']) retrieved from /home/airflow/sandbox/lib/python3.8/site-packages/airflow/example_dags/example_latest_only_with_trigger.py
[2022-09-12 00:39:34,822] {logging_mixin.py:104} INFO - [2022-09-12 00:39:34,822] {dag.py:1832} INFO - Sync 1 DAGs
[2022-09-12 00:39:34,845] {logging_mixin.py:104} INFO - [2022-09-12 00:39:34,845] {dag.py:2305} INFO - Setting next_dagrun for latest_only_with_trigger to 2022-09-10 00:00:00+00:00
[2022-09-12 00:39:34,879] {scheduler_job.py:190} INFO - Processing /home/airflow/sandbox/lib/python3.8/site-packages/airflow/example_dags/example_latest_only_with_trigger.py took 0.140 seconds
[2022-09-12 00:40:05,120] {scheduler_job.py:182} INFO - Started process (PID=241937) to work on /home/airflow/sandbox/lib/python3.8/site-packages/airflow/example_dags/example_latest_only_with_trigger.py
[2022-09-12 00:40:05,122] {scheduler_job.py:633} INFO - Processing file /home/airflow/sandbox/lib/python3.8/site-packages/airflow/example_dags/example_latest_only_with_trigger.py for tasks to queue
[2022-09-12 00:40:05,124] {logging_mixin.py:104} INFO - [2022-09-12 00:40:05,124] {dagbag.py:487} INFO - Filling up the DagBag from /home/airflow/sandbox/lib/python3.8/site-packages/airflow/example_dags/example_latest_only_with_trigger.py
[2022-09-12 00:40:05,133] {scheduler_job.py:643} INFO - DAG(s) dict_keys(['latest_only_with_trigger']) retrieved from /home/airflow/sandbox/lib/python3.8/site-packages/airflow/example_dags/example_latest_only_with_trigger.py
[2022-09-12 00:40:05,180] {logging_mixin.py:104} INFO - [2022-09-12 00:40:05,180] {dag.py:1832} INFO - Sync 1 DAGs
[2022-09-12 00:40:05,209] {logging_mixin.py:104} INFO - [2022-09-12 00:40:05,209] {dag.py:2305} INFO - Setting next_dagrun for latest_only_with_trigger to 2022-09-10 00:00:00+00:00
[2022-09-12 00:40:05,234] {scheduler_job.py:190} INFO - Processing /home/airflow/sandbox/lib/python3.8/site-packages/airflow/example_dags/example_latest_only_with_trigger.py took 0.117 seconds
[2022-09-12 00:40:35,975] {scheduler_job.py:182} INFO - Started process (PID=242411) to work on /home/airflow/sandbox/lib/python3.8/site-packages/airflow/example_dags/example_latest_only_with_trigger.py
[2022-09-12 00:40:35,991] {scheduler_job.py:633} INFO - Processing file /home/airflow/sandbox/lib/python3.8/site-packages/airflow/example_dags/example_latest_only_with_trigger.py for tasks to queue
[2022-09-12 00:40:36,001] {logging_mixin.py:104} INFO - [2022-09-12 00:40:36,001] {dagbag.py:487} INFO - Filling up the DagBag from /home/airflow/sandbox/lib/python3.8/site-packages/airflow/example_dags/example_latest_only_with_trigger.py
[2022-09-12 00:40:36,011] {scheduler_job.py:643} INFO - DAG(s) dict_keys(['latest_only_with_trigger']) retrieved from /home/airflow/sandbox/lib/python3.8/site-packages/airflow/example_dags/example_latest_only_with_trigger.py
[2022-09-12 00:40:36,098] {logging_mixin.py:104} INFO - [2022-09-12 00:40:36,098] {dag.py:1832} INFO - Sync 1 DAGs
[2022-09-12 00:40:36,171] {logging_mixin.py:104} INFO - [2022-09-12 00:40:36,171] {dag.py:2305} INFO - Setting next_dagrun for latest_only_with_trigger to 2022-09-10 00:00:00+00:00
[2022-09-12 00:40:36,205] {scheduler_job.py:190} INFO - Processing /home/airflow/sandbox/lib/python3.8/site-packages/airflow/example_dags/example_latest_only_with_trigger.py took 0.235 seconds
[2022-09-12 00:41:06,834] {scheduler_job.py:182} INFO - Started process (PID=242720) to work on /home/airflow/sandbox/lib/python3.8/site-packages/airflow/example_dags/example_latest_only_with_trigger.py
[2022-09-12 00:41:06,840] {scheduler_job.py:633} INFO - Processing file /home/airflow/sandbox/lib/python3.8/site-packages/airflow/example_dags/example_latest_only_with_trigger.py for tasks to queue
[2022-09-12 00:41:06,841] {logging_mixin.py:104} INFO - [2022-09-12 00:41:06,841] {dagbag.py:487} INFO - Filling up the DagBag from /home/airflow/sandbox/lib/python3.8/site-packages/airflow/example_dags/example_latest_only_with_trigger.py
[2022-09-12 00:41:06,856] {scheduler_job.py:643} INFO - DAG(s) dict_keys(['latest_only_with_trigger']) retrieved from /home/airflow/sandbox/lib/python3.8/site-packages/airflow/example_dags/example_latest_only_with_trigger.py
[2022-09-12 00:41:06,923] {logging_mixin.py:104} INFO - [2022-09-12 00:41:06,922] {dag.py:1832} INFO - Sync 1 DAGs
[2022-09-12 00:41:06,967] {logging_mixin.py:104} INFO - [2022-09-12 00:41:06,966] {dag.py:2305} INFO - Setting next_dagrun for latest_only_with_trigger to 2022-09-10 00:00:00+00:00
[2022-09-12 00:41:06,991] {scheduler_job.py:190} INFO - Processing /home/airflow/sandbox/lib/python3.8/site-packages/airflow/example_dags/example_latest_only_with_trigger.py took 0.161 seconds
[2022-09-12 00:41:37,102] {scheduler_job.py:182} INFO - Started process (PID=243095) to work on /home/airflow/sandbox/lib/python3.8/site-packages/airflow/example_dags/example_latest_only_with_trigger.py
[2022-09-12 00:41:37,103] {scheduler_job.py:633} INFO - Processing file /home/airflow/sandbox/lib/python3.8/site-packages/airflow/example_dags/example_latest_only_with_trigger.py for tasks to queue
[2022-09-12 00:41:37,103] {logging_mixin.py:104} INFO - [2022-09-12 00:41:37,103] {dagbag.py:487} INFO - Filling up the DagBag from /home/airflow/sandbox/lib/python3.8/site-packages/airflow/example_dags/example_latest_only_with_trigger.py
[2022-09-12 00:41:37,112] {scheduler_job.py:643} INFO - DAG(s) dict_keys(['latest_only_with_trigger']) retrieved from /home/airflow/sandbox/lib/python3.8/site-packages/airflow/example_dags/example_latest_only_with_trigger.py
[2022-09-12 00:41:37,139] {logging_mixin.py:104} INFO - [2022-09-12 00:41:37,139] {dag.py:1832} INFO - Sync 1 DAGs
[2022-09-12 00:41:37,153] {logging_mixin.py:104} INFO - [2022-09-12 00:41:37,153] {dag.py:2305} INFO - Setting next_dagrun for latest_only_with_trigger to 2022-09-10 00:00:00+00:00
[2022-09-12 00:41:37,168] {scheduler_job.py:190} INFO - Processing /home/airflow/sandbox/lib/python3.8/site-packages/airflow/example_dags/example_latest_only_with_trigger.py took 0.069 seconds
[2022-09-12 00:42:07,568] {scheduler_job.py:182} INFO - Started process (PID=243392) to work on /home/airflow/sandbox/lib/python3.8/site-packages/airflow/example_dags/example_latest_only_with_trigger.py
[2022-09-12 00:42:07,576] {scheduler_job.py:633} INFO - Processing file /home/airflow/sandbox/lib/python3.8/site-packages/airflow/example_dags/example_latest_only_with_trigger.py for tasks to queue
[2022-09-12 00:42:07,577] {logging_mixin.py:104} INFO - [2022-09-12 00:42:07,576] {dagbag.py:487} INFO - Filling up the DagBag from /home/airflow/sandbox/lib/python3.8/site-packages/airflow/example_dags/example_latest_only_with_trigger.py
[2022-09-12 00:42:07,582] {scheduler_job.py:643} INFO - DAG(s) dict_keys(['latest_only_with_trigger']) retrieved from /home/airflow/sandbox/lib/python3.8/site-packages/airflow/example_dags/example_latest_only_with_trigger.py
[2022-09-12 00:42:07,660] {logging_mixin.py:104} INFO - [2022-09-12 00:42:07,660] {dag.py:1832} INFO - Sync 1 DAGs
[2022-09-12 00:42:07,698] {logging_mixin.py:104} INFO - [2022-09-12 00:42:07,698] {dag.py:2305} INFO - Setting next_dagrun for latest_only_with_trigger to 2022-09-10 00:00:00+00:00
[2022-09-12 00:42:07,757] {scheduler_job.py:190} INFO - Processing /home/airflow/sandbox/lib/python3.8/site-packages/airflow/example_dags/example_latest_only_with_trigger.py took 0.197 seconds
[2022-09-12 00:42:38,075] {scheduler_job.py:182} INFO - Started process (PID=243957) to work on /home/airflow/sandbox/lib/python3.8/site-packages/airflow/example_dags/example_latest_only_with_trigger.py
[2022-09-12 00:42:38,082] {scheduler_job.py:633} INFO - Processing file /home/airflow/sandbox/lib/python3.8/site-packages/airflow/example_dags/example_latest_only_with_trigger.py for tasks to queue
[2022-09-12 00:42:38,088] {logging_mixin.py:104} INFO - [2022-09-12 00:42:38,087] {dagbag.py:487} INFO - Filling up the DagBag from /home/airflow/sandbox/lib/python3.8/site-packages/airflow/example_dags/example_latest_only_with_trigger.py
[2022-09-12 00:42:38,106] {scheduler_job.py:643} INFO - DAG(s) dict_keys(['latest_only_with_trigger']) retrieved from /home/airflow/sandbox/lib/python3.8/site-packages/airflow/example_dags/example_latest_only_with_trigger.py
[2022-09-12 00:42:38,178] {logging_mixin.py:104} INFO - [2022-09-12 00:42:38,178] {dag.py:1832} INFO - Sync 1 DAGs
[2022-09-12 00:42:38,209] {logging_mixin.py:104} INFO - [2022-09-12 00:42:38,209] {dag.py:2305} INFO - Setting next_dagrun for latest_only_with_trigger to 2022-09-10 00:00:00+00:00
[2022-09-12 00:42:38,230] {scheduler_job.py:190} INFO - Processing /home/airflow/sandbox/lib/python3.8/site-packages/airflow/example_dags/example_latest_only_with_trigger.py took 0.158 seconds
[2022-09-12 00:43:09,041] {scheduler_job.py:182} INFO - Started process (PID=244257) to work on /home/airflow/sandbox/lib/python3.8/site-packages/airflow/example_dags/example_latest_only_with_trigger.py
[2022-09-12 00:43:09,043] {scheduler_job.py:633} INFO - Processing file /home/airflow/sandbox/lib/python3.8/site-packages/airflow/example_dags/example_latest_only_with_trigger.py for tasks to queue
[2022-09-12 00:43:09,043] {logging_mixin.py:104} INFO - [2022-09-12 00:43:09,043] {dagbag.py:487} INFO - Filling up the DagBag from /home/airflow/sandbox/lib/python3.8/site-packages/airflow/example_dags/example_latest_only_with_trigger.py
[2022-09-12 00:43:09,051] {scheduler_job.py:643} INFO - DAG(s) dict_keys(['latest_only_with_trigger']) retrieved from /home/airflow/sandbox/lib/python3.8/site-packages/airflow/example_dags/example_latest_only_with_trigger.py
[2022-09-12 00:43:09,111] {logging_mixin.py:104} INFO - [2022-09-12 00:43:09,111] {dag.py:1832} INFO - Sync 1 DAGs
[2022-09-12 00:43:09,142] {logging_mixin.py:104} INFO - [2022-09-12 00:43:09,142] {dag.py:2305} INFO - Setting next_dagrun for latest_only_with_trigger to 2022-09-10 00:00:00+00:00
[2022-09-12 00:43:09,174] {scheduler_job.py:190} INFO - Processing /home/airflow/sandbox/lib/python3.8/site-packages/airflow/example_dags/example_latest_only_with_trigger.py took 0.136 seconds
