[2022-09-12 00:38:20,363] {scheduler_job.py:182} INFO - Started process (PID=241037) to work on /home/airflow/sandbox/lib/python3.8/site-packages/airflow/example_dags/example_complex.py
[2022-09-12 00:38:20,422] {scheduler_job.py:633} INFO - Processing file /home/airflow/sandbox/lib/python3.8/site-packages/airflow/example_dags/example_complex.py for tasks to queue
[2022-09-12 00:38:20,425] {logging_mixin.py:104} INFO - [2022-09-12 00:38:20,425] {dagbag.py:487} INFO - Filling up the DagBag from /home/airflow/sandbox/lib/python3.8/site-packages/airflow/example_dags/example_complex.py
[2022-09-12 00:38:20,862] {scheduler_job.py:643} INFO - DAG(s) dict_keys(['example_complex']) retrieved from /home/airflow/sandbox/lib/python3.8/site-packages/airflow/example_dags/example_complex.py
[2022-09-12 00:38:23,874] {logging_mixin.py:104} INFO - [2022-09-12 00:38:23,874] {dag.py:1832} INFO - Sync 1 DAGs
[2022-09-12 00:38:24,022] {logging_mixin.py:104} INFO - [2022-09-12 00:38:24,022] {dag.py:2305} INFO - Setting next_dagrun for example_complex to None
[2022-09-12 00:38:24,331] {scheduler_job.py:190} INFO - Processing /home/airflow/sandbox/lib/python3.8/site-packages/airflow/example_dags/example_complex.py took 3.971 seconds
[2022-09-12 00:38:54,548] {scheduler_job.py:182} INFO - Started process (PID=241417) to work on /home/airflow/sandbox/lib/python3.8/site-packages/airflow/example_dags/example_complex.py
[2022-09-12 00:38:54,556] {scheduler_job.py:633} INFO - Processing file /home/airflow/sandbox/lib/python3.8/site-packages/airflow/example_dags/example_complex.py for tasks to queue
[2022-09-12 00:38:54,561] {logging_mixin.py:104} INFO - [2022-09-12 00:38:54,561] {dagbag.py:487} INFO - Filling up the DagBag from /home/airflow/sandbox/lib/python3.8/site-packages/airflow/example_dags/example_complex.py
[2022-09-12 00:38:54,635] {scheduler_job.py:643} INFO - DAG(s) dict_keys(['example_complex']) retrieved from /home/airflow/sandbox/lib/python3.8/site-packages/airflow/example_dags/example_complex.py
[2022-09-12 00:38:54,918] {logging_mixin.py:104} INFO - [2022-09-12 00:38:54,918] {dag.py:1832} INFO - Sync 1 DAGs
[2022-09-12 00:38:54,993] {logging_mixin.py:104} INFO - [2022-09-12 00:38:54,993] {dag.py:2305} INFO - Setting next_dagrun for example_complex to None
[2022-09-12 00:38:55,078] {scheduler_job.py:190} INFO - Processing /home/airflow/sandbox/lib/python3.8/site-packages/airflow/example_dags/example_complex.py took 0.558 seconds
[2022-09-12 00:39:25,981] {scheduler_job.py:182} INFO - Started process (PID=241643) to work on /home/airflow/sandbox/lib/python3.8/site-packages/airflow/example_dags/example_complex.py
[2022-09-12 00:39:25,990] {scheduler_job.py:633} INFO - Processing file /home/airflow/sandbox/lib/python3.8/site-packages/airflow/example_dags/example_complex.py for tasks to queue
[2022-09-12 00:39:25,991] {logging_mixin.py:104} INFO - [2022-09-12 00:39:25,991] {dagbag.py:487} INFO - Filling up the DagBag from /home/airflow/sandbox/lib/python3.8/site-packages/airflow/example_dags/example_complex.py
[2022-09-12 00:39:26,017] {scheduler_job.py:643} INFO - DAG(s) dict_keys(['example_complex']) retrieved from /home/airflow/sandbox/lib/python3.8/site-packages/airflow/example_dags/example_complex.py
[2022-09-12 00:39:26,059] {logging_mixin.py:104} INFO - [2022-09-12 00:39:26,058] {dag.py:1832} INFO - Sync 1 DAGs
[2022-09-12 00:39:26,081] {logging_mixin.py:104} INFO - [2022-09-12 00:39:26,081] {dag.py:2305} INFO - Setting next_dagrun for example_complex to None
[2022-09-12 00:39:26,098] {scheduler_job.py:190} INFO - Processing /home/airflow/sandbox/lib/python3.8/site-packages/airflow/example_dags/example_complex.py took 0.120 seconds
[2022-09-12 00:39:56,241] {scheduler_job.py:182} INFO - Started process (PID=241870) to work on /home/airflow/sandbox/lib/python3.8/site-packages/airflow/example_dags/example_complex.py
[2022-09-12 00:39:56,247] {scheduler_job.py:633} INFO - Processing file /home/airflow/sandbox/lib/python3.8/site-packages/airflow/example_dags/example_complex.py for tasks to queue
[2022-09-12 00:39:56,248] {logging_mixin.py:104} INFO - [2022-09-12 00:39:56,248] {dagbag.py:487} INFO - Filling up the DagBag from /home/airflow/sandbox/lib/python3.8/site-packages/airflow/example_dags/example_complex.py
[2022-09-12 00:39:56,274] {scheduler_job.py:643} INFO - DAG(s) dict_keys(['example_complex']) retrieved from /home/airflow/sandbox/lib/python3.8/site-packages/airflow/example_dags/example_complex.py
[2022-09-12 00:39:56,320] {logging_mixin.py:104} INFO - [2022-09-12 00:39:56,320] {dag.py:1832} INFO - Sync 1 DAGs
[2022-09-12 00:39:56,333] {logging_mixin.py:104} INFO - [2022-09-12 00:39:56,333] {dag.py:2305} INFO - Setting next_dagrun for example_complex to None
[2022-09-12 00:39:56,351] {scheduler_job.py:190} INFO - Processing /home/airflow/sandbox/lib/python3.8/site-packages/airflow/example_dags/example_complex.py took 0.114 seconds
[2022-09-12 00:40:27,089] {scheduler_job.py:182} INFO - Started process (PID=242346) to work on /home/airflow/sandbox/lib/python3.8/site-packages/airflow/example_dags/example_complex.py
[2022-09-12 00:40:27,134] {scheduler_job.py:633} INFO - Processing file /home/airflow/sandbox/lib/python3.8/site-packages/airflow/example_dags/example_complex.py for tasks to queue
[2022-09-12 00:40:27,217] {logging_mixin.py:104} INFO - [2022-09-12 00:40:27,216] {dagbag.py:487} INFO - Filling up the DagBag from /home/airflow/sandbox/lib/python3.8/site-packages/airflow/example_dags/example_complex.py
[2022-09-12 00:40:27,520] {scheduler_job.py:643} INFO - DAG(s) dict_keys(['example_complex']) retrieved from /home/airflow/sandbox/lib/python3.8/site-packages/airflow/example_dags/example_complex.py
[2022-09-12 00:40:27,890] {logging_mixin.py:104} INFO - [2022-09-12 00:40:27,890] {dag.py:1832} INFO - Sync 1 DAGs
[2022-09-12 00:40:28,093] {logging_mixin.py:104} INFO - [2022-09-12 00:40:28,093] {dag.py:2305} INFO - Setting next_dagrun for example_complex to None
[2022-09-12 00:40:28,277] {scheduler_job.py:190} INFO - Processing /home/airflow/sandbox/lib/python3.8/site-packages/airflow/example_dags/example_complex.py took 1.198 seconds
[2022-09-12 00:40:58,892] {scheduler_job.py:182} INFO - Started process (PID=242656) to work on /home/airflow/sandbox/lib/python3.8/site-packages/airflow/example_dags/example_complex.py
[2022-09-12 00:40:58,893] {scheduler_job.py:633} INFO - Processing file /home/airflow/sandbox/lib/python3.8/site-packages/airflow/example_dags/example_complex.py for tasks to queue
[2022-09-12 00:40:58,895] {logging_mixin.py:104} INFO - [2022-09-12 00:40:58,894] {dagbag.py:487} INFO - Filling up the DagBag from /home/airflow/sandbox/lib/python3.8/site-packages/airflow/example_dags/example_complex.py
[2022-09-12 00:40:58,935] {scheduler_job.py:643} INFO - DAG(s) dict_keys(['example_complex']) retrieved from /home/airflow/sandbox/lib/python3.8/site-packages/airflow/example_dags/example_complex.py
[2022-09-12 00:40:59,001] {logging_mixin.py:104} INFO - [2022-09-12 00:40:59,001] {dag.py:1832} INFO - Sync 1 DAGs
[2022-09-12 00:40:59,028] {logging_mixin.py:104} INFO - [2022-09-12 00:40:59,028] {dag.py:2305} INFO - Setting next_dagrun for example_complex to None
[2022-09-12 00:40:59,061] {scheduler_job.py:190} INFO - Processing /home/airflow/sandbox/lib/python3.8/site-packages/airflow/example_dags/example_complex.py took 0.172 seconds
[2022-09-12 00:41:29,199] {scheduler_job.py:182} INFO - Started process (PID=242972) to work on /home/airflow/sandbox/lib/python3.8/site-packages/airflow/example_dags/example_complex.py
[2022-09-12 00:41:29,208] {scheduler_job.py:633} INFO - Processing file /home/airflow/sandbox/lib/python3.8/site-packages/airflow/example_dags/example_complex.py for tasks to queue
[2022-09-12 00:41:29,210] {logging_mixin.py:104} INFO - [2022-09-12 00:41:29,210] {dagbag.py:487} INFO - Filling up the DagBag from /home/airflow/sandbox/lib/python3.8/site-packages/airflow/example_dags/example_complex.py
[2022-09-12 00:41:29,234] {scheduler_job.py:643} INFO - DAG(s) dict_keys(['example_complex']) retrieved from /home/airflow/sandbox/lib/python3.8/site-packages/airflow/example_dags/example_complex.py
[2022-09-12 00:41:29,288] {logging_mixin.py:104} INFO - [2022-09-12 00:41:29,288] {dag.py:1832} INFO - Sync 1 DAGs
[2022-09-12 00:41:29,304] {logging_mixin.py:104} INFO - [2022-09-12 00:41:29,304] {dag.py:2305} INFO - Setting next_dagrun for example_complex to None
[2022-09-12 00:41:29,319] {scheduler_job.py:190} INFO - Processing /home/airflow/sandbox/lib/python3.8/site-packages/airflow/example_dags/example_complex.py took 0.126 seconds
[2022-09-12 00:41:59,694] {scheduler_job.py:182} INFO - Started process (PID=243292) to work on /home/airflow/sandbox/lib/python3.8/site-packages/airflow/example_dags/example_complex.py
[2022-09-12 00:41:59,715] {scheduler_job.py:633} INFO - Processing file /home/airflow/sandbox/lib/python3.8/site-packages/airflow/example_dags/example_complex.py for tasks to queue
[2022-09-12 00:41:59,715] {logging_mixin.py:104} INFO - [2022-09-12 00:41:59,715] {dagbag.py:487} INFO - Filling up the DagBag from /home/airflow/sandbox/lib/python3.8/site-packages/airflow/example_dags/example_complex.py
[2022-09-12 00:41:59,802] {scheduler_job.py:643} INFO - DAG(s) dict_keys(['example_complex']) retrieved from /home/airflow/sandbox/lib/python3.8/site-packages/airflow/example_dags/example_complex.py
[2022-09-12 00:42:00,046] {logging_mixin.py:104} INFO - [2022-09-12 00:42:00,046] {dag.py:1832} INFO - Sync 1 DAGs
[2022-09-12 00:42:00,087] {logging_mixin.py:104} INFO - [2022-09-12 00:42:00,087] {dag.py:2305} INFO - Setting next_dagrun for example_complex to None
[2022-09-12 00:42:00,139] {scheduler_job.py:190} INFO - Processing /home/airflow/sandbox/lib/python3.8/site-packages/airflow/example_dags/example_complex.py took 0.451 seconds
[2022-09-12 00:42:30,495] {scheduler_job.py:182} INFO - Started process (PID=243852) to work on /home/airflow/sandbox/lib/python3.8/site-packages/airflow/example_dags/example_complex.py
[2022-09-12 00:42:30,507] {scheduler_job.py:633} INFO - Processing file /home/airflow/sandbox/lib/python3.8/site-packages/airflow/example_dags/example_complex.py for tasks to queue
[2022-09-12 00:42:30,513] {logging_mixin.py:104} INFO - [2022-09-12 00:42:30,513] {dagbag.py:487} INFO - Filling up the DagBag from /home/airflow/sandbox/lib/python3.8/site-packages/airflow/example_dags/example_complex.py
[2022-09-12 00:42:30,621] {scheduler_job.py:643} INFO - DAG(s) dict_keys(['example_complex']) retrieved from /home/airflow/sandbox/lib/python3.8/site-packages/airflow/example_dags/example_complex.py
[2022-09-12 00:42:30,847] {logging_mixin.py:104} INFO - [2022-09-12 00:42:30,845] {dag.py:1832} INFO - Sync 1 DAGs
[2022-09-12 00:42:30,964] {logging_mixin.py:104} INFO - [2022-09-12 00:42:30,963] {dag.py:2305} INFO - Setting next_dagrun for example_complex to None
[2022-09-12 00:42:31,345] {scheduler_job.py:190} INFO - Processing /home/airflow/sandbox/lib/python3.8/site-packages/airflow/example_dags/example_complex.py took 0.857 seconds
[2022-09-12 00:43:02,045] {scheduler_job.py:182} INFO - Started process (PID=244167) to work on /home/airflow/sandbox/lib/python3.8/site-packages/airflow/example_dags/example_complex.py
[2022-09-12 00:43:02,062] {scheduler_job.py:633} INFO - Processing file /home/airflow/sandbox/lib/python3.8/site-packages/airflow/example_dags/example_complex.py for tasks to queue
[2022-09-12 00:43:02,088] {logging_mixin.py:104} INFO - [2022-09-12 00:43:02,088] {dagbag.py:487} INFO - Filling up the DagBag from /home/airflow/sandbox/lib/python3.8/site-packages/airflow/example_dags/example_complex.py
[2022-09-12 00:43:02,177] {scheduler_job.py:643} INFO - DAG(s) dict_keys(['example_complex']) retrieved from /home/airflow/sandbox/lib/python3.8/site-packages/airflow/example_dags/example_complex.py
[2022-09-12 00:43:02,329] {logging_mixin.py:104} INFO - [2022-09-12 00:43:02,329] {dag.py:1832} INFO - Sync 1 DAGs
[2022-09-12 00:43:02,357] {logging_mixin.py:104} INFO - [2022-09-12 00:43:02,357] {dag.py:2305} INFO - Setting next_dagrun for example_complex to None
[2022-09-12 00:43:02,376] {scheduler_job.py:190} INFO - Processing /home/airflow/sandbox/lib/python3.8/site-packages/airflow/example_dags/example_complex.py took 0.336 seconds
