[2022-09-12 00:38:04,463] {scheduler_job.py:182} INFO - Started process (PID=240947) to work on /home/airflow/sandbox/lib/python3.8/site-packages/airflow/example_dags/example_branch_operator.py
[2022-09-12 00:38:04,481] {scheduler_job.py:633} INFO - Processing file /home/airflow/sandbox/lib/python3.8/site-packages/airflow/example_dags/example_branch_operator.py for tasks to queue
[2022-09-12 00:38:04,492] {logging_mixin.py:104} INFO - [2022-09-12 00:38:04,491] {dagbag.py:487} INFO - Filling up the DagBag from /home/airflow/sandbox/lib/python3.8/site-packages/airflow/example_dags/example_branch_operator.py
[2022-09-12 00:38:04,552] {scheduler_job.py:643} INFO - DAG(s) dict_keys(['example_branch_operator']) retrieved from /home/airflow/sandbox/lib/python3.8/site-packages/airflow/example_dags/example_branch_operator.py
[2022-09-12 00:38:09,594] {logging_mixin.py:104} INFO - [2022-09-12 00:38:09,593] {dag.py:1832} INFO - Sync 1 DAGs
[2022-09-12 00:38:09,692] {logging_mixin.py:104} INFO - [2022-09-12 00:38:09,692] {dag.py:2305} INFO - Setting next_dagrun for example_branch_operator to 2022-09-10 00:00:00+00:00
[2022-09-12 00:38:09,848] {scheduler_job.py:190} INFO - Processing /home/airflow/sandbox/lib/python3.8/site-packages/airflow/example_dags/example_branch_operator.py took 5.388 seconds
[2022-09-12 00:38:41,303] {scheduler_job.py:182} INFO - Started process (PID=241334) to work on /home/airflow/sandbox/lib/python3.8/site-packages/airflow/example_dags/example_branch_operator.py
[2022-09-12 00:38:41,345] {scheduler_job.py:633} INFO - Processing file /home/airflow/sandbox/lib/python3.8/site-packages/airflow/example_dags/example_branch_operator.py for tasks to queue
[2022-09-12 00:38:41,358] {logging_mixin.py:104} INFO - [2022-09-12 00:38:41,356] {dagbag.py:487} INFO - Filling up the DagBag from /home/airflow/sandbox/lib/python3.8/site-packages/airflow/example_dags/example_branch_operator.py
[2022-09-12 00:38:41,606] {scheduler_job.py:643} INFO - DAG(s) dict_keys(['example_branch_operator']) retrieved from /home/airflow/sandbox/lib/python3.8/site-packages/airflow/example_dags/example_branch_operator.py
[2022-09-12 00:38:42,727] {logging_mixin.py:104} INFO - [2022-09-12 00:38:42,714] {dag.py:1832} INFO - Sync 1 DAGs
[2022-09-12 00:38:43,249] {logging_mixin.py:104} INFO - [2022-09-12 00:38:43,248] {dag.py:2305} INFO - Setting next_dagrun for example_branch_operator to 2022-09-10 00:00:00+00:00
[2022-09-12 00:38:43,526] {scheduler_job.py:190} INFO - Processing /home/airflow/sandbox/lib/python3.8/site-packages/airflow/example_dags/example_branch_operator.py took 2.369 seconds
[2022-09-12 00:39:14,013] {scheduler_job.py:182} INFO - Started process (PID=241586) to work on /home/airflow/sandbox/lib/python3.8/site-packages/airflow/example_dags/example_branch_operator.py
[2022-09-12 00:39:14,014] {scheduler_job.py:633} INFO - Processing file /home/airflow/sandbox/lib/python3.8/site-packages/airflow/example_dags/example_branch_operator.py for tasks to queue
[2022-09-12 00:39:14,015] {logging_mixin.py:104} INFO - [2022-09-12 00:39:14,015] {dagbag.py:487} INFO - Filling up the DagBag from /home/airflow/sandbox/lib/python3.8/site-packages/airflow/example_dags/example_branch_operator.py
[2022-09-12 00:39:14,024] {scheduler_job.py:643} INFO - DAG(s) dict_keys(['example_branch_operator']) retrieved from /home/airflow/sandbox/lib/python3.8/site-packages/airflow/example_dags/example_branch_operator.py
[2022-09-12 00:39:14,052] {logging_mixin.py:104} INFO - [2022-09-12 00:39:14,052] {dag.py:1832} INFO - Sync 1 DAGs
[2022-09-12 00:39:14,068] {logging_mixin.py:104} INFO - [2022-09-12 00:39:14,068] {dag.py:2305} INFO - Setting next_dagrun for example_branch_operator to 2022-09-10 00:00:00+00:00
[2022-09-12 00:39:14,083] {scheduler_job.py:190} INFO - Processing /home/airflow/sandbox/lib/python3.8/site-packages/airflow/example_dags/example_branch_operator.py took 0.075 seconds
[2022-09-12 00:39:44,249] {scheduler_job.py:182} INFO - Started process (PID=241815) to work on /home/airflow/sandbox/lib/python3.8/site-packages/airflow/example_dags/example_branch_operator.py
[2022-09-12 00:39:44,250] {scheduler_job.py:633} INFO - Processing file /home/airflow/sandbox/lib/python3.8/site-packages/airflow/example_dags/example_branch_operator.py for tasks to queue
[2022-09-12 00:39:44,251] {logging_mixin.py:104} INFO - [2022-09-12 00:39:44,251] {dagbag.py:487} INFO - Filling up the DagBag from /home/airflow/sandbox/lib/python3.8/site-packages/airflow/example_dags/example_branch_operator.py
[2022-09-12 00:39:44,261] {scheduler_job.py:643} INFO - DAG(s) dict_keys(['example_branch_operator']) retrieved from /home/airflow/sandbox/lib/python3.8/site-packages/airflow/example_dags/example_branch_operator.py
[2022-09-12 00:39:44,283] {logging_mixin.py:104} INFO - [2022-09-12 00:39:44,283] {dag.py:1832} INFO - Sync 1 DAGs
[2022-09-12 00:39:44,302] {logging_mixin.py:104} INFO - [2022-09-12 00:39:44,302] {dag.py:2305} INFO - Setting next_dagrun for example_branch_operator to 2022-09-10 00:00:00+00:00
[2022-09-12 00:39:44,320] {scheduler_job.py:190} INFO - Processing /home/airflow/sandbox/lib/python3.8/site-packages/airflow/example_dags/example_branch_operator.py took 0.074 seconds
[2022-09-12 00:40:14,774] {scheduler_job.py:182} INFO - Started process (PID=242293) to work on /home/airflow/sandbox/lib/python3.8/site-packages/airflow/example_dags/example_branch_operator.py
[2022-09-12 00:40:14,775] {scheduler_job.py:633} INFO - Processing file /home/airflow/sandbox/lib/python3.8/site-packages/airflow/example_dags/example_branch_operator.py for tasks to queue
[2022-09-12 00:40:14,776] {logging_mixin.py:104} INFO - [2022-09-12 00:40:14,776] {dagbag.py:487} INFO - Filling up the DagBag from /home/airflow/sandbox/lib/python3.8/site-packages/airflow/example_dags/example_branch_operator.py
[2022-09-12 00:40:14,784] {scheduler_job.py:643} INFO - DAG(s) dict_keys(['example_branch_operator']) retrieved from /home/airflow/sandbox/lib/python3.8/site-packages/airflow/example_dags/example_branch_operator.py
[2022-09-12 00:40:14,812] {logging_mixin.py:104} INFO - [2022-09-12 00:40:14,812] {dag.py:1832} INFO - Sync 1 DAGs
[2022-09-12 00:40:14,830] {logging_mixin.py:104} INFO - [2022-09-12 00:40:14,830] {dag.py:2305} INFO - Setting next_dagrun for example_branch_operator to 2022-09-10 00:00:00+00:00
[2022-09-12 00:40:14,846] {scheduler_job.py:190} INFO - Processing /home/airflow/sandbox/lib/python3.8/site-packages/airflow/example_dags/example_branch_operator.py took 0.076 seconds
[2022-09-12 00:40:45,054] {scheduler_job.py:182} INFO - Started process (PID=242514) to work on /home/airflow/sandbox/lib/python3.8/site-packages/airflow/example_dags/example_branch_operator.py
[2022-09-12 00:40:45,057] {scheduler_job.py:633} INFO - Processing file /home/airflow/sandbox/lib/python3.8/site-packages/airflow/example_dags/example_branch_operator.py for tasks to queue
[2022-09-12 00:40:45,058] {logging_mixin.py:104} INFO - [2022-09-12 00:40:45,058] {dagbag.py:487} INFO - Filling up the DagBag from /home/airflow/sandbox/lib/python3.8/site-packages/airflow/example_dags/example_branch_operator.py
[2022-09-12 00:40:45,078] {scheduler_job.py:643} INFO - DAG(s) dict_keys(['example_branch_operator']) retrieved from /home/airflow/sandbox/lib/python3.8/site-packages/airflow/example_dags/example_branch_operator.py
[2022-09-12 00:40:45,178] {logging_mixin.py:104} INFO - [2022-09-12 00:40:45,178] {dag.py:1832} INFO - Sync 1 DAGs
[2022-09-12 00:40:45,216] {logging_mixin.py:104} INFO - [2022-09-12 00:40:45,215] {dag.py:2305} INFO - Setting next_dagrun for example_branch_operator to 2022-09-10 00:00:00+00:00
[2022-09-12 00:40:45,237] {scheduler_job.py:190} INFO - Processing /home/airflow/sandbox/lib/python3.8/site-packages/airflow/example_dags/example_branch_operator.py took 0.191 seconds
[2022-09-12 00:41:15,440] {scheduler_job.py:182} INFO - Started process (PID=242861) to work on /home/airflow/sandbox/lib/python3.8/site-packages/airflow/example_dags/example_branch_operator.py
[2022-09-12 00:41:15,441] {scheduler_job.py:633} INFO - Processing file /home/airflow/sandbox/lib/python3.8/site-packages/airflow/example_dags/example_branch_operator.py for tasks to queue
[2022-09-12 00:41:15,442] {logging_mixin.py:104} INFO - [2022-09-12 00:41:15,442] {dagbag.py:487} INFO - Filling up the DagBag from /home/airflow/sandbox/lib/python3.8/site-packages/airflow/example_dags/example_branch_operator.py
[2022-09-12 00:41:15,449] {scheduler_job.py:643} INFO - DAG(s) dict_keys(['example_branch_operator']) retrieved from /home/airflow/sandbox/lib/python3.8/site-packages/airflow/example_dags/example_branch_operator.py
[2022-09-12 00:41:15,473] {logging_mixin.py:104} INFO - [2022-09-12 00:41:15,473] {dag.py:1832} INFO - Sync 1 DAGs
[2022-09-12 00:41:15,486] {logging_mixin.py:104} INFO - [2022-09-12 00:41:15,486] {dag.py:2305} INFO - Setting next_dagrun for example_branch_operator to 2022-09-10 00:00:00+00:00
[2022-09-12 00:41:15,503] {scheduler_job.py:190} INFO - Processing /home/airflow/sandbox/lib/python3.8/site-packages/airflow/example_dags/example_branch_operator.py took 0.066 seconds
[2022-09-12 00:41:45,791] {scheduler_job.py:182} INFO - Started process (PID=243203) to work on /home/airflow/sandbox/lib/python3.8/site-packages/airflow/example_dags/example_branch_operator.py
[2022-09-12 00:41:45,804] {scheduler_job.py:633} INFO - Processing file /home/airflow/sandbox/lib/python3.8/site-packages/airflow/example_dags/example_branch_operator.py for tasks to queue
[2022-09-12 00:41:45,805] {logging_mixin.py:104} INFO - [2022-09-12 00:41:45,805] {dagbag.py:487} INFO - Filling up the DagBag from /home/airflow/sandbox/lib/python3.8/site-packages/airflow/example_dags/example_branch_operator.py
[2022-09-12 00:41:45,816] {scheduler_job.py:643} INFO - DAG(s) dict_keys(['example_branch_operator']) retrieved from /home/airflow/sandbox/lib/python3.8/site-packages/airflow/example_dags/example_branch_operator.py
[2022-09-12 00:41:45,853] {logging_mixin.py:104} INFO - [2022-09-12 00:41:45,853] {dag.py:1832} INFO - Sync 1 DAGs
[2022-09-12 00:41:45,876] {logging_mixin.py:104} INFO - [2022-09-12 00:41:45,872] {dag.py:2305} INFO - Setting next_dagrun for example_branch_operator to 2022-09-10 00:00:00+00:00
[2022-09-12 00:41:45,887] {scheduler_job.py:190} INFO - Processing /home/airflow/sandbox/lib/python3.8/site-packages/airflow/example_dags/example_branch_operator.py took 0.101 seconds
[2022-09-12 00:42:17,841] {scheduler_job.py:182} INFO - Started process (PID=243596) to work on /home/airflow/sandbox/lib/python3.8/site-packages/airflow/example_dags/example_branch_operator.py
[2022-09-12 00:42:17,846] {scheduler_job.py:633} INFO - Processing file /home/airflow/sandbox/lib/python3.8/site-packages/airflow/example_dags/example_branch_operator.py for tasks to queue
[2022-09-12 00:42:17,846] {logging_mixin.py:104} INFO - [2022-09-12 00:42:17,846] {dagbag.py:487} INFO - Filling up the DagBag from /home/airflow/sandbox/lib/python3.8/site-packages/airflow/example_dags/example_branch_operator.py
[2022-09-12 00:42:17,863] {scheduler_job.py:643} INFO - DAG(s) dict_keys(['example_branch_operator']) retrieved from /home/airflow/sandbox/lib/python3.8/site-packages/airflow/example_dags/example_branch_operator.py
[2022-09-12 00:42:17,899] {logging_mixin.py:104} INFO - [2022-09-12 00:42:17,899] {dag.py:1832} INFO - Sync 1 DAGs
[2022-09-12 00:42:17,925] {logging_mixin.py:104} INFO - [2022-09-12 00:42:17,925] {dag.py:2305} INFO - Setting next_dagrun for example_branch_operator to 2022-09-10 00:00:00+00:00
[2022-09-12 00:42:17,944] {scheduler_job.py:190} INFO - Processing /home/airflow/sandbox/lib/python3.8/site-packages/airflow/example_dags/example_branch_operator.py took 0.112 seconds
[2022-09-12 00:42:48,893] {scheduler_job.py:182} INFO - Started process (PID=244093) to work on /home/airflow/sandbox/lib/python3.8/site-packages/airflow/example_dags/example_branch_operator.py
[2022-09-12 00:42:48,896] {scheduler_job.py:633} INFO - Processing file /home/airflow/sandbox/lib/python3.8/site-packages/airflow/example_dags/example_branch_operator.py for tasks to queue
[2022-09-12 00:42:48,896] {logging_mixin.py:104} INFO - [2022-09-12 00:42:48,896] {dagbag.py:487} INFO - Filling up the DagBag from /home/airflow/sandbox/lib/python3.8/site-packages/airflow/example_dags/example_branch_operator.py
[2022-09-12 00:42:48,910] {scheduler_job.py:643} INFO - DAG(s) dict_keys(['example_branch_operator']) retrieved from /home/airflow/sandbox/lib/python3.8/site-packages/airflow/example_dags/example_branch_operator.py
[2022-09-12 00:42:48,964] {logging_mixin.py:104} INFO - [2022-09-12 00:42:48,964] {dag.py:1832} INFO - Sync 1 DAGs
[2022-09-12 00:42:48,995] {logging_mixin.py:104} INFO - [2022-09-12 00:42:48,995] {dag.py:2305} INFO - Setting next_dagrun for example_branch_operator to 2022-09-10 00:00:00+00:00
[2022-09-12 00:42:49,014] {scheduler_job.py:190} INFO - Processing /home/airflow/sandbox/lib/python3.8/site-packages/airflow/example_dags/example_branch_operator.py took 0.124 seconds
