[2022-09-12 00:37:42,757] {scheduler_job.py:182} INFO - Started process (PID=240798) to work on /home/airflow/sandbox/lib/python3.8/site-packages/airflow/example_dags/example_branch_day_of_week_operator.py
[2022-09-12 00:37:42,853] {scheduler_job.py:633} INFO - Processing file /home/airflow/sandbox/lib/python3.8/site-packages/airflow/example_dags/example_branch_day_of_week_operator.py for tasks to queue
[2022-09-12 00:37:42,945] {logging_mixin.py:104} INFO - [2022-09-12 00:37:42,945] {dagbag.py:487} INFO - Filling up the DagBag from /home/airflow/sandbox/lib/python3.8/site-packages/airflow/example_dags/example_branch_day_of_week_operator.py
[2022-09-12 00:37:43,148] {scheduler_job.py:643} INFO - DAG(s) dict_keys(['example_weekday_branch_operator']) retrieved from /home/airflow/sandbox/lib/python3.8/site-packages/airflow/example_dags/example_branch_day_of_week_operator.py
[2022-09-12 00:37:48,891] {logging_mixin.py:104} INFO - [2022-09-12 00:37:48,890] {dag.py:1832} INFO - Sync 1 DAGs
[2022-09-12 00:37:49,198] {logging_mixin.py:104} INFO - [2022-09-12 00:37:49,198] {dag.py:2305} INFO - Setting next_dagrun for example_weekday_branch_operator to 2022-09-10 00:00:00+00:00
[2022-09-12 00:37:49,496] {scheduler_job.py:190} INFO - Processing /home/airflow/sandbox/lib/python3.8/site-packages/airflow/example_dags/example_branch_day_of_week_operator.py took 6.744 seconds
[2022-09-12 00:38:34,535] {scheduler_job.py:182} INFO - Started process (PID=241232) to work on /home/airflow/sandbox/lib/python3.8/site-packages/airflow/example_dags/example_branch_day_of_week_operator.py
[2022-09-12 00:38:34,551] {scheduler_job.py:633} INFO - Processing file /home/airflow/sandbox/lib/python3.8/site-packages/airflow/example_dags/example_branch_day_of_week_operator.py for tasks to queue
[2022-09-12 00:38:34,551] {logging_mixin.py:104} INFO - [2022-09-12 00:38:34,551] {dagbag.py:487} INFO - Filling up the DagBag from /home/airflow/sandbox/lib/python3.8/site-packages/airflow/example_dags/example_branch_day_of_week_operator.py
[2022-09-12 00:38:34,598] {scheduler_job.py:643} INFO - DAG(s) dict_keys(['example_weekday_branch_operator']) retrieved from /home/airflow/sandbox/lib/python3.8/site-packages/airflow/example_dags/example_branch_day_of_week_operator.py
[2022-09-12 00:38:34,740] {logging_mixin.py:104} INFO - [2022-09-12 00:38:34,739] {dag.py:1832} INFO - Sync 1 DAGs
[2022-09-12 00:38:35,084] {logging_mixin.py:104} INFO - [2022-09-12 00:38:35,083] {dag.py:2305} INFO - Setting next_dagrun for example_weekday_branch_operator to 2022-09-10 00:00:00+00:00
[2022-09-12 00:38:35,175] {scheduler_job.py:190} INFO - Processing /home/airflow/sandbox/lib/python3.8/site-packages/airflow/example_dags/example_branch_day_of_week_operator.py took 0.644 seconds
[2022-09-12 00:39:06,106] {scheduler_job.py:182} INFO - Started process (PID=241514) to work on /home/airflow/sandbox/lib/python3.8/site-packages/airflow/example_dags/example_branch_day_of_week_operator.py
[2022-09-12 00:39:06,137] {scheduler_job.py:633} INFO - Processing file /home/airflow/sandbox/lib/python3.8/site-packages/airflow/example_dags/example_branch_day_of_week_operator.py for tasks to queue
[2022-09-12 00:39:06,139] {logging_mixin.py:104} INFO - [2022-09-12 00:39:06,139] {dagbag.py:487} INFO - Filling up the DagBag from /home/airflow/sandbox/lib/python3.8/site-packages/airflow/example_dags/example_branch_day_of_week_operator.py
[2022-09-12 00:39:06,200] {scheduler_job.py:643} INFO - DAG(s) dict_keys(['example_weekday_branch_operator']) retrieved from /home/airflow/sandbox/lib/python3.8/site-packages/airflow/example_dags/example_branch_day_of_week_operator.py
[2022-09-12 00:39:06,365] {logging_mixin.py:104} INFO - [2022-09-12 00:39:06,365] {dag.py:1832} INFO - Sync 1 DAGs
[2022-09-12 00:39:06,509] {logging_mixin.py:104} INFO - [2022-09-12 00:39:06,509] {dag.py:2305} INFO - Setting next_dagrun for example_weekday_branch_operator to 2022-09-10 00:00:00+00:00
[2022-09-12 00:39:06,593] {scheduler_job.py:190} INFO - Processing /home/airflow/sandbox/lib/python3.8/site-packages/airflow/example_dags/example_branch_day_of_week_operator.py took 0.491 seconds
[2022-09-12 00:39:36,899] {scheduler_job.py:182} INFO - Started process (PID=241741) to work on /home/airflow/sandbox/lib/python3.8/site-packages/airflow/example_dags/example_branch_day_of_week_operator.py
[2022-09-12 00:39:36,901] {scheduler_job.py:633} INFO - Processing file /home/airflow/sandbox/lib/python3.8/site-packages/airflow/example_dags/example_branch_day_of_week_operator.py for tasks to queue
[2022-09-12 00:39:36,904] {logging_mixin.py:104} INFO - [2022-09-12 00:39:36,904] {dagbag.py:487} INFO - Filling up the DagBag from /home/airflow/sandbox/lib/python3.8/site-packages/airflow/example_dags/example_branch_day_of_week_operator.py
[2022-09-12 00:39:36,928] {scheduler_job.py:643} INFO - DAG(s) dict_keys(['example_weekday_branch_operator']) retrieved from /home/airflow/sandbox/lib/python3.8/site-packages/airflow/example_dags/example_branch_day_of_week_operator.py
[2022-09-12 00:39:36,968] {logging_mixin.py:104} INFO - [2022-09-12 00:39:36,968] {dag.py:1832} INFO - Sync 1 DAGs
[2022-09-12 00:39:36,997] {logging_mixin.py:104} INFO - [2022-09-12 00:39:36,997] {dag.py:2305} INFO - Setting next_dagrun for example_weekday_branch_operator to 2022-09-10 00:00:00+00:00
[2022-09-12 00:39:37,021] {scheduler_job.py:190} INFO - Processing /home/airflow/sandbox/lib/python3.8/site-packages/airflow/example_dags/example_branch_day_of_week_operator.py took 0.134 seconds
[2022-09-12 00:40:07,451] {scheduler_job.py:182} INFO - Started process (PID=241968) to work on /home/airflow/sandbox/lib/python3.8/site-packages/airflow/example_dags/example_branch_day_of_week_operator.py
[2022-09-12 00:40:07,452] {scheduler_job.py:633} INFO - Processing file /home/airflow/sandbox/lib/python3.8/site-packages/airflow/example_dags/example_branch_day_of_week_operator.py for tasks to queue
[2022-09-12 00:40:07,461] {logging_mixin.py:104} INFO - [2022-09-12 00:40:07,461] {dagbag.py:487} INFO - Filling up the DagBag from /home/airflow/sandbox/lib/python3.8/site-packages/airflow/example_dags/example_branch_day_of_week_operator.py
[2022-09-12 00:40:07,470] {scheduler_job.py:643} INFO - DAG(s) dict_keys(['example_weekday_branch_operator']) retrieved from /home/airflow/sandbox/lib/python3.8/site-packages/airflow/example_dags/example_branch_day_of_week_operator.py
[2022-09-12 00:40:07,521] {logging_mixin.py:104} INFO - [2022-09-12 00:40:07,521] {dag.py:1832} INFO - Sync 1 DAGs
[2022-09-12 00:40:07,543] {logging_mixin.py:104} INFO - [2022-09-12 00:40:07,543] {dag.py:2305} INFO - Setting next_dagrun for example_weekday_branch_operator to 2022-09-10 00:00:00+00:00
[2022-09-12 00:40:07,568] {scheduler_job.py:190} INFO - Processing /home/airflow/sandbox/lib/python3.8/site-packages/airflow/example_dags/example_branch_day_of_week_operator.py took 0.120 seconds
[2022-09-12 00:40:37,777] {scheduler_job.py:182} INFO - Started process (PID=242438) to work on /home/airflow/sandbox/lib/python3.8/site-packages/airflow/example_dags/example_branch_day_of_week_operator.py
[2022-09-12 00:40:37,780] {scheduler_job.py:633} INFO - Processing file /home/airflow/sandbox/lib/python3.8/site-packages/airflow/example_dags/example_branch_day_of_week_operator.py for tasks to queue
[2022-09-12 00:40:37,788] {logging_mixin.py:104} INFO - [2022-09-12 00:40:37,788] {dagbag.py:487} INFO - Filling up the DagBag from /home/airflow/sandbox/lib/python3.8/site-packages/airflow/example_dags/example_branch_day_of_week_operator.py
[2022-09-12 00:40:37,793] {scheduler_job.py:643} INFO - DAG(s) dict_keys(['example_weekday_branch_operator']) retrieved from /home/airflow/sandbox/lib/python3.8/site-packages/airflow/example_dags/example_branch_day_of_week_operator.py
[2022-09-12 00:40:37,885] {logging_mixin.py:104} INFO - [2022-09-12 00:40:37,885] {dag.py:1832} INFO - Sync 1 DAGs
[2022-09-12 00:40:37,941] {logging_mixin.py:104} INFO - [2022-09-12 00:40:37,941] {dag.py:2305} INFO - Setting next_dagrun for example_weekday_branch_operator to 2022-09-10 00:00:00+00:00
[2022-09-12 00:40:37,963] {scheduler_job.py:190} INFO - Processing /home/airflow/sandbox/lib/python3.8/site-packages/airflow/example_dags/example_branch_day_of_week_operator.py took 0.226 seconds
[2022-09-12 00:41:08,523] {scheduler_job.py:182} INFO - Started process (PID=242752) to work on /home/airflow/sandbox/lib/python3.8/site-packages/airflow/example_dags/example_branch_day_of_week_operator.py
[2022-09-12 00:41:08,526] {scheduler_job.py:633} INFO - Processing file /home/airflow/sandbox/lib/python3.8/site-packages/airflow/example_dags/example_branch_day_of_week_operator.py for tasks to queue
[2022-09-12 00:41:08,526] {logging_mixin.py:104} INFO - [2022-09-12 00:41:08,526] {dagbag.py:487} INFO - Filling up the DagBag from /home/airflow/sandbox/lib/python3.8/site-packages/airflow/example_dags/example_branch_day_of_week_operator.py
[2022-09-12 00:41:08,548] {scheduler_job.py:643} INFO - DAG(s) dict_keys(['example_weekday_branch_operator']) retrieved from /home/airflow/sandbox/lib/python3.8/site-packages/airflow/example_dags/example_branch_day_of_week_operator.py
[2022-09-12 00:41:08,621] {logging_mixin.py:104} INFO - [2022-09-12 00:41:08,621] {dag.py:1832} INFO - Sync 1 DAGs
[2022-09-12 00:41:08,679] {logging_mixin.py:104} INFO - [2022-09-12 00:41:08,679] {dag.py:2305} INFO - Setting next_dagrun for example_weekday_branch_operator to 2022-09-10 00:00:00+00:00
[2022-09-12 00:41:08,712] {scheduler_job.py:190} INFO - Processing /home/airflow/sandbox/lib/python3.8/site-packages/airflow/example_dags/example_branch_day_of_week_operator.py took 0.201 seconds
[2022-09-12 00:41:38,834] {scheduler_job.py:182} INFO - Started process (PID=243126) to work on /home/airflow/sandbox/lib/python3.8/site-packages/airflow/example_dags/example_branch_day_of_week_operator.py
[2022-09-12 00:41:38,841] {scheduler_job.py:633} INFO - Processing file /home/airflow/sandbox/lib/python3.8/site-packages/airflow/example_dags/example_branch_day_of_week_operator.py for tasks to queue
[2022-09-12 00:41:38,841] {logging_mixin.py:104} INFO - [2022-09-12 00:41:38,841] {dagbag.py:487} INFO - Filling up the DagBag from /home/airflow/sandbox/lib/python3.8/site-packages/airflow/example_dags/example_branch_day_of_week_operator.py
[2022-09-12 00:41:38,862] {scheduler_job.py:643} INFO - DAG(s) dict_keys(['example_weekday_branch_operator']) retrieved from /home/airflow/sandbox/lib/python3.8/site-packages/airflow/example_dags/example_branch_day_of_week_operator.py
[2022-09-12 00:41:38,904] {logging_mixin.py:104} INFO - [2022-09-12 00:41:38,904] {dag.py:1832} INFO - Sync 1 DAGs
[2022-09-12 00:41:38,938] {logging_mixin.py:104} INFO - [2022-09-12 00:41:38,938] {dag.py:2305} INFO - Setting next_dagrun for example_weekday_branch_operator to 2022-09-10 00:00:00+00:00
[2022-09-12 00:41:39,002] {scheduler_job.py:190} INFO - Processing /home/airflow/sandbox/lib/python3.8/site-packages/airflow/example_dags/example_branch_day_of_week_operator.py took 0.171 seconds
[2022-09-12 00:42:11,632] {scheduler_job.py:182} INFO - Started process (PID=243450) to work on /home/airflow/sandbox/lib/python3.8/site-packages/airflow/example_dags/example_branch_day_of_week_operator.py
[2022-09-12 00:42:11,649] {scheduler_job.py:633} INFO - Processing file /home/airflow/sandbox/lib/python3.8/site-packages/airflow/example_dags/example_branch_day_of_week_operator.py for tasks to queue
[2022-09-12 00:42:11,657] {logging_mixin.py:104} INFO - [2022-09-12 00:42:11,657] {dagbag.py:487} INFO - Filling up the DagBag from /home/airflow/sandbox/lib/python3.8/site-packages/airflow/example_dags/example_branch_day_of_week_operator.py
[2022-09-12 00:42:11,696] {scheduler_job.py:643} INFO - DAG(s) dict_keys(['example_weekday_branch_operator']) retrieved from /home/airflow/sandbox/lib/python3.8/site-packages/airflow/example_dags/example_branch_day_of_week_operator.py
[2022-09-12 00:42:11,828] {logging_mixin.py:104} INFO - [2022-09-12 00:42:11,828] {dag.py:1832} INFO - Sync 1 DAGs
[2022-09-12 00:42:11,987] {logging_mixin.py:104} INFO - [2022-09-12 00:42:11,952] {dag.py:2305} INFO - Setting next_dagrun for example_weekday_branch_operator to 2022-09-10 00:00:00+00:00
[2022-09-12 00:42:12,015] {scheduler_job.py:190} INFO - Processing /home/airflow/sandbox/lib/python3.8/site-packages/airflow/example_dags/example_branch_day_of_week_operator.py took 0.413 seconds
[2022-09-12 00:42:42,695] {scheduler_job.py:182} INFO - Started process (PID=244014) to work on /home/airflow/sandbox/lib/python3.8/site-packages/airflow/example_dags/example_branch_day_of_week_operator.py
[2022-09-12 00:42:42,705] {scheduler_job.py:633} INFO - Processing file /home/airflow/sandbox/lib/python3.8/site-packages/airflow/example_dags/example_branch_day_of_week_operator.py for tasks to queue
[2022-09-12 00:42:42,708] {logging_mixin.py:104} INFO - [2022-09-12 00:42:42,707] {dagbag.py:487} INFO - Filling up the DagBag from /home/airflow/sandbox/lib/python3.8/site-packages/airflow/example_dags/example_branch_day_of_week_operator.py
[2022-09-12 00:42:42,752] {scheduler_job.py:643} INFO - DAG(s) dict_keys(['example_weekday_branch_operator']) retrieved from /home/airflow/sandbox/lib/python3.8/site-packages/airflow/example_dags/example_branch_day_of_week_operator.py
[2022-09-12 00:42:42,888] {logging_mixin.py:104} INFO - [2022-09-12 00:42:42,888] {dag.py:1832} INFO - Sync 1 DAGs
[2022-09-12 00:42:42,989] {logging_mixin.py:104} INFO - [2022-09-12 00:42:42,989] {dag.py:2305} INFO - Setting next_dagrun for example_weekday_branch_operator to 2022-09-10 00:00:00+00:00
[2022-09-12 00:42:43,043] {scheduler_job.py:190} INFO - Processing /home/airflow/sandbox/lib/python3.8/site-packages/airflow/example_dags/example_branch_day_of_week_operator.py took 0.364 seconds
[2022-09-12 00:43:14,405] {scheduler_job.py:182} INFO - Started process (PID=244314) to work on /home/airflow/sandbox/lib/python3.8/site-packages/airflow/example_dags/example_branch_day_of_week_operator.py
[2022-09-12 00:43:14,417] {scheduler_job.py:633} INFO - Processing file /home/airflow/sandbox/lib/python3.8/site-packages/airflow/example_dags/example_branch_day_of_week_operator.py for tasks to queue
[2022-09-12 00:43:14,426] {logging_mixin.py:104} INFO - [2022-09-12 00:43:14,426] {dagbag.py:487} INFO - Filling up the DagBag from /home/airflow/sandbox/lib/python3.8/site-packages/airflow/example_dags/example_branch_day_of_week_operator.py
[2022-09-12 00:43:14,467] {scheduler_job.py:643} INFO - DAG(s) dict_keys(['example_weekday_branch_operator']) retrieved from /home/airflow/sandbox/lib/python3.8/site-packages/airflow/example_dags/example_branch_day_of_week_operator.py
[2022-09-12 00:43:14,659] {logging_mixin.py:104} INFO - [2022-09-12 00:43:14,659] {dag.py:1832} INFO - Sync 1 DAGs
[2022-09-12 00:43:14,757] {logging_mixin.py:104} INFO - [2022-09-12 00:43:14,757] {dag.py:2305} INFO - Setting next_dagrun for example_weekday_branch_operator to 2022-09-10 00:00:00+00:00
[2022-09-12 00:43:14,786] {scheduler_job.py:190} INFO - Processing /home/airflow/sandbox/lib/python3.8/site-packages/airflow/example_dags/example_branch_day_of_week_operator.py took 0.390 seconds
