[2022-09-12 00:38:16,212] {scheduler_job.py:182} INFO - Started process (PID=240993) to work on /home/airflow/sandbox/lib/python3.8/site-packages/airflow/example_dags/example_nested_branch_dag.py
[2022-09-12 00:38:16,263] {scheduler_job.py:633} INFO - Processing file /home/airflow/sandbox/lib/python3.8/site-packages/airflow/example_dags/example_nested_branch_dag.py for tasks to queue
[2022-09-12 00:38:16,282] {logging_mixin.py:104} INFO - [2022-09-12 00:38:16,282] {dagbag.py:487} INFO - Filling up the DagBag from /home/airflow/sandbox/lib/python3.8/site-packages/airflow/example_dags/example_nested_branch_dag.py
[2022-09-12 00:38:16,385] {scheduler_job.py:643} INFO - DAG(s) dict_keys(['example_nested_branch_dag']) retrieved from /home/airflow/sandbox/lib/python3.8/site-packages/airflow/example_dags/example_nested_branch_dag.py
[2022-09-12 00:38:18,688] {logging_mixin.py:104} INFO - [2022-09-12 00:38:18,688] {dag.py:1832} INFO - Sync 1 DAGs
[2022-09-12 00:38:18,873] {logging_mixin.py:104} INFO - [2022-09-12 00:38:18,873] {dag.py:2305} INFO - Setting next_dagrun for example_nested_branch_dag to 2022-09-10 00:00:00+00:00
[2022-09-12 00:38:19,075] {scheduler_job.py:190} INFO - Processing /home/airflow/sandbox/lib/python3.8/site-packages/airflow/example_dags/example_nested_branch_dag.py took 2.869 seconds
[2022-09-12 00:38:50,706] {scheduler_job.py:182} INFO - Started process (PID=241394) to work on /home/airflow/sandbox/lib/python3.8/site-packages/airflow/example_dags/example_nested_branch_dag.py
[2022-09-12 00:38:50,716] {scheduler_job.py:633} INFO - Processing file /home/airflow/sandbox/lib/python3.8/site-packages/airflow/example_dags/example_nested_branch_dag.py for tasks to queue
[2022-09-12 00:38:50,717] {logging_mixin.py:104} INFO - [2022-09-12 00:38:50,717] {dagbag.py:487} INFO - Filling up the DagBag from /home/airflow/sandbox/lib/python3.8/site-packages/airflow/example_dags/example_nested_branch_dag.py
[2022-09-12 00:38:50,736] {scheduler_job.py:643} INFO - DAG(s) dict_keys(['example_nested_branch_dag']) retrieved from /home/airflow/sandbox/lib/python3.8/site-packages/airflow/example_dags/example_nested_branch_dag.py
[2022-09-12 00:38:50,973] {logging_mixin.py:104} INFO - [2022-09-12 00:38:50,973] {dag.py:1832} INFO - Sync 1 DAGs
[2022-09-12 00:38:51,094] {logging_mixin.py:104} INFO - [2022-09-12 00:38:51,094] {dag.py:2305} INFO - Setting next_dagrun for example_nested_branch_dag to 2022-09-10 00:00:00+00:00
[2022-09-12 00:38:51,188] {scheduler_job.py:190} INFO - Processing /home/airflow/sandbox/lib/python3.8/site-packages/airflow/example_dags/example_nested_branch_dag.py took 0.532 seconds
[2022-09-12 00:39:21,445] {scheduler_job.py:182} INFO - Started process (PID=241613) to work on /home/airflow/sandbox/lib/python3.8/site-packages/airflow/example_dags/example_nested_branch_dag.py
[2022-09-12 00:39:21,446] {scheduler_job.py:633} INFO - Processing file /home/airflow/sandbox/lib/python3.8/site-packages/airflow/example_dags/example_nested_branch_dag.py for tasks to queue
[2022-09-12 00:39:21,447] {logging_mixin.py:104} INFO - [2022-09-12 00:39:21,446] {dagbag.py:487} INFO - Filling up the DagBag from /home/airflow/sandbox/lib/python3.8/site-packages/airflow/example_dags/example_nested_branch_dag.py
[2022-09-12 00:39:21,454] {scheduler_job.py:643} INFO - DAG(s) dict_keys(['example_nested_branch_dag']) retrieved from /home/airflow/sandbox/lib/python3.8/site-packages/airflow/example_dags/example_nested_branch_dag.py
[2022-09-12 00:39:21,555] {logging_mixin.py:104} INFO - [2022-09-12 00:39:21,555] {dag.py:1832} INFO - Sync 1 DAGs
[2022-09-12 00:39:21,601] {logging_mixin.py:104} INFO - [2022-09-12 00:39:21,601] {dag.py:2305} INFO - Setting next_dagrun for example_nested_branch_dag to 2022-09-10 00:00:00+00:00
[2022-09-12 00:39:21,619] {scheduler_job.py:190} INFO - Processing /home/airflow/sandbox/lib/python3.8/site-packages/airflow/example_dags/example_nested_branch_dag.py took 0.179 seconds
[2022-09-12 00:39:52,440] {scheduler_job.py:182} INFO - Started process (PID=241838) to work on /home/airflow/sandbox/lib/python3.8/site-packages/airflow/example_dags/example_nested_branch_dag.py
[2022-09-12 00:39:52,441] {scheduler_job.py:633} INFO - Processing file /home/airflow/sandbox/lib/python3.8/site-packages/airflow/example_dags/example_nested_branch_dag.py for tasks to queue
[2022-09-12 00:39:52,442] {logging_mixin.py:104} INFO - [2022-09-12 00:39:52,442] {dagbag.py:487} INFO - Filling up the DagBag from /home/airflow/sandbox/lib/python3.8/site-packages/airflow/example_dags/example_nested_branch_dag.py
[2022-09-12 00:39:52,449] {scheduler_job.py:643} INFO - DAG(s) dict_keys(['example_nested_branch_dag']) retrieved from /home/airflow/sandbox/lib/python3.8/site-packages/airflow/example_dags/example_nested_branch_dag.py
[2022-09-12 00:39:52,533] {logging_mixin.py:104} INFO - [2022-09-12 00:39:52,533] {dag.py:1832} INFO - Sync 1 DAGs
[2022-09-12 00:39:52,675] {logging_mixin.py:104} INFO - [2022-09-12 00:39:52,675] {dag.py:2305} INFO - Setting next_dagrun for example_nested_branch_dag to 2022-09-10 00:00:00+00:00
[2022-09-12 00:39:52,713] {scheduler_job.py:190} INFO - Processing /home/airflow/sandbox/lib/python3.8/site-packages/airflow/example_dags/example_nested_branch_dag.py took 0.288 seconds
[2022-09-12 00:40:22,999] {scheduler_job.py:182} INFO - Started process (PID=242315) to work on /home/airflow/sandbox/lib/python3.8/site-packages/airflow/example_dags/example_nested_branch_dag.py
[2022-09-12 00:40:23,002] {scheduler_job.py:633} INFO - Processing file /home/airflow/sandbox/lib/python3.8/site-packages/airflow/example_dags/example_nested_branch_dag.py for tasks to queue
[2022-09-12 00:40:23,004] {logging_mixin.py:104} INFO - [2022-09-12 00:40:23,004] {dagbag.py:487} INFO - Filling up the DagBag from /home/airflow/sandbox/lib/python3.8/site-packages/airflow/example_dags/example_nested_branch_dag.py
[2022-09-12 00:40:23,031] {scheduler_job.py:643} INFO - DAG(s) dict_keys(['example_nested_branch_dag']) retrieved from /home/airflow/sandbox/lib/python3.8/site-packages/airflow/example_dags/example_nested_branch_dag.py
[2022-09-12 00:40:23,532] {logging_mixin.py:104} INFO - [2022-09-12 00:40:23,531] {dag.py:1832} INFO - Sync 1 DAGs
[2022-09-12 00:40:23,957] {logging_mixin.py:104} INFO - [2022-09-12 00:40:23,956] {dag.py:2305} INFO - Setting next_dagrun for example_nested_branch_dag to 2022-09-10 00:00:00+00:00
[2022-09-12 00:40:24,060] {scheduler_job.py:190} INFO - Processing /home/airflow/sandbox/lib/python3.8/site-packages/airflow/example_dags/example_nested_branch_dag.py took 1.080 seconds
[2022-09-12 00:40:54,672] {scheduler_job.py:182} INFO - Started process (PID=242604) to work on /home/airflow/sandbox/lib/python3.8/site-packages/airflow/example_dags/example_nested_branch_dag.py
[2022-09-12 00:40:54,673] {scheduler_job.py:633} INFO - Processing file /home/airflow/sandbox/lib/python3.8/site-packages/airflow/example_dags/example_nested_branch_dag.py for tasks to queue
[2022-09-12 00:40:54,675] {logging_mixin.py:104} INFO - [2022-09-12 00:40:54,674] {dagbag.py:487} INFO - Filling up the DagBag from /home/airflow/sandbox/lib/python3.8/site-packages/airflow/example_dags/example_nested_branch_dag.py
[2022-09-12 00:40:54,708] {scheduler_job.py:643} INFO - DAG(s) dict_keys(['example_nested_branch_dag']) retrieved from /home/airflow/sandbox/lib/python3.8/site-packages/airflow/example_dags/example_nested_branch_dag.py
[2022-09-12 00:40:54,755] {logging_mixin.py:104} INFO - [2022-09-12 00:40:54,755] {dag.py:1832} INFO - Sync 1 DAGs
[2022-09-12 00:40:54,791] {logging_mixin.py:104} INFO - [2022-09-12 00:40:54,791] {dag.py:2305} INFO - Setting next_dagrun for example_nested_branch_dag to 2022-09-10 00:00:00+00:00
[2022-09-12 00:40:54,833] {scheduler_job.py:190} INFO - Processing /home/airflow/sandbox/lib/python3.8/site-packages/airflow/example_dags/example_nested_branch_dag.py took 0.164 seconds
[2022-09-12 00:41:24,982] {scheduler_job.py:182} INFO - Started process (PID=242921) to work on /home/airflow/sandbox/lib/python3.8/site-packages/airflow/example_dags/example_nested_branch_dag.py
[2022-09-12 00:41:25,006] {scheduler_job.py:633} INFO - Processing file /home/airflow/sandbox/lib/python3.8/site-packages/airflow/example_dags/example_nested_branch_dag.py for tasks to queue
[2022-09-12 00:41:25,007] {logging_mixin.py:104} INFO - [2022-09-12 00:41:25,007] {dagbag.py:487} INFO - Filling up the DagBag from /home/airflow/sandbox/lib/python3.8/site-packages/airflow/example_dags/example_nested_branch_dag.py
[2022-09-12 00:41:25,093] {scheduler_job.py:643} INFO - DAG(s) dict_keys(['example_nested_branch_dag']) retrieved from /home/airflow/sandbox/lib/python3.8/site-packages/airflow/example_dags/example_nested_branch_dag.py
[2022-09-12 00:41:25,517] {logging_mixin.py:104} INFO - [2022-09-12 00:41:25,517] {dag.py:1832} INFO - Sync 1 DAGs
[2022-09-12 00:41:25,600] {logging_mixin.py:104} INFO - [2022-09-12 00:41:25,600] {dag.py:2305} INFO - Setting next_dagrun for example_nested_branch_dag to 2022-09-10 00:00:00+00:00
[2022-09-12 00:41:25,624] {scheduler_job.py:190} INFO - Processing /home/airflow/sandbox/lib/python3.8/site-packages/airflow/example_dags/example_nested_branch_dag.py took 0.659 seconds
[2022-09-12 00:41:56,067] {scheduler_job.py:182} INFO - Started process (PID=243252) to work on /home/airflow/sandbox/lib/python3.8/site-packages/airflow/example_dags/example_nested_branch_dag.py
[2022-09-12 00:41:56,075] {scheduler_job.py:633} INFO - Processing file /home/airflow/sandbox/lib/python3.8/site-packages/airflow/example_dags/example_nested_branch_dag.py for tasks to queue
[2022-09-12 00:41:56,076] {logging_mixin.py:104} INFO - [2022-09-12 00:41:56,076] {dagbag.py:487} INFO - Filling up the DagBag from /home/airflow/sandbox/lib/python3.8/site-packages/airflow/example_dags/example_nested_branch_dag.py
[2022-09-12 00:41:56,088] {scheduler_job.py:643} INFO - DAG(s) dict_keys(['example_nested_branch_dag']) retrieved from /home/airflow/sandbox/lib/python3.8/site-packages/airflow/example_dags/example_nested_branch_dag.py
[2022-09-12 00:41:56,156] {logging_mixin.py:104} INFO - [2022-09-12 00:41:56,155] {dag.py:1832} INFO - Sync 1 DAGs
[2022-09-12 00:41:56,181] {logging_mixin.py:104} INFO - [2022-09-12 00:41:56,180] {dag.py:2305} INFO - Setting next_dagrun for example_nested_branch_dag to 2022-09-10 00:00:00+00:00
[2022-09-12 00:41:56,214] {scheduler_job.py:190} INFO - Processing /home/airflow/sandbox/lib/python3.8/site-packages/airflow/example_dags/example_nested_branch_dag.py took 0.151 seconds
[2022-09-12 00:42:26,374] {scheduler_job.py:182} INFO - Started process (PID=243820) to work on /home/airflow/sandbox/lib/python3.8/site-packages/airflow/example_dags/example_nested_branch_dag.py
[2022-09-12 00:42:26,395] {scheduler_job.py:633} INFO - Processing file /home/airflow/sandbox/lib/python3.8/site-packages/airflow/example_dags/example_nested_branch_dag.py for tasks to queue
[2022-09-12 00:42:26,396] {logging_mixin.py:104} INFO - [2022-09-12 00:42:26,396] {dagbag.py:487} INFO - Filling up the DagBag from /home/airflow/sandbox/lib/python3.8/site-packages/airflow/example_dags/example_nested_branch_dag.py
[2022-09-12 00:42:26,589] {scheduler_job.py:643} INFO - DAG(s) dict_keys(['example_nested_branch_dag']) retrieved from /home/airflow/sandbox/lib/python3.8/site-packages/airflow/example_dags/example_nested_branch_dag.py
[2022-09-12 00:42:26,808] {logging_mixin.py:104} INFO - [2022-09-12 00:42:26,808] {dag.py:1832} INFO - Sync 1 DAGs
[2022-09-12 00:42:26,874] {logging_mixin.py:104} INFO - [2022-09-12 00:42:26,874] {dag.py:2305} INFO - Setting next_dagrun for example_nested_branch_dag to 2022-09-10 00:00:00+00:00
[2022-09-12 00:42:27,024] {scheduler_job.py:190} INFO - Processing /home/airflow/sandbox/lib/python3.8/site-packages/airflow/example_dags/example_nested_branch_dag.py took 0.650 seconds
[2022-09-12 00:42:57,252] {scheduler_job.py:182} INFO - Started process (PID=244119) to work on /home/airflow/sandbox/lib/python3.8/site-packages/airflow/example_dags/example_nested_branch_dag.py
[2022-09-12 00:42:57,272] {scheduler_job.py:633} INFO - Processing file /home/airflow/sandbox/lib/python3.8/site-packages/airflow/example_dags/example_nested_branch_dag.py for tasks to queue
[2022-09-12 00:42:57,277] {logging_mixin.py:104} INFO - [2022-09-12 00:42:57,277] {dagbag.py:487} INFO - Filling up the DagBag from /home/airflow/sandbox/lib/python3.8/site-packages/airflow/example_dags/example_nested_branch_dag.py
[2022-09-12 00:42:57,295] {scheduler_job.py:643} INFO - DAG(s) dict_keys(['example_nested_branch_dag']) retrieved from /home/airflow/sandbox/lib/python3.8/site-packages/airflow/example_dags/example_nested_branch_dag.py
[2022-09-12 00:42:57,492] {logging_mixin.py:104} INFO - [2022-09-12 00:42:57,492] {dag.py:1832} INFO - Sync 1 DAGs
[2022-09-12 00:42:57,556] {logging_mixin.py:104} INFO - [2022-09-12 00:42:57,556] {dag.py:2305} INFO - Setting next_dagrun for example_nested_branch_dag to 2022-09-10 00:00:00+00:00
[2022-09-12 00:42:57,640] {scheduler_job.py:190} INFO - Processing /home/airflow/sandbox/lib/python3.8/site-packages/airflow/example_dags/example_nested_branch_dag.py took 0.394 seconds
