[2022-09-12 00:38:21,609] {scheduler_job.py:182} INFO - Started process (PID=241058) to work on /home/airflow/sandbox/lib/python3.8/site-packages/airflow/example_dags/example_branch_python_dop_operator_3.py
[2022-09-12 00:38:21,654] {scheduler_job.py:633} INFO - Processing file /home/airflow/sandbox/lib/python3.8/site-packages/airflow/example_dags/example_branch_python_dop_operator_3.py for tasks to queue
[2022-09-12 00:38:21,655] {logging_mixin.py:104} INFO - [2022-09-12 00:38:21,655] {dagbag.py:487} INFO - Filling up the DagBag from /home/airflow/sandbox/lib/python3.8/site-packages/airflow/example_dags/example_branch_python_dop_operator_3.py
[2022-09-12 00:38:21,740] {scheduler_job.py:643} INFO - DAG(s) dict_keys(['example_branch_dop_operator_v3']) retrieved from /home/airflow/sandbox/lib/python3.8/site-packages/airflow/example_dags/example_branch_python_dop_operator_3.py
[2022-09-12 00:38:25,763] {logging_mixin.py:104} INFO - [2022-09-12 00:38:25,763] {dag.py:1832} INFO - Sync 1 DAGs
[2022-09-12 00:38:25,881] {logging_mixin.py:104} INFO - [2022-09-12 00:38:25,881] {dag.py:2305} INFO - Setting next_dagrun for example_branch_dop_operator_v3 to 2022-09-10 00:00:00+00:00
[2022-09-12 00:38:26,052] {scheduler_job.py:190} INFO - Processing /home/airflow/sandbox/lib/python3.8/site-packages/airflow/example_dags/example_branch_python_dop_operator_3.py took 4.483 seconds
[2022-09-12 00:38:57,202] {scheduler_job.py:182} INFO - Started process (PID=241432) to work on /home/airflow/sandbox/lib/python3.8/site-packages/airflow/example_dags/example_branch_python_dop_operator_3.py
[2022-09-12 00:38:57,216] {scheduler_job.py:633} INFO - Processing file /home/airflow/sandbox/lib/python3.8/site-packages/airflow/example_dags/example_branch_python_dop_operator_3.py for tasks to queue
[2022-09-12 00:38:57,218] {logging_mixin.py:104} INFO - [2022-09-12 00:38:57,218] {dagbag.py:487} INFO - Filling up the DagBag from /home/airflow/sandbox/lib/python3.8/site-packages/airflow/example_dags/example_branch_python_dop_operator_3.py
[2022-09-12 00:38:57,611] {scheduler_job.py:643} INFO - DAG(s) dict_keys(['example_branch_dop_operator_v3']) retrieved from /home/airflow/sandbox/lib/python3.8/site-packages/airflow/example_dags/example_branch_python_dop_operator_3.py
[2022-09-12 00:38:58,044] {logging_mixin.py:104} INFO - [2022-09-12 00:38:58,044] {dag.py:1832} INFO - Sync 1 DAGs
[2022-09-12 00:38:58,589] {logging_mixin.py:104} INFO - [2022-09-12 00:38:58,588] {dag.py:2305} INFO - Setting next_dagrun for example_branch_dop_operator_v3 to 2022-09-10 00:00:00+00:00
[2022-09-12 00:38:58,720] {scheduler_job.py:190} INFO - Processing /home/airflow/sandbox/lib/python3.8/site-packages/airflow/example_dags/example_branch_python_dop_operator_3.py took 1.664 seconds
[2022-09-12 00:39:29,178] {scheduler_job.py:182} INFO - Started process (PID=241664) to work on /home/airflow/sandbox/lib/python3.8/site-packages/airflow/example_dags/example_branch_python_dop_operator_3.py
[2022-09-12 00:39:29,180] {scheduler_job.py:633} INFO - Processing file /home/airflow/sandbox/lib/python3.8/site-packages/airflow/example_dags/example_branch_python_dop_operator_3.py for tasks to queue
[2022-09-12 00:39:29,180] {logging_mixin.py:104} INFO - [2022-09-12 00:39:29,180] {dagbag.py:487} INFO - Filling up the DagBag from /home/airflow/sandbox/lib/python3.8/site-packages/airflow/example_dags/example_branch_python_dop_operator_3.py
[2022-09-12 00:39:29,194] {scheduler_job.py:643} INFO - DAG(s) dict_keys(['example_branch_dop_operator_v3']) retrieved from /home/airflow/sandbox/lib/python3.8/site-packages/airflow/example_dags/example_branch_python_dop_operator_3.py
[2022-09-12 00:39:29,243] {logging_mixin.py:104} INFO - [2022-09-12 00:39:29,242] {dag.py:1832} INFO - Sync 1 DAGs
[2022-09-12 00:39:29,387] {logging_mixin.py:104} INFO - [2022-09-12 00:39:29,387] {dag.py:2305} INFO - Setting next_dagrun for example_branch_dop_operator_v3 to 2022-09-10 00:00:00+00:00
[2022-09-12 00:39:29,432] {scheduler_job.py:190} INFO - Processing /home/airflow/sandbox/lib/python3.8/site-packages/airflow/example_dags/example_branch_python_dop_operator_3.py took 0.261 seconds
[2022-09-12 00:40:00,519] {scheduler_job.py:182} INFO - Started process (PID=241901) to work on /home/airflow/sandbox/lib/python3.8/site-packages/airflow/example_dags/example_branch_python_dop_operator_3.py
[2022-09-12 00:40:00,526] {scheduler_job.py:633} INFO - Processing file /home/airflow/sandbox/lib/python3.8/site-packages/airflow/example_dags/example_branch_python_dop_operator_3.py for tasks to queue
[2022-09-12 00:40:00,527] {logging_mixin.py:104} INFO - [2022-09-12 00:40:00,527] {dagbag.py:487} INFO - Filling up the DagBag from /home/airflow/sandbox/lib/python3.8/site-packages/airflow/example_dags/example_branch_python_dop_operator_3.py
[2022-09-12 00:40:00,536] {scheduler_job.py:643} INFO - DAG(s) dict_keys(['example_branch_dop_operator_v3']) retrieved from /home/airflow/sandbox/lib/python3.8/site-packages/airflow/example_dags/example_branch_python_dop_operator_3.py
[2022-09-12 00:40:00,560] {logging_mixin.py:104} INFO - [2022-09-12 00:40:00,560] {dag.py:1832} INFO - Sync 1 DAGs
[2022-09-12 00:40:00,578] {logging_mixin.py:104} INFO - [2022-09-12 00:40:00,578] {dag.py:2305} INFO - Setting next_dagrun for example_branch_dop_operator_v3 to 2022-09-10 00:00:00+00:00
[2022-09-12 00:40:00,596] {scheduler_job.py:190} INFO - Processing /home/airflow/sandbox/lib/python3.8/site-packages/airflow/example_dags/example_branch_python_dop_operator_3.py took 0.080 seconds
[2022-09-12 00:40:32,471] {scheduler_job.py:182} INFO - Started process (PID=242379) to work on /home/airflow/sandbox/lib/python3.8/site-packages/airflow/example_dags/example_branch_python_dop_operator_3.py
[2022-09-12 00:40:32,482] {scheduler_job.py:633} INFO - Processing file /home/airflow/sandbox/lib/python3.8/site-packages/airflow/example_dags/example_branch_python_dop_operator_3.py for tasks to queue
[2022-09-12 00:40:32,504] {logging_mixin.py:104} INFO - [2022-09-12 00:40:32,503] {dagbag.py:487} INFO - Filling up the DagBag from /home/airflow/sandbox/lib/python3.8/site-packages/airflow/example_dags/example_branch_python_dop_operator_3.py
[2022-09-12 00:40:32,536] {scheduler_job.py:643} INFO - DAG(s) dict_keys(['example_branch_dop_operator_v3']) retrieved from /home/airflow/sandbox/lib/python3.8/site-packages/airflow/example_dags/example_branch_python_dop_operator_3.py
[2022-09-12 00:40:32,579] {logging_mixin.py:104} INFO - [2022-09-12 00:40:32,578] {dag.py:1832} INFO - Sync 1 DAGs
[2022-09-12 00:40:32,687] {logging_mixin.py:104} INFO - [2022-09-12 00:40:32,687] {dag.py:2305} INFO - Setting next_dagrun for example_branch_dop_operator_v3 to 2022-09-10 00:00:00+00:00
[2022-09-12 00:40:32,708] {scheduler_job.py:190} INFO - Processing /home/airflow/sandbox/lib/python3.8/site-packages/airflow/example_dags/example_branch_python_dop_operator_3.py took 0.242 seconds
[2022-09-12 00:41:03,678] {scheduler_job.py:182} INFO - Started process (PID=242698) to work on /home/airflow/sandbox/lib/python3.8/site-packages/airflow/example_dags/example_branch_python_dop_operator_3.py
[2022-09-12 00:41:03,680] {scheduler_job.py:633} INFO - Processing file /home/airflow/sandbox/lib/python3.8/site-packages/airflow/example_dags/example_branch_python_dop_operator_3.py for tasks to queue
[2022-09-12 00:41:03,684] {logging_mixin.py:104} INFO - [2022-09-12 00:41:03,683] {dagbag.py:487} INFO - Filling up the DagBag from /home/airflow/sandbox/lib/python3.8/site-packages/airflow/example_dags/example_branch_python_dop_operator_3.py
[2022-09-12 00:41:03,690] {scheduler_job.py:643} INFO - DAG(s) dict_keys(['example_branch_dop_operator_v3']) retrieved from /home/airflow/sandbox/lib/python3.8/site-packages/airflow/example_dags/example_branch_python_dop_operator_3.py
[2022-09-12 00:41:03,726] {logging_mixin.py:104} INFO - [2022-09-12 00:41:03,726] {dag.py:1832} INFO - Sync 1 DAGs
[2022-09-12 00:41:03,744] {logging_mixin.py:104} INFO - [2022-09-12 00:41:03,744] {dag.py:2305} INFO - Setting next_dagrun for example_branch_dop_operator_v3 to 2022-09-10 00:00:00+00:00
[2022-09-12 00:41:03,757] {scheduler_job.py:190} INFO - Processing /home/airflow/sandbox/lib/python3.8/site-packages/airflow/example_dags/example_branch_python_dop_operator_3.py took 0.083 seconds
[2022-09-12 00:41:33,810] {scheduler_job.py:182} INFO - Started process (PID=243044) to work on /home/airflow/sandbox/lib/python3.8/site-packages/airflow/example_dags/example_branch_python_dop_operator_3.py
[2022-09-12 00:41:33,812] {scheduler_job.py:633} INFO - Processing file /home/airflow/sandbox/lib/python3.8/site-packages/airflow/example_dags/example_branch_python_dop_operator_3.py for tasks to queue
[2022-09-12 00:41:33,813] {logging_mixin.py:104} INFO - [2022-09-12 00:41:33,812] {dagbag.py:487} INFO - Filling up the DagBag from /home/airflow/sandbox/lib/python3.8/site-packages/airflow/example_dags/example_branch_python_dop_operator_3.py
[2022-09-12 00:41:33,847] {scheduler_job.py:643} INFO - DAG(s) dict_keys(['example_branch_dop_operator_v3']) retrieved from /home/airflow/sandbox/lib/python3.8/site-packages/airflow/example_dags/example_branch_python_dop_operator_3.py
[2022-09-12 00:41:33,903] {logging_mixin.py:104} INFO - [2022-09-12 00:41:33,903] {dag.py:1832} INFO - Sync 1 DAGs
[2022-09-12 00:41:33,944] {logging_mixin.py:104} INFO - [2022-09-12 00:41:33,944] {dag.py:2305} INFO - Setting next_dagrun for example_branch_dop_operator_v3 to 2022-09-10 00:00:00+00:00
[2022-09-12 00:41:33,969] {scheduler_job.py:190} INFO - Processing /home/airflow/sandbox/lib/python3.8/site-packages/airflow/example_dags/example_branch_python_dop_operator_3.py took 0.163 seconds
[2022-09-12 00:42:07,195] {scheduler_job.py:182} INFO - Started process (PID=243376) to work on /home/airflow/sandbox/lib/python3.8/site-packages/airflow/example_dags/example_branch_python_dop_operator_3.py
[2022-09-12 00:42:07,201] {scheduler_job.py:633} INFO - Processing file /home/airflow/sandbox/lib/python3.8/site-packages/airflow/example_dags/example_branch_python_dop_operator_3.py for tasks to queue
[2022-09-12 00:42:07,202] {logging_mixin.py:104} INFO - [2022-09-12 00:42:07,202] {dagbag.py:487} INFO - Filling up the DagBag from /home/airflow/sandbox/lib/python3.8/site-packages/airflow/example_dags/example_branch_python_dop_operator_3.py
[2022-09-12 00:42:07,229] {scheduler_job.py:643} INFO - DAG(s) dict_keys(['example_branch_dop_operator_v3']) retrieved from /home/airflow/sandbox/lib/python3.8/site-packages/airflow/example_dags/example_branch_python_dop_operator_3.py
[2022-09-12 00:42:07,343] {logging_mixin.py:104} INFO - [2022-09-12 00:42:07,343] {dag.py:1832} INFO - Sync 1 DAGs
[2022-09-12 00:42:07,449] {logging_mixin.py:104} INFO - [2022-09-12 00:42:07,449] {dag.py:2305} INFO - Setting next_dagrun for example_branch_dop_operator_v3 to 2022-09-10 00:00:00+00:00
[2022-09-12 00:42:07,496] {scheduler_job.py:190} INFO - Processing /home/airflow/sandbox/lib/python3.8/site-packages/airflow/example_dags/example_branch_python_dop_operator_3.py took 0.326 seconds
[2022-09-12 00:42:37,825] {scheduler_job.py:182} INFO - Started process (PID=243940) to work on /home/airflow/sandbox/lib/python3.8/site-packages/airflow/example_dags/example_branch_python_dop_operator_3.py
[2022-09-12 00:42:37,834] {scheduler_job.py:633} INFO - Processing file /home/airflow/sandbox/lib/python3.8/site-packages/airflow/example_dags/example_branch_python_dop_operator_3.py for tasks to queue
[2022-09-12 00:42:37,837] {logging_mixin.py:104} INFO - [2022-09-12 00:42:37,837] {dagbag.py:487} INFO - Filling up the DagBag from /home/airflow/sandbox/lib/python3.8/site-packages/airflow/example_dags/example_branch_python_dop_operator_3.py
[2022-09-12 00:42:37,853] {scheduler_job.py:643} INFO - DAG(s) dict_keys(['example_branch_dop_operator_v3']) retrieved from /home/airflow/sandbox/lib/python3.8/site-packages/airflow/example_dags/example_branch_python_dop_operator_3.py
[2022-09-12 00:42:37,906] {logging_mixin.py:104} INFO - [2022-09-12 00:42:37,906] {dag.py:1832} INFO - Sync 1 DAGs
[2022-09-12 00:42:37,994] {logging_mixin.py:104} INFO - [2022-09-12 00:42:37,994] {dag.py:2305} INFO - Setting next_dagrun for example_branch_dop_operator_v3 to 2022-09-10 00:00:00+00:00
[2022-09-12 00:42:38,036] {scheduler_job.py:190} INFO - Processing /home/airflow/sandbox/lib/python3.8/site-packages/airflow/example_dags/example_branch_python_dop_operator_3.py took 0.216 seconds
[2022-09-12 00:43:08,641] {scheduler_job.py:182} INFO - Started process (PID=244245) to work on /home/airflow/sandbox/lib/python3.8/site-packages/airflow/example_dags/example_branch_python_dop_operator_3.py
[2022-09-12 00:43:08,649] {scheduler_job.py:633} INFO - Processing file /home/airflow/sandbox/lib/python3.8/site-packages/airflow/example_dags/example_branch_python_dop_operator_3.py for tasks to queue
[2022-09-12 00:43:08,650] {logging_mixin.py:104} INFO - [2022-09-12 00:43:08,650] {dagbag.py:487} INFO - Filling up the DagBag from /home/airflow/sandbox/lib/python3.8/site-packages/airflow/example_dags/example_branch_python_dop_operator_3.py
[2022-09-12 00:43:08,656] {scheduler_job.py:643} INFO - DAG(s) dict_keys(['example_branch_dop_operator_v3']) retrieved from /home/airflow/sandbox/lib/python3.8/site-packages/airflow/example_dags/example_branch_python_dop_operator_3.py
[2022-09-12 00:43:08,718] {logging_mixin.py:104} INFO - [2022-09-12 00:43:08,718] {dag.py:1832} INFO - Sync 1 DAGs
[2022-09-12 00:43:08,820] {logging_mixin.py:104} INFO - [2022-09-12 00:43:08,820] {dag.py:2305} INFO - Setting next_dagrun for example_branch_dop_operator_v3 to 2022-09-10 00:00:00+00:00
[2022-09-12 00:43:08,832] {scheduler_job.py:190} INFO - Processing /home/airflow/sandbox/lib/python3.8/site-packages/airflow/example_dags/example_branch_python_dop_operator_3.py took 0.194 seconds
