[2022-09-12 00:37:02,986] {scheduler_job.py:182} INFO - Started process (PID=240196) to work on /home/airflow/sandbox/lib/python3.8/site-packages/airflow/example_dags/example_latest_only.py
[2022-09-12 00:37:03,073] {scheduler_job.py:633} INFO - Processing file /home/airflow/sandbox/lib/python3.8/site-packages/airflow/example_dags/example_latest_only.py for tasks to queue
[2022-09-12 00:37:03,123] {logging_mixin.py:104} INFO - [2022-09-12 00:37:03,123] {dagbag.py:487} INFO - Filling up the DagBag from /home/airflow/sandbox/lib/python3.8/site-packages/airflow/example_dags/example_latest_only.py
[2022-09-12 00:37:03,389] {scheduler_job.py:643} INFO - DAG(s) dict_keys(['latest_only']) retrieved from /home/airflow/sandbox/lib/python3.8/site-packages/airflow/example_dags/example_latest_only.py
[2022-09-12 00:37:10,618] {logging_mixin.py:104} INFO - [2022-09-12 00:37:10,617] {dag.py:1832} INFO - Sync 1 DAGs
[2022-09-12 00:37:11,053] {logging_mixin.py:104} INFO - [2022-09-12 00:37:11,053] {dag.py:2305} INFO - Setting next_dagrun for latest_only to 2022-09-10 00:00:00+00:00
[2022-09-12 00:37:11,262] {scheduler_job.py:190} INFO - Processing /home/airflow/sandbox/lib/python3.8/site-packages/airflow/example_dags/example_latest_only.py took 8.434 seconds
[2022-09-12 00:38:32,238] {scheduler_job.py:182} INFO - Started process (PID=241180) to work on /home/airflow/sandbox/lib/python3.8/site-packages/airflow/example_dags/example_latest_only.py
[2022-09-12 00:38:32,271] {scheduler_job.py:633} INFO - Processing file /home/airflow/sandbox/lib/python3.8/site-packages/airflow/example_dags/example_latest_only.py for tasks to queue
[2022-09-12 00:38:32,276] {logging_mixin.py:104} INFO - [2022-09-12 00:38:32,276] {dagbag.py:487} INFO - Filling up the DagBag from /home/airflow/sandbox/lib/python3.8/site-packages/airflow/example_dags/example_latest_only.py
[2022-09-12 00:38:32,282] {scheduler_job.py:643} INFO - DAG(s) dict_keys(['latest_only']) retrieved from /home/airflow/sandbox/lib/python3.8/site-packages/airflow/example_dags/example_latest_only.py
[2022-09-12 00:38:32,705] {logging_mixin.py:104} INFO - [2022-09-12 00:38:32,705] {dag.py:1832} INFO - Sync 1 DAGs
[2022-09-12 00:38:32,866] {logging_mixin.py:104} INFO - [2022-09-12 00:38:32,866] {dag.py:2305} INFO - Setting next_dagrun for latest_only to 2022-09-10 00:00:00+00:00
[2022-09-12 00:38:32,962] {scheduler_job.py:190} INFO - Processing /home/airflow/sandbox/lib/python3.8/site-packages/airflow/example_dags/example_latest_only.py took 0.731 seconds
[2022-09-12 00:39:03,727] {scheduler_job.py:182} INFO - Started process (PID=241480) to work on /home/airflow/sandbox/lib/python3.8/site-packages/airflow/example_dags/example_latest_only.py
[2022-09-12 00:39:03,733] {scheduler_job.py:633} INFO - Processing file /home/airflow/sandbox/lib/python3.8/site-packages/airflow/example_dags/example_latest_only.py for tasks to queue
[2022-09-12 00:39:03,745] {logging_mixin.py:104} INFO - [2022-09-12 00:39:03,745] {dagbag.py:487} INFO - Filling up the DagBag from /home/airflow/sandbox/lib/python3.8/site-packages/airflow/example_dags/example_latest_only.py
[2022-09-12 00:39:03,766] {scheduler_job.py:643} INFO - DAG(s) dict_keys(['latest_only']) retrieved from /home/airflow/sandbox/lib/python3.8/site-packages/airflow/example_dags/example_latest_only.py
[2022-09-12 00:39:03,942] {logging_mixin.py:104} INFO - [2022-09-12 00:39:03,942] {dag.py:1832} INFO - Sync 1 DAGs
[2022-09-12 00:39:04,021] {logging_mixin.py:104} INFO - [2022-09-12 00:39:04,021] {dag.py:2305} INFO - Setting next_dagrun for latest_only to 2022-09-10 00:00:00+00:00
[2022-09-12 00:39:04,061] {scheduler_job.py:190} INFO - Processing /home/airflow/sandbox/lib/python3.8/site-packages/airflow/example_dags/example_latest_only.py took 0.344 seconds
[2022-09-12 00:39:34,148] {scheduler_job.py:182} INFO - Started process (PID=241701) to work on /home/airflow/sandbox/lib/python3.8/site-packages/airflow/example_dags/example_latest_only.py
[2022-09-12 00:39:34,151] {scheduler_job.py:633} INFO - Processing file /home/airflow/sandbox/lib/python3.8/site-packages/airflow/example_dags/example_latest_only.py for tasks to queue
[2022-09-12 00:39:34,156] {logging_mixin.py:104} INFO - [2022-09-12 00:39:34,155] {dagbag.py:487} INFO - Filling up the DagBag from /home/airflow/sandbox/lib/python3.8/site-packages/airflow/example_dags/example_latest_only.py
[2022-09-12 00:39:34,163] {scheduler_job.py:643} INFO - DAG(s) dict_keys(['latest_only']) retrieved from /home/airflow/sandbox/lib/python3.8/site-packages/airflow/example_dags/example_latest_only.py
[2022-09-12 00:39:34,219] {logging_mixin.py:104} INFO - [2022-09-12 00:39:34,219] {dag.py:1832} INFO - Sync 1 DAGs
[2022-09-12 00:39:34,367] {logging_mixin.py:104} INFO - [2022-09-12 00:39:34,367] {dag.py:2305} INFO - Setting next_dagrun for latest_only to 2022-09-10 00:00:00+00:00
[2022-09-12 00:39:34,460] {scheduler_job.py:190} INFO - Processing /home/airflow/sandbox/lib/python3.8/site-packages/airflow/example_dags/example_latest_only.py took 0.320 seconds
[2022-09-12 00:40:04,650] {scheduler_job.py:182} INFO - Started process (PID=241925) to work on /home/airflow/sandbox/lib/python3.8/site-packages/airflow/example_dags/example_latest_only.py
[2022-09-12 00:40:04,651] {scheduler_job.py:633} INFO - Processing file /home/airflow/sandbox/lib/python3.8/site-packages/airflow/example_dags/example_latest_only.py for tasks to queue
[2022-09-12 00:40:04,652] {logging_mixin.py:104} INFO - [2022-09-12 00:40:04,652] {dagbag.py:487} INFO - Filling up the DagBag from /home/airflow/sandbox/lib/python3.8/site-packages/airflow/example_dags/example_latest_only.py
[2022-09-12 00:40:04,659] {scheduler_job.py:643} INFO - DAG(s) dict_keys(['latest_only']) retrieved from /home/airflow/sandbox/lib/python3.8/site-packages/airflow/example_dags/example_latest_only.py
[2022-09-12 00:40:04,682] {logging_mixin.py:104} INFO - [2022-09-12 00:40:04,682] {dag.py:1832} INFO - Sync 1 DAGs
[2022-09-12 00:40:04,695] {logging_mixin.py:104} INFO - [2022-09-12 00:40:04,695] {dag.py:2305} INFO - Setting next_dagrun for latest_only to 2022-09-10 00:00:00+00:00
[2022-09-12 00:40:04,712] {scheduler_job.py:190} INFO - Processing /home/airflow/sandbox/lib/python3.8/site-packages/airflow/example_dags/example_latest_only.py took 0.065 seconds
[2022-09-12 00:40:34,895] {scheduler_job.py:182} INFO - Started process (PID=242399) to work on /home/airflow/sandbox/lib/python3.8/site-packages/airflow/example_dags/example_latest_only.py
[2022-09-12 00:40:34,909] {scheduler_job.py:633} INFO - Processing file /home/airflow/sandbox/lib/python3.8/site-packages/airflow/example_dags/example_latest_only.py for tasks to queue
[2022-09-12 00:40:34,941] {logging_mixin.py:104} INFO - [2022-09-12 00:40:34,940] {dagbag.py:487} INFO - Filling up the DagBag from /home/airflow/sandbox/lib/python3.8/site-packages/airflow/example_dags/example_latest_only.py
[2022-09-12 00:40:34,963] {scheduler_job.py:643} INFO - DAG(s) dict_keys(['latest_only']) retrieved from /home/airflow/sandbox/lib/python3.8/site-packages/airflow/example_dags/example_latest_only.py
[2022-09-12 00:40:35,105] {logging_mixin.py:104} INFO - [2022-09-12 00:40:35,105] {dag.py:1832} INFO - Sync 1 DAGs
[2022-09-12 00:40:35,129] {logging_mixin.py:104} INFO - [2022-09-12 00:40:35,129] {dag.py:2305} INFO - Setting next_dagrun for latest_only to 2022-09-10 00:00:00+00:00
[2022-09-12 00:40:35,152] {scheduler_job.py:190} INFO - Processing /home/airflow/sandbox/lib/python3.8/site-packages/airflow/example_dags/example_latest_only.py took 0.294 seconds
[2022-09-12 00:41:05,784] {scheduler_job.py:182} INFO - Started process (PID=242713) to work on /home/airflow/sandbox/lib/python3.8/site-packages/airflow/example_dags/example_latest_only.py
[2022-09-12 00:41:05,787] {scheduler_job.py:633} INFO - Processing file /home/airflow/sandbox/lib/python3.8/site-packages/airflow/example_dags/example_latest_only.py for tasks to queue
[2022-09-12 00:41:05,788] {logging_mixin.py:104} INFO - [2022-09-12 00:41:05,788] {dagbag.py:487} INFO - Filling up the DagBag from /home/airflow/sandbox/lib/python3.8/site-packages/airflow/example_dags/example_latest_only.py
[2022-09-12 00:41:05,793] {scheduler_job.py:643} INFO - DAG(s) dict_keys(['latest_only']) retrieved from /home/airflow/sandbox/lib/python3.8/site-packages/airflow/example_dags/example_latest_only.py
[2022-09-12 00:41:05,873] {logging_mixin.py:104} INFO - [2022-09-12 00:41:05,873] {dag.py:1832} INFO - Sync 1 DAGs
[2022-09-12 00:41:05,892] {logging_mixin.py:104} INFO - [2022-09-12 00:41:05,891] {dag.py:2305} INFO - Setting next_dagrun for latest_only to 2022-09-10 00:00:00+00:00
[2022-09-12 00:41:05,912] {scheduler_job.py:190} INFO - Processing /home/airflow/sandbox/lib/python3.8/site-packages/airflow/example_dags/example_latest_only.py took 0.131 seconds
[2022-09-12 00:41:36,010] {scheduler_job.py:182} INFO - Started process (PID=243074) to work on /home/airflow/sandbox/lib/python3.8/site-packages/airflow/example_dags/example_latest_only.py
[2022-09-12 00:41:36,011] {scheduler_job.py:633} INFO - Processing file /home/airflow/sandbox/lib/python3.8/site-packages/airflow/example_dags/example_latest_only.py for tasks to queue
[2022-09-12 00:41:36,012] {logging_mixin.py:104} INFO - [2022-09-12 00:41:36,012] {dagbag.py:487} INFO - Filling up the DagBag from /home/airflow/sandbox/lib/python3.8/site-packages/airflow/example_dags/example_latest_only.py
[2022-09-12 00:41:36,018] {scheduler_job.py:643} INFO - DAG(s) dict_keys(['latest_only']) retrieved from /home/airflow/sandbox/lib/python3.8/site-packages/airflow/example_dags/example_latest_only.py
[2022-09-12 00:41:36,048] {logging_mixin.py:104} INFO - [2022-09-12 00:41:36,048] {dag.py:1832} INFO - Sync 1 DAGs
[2022-09-12 00:41:36,063] {logging_mixin.py:104} INFO - [2022-09-12 00:41:36,063] {dag.py:2305} INFO - Setting next_dagrun for latest_only to 2022-09-10 00:00:00+00:00
[2022-09-12 00:41:36,078] {scheduler_job.py:190} INFO - Processing /home/airflow/sandbox/lib/python3.8/site-packages/airflow/example_dags/example_latest_only.py took 0.072 seconds
[2022-09-12 00:42:07,565] {scheduler_job.py:182} INFO - Started process (PID=243389) to work on /home/airflow/sandbox/lib/python3.8/site-packages/airflow/example_dags/example_latest_only.py
[2022-09-12 00:42:07,566] {scheduler_job.py:633} INFO - Processing file /home/airflow/sandbox/lib/python3.8/site-packages/airflow/example_dags/example_latest_only.py for tasks to queue
[2022-09-12 00:42:07,566] {logging_mixin.py:104} INFO - [2022-09-12 00:42:07,566] {dagbag.py:487} INFO - Filling up the DagBag from /home/airflow/sandbox/lib/python3.8/site-packages/airflow/example_dags/example_latest_only.py
[2022-09-12 00:42:07,583] {scheduler_job.py:643} INFO - DAG(s) dict_keys(['latest_only']) retrieved from /home/airflow/sandbox/lib/python3.8/site-packages/airflow/example_dags/example_latest_only.py
[2022-09-12 00:42:07,641] {logging_mixin.py:104} INFO - [2022-09-12 00:42:07,641] {dag.py:1832} INFO - Sync 1 DAGs
[2022-09-12 00:42:07,697] {logging_mixin.py:104} INFO - [2022-09-12 00:42:07,697] {dag.py:2305} INFO - Setting next_dagrun for latest_only to 2022-09-10 00:00:00+00:00
[2022-09-12 00:42:07,745] {scheduler_job.py:190} INFO - Processing /home/airflow/sandbox/lib/python3.8/site-packages/airflow/example_dags/example_latest_only.py took 0.195 seconds
[2022-09-12 00:42:38,044] {scheduler_job.py:182} INFO - Started process (PID=243952) to work on /home/airflow/sandbox/lib/python3.8/site-packages/airflow/example_dags/example_latest_only.py
[2022-09-12 00:42:38,056] {scheduler_job.py:633} INFO - Processing file /home/airflow/sandbox/lib/python3.8/site-packages/airflow/example_dags/example_latest_only.py for tasks to queue
[2022-09-12 00:42:38,059] {logging_mixin.py:104} INFO - [2022-09-12 00:42:38,059] {dagbag.py:487} INFO - Filling up the DagBag from /home/airflow/sandbox/lib/python3.8/site-packages/airflow/example_dags/example_latest_only.py
[2022-09-12 00:42:38,064] {scheduler_job.py:643} INFO - DAG(s) dict_keys(['latest_only']) retrieved from /home/airflow/sandbox/lib/python3.8/site-packages/airflow/example_dags/example_latest_only.py
[2022-09-12 00:42:38,121] {logging_mixin.py:104} INFO - [2022-09-12 00:42:38,121] {dag.py:1832} INFO - Sync 1 DAGs
[2022-09-12 00:42:38,152] {logging_mixin.py:104} INFO - [2022-09-12 00:42:38,152] {dag.py:2305} INFO - Setting next_dagrun for latest_only to 2022-09-10 00:00:00+00:00
[2022-09-12 00:42:38,179] {scheduler_job.py:190} INFO - Processing /home/airflow/sandbox/lib/python3.8/site-packages/airflow/example_dags/example_latest_only.py took 0.138 seconds
[2022-09-12 00:43:08,871] {scheduler_job.py:182} INFO - Started process (PID=244251) to work on /home/airflow/sandbox/lib/python3.8/site-packages/airflow/example_dags/example_latest_only.py
[2022-09-12 00:43:08,884] {scheduler_job.py:633} INFO - Processing file /home/airflow/sandbox/lib/python3.8/site-packages/airflow/example_dags/example_latest_only.py for tasks to queue
[2022-09-12 00:43:08,885] {logging_mixin.py:104} INFO - [2022-09-12 00:43:08,885] {dagbag.py:487} INFO - Filling up the DagBag from /home/airflow/sandbox/lib/python3.8/site-packages/airflow/example_dags/example_latest_only.py
[2022-09-12 00:43:08,890] {scheduler_job.py:643} INFO - DAG(s) dict_keys(['latest_only']) retrieved from /home/airflow/sandbox/lib/python3.8/site-packages/airflow/example_dags/example_latest_only.py
[2022-09-12 00:43:08,945] {logging_mixin.py:104} INFO - [2022-09-12 00:43:08,945] {dag.py:1832} INFO - Sync 1 DAGs
[2022-09-12 00:43:08,977] {logging_mixin.py:104} INFO - [2022-09-12 00:43:08,977] {dag.py:2305} INFO - Setting next_dagrun for latest_only to 2022-09-10 00:00:00+00:00
[2022-09-12 00:43:09,004] {scheduler_job.py:190} INFO - Processing /home/airflow/sandbox/lib/python3.8/site-packages/airflow/example_dags/example_latest_only.py took 0.136 seconds
