[2022-09-12 00:37:13,877] {scheduler_job.py:182} INFO - Started process (PID=240516) to work on /home/airflow/sandbox/lib/python3.8/site-packages/airflow/example_dags/example_xcomargs.py
[2022-09-12 00:37:13,988] {scheduler_job.py:633} INFO - Processing file /home/airflow/sandbox/lib/python3.8/site-packages/airflow/example_dags/example_xcomargs.py for tasks to queue
[2022-09-12 00:37:13,989] {logging_mixin.py:104} INFO - [2022-09-12 00:37:13,989] {dagbag.py:487} INFO - Filling up the DagBag from /home/airflow/sandbox/lib/python3.8/site-packages/airflow/example_dags/example_xcomargs.py
[2022-09-12 00:37:14,324] {scheduler_job.py:643} INFO - DAG(s) dict_keys(['example_xcom_args', 'example_xcom_args_with_operators']) retrieved from /home/airflow/sandbox/lib/python3.8/site-packages/airflow/example_dags/example_xcomargs.py
[2022-09-12 00:37:30,810] {logging_mixin.py:104} INFO - [2022-09-12 00:37:30,810] {dag.py:1832} INFO - Sync 2 DAGs
[2022-09-12 00:37:31,126] {logging_mixin.py:104} INFO - [2022-09-12 00:37:31,126] {dag.py:2305} INFO - Setting next_dagrun for example_xcom_args to None
[2022-09-12 00:37:31,167] {logging_mixin.py:104} INFO - [2022-09-12 00:37:31,167] {dag.py:2305} INFO - Setting next_dagrun for example_xcom_args_with_operators to None
[2022-09-12 00:37:31,453] {scheduler_job.py:190} INFO - Processing /home/airflow/sandbox/lib/python3.8/site-packages/airflow/example_dags/example_xcomargs.py took 17.581 seconds
[2022-09-12 00:38:33,263] {scheduler_job.py:182} INFO - Started process (PID=241200) to work on /home/airflow/sandbox/lib/python3.8/site-packages/airflow/example_dags/example_xcomargs.py
[2022-09-12 00:38:33,279] {scheduler_job.py:633} INFO - Processing file /home/airflow/sandbox/lib/python3.8/site-packages/airflow/example_dags/example_xcomargs.py for tasks to queue
[2022-09-12 00:38:33,280] {logging_mixin.py:104} INFO - [2022-09-12 00:38:33,280] {dagbag.py:487} INFO - Filling up the DagBag from /home/airflow/sandbox/lib/python3.8/site-packages/airflow/example_dags/example_xcomargs.py
[2022-09-12 00:38:33,343] {scheduler_job.py:643} INFO - DAG(s) dict_keys(['example_xcom_args', 'example_xcom_args_with_operators']) retrieved from /home/airflow/sandbox/lib/python3.8/site-packages/airflow/example_dags/example_xcomargs.py
[2022-09-12 00:38:35,371] {logging_mixin.py:104} INFO - [2022-09-12 00:38:35,371] {dag.py:1832} INFO - Sync 2 DAGs
[2022-09-12 00:38:35,449] {logging_mixin.py:104} INFO - [2022-09-12 00:38:35,449] {dag.py:2305} INFO - Setting next_dagrun for example_xcom_args to None
[2022-09-12 00:38:35,453] {logging_mixin.py:104} INFO - [2022-09-12 00:38:35,453] {dag.py:2305} INFO - Setting next_dagrun for example_xcom_args_with_operators to None
[2022-09-12 00:38:35,505] {scheduler_job.py:190} INFO - Processing /home/airflow/sandbox/lib/python3.8/site-packages/airflow/example_dags/example_xcomargs.py took 2.268 seconds
[2022-09-12 00:39:06,118] {scheduler_job.py:182} INFO - Started process (PID=241513) to work on /home/airflow/sandbox/lib/python3.8/site-packages/airflow/example_dags/example_xcomargs.py
[2022-09-12 00:39:06,169] {scheduler_job.py:633} INFO - Processing file /home/airflow/sandbox/lib/python3.8/site-packages/airflow/example_dags/example_xcomargs.py for tasks to queue
[2022-09-12 00:39:06,170] {logging_mixin.py:104} INFO - [2022-09-12 00:39:06,170] {dagbag.py:487} INFO - Filling up the DagBag from /home/airflow/sandbox/lib/python3.8/site-packages/airflow/example_dags/example_xcomargs.py
[2022-09-12 00:39:06,259] {scheduler_job.py:643} INFO - DAG(s) dict_keys(['example_xcom_args', 'example_xcom_args_with_operators']) retrieved from /home/airflow/sandbox/lib/python3.8/site-packages/airflow/example_dags/example_xcomargs.py
[2022-09-12 00:39:07,388] {logging_mixin.py:104} INFO - [2022-09-12 00:39:07,388] {dag.py:1832} INFO - Sync 2 DAGs
[2022-09-12 00:39:07,414] {logging_mixin.py:104} INFO - [2022-09-12 00:39:07,414] {dag.py:2305} INFO - Setting next_dagrun for example_xcom_args to None
[2022-09-12 00:39:07,421] {logging_mixin.py:104} INFO - [2022-09-12 00:39:07,421] {dag.py:2305} INFO - Setting next_dagrun for example_xcom_args_with_operators to None
[2022-09-12 00:39:07,466] {scheduler_job.py:190} INFO - Processing /home/airflow/sandbox/lib/python3.8/site-packages/airflow/example_dags/example_xcomargs.py took 1.355 seconds
[2022-09-12 00:39:38,077] {scheduler_job.py:182} INFO - Started process (PID=241753) to work on /home/airflow/sandbox/lib/python3.8/site-packages/airflow/example_dags/example_xcomargs.py
[2022-09-12 00:39:38,080] {scheduler_job.py:633} INFO - Processing file /home/airflow/sandbox/lib/python3.8/site-packages/airflow/example_dags/example_xcomargs.py for tasks to queue
[2022-09-12 00:39:38,087] {logging_mixin.py:104} INFO - [2022-09-12 00:39:38,087] {dagbag.py:487} INFO - Filling up the DagBag from /home/airflow/sandbox/lib/python3.8/site-packages/airflow/example_dags/example_xcomargs.py
[2022-09-12 00:39:38,098] {scheduler_job.py:643} INFO - DAG(s) dict_keys(['example_xcom_args', 'example_xcom_args_with_operators']) retrieved from /home/airflow/sandbox/lib/python3.8/site-packages/airflow/example_dags/example_xcomargs.py
[2022-09-12 00:39:38,902] {logging_mixin.py:104} INFO - [2022-09-12 00:39:38,897] {dag.py:1832} INFO - Sync 2 DAGs
[2022-09-12 00:39:38,949] {logging_mixin.py:104} INFO - [2022-09-12 00:39:38,949] {dag.py:2305} INFO - Setting next_dagrun for example_xcom_args to None
[2022-09-12 00:39:38,949] {logging_mixin.py:104} INFO - [2022-09-12 00:39:38,949] {dag.py:2305} INFO - Setting next_dagrun for example_xcom_args_with_operators to None
[2022-09-12 00:39:39,085] {scheduler_job.py:190} INFO - Processing /home/airflow/sandbox/lib/python3.8/site-packages/airflow/example_dags/example_xcomargs.py took 1.011 seconds
[2022-09-12 00:40:09,767] {scheduler_job.py:182} INFO - Started process (PID=242121) to work on /home/airflow/sandbox/lib/python3.8/site-packages/airflow/example_dags/example_xcomargs.py
[2022-09-12 00:40:09,768] {scheduler_job.py:633} INFO - Processing file /home/airflow/sandbox/lib/python3.8/site-packages/airflow/example_dags/example_xcomargs.py for tasks to queue
[2022-09-12 00:40:09,769] {logging_mixin.py:104} INFO - [2022-09-12 00:40:09,769] {dagbag.py:487} INFO - Filling up the DagBag from /home/airflow/sandbox/lib/python3.8/site-packages/airflow/example_dags/example_xcomargs.py
[2022-09-12 00:40:09,797] {scheduler_job.py:643} INFO - DAG(s) dict_keys(['example_xcom_args', 'example_xcom_args_with_operators']) retrieved from /home/airflow/sandbox/lib/python3.8/site-packages/airflow/example_dags/example_xcomargs.py
[2022-09-12 00:40:10,335] {logging_mixin.py:104} INFO - [2022-09-12 00:40:10,335] {dag.py:1832} INFO - Sync 2 DAGs
[2022-09-12 00:40:10,357] {logging_mixin.py:104} INFO - [2022-09-12 00:40:10,357] {dag.py:2305} INFO - Setting next_dagrun for example_xcom_args to None
[2022-09-12 00:40:10,358] {logging_mixin.py:104} INFO - [2022-09-12 00:40:10,358] {dag.py:2305} INFO - Setting next_dagrun for example_xcom_args_with_operators to None
[2022-09-12 00:40:10,383] {scheduler_job.py:190} INFO - Processing /home/airflow/sandbox/lib/python3.8/site-packages/airflow/example_dags/example_xcomargs.py took 0.619 seconds
[2022-09-12 00:40:41,109] {scheduler_job.py:182} INFO - Started process (PID=242474) to work on /home/airflow/sandbox/lib/python3.8/site-packages/airflow/example_dags/example_xcomargs.py
[2022-09-12 00:40:41,117] {scheduler_job.py:633} INFO - Processing file /home/airflow/sandbox/lib/python3.8/site-packages/airflow/example_dags/example_xcomargs.py for tasks to queue
[2022-09-12 00:40:41,132] {logging_mixin.py:104} INFO - [2022-09-12 00:40:41,132] {dagbag.py:487} INFO - Filling up the DagBag from /home/airflow/sandbox/lib/python3.8/site-packages/airflow/example_dags/example_xcomargs.py
[2022-09-12 00:40:41,207] {scheduler_job.py:643} INFO - DAG(s) dict_keys(['example_xcom_args', 'example_xcom_args_with_operators']) retrieved from /home/airflow/sandbox/lib/python3.8/site-packages/airflow/example_dags/example_xcomargs.py
[2022-09-12 00:40:42,433] {logging_mixin.py:104} INFO - [2022-09-12 00:40:42,432] {dag.py:1832} INFO - Sync 2 DAGs
[2022-09-12 00:40:42,471] {logging_mixin.py:104} INFO - [2022-09-12 00:40:42,470] {dag.py:2305} INFO - Setting next_dagrun for example_xcom_args to None
[2022-09-12 00:40:42,472] {logging_mixin.py:104} INFO - [2022-09-12 00:40:42,472] {dag.py:2305} INFO - Setting next_dagrun for example_xcom_args_with_operators to None
[2022-09-12 00:40:42,520] {scheduler_job.py:190} INFO - Processing /home/airflow/sandbox/lib/python3.8/site-packages/airflow/example_dags/example_xcomargs.py took 1.414 seconds
[2022-09-12 00:41:13,224] {scheduler_job.py:182} INFO - Started process (PID=242808) to work on /home/airflow/sandbox/lib/python3.8/site-packages/airflow/example_dags/example_xcomargs.py
[2022-09-12 00:41:13,251] {scheduler_job.py:633} INFO - Processing file /home/airflow/sandbox/lib/python3.8/site-packages/airflow/example_dags/example_xcomargs.py for tasks to queue
[2022-09-12 00:41:13,252] {logging_mixin.py:104} INFO - [2022-09-12 00:41:13,252] {dagbag.py:487} INFO - Filling up the DagBag from /home/airflow/sandbox/lib/python3.8/site-packages/airflow/example_dags/example_xcomargs.py
[2022-09-12 00:41:13,370] {scheduler_job.py:643} INFO - DAG(s) dict_keys(['example_xcom_args', 'example_xcom_args_with_operators']) retrieved from /home/airflow/sandbox/lib/python3.8/site-packages/airflow/example_dags/example_xcomargs.py
[2022-09-12 00:41:13,970] {logging_mixin.py:104} INFO - [2022-09-12 00:41:13,970] {dag.py:1832} INFO - Sync 2 DAGs
[2022-09-12 00:41:13,995] {logging_mixin.py:104} INFO - [2022-09-12 00:41:13,995] {dag.py:2305} INFO - Setting next_dagrun for example_xcom_args to None
[2022-09-12 00:41:14,000] {logging_mixin.py:104} INFO - [2022-09-12 00:41:14,000] {dag.py:2305} INFO - Setting next_dagrun for example_xcom_args_with_operators to None
[2022-09-12 00:41:14,046] {scheduler_job.py:190} INFO - Processing /home/airflow/sandbox/lib/python3.8/site-packages/airflow/example_dags/example_xcomargs.py took 0.830 seconds
[2022-09-12 00:41:44,580] {scheduler_job.py:182} INFO - Started process (PID=243169) to work on /home/airflow/sandbox/lib/python3.8/site-packages/airflow/example_dags/example_xcomargs.py
[2022-09-12 00:41:44,584] {scheduler_job.py:633} INFO - Processing file /home/airflow/sandbox/lib/python3.8/site-packages/airflow/example_dags/example_xcomargs.py for tasks to queue
[2022-09-12 00:41:44,595] {logging_mixin.py:104} INFO - [2022-09-12 00:41:44,595] {dagbag.py:487} INFO - Filling up the DagBag from /home/airflow/sandbox/lib/python3.8/site-packages/airflow/example_dags/example_xcomargs.py
[2022-09-12 00:41:44,621] {scheduler_job.py:643} INFO - DAG(s) dict_keys(['example_xcom_args', 'example_xcom_args_with_operators']) retrieved from /home/airflow/sandbox/lib/python3.8/site-packages/airflow/example_dags/example_xcomargs.py
[2022-09-12 00:41:45,412] {logging_mixin.py:104} INFO - [2022-09-12 00:41:45,412] {dag.py:1832} INFO - Sync 2 DAGs
[2022-09-12 00:41:45,437] {logging_mixin.py:104} INFO - [2022-09-12 00:41:45,437] {dag.py:2305} INFO - Setting next_dagrun for example_xcom_args to None
[2022-09-12 00:41:45,438] {logging_mixin.py:104} INFO - [2022-09-12 00:41:45,438] {dag.py:2305} INFO - Setting next_dagrun for example_xcom_args_with_operators to None
[2022-09-12 00:41:45,460] {scheduler_job.py:190} INFO - Processing /home/airflow/sandbox/lib/python3.8/site-packages/airflow/example_dags/example_xcomargs.py took 0.883 seconds
[2022-09-12 00:42:16,413] {scheduler_job.py:182} INFO - Started process (PID=243517) to work on /home/airflow/sandbox/lib/python3.8/site-packages/airflow/example_dags/example_xcomargs.py
[2022-09-12 00:42:16,416] {scheduler_job.py:633} INFO - Processing file /home/airflow/sandbox/lib/python3.8/site-packages/airflow/example_dags/example_xcomargs.py for tasks to queue
[2022-09-12 00:42:16,420] {logging_mixin.py:104} INFO - [2022-09-12 00:42:16,420] {dagbag.py:487} INFO - Filling up the DagBag from /home/airflow/sandbox/lib/python3.8/site-packages/airflow/example_dags/example_xcomargs.py
[2022-09-12 00:42:16,482] {scheduler_job.py:643} INFO - DAG(s) dict_keys(['example_xcom_args', 'example_xcom_args_with_operators']) retrieved from /home/airflow/sandbox/lib/python3.8/site-packages/airflow/example_dags/example_xcomargs.py
[2022-09-12 00:42:17,263] {logging_mixin.py:104} INFO - [2022-09-12 00:42:17,263] {dag.py:1832} INFO - Sync 2 DAGs
[2022-09-12 00:42:17,304] {logging_mixin.py:104} INFO - [2022-09-12 00:42:17,304] {dag.py:2305} INFO - Setting next_dagrun for example_xcom_args to None
[2022-09-12 00:42:17,307] {logging_mixin.py:104} INFO - [2022-09-12 00:42:17,307] {dag.py:2305} INFO - Setting next_dagrun for example_xcom_args_with_operators to None
[2022-09-12 00:42:17,357] {scheduler_job.py:190} INFO - Processing /home/airflow/sandbox/lib/python3.8/site-packages/airflow/example_dags/example_xcomargs.py took 0.993 seconds
[2022-09-12 00:42:47,573] {scheduler_job.py:182} INFO - Started process (PID=244058) to work on /home/airflow/sandbox/lib/python3.8/site-packages/airflow/example_dags/example_xcomargs.py
[2022-09-12 00:42:47,576] {scheduler_job.py:633} INFO - Processing file /home/airflow/sandbox/lib/python3.8/site-packages/airflow/example_dags/example_xcomargs.py for tasks to queue
[2022-09-12 00:42:47,577] {logging_mixin.py:104} INFO - [2022-09-12 00:42:47,576] {dagbag.py:487} INFO - Filling up the DagBag from /home/airflow/sandbox/lib/python3.8/site-packages/airflow/example_dags/example_xcomargs.py
[2022-09-12 00:42:47,609] {scheduler_job.py:643} INFO - DAG(s) dict_keys(['example_xcom_args', 'example_xcom_args_with_operators']) retrieved from /home/airflow/sandbox/lib/python3.8/site-packages/airflow/example_dags/example_xcomargs.py
[2022-09-12 00:42:48,287] {logging_mixin.py:104} INFO - [2022-09-12 00:42:48,287] {dag.py:1832} INFO - Sync 2 DAGs
[2022-09-12 00:42:48,322] {logging_mixin.py:104} INFO - [2022-09-12 00:42:48,322] {dag.py:2305} INFO - Setting next_dagrun for example_xcom_args to None
[2022-09-12 00:42:48,323] {logging_mixin.py:104} INFO - [2022-09-12 00:42:48,323] {dag.py:2305} INFO - Setting next_dagrun for example_xcom_args_with_operators to None
[2022-09-12 00:42:48,345] {scheduler_job.py:190} INFO - Processing /home/airflow/sandbox/lib/python3.8/site-packages/airflow/example_dags/example_xcomargs.py took 0.784 seconds
