[2022-09-12 00:37:32,287] {scheduler_job.py:182} INFO - Started process (PID=240741) to work on /home/airflow/sandbox/lib/python3.8/site-packages/airflow/example_dags/example_bash_operator.py
[2022-09-12 00:37:32,388] {scheduler_job.py:633} INFO - Processing file /home/airflow/sandbox/lib/python3.8/site-packages/airflow/example_dags/example_bash_operator.py for tasks to queue
[2022-09-12 00:37:32,399] {logging_mixin.py:104} INFO - [2022-09-12 00:37:32,398] {dagbag.py:487} INFO - Filling up the DagBag from /home/airflow/sandbox/lib/python3.8/site-packages/airflow/example_dags/example_bash_operator.py
[2022-09-12 00:37:32,637] {scheduler_job.py:643} INFO - DAG(s) dict_keys(['example_bash_operator']) retrieved from /home/airflow/sandbox/lib/python3.8/site-packages/airflow/example_dags/example_bash_operator.py
[2022-09-12 00:37:41,849] {logging_mixin.py:104} INFO - [2022-09-12 00:37:41,848] {dag.py:1832} INFO - Sync 1 DAGs
[2022-09-12 00:37:42,530] {logging_mixin.py:104} INFO - [2022-09-12 00:37:42,530] {dag.py:2305} INFO - Setting next_dagrun for example_bash_operator to 2022-09-10 00:00:00+00:00
[2022-09-12 00:37:42,972] {scheduler_job.py:190} INFO - Processing /home/airflow/sandbox/lib/python3.8/site-packages/airflow/example_dags/example_bash_operator.py took 11.276 seconds
[2022-09-12 00:38:33,674] {scheduler_job.py:182} INFO - Started process (PID=241220) to work on /home/airflow/sandbox/lib/python3.8/site-packages/airflow/example_dags/example_bash_operator.py
[2022-09-12 00:38:33,712] {scheduler_job.py:633} INFO - Processing file /home/airflow/sandbox/lib/python3.8/site-packages/airflow/example_dags/example_bash_operator.py for tasks to queue
[2022-09-12 00:38:33,719] {logging_mixin.py:104} INFO - [2022-09-12 00:38:33,719] {dagbag.py:487} INFO - Filling up the DagBag from /home/airflow/sandbox/lib/python3.8/site-packages/airflow/example_dags/example_bash_operator.py
[2022-09-12 00:38:33,729] {scheduler_job.py:643} INFO - DAG(s) dict_keys(['example_bash_operator']) retrieved from /home/airflow/sandbox/lib/python3.8/site-packages/airflow/example_dags/example_bash_operator.py
[2022-09-12 00:38:33,871] {logging_mixin.py:104} INFO - [2022-09-12 00:38:33,871] {dag.py:1832} INFO - Sync 1 DAGs
[2022-09-12 00:38:33,964] {logging_mixin.py:104} INFO - [2022-09-12 00:38:33,964] {dag.py:2305} INFO - Setting next_dagrun for example_bash_operator to 2022-09-10 00:00:00+00:00
[2022-09-12 00:38:34,037] {scheduler_job.py:190} INFO - Processing /home/airflow/sandbox/lib/python3.8/site-packages/airflow/example_dags/example_bash_operator.py took 0.366 seconds
[2022-09-12 00:39:04,686] {scheduler_job.py:182} INFO - Started process (PID=241498) to work on /home/airflow/sandbox/lib/python3.8/site-packages/airflow/example_dags/example_bash_operator.py
[2022-09-12 00:39:04,692] {scheduler_job.py:633} INFO - Processing file /home/airflow/sandbox/lib/python3.8/site-packages/airflow/example_dags/example_bash_operator.py for tasks to queue
[2022-09-12 00:39:04,692] {logging_mixin.py:104} INFO - [2022-09-12 00:39:04,692] {dagbag.py:487} INFO - Filling up the DagBag from /home/airflow/sandbox/lib/python3.8/site-packages/airflow/example_dags/example_bash_operator.py
[2022-09-12 00:39:04,699] {scheduler_job.py:643} INFO - DAG(s) dict_keys(['example_bash_operator']) retrieved from /home/airflow/sandbox/lib/python3.8/site-packages/airflow/example_dags/example_bash_operator.py
[2022-09-12 00:39:04,747] {logging_mixin.py:104} INFO - [2022-09-12 00:39:04,747] {dag.py:1832} INFO - Sync 1 DAGs
[2022-09-12 00:39:04,768] {logging_mixin.py:104} INFO - [2022-09-12 00:39:04,768] {dag.py:2305} INFO - Setting next_dagrun for example_bash_operator to 2022-09-10 00:00:00+00:00
[2022-09-12 00:39:04,790] {scheduler_job.py:190} INFO - Processing /home/airflow/sandbox/lib/python3.8/site-packages/airflow/example_dags/example_bash_operator.py took 0.107 seconds
[2022-09-12 00:39:35,068] {scheduler_job.py:182} INFO - Started process (PID=241722) to work on /home/airflow/sandbox/lib/python3.8/site-packages/airflow/example_dags/example_bash_operator.py
[2022-09-12 00:39:35,069] {scheduler_job.py:633} INFO - Processing file /home/airflow/sandbox/lib/python3.8/site-packages/airflow/example_dags/example_bash_operator.py for tasks to queue
[2022-09-12 00:39:35,070] {logging_mixin.py:104} INFO - [2022-09-12 00:39:35,070] {dagbag.py:487} INFO - Filling up the DagBag from /home/airflow/sandbox/lib/python3.8/site-packages/airflow/example_dags/example_bash_operator.py
[2022-09-12 00:39:35,095] {scheduler_job.py:643} INFO - DAG(s) dict_keys(['example_bash_operator']) retrieved from /home/airflow/sandbox/lib/python3.8/site-packages/airflow/example_dags/example_bash_operator.py
[2022-09-12 00:39:35,155] {logging_mixin.py:104} INFO - [2022-09-12 00:39:35,155] {dag.py:1832} INFO - Sync 1 DAGs
[2022-09-12 00:39:35,182] {logging_mixin.py:104} INFO - [2022-09-12 00:39:35,182] {dag.py:2305} INFO - Setting next_dagrun for example_bash_operator to 2022-09-10 00:00:00+00:00
[2022-09-12 00:39:35,195] {scheduler_job.py:190} INFO - Processing /home/airflow/sandbox/lib/python3.8/site-packages/airflow/example_dags/example_bash_operator.py took 0.156 seconds
[2022-09-12 00:40:05,274] {scheduler_job.py:182} INFO - Started process (PID=241947) to work on /home/airflow/sandbox/lib/python3.8/site-packages/airflow/example_dags/example_bash_operator.py
[2022-09-12 00:40:05,275] {scheduler_job.py:633} INFO - Processing file /home/airflow/sandbox/lib/python3.8/site-packages/airflow/example_dags/example_bash_operator.py for tasks to queue
[2022-09-12 00:40:05,276] {logging_mixin.py:104} INFO - [2022-09-12 00:40:05,275] {dagbag.py:487} INFO - Filling up the DagBag from /home/airflow/sandbox/lib/python3.8/site-packages/airflow/example_dags/example_bash_operator.py
[2022-09-12 00:40:05,282] {scheduler_job.py:643} INFO - DAG(s) dict_keys(['example_bash_operator']) retrieved from /home/airflow/sandbox/lib/python3.8/site-packages/airflow/example_dags/example_bash_operator.py
[2022-09-12 00:40:05,310] {logging_mixin.py:104} INFO - [2022-09-12 00:40:05,310] {dag.py:1832} INFO - Sync 1 DAGs
[2022-09-12 00:40:05,324] {logging_mixin.py:104} INFO - [2022-09-12 00:40:05,324] {dag.py:2305} INFO - Setting next_dagrun for example_bash_operator to 2022-09-10 00:00:00+00:00
[2022-09-12 00:40:05,340] {scheduler_job.py:190} INFO - Processing /home/airflow/sandbox/lib/python3.8/site-packages/airflow/example_dags/example_bash_operator.py took 0.069 seconds
[2022-09-12 00:40:36,274] {scheduler_job.py:182} INFO - Started process (PID=242421) to work on /home/airflow/sandbox/lib/python3.8/site-packages/airflow/example_dags/example_bash_operator.py
[2022-09-12 00:40:36,281] {scheduler_job.py:633} INFO - Processing file /home/airflow/sandbox/lib/python3.8/site-packages/airflow/example_dags/example_bash_operator.py for tasks to queue
[2022-09-12 00:40:36,297] {logging_mixin.py:104} INFO - [2022-09-12 00:40:36,296] {dagbag.py:487} INFO - Filling up the DagBag from /home/airflow/sandbox/lib/python3.8/site-packages/airflow/example_dags/example_bash_operator.py
[2022-09-12 00:40:36,345] {scheduler_job.py:643} INFO - DAG(s) dict_keys(['example_bash_operator']) retrieved from /home/airflow/sandbox/lib/python3.8/site-packages/airflow/example_dags/example_bash_operator.py
[2022-09-12 00:40:36,481] {logging_mixin.py:104} INFO - [2022-09-12 00:40:36,481] {dag.py:1832} INFO - Sync 1 DAGs
[2022-09-12 00:40:36,513] {logging_mixin.py:104} INFO - [2022-09-12 00:40:36,513] {dag.py:2305} INFO - Setting next_dagrun for example_bash_operator to 2022-09-10 00:00:00+00:00
[2022-09-12 00:40:36,548] {scheduler_job.py:190} INFO - Processing /home/airflow/sandbox/lib/python3.8/site-packages/airflow/example_dags/example_bash_operator.py took 0.300 seconds
[2022-09-12 00:41:07,189] {scheduler_job.py:182} INFO - Started process (PID=242735) to work on /home/airflow/sandbox/lib/python3.8/site-packages/airflow/example_dags/example_bash_operator.py
[2022-09-12 00:41:07,190] {scheduler_job.py:633} INFO - Processing file /home/airflow/sandbox/lib/python3.8/site-packages/airflow/example_dags/example_bash_operator.py for tasks to queue
[2022-09-12 00:41:07,191] {logging_mixin.py:104} INFO - [2022-09-12 00:41:07,191] {dagbag.py:487} INFO - Filling up the DagBag from /home/airflow/sandbox/lib/python3.8/site-packages/airflow/example_dags/example_bash_operator.py
[2022-09-12 00:41:07,199] {scheduler_job.py:643} INFO - DAG(s) dict_keys(['example_bash_operator']) retrieved from /home/airflow/sandbox/lib/python3.8/site-packages/airflow/example_dags/example_bash_operator.py
[2022-09-12 00:41:07,252] {logging_mixin.py:104} INFO - [2022-09-12 00:41:07,252] {dag.py:1832} INFO - Sync 1 DAGs
[2022-09-12 00:41:07,292] {logging_mixin.py:104} INFO - [2022-09-12 00:41:07,292] {dag.py:2305} INFO - Setting next_dagrun for example_bash_operator to 2022-09-10 00:00:00+00:00
[2022-09-12 00:41:07,312] {scheduler_job.py:190} INFO - Processing /home/airflow/sandbox/lib/python3.8/site-packages/airflow/example_dags/example_bash_operator.py took 0.125 seconds
[2022-09-12 00:41:38,303] {scheduler_job.py:182} INFO - Started process (PID=243108) to work on /home/airflow/sandbox/lib/python3.8/site-packages/airflow/example_dags/example_bash_operator.py
[2022-09-12 00:41:38,303] {scheduler_job.py:633} INFO - Processing file /home/airflow/sandbox/lib/python3.8/site-packages/airflow/example_dags/example_bash_operator.py for tasks to queue
[2022-09-12 00:41:38,304] {logging_mixin.py:104} INFO - [2022-09-12 00:41:38,304] {dagbag.py:487} INFO - Filling up the DagBag from /home/airflow/sandbox/lib/python3.8/site-packages/airflow/example_dags/example_bash_operator.py
[2022-09-12 00:41:38,314] {scheduler_job.py:643} INFO - DAG(s) dict_keys(['example_bash_operator']) retrieved from /home/airflow/sandbox/lib/python3.8/site-packages/airflow/example_dags/example_bash_operator.py
[2022-09-12 00:41:38,378] {logging_mixin.py:104} INFO - [2022-09-12 00:41:38,378] {dag.py:1832} INFO - Sync 1 DAGs
[2022-09-12 00:41:38,421] {logging_mixin.py:104} INFO - [2022-09-12 00:41:38,421] {dag.py:2305} INFO - Setting next_dagrun for example_bash_operator to 2022-09-10 00:00:00+00:00
[2022-09-12 00:41:38,451] {scheduler_job.py:190} INFO - Processing /home/airflow/sandbox/lib/python3.8/site-packages/airflow/example_dags/example_bash_operator.py took 0.175 seconds
[2022-09-12 00:42:10,348] {scheduler_job.py:182} INFO - Started process (PID=243423) to work on /home/airflow/sandbox/lib/python3.8/site-packages/airflow/example_dags/example_bash_operator.py
[2022-09-12 00:42:10,370] {scheduler_job.py:633} INFO - Processing file /home/airflow/sandbox/lib/python3.8/site-packages/airflow/example_dags/example_bash_operator.py for tasks to queue
[2022-09-12 00:42:10,418] {logging_mixin.py:104} INFO - [2022-09-12 00:42:10,418] {dagbag.py:487} INFO - Filling up the DagBag from /home/airflow/sandbox/lib/python3.8/site-packages/airflow/example_dags/example_bash_operator.py
[2022-09-12 00:42:10,647] {scheduler_job.py:643} INFO - DAG(s) dict_keys(['example_bash_operator']) retrieved from /home/airflow/sandbox/lib/python3.8/site-packages/airflow/example_dags/example_bash_operator.py
[2022-09-12 00:42:11,183] {logging_mixin.py:104} INFO - [2022-09-12 00:42:11,183] {dag.py:1832} INFO - Sync 1 DAGs
[2022-09-12 00:42:11,430] {logging_mixin.py:104} INFO - [2022-09-12 00:42:11,430] {dag.py:2305} INFO - Setting next_dagrun for example_bash_operator to 2022-09-10 00:00:00+00:00
[2022-09-12 00:42:11,526] {scheduler_job.py:190} INFO - Processing /home/airflow/sandbox/lib/python3.8/site-packages/airflow/example_dags/example_bash_operator.py took 1.208 seconds
[2022-09-12 00:42:42,465] {scheduler_job.py:182} INFO - Started process (PID=244004) to work on /home/airflow/sandbox/lib/python3.8/site-packages/airflow/example_dags/example_bash_operator.py
[2022-09-12 00:42:42,475] {scheduler_job.py:633} INFO - Processing file /home/airflow/sandbox/lib/python3.8/site-packages/airflow/example_dags/example_bash_operator.py for tasks to queue
[2022-09-12 00:42:42,476] {logging_mixin.py:104} INFO - [2022-09-12 00:42:42,476] {dagbag.py:487} INFO - Filling up the DagBag from /home/airflow/sandbox/lib/python3.8/site-packages/airflow/example_dags/example_bash_operator.py
[2022-09-12 00:42:42,557] {scheduler_job.py:643} INFO - DAG(s) dict_keys(['example_bash_operator']) retrieved from /home/airflow/sandbox/lib/python3.8/site-packages/airflow/example_dags/example_bash_operator.py
[2022-09-12 00:42:42,632] {logging_mixin.py:104} INFO - [2022-09-12 00:42:42,631] {dag.py:1832} INFO - Sync 1 DAGs
[2022-09-12 00:42:42,663] {logging_mixin.py:104} INFO - [2022-09-12 00:42:42,663] {dag.py:2305} INFO - Setting next_dagrun for example_bash_operator to 2022-09-10 00:00:00+00:00
[2022-09-12 00:42:42,698] {scheduler_job.py:190} INFO - Processing /home/airflow/sandbox/lib/python3.8/site-packages/airflow/example_dags/example_bash_operator.py took 0.291 seconds
[2022-09-12 00:43:13,356] {scheduler_job.py:182} INFO - Started process (PID=244298) to work on /home/airflow/sandbox/lib/python3.8/site-packages/airflow/example_dags/example_bash_operator.py
[2022-09-12 00:43:13,367] {scheduler_job.py:633} INFO - Processing file /home/airflow/sandbox/lib/python3.8/site-packages/airflow/example_dags/example_bash_operator.py for tasks to queue
[2022-09-12 00:43:13,368] {logging_mixin.py:104} INFO - [2022-09-12 00:43:13,368] {dagbag.py:487} INFO - Filling up the DagBag from /home/airflow/sandbox/lib/python3.8/site-packages/airflow/example_dags/example_bash_operator.py
[2022-09-12 00:43:13,377] {scheduler_job.py:643} INFO - DAG(s) dict_keys(['example_bash_operator']) retrieved from /home/airflow/sandbox/lib/python3.8/site-packages/airflow/example_dags/example_bash_operator.py
[2022-09-12 00:43:13,437] {logging_mixin.py:104} INFO - [2022-09-12 00:43:13,437] {dag.py:1832} INFO - Sync 1 DAGs
[2022-09-12 00:43:13,461] {logging_mixin.py:104} INFO - [2022-09-12 00:43:13,461] {dag.py:2305} INFO - Setting next_dagrun for example_bash_operator to 2022-09-10 00:00:00+00:00
[2022-09-12 00:43:13,493] {scheduler_job.py:190} INFO - Processing /home/airflow/sandbox/lib/python3.8/site-packages/airflow/example_dags/example_bash_operator.py took 0.139 seconds
