[2022-09-12 00:38:11,649] {scheduler_job.py:182} INFO - Started process (PID=240970) to work on /home/airflow/sandbox/lib/python3.8/site-packages/airflow/example_dags/example_trigger_target_dag.py
[2022-09-12 00:38:11,654] {scheduler_job.py:633} INFO - Processing file /home/airflow/sandbox/lib/python3.8/site-packages/airflow/example_dags/example_trigger_target_dag.py for tasks to queue
[2022-09-12 00:38:11,673] {logging_mixin.py:104} INFO - [2022-09-12 00:38:11,672] {dagbag.py:487} INFO - Filling up the DagBag from /home/airflow/sandbox/lib/python3.8/site-packages/airflow/example_dags/example_trigger_target_dag.py
[2022-09-12 00:38:12,262] {scheduler_job.py:643} INFO - DAG(s) dict_keys(['example_trigger_target_dag']) retrieved from /home/airflow/sandbox/lib/python3.8/site-packages/airflow/example_dags/example_trigger_target_dag.py
[2022-09-12 00:38:15,372] {logging_mixin.py:104} INFO - [2022-09-12 00:38:15,346] {dag.py:1832} INFO - Sync 1 DAGs
[2022-09-12 00:38:15,561] {logging_mixin.py:104} INFO - [2022-09-12 00:38:15,561] {dag.py:2305} INFO - Setting next_dagrun for example_trigger_target_dag to None
[2022-09-12 00:38:15,674] {scheduler_job.py:190} INFO - Processing /home/airflow/sandbox/lib/python3.8/site-packages/airflow/example_dags/example_trigger_target_dag.py took 4.234 seconds
[2022-09-12 00:38:46,223] {scheduler_job.py:182} INFO - Started process (PID=241379) to work on /home/airflow/sandbox/lib/python3.8/site-packages/airflow/example_dags/example_trigger_target_dag.py
[2022-09-12 00:38:46,317] {scheduler_job.py:633} INFO - Processing file /home/airflow/sandbox/lib/python3.8/site-packages/airflow/example_dags/example_trigger_target_dag.py for tasks to queue
[2022-09-12 00:38:46,325] {logging_mixin.py:104} INFO - [2022-09-12 00:38:46,325] {dagbag.py:487} INFO - Filling up the DagBag from /home/airflow/sandbox/lib/python3.8/site-packages/airflow/example_dags/example_trigger_target_dag.py
[2022-09-12 00:38:46,568] {scheduler_job.py:643} INFO - DAG(s) dict_keys(['example_trigger_target_dag']) retrieved from /home/airflow/sandbox/lib/python3.8/site-packages/airflow/example_dags/example_trigger_target_dag.py
[2022-09-12 00:38:47,172] {logging_mixin.py:104} INFO - [2022-09-12 00:38:47,172] {dag.py:1832} INFO - Sync 1 DAGs
[2022-09-12 00:38:47,410] {logging_mixin.py:104} INFO - [2022-09-12 00:38:47,408] {dag.py:2305} INFO - Setting next_dagrun for example_trigger_target_dag to None
[2022-09-12 00:38:47,686] {scheduler_job.py:190} INFO - Processing /home/airflow/sandbox/lib/python3.8/site-packages/airflow/example_dags/example_trigger_target_dag.py took 1.468 seconds
[2022-09-12 00:39:18,151] {scheduler_job.py:182} INFO - Started process (PID=241600) to work on /home/airflow/sandbox/lib/python3.8/site-packages/airflow/example_dags/example_trigger_target_dag.py
[2022-09-12 00:39:18,165] {scheduler_job.py:633} INFO - Processing file /home/airflow/sandbox/lib/python3.8/site-packages/airflow/example_dags/example_trigger_target_dag.py for tasks to queue
[2022-09-12 00:39:18,167] {logging_mixin.py:104} INFO - [2022-09-12 00:39:18,166] {dagbag.py:487} INFO - Filling up the DagBag from /home/airflow/sandbox/lib/python3.8/site-packages/airflow/example_dags/example_trigger_target_dag.py
[2022-09-12 00:39:18,223] {scheduler_job.py:643} INFO - DAG(s) dict_keys(['example_trigger_target_dag']) retrieved from /home/airflow/sandbox/lib/python3.8/site-packages/airflow/example_dags/example_trigger_target_dag.py
[2022-09-12 00:39:18,356] {logging_mixin.py:104} INFO - [2022-09-12 00:39:18,355] {dag.py:1832} INFO - Sync 1 DAGs
[2022-09-12 00:39:18,385] {logging_mixin.py:104} INFO - [2022-09-12 00:39:18,385] {dag.py:2305} INFO - Setting next_dagrun for example_trigger_target_dag to None
[2022-09-12 00:39:18,400] {scheduler_job.py:190} INFO - Processing /home/airflow/sandbox/lib/python3.8/site-packages/airflow/example_dags/example_trigger_target_dag.py took 0.263 seconds
[2022-09-12 00:39:49,379] {scheduler_job.py:182} INFO - Started process (PID=241830) to work on /home/airflow/sandbox/lib/python3.8/site-packages/airflow/example_dags/example_trigger_target_dag.py
[2022-09-12 00:39:49,381] {scheduler_job.py:633} INFO - Processing file /home/airflow/sandbox/lib/python3.8/site-packages/airflow/example_dags/example_trigger_target_dag.py for tasks to queue
[2022-09-12 00:39:49,382] {logging_mixin.py:104} INFO - [2022-09-12 00:39:49,382] {dagbag.py:487} INFO - Filling up the DagBag from /home/airflow/sandbox/lib/python3.8/site-packages/airflow/example_dags/example_trigger_target_dag.py
[2022-09-12 00:39:49,396] {scheduler_job.py:643} INFO - DAG(s) dict_keys(['example_trigger_target_dag']) retrieved from /home/airflow/sandbox/lib/python3.8/site-packages/airflow/example_dags/example_trigger_target_dag.py
[2022-09-12 00:39:49,420] {logging_mixin.py:104} INFO - [2022-09-12 00:39:49,420] {dag.py:1832} INFO - Sync 1 DAGs
[2022-09-12 00:39:49,434] {logging_mixin.py:104} INFO - [2022-09-12 00:39:49,434] {dag.py:2305} INFO - Setting next_dagrun for example_trigger_target_dag to None
[2022-09-12 00:39:49,447] {scheduler_job.py:190} INFO - Processing /home/airflow/sandbox/lib/python3.8/site-packages/airflow/example_dags/example_trigger_target_dag.py took 0.080 seconds
[2022-09-12 00:40:19,921] {scheduler_job.py:182} INFO - Started process (PID=242308) to work on /home/airflow/sandbox/lib/python3.8/site-packages/airflow/example_dags/example_trigger_target_dag.py
[2022-09-12 00:40:19,940] {scheduler_job.py:633} INFO - Processing file /home/airflow/sandbox/lib/python3.8/site-packages/airflow/example_dags/example_trigger_target_dag.py for tasks to queue
[2022-09-12 00:40:19,953] {logging_mixin.py:104} INFO - [2022-09-12 00:40:19,951] {dagbag.py:487} INFO - Filling up the DagBag from /home/airflow/sandbox/lib/python3.8/site-packages/airflow/example_dags/example_trigger_target_dag.py
[2022-09-12 00:40:19,992] {scheduler_job.py:643} INFO - DAG(s) dict_keys(['example_trigger_target_dag']) retrieved from /home/airflow/sandbox/lib/python3.8/site-packages/airflow/example_dags/example_trigger_target_dag.py
[2022-09-12 00:40:20,050] {logging_mixin.py:104} INFO - [2022-09-12 00:40:20,050] {dag.py:1832} INFO - Sync 1 DAGs
[2022-09-12 00:40:20,116] {logging_mixin.py:104} INFO - [2022-09-12 00:40:20,115] {dag.py:2305} INFO - Setting next_dagrun for example_trigger_target_dag to None
[2022-09-12 00:40:20,143] {scheduler_job.py:190} INFO - Processing /home/airflow/sandbox/lib/python3.8/site-packages/airflow/example_dags/example_trigger_target_dag.py took 0.226 seconds
[2022-09-12 00:40:50,344] {scheduler_job.py:182} INFO - Started process (PID=242562) to work on /home/airflow/sandbox/lib/python3.8/site-packages/airflow/example_dags/example_trigger_target_dag.py
[2022-09-12 00:40:50,345] {scheduler_job.py:633} INFO - Processing file /home/airflow/sandbox/lib/python3.8/site-packages/airflow/example_dags/example_trigger_target_dag.py for tasks to queue
[2022-09-12 00:40:50,354] {logging_mixin.py:104} INFO - [2022-09-12 00:40:50,354] {dagbag.py:487} INFO - Filling up the DagBag from /home/airflow/sandbox/lib/python3.8/site-packages/airflow/example_dags/example_trigger_target_dag.py
[2022-09-12 00:40:50,361] {scheduler_job.py:643} INFO - DAG(s) dict_keys(['example_trigger_target_dag']) retrieved from /home/airflow/sandbox/lib/python3.8/site-packages/airflow/example_dags/example_trigger_target_dag.py
[2022-09-12 00:40:50,521] {logging_mixin.py:104} INFO - [2022-09-12 00:40:50,521] {dag.py:1832} INFO - Sync 1 DAGs
[2022-09-12 00:40:50,571] {logging_mixin.py:104} INFO - [2022-09-12 00:40:50,570] {dag.py:2305} INFO - Setting next_dagrun for example_trigger_target_dag to None
[2022-09-12 00:40:50,608] {scheduler_job.py:190} INFO - Processing /home/airflow/sandbox/lib/python3.8/site-packages/airflow/example_dags/example_trigger_target_dag.py took 0.289 seconds
[2022-09-12 00:41:21,553] {scheduler_job.py:182} INFO - Started process (PID=242906) to work on /home/airflow/sandbox/lib/python3.8/site-packages/airflow/example_dags/example_trigger_target_dag.py
[2022-09-12 00:41:21,563] {scheduler_job.py:633} INFO - Processing file /home/airflow/sandbox/lib/python3.8/site-packages/airflow/example_dags/example_trigger_target_dag.py for tasks to queue
[2022-09-12 00:41:21,568] {logging_mixin.py:104} INFO - [2022-09-12 00:41:21,567] {dagbag.py:487} INFO - Filling up the DagBag from /home/airflow/sandbox/lib/python3.8/site-packages/airflow/example_dags/example_trigger_target_dag.py
[2022-09-12 00:41:21,666] {scheduler_job.py:643} INFO - DAG(s) dict_keys(['example_trigger_target_dag']) retrieved from /home/airflow/sandbox/lib/python3.8/site-packages/airflow/example_dags/example_trigger_target_dag.py
[2022-09-12 00:41:21,833] {logging_mixin.py:104} INFO - [2022-09-12 00:41:21,833] {dag.py:1832} INFO - Sync 1 DAGs
[2022-09-12 00:41:21,862] {logging_mixin.py:104} INFO - [2022-09-12 00:41:21,862] {dag.py:2305} INFO - Setting next_dagrun for example_trigger_target_dag to None
[2022-09-12 00:41:21,876] {scheduler_job.py:190} INFO - Processing /home/airflow/sandbox/lib/python3.8/site-packages/airflow/example_dags/example_trigger_target_dag.py took 0.327 seconds
[2022-09-12 00:41:51,939] {scheduler_job.py:182} INFO - Started process (PID=243221) to work on /home/airflow/sandbox/lib/python3.8/site-packages/airflow/example_dags/example_trigger_target_dag.py
[2022-09-12 00:41:51,940] {scheduler_job.py:633} INFO - Processing file /home/airflow/sandbox/lib/python3.8/site-packages/airflow/example_dags/example_trigger_target_dag.py for tasks to queue
[2022-09-12 00:41:51,940] {logging_mixin.py:104} INFO - [2022-09-12 00:41:51,940] {dagbag.py:487} INFO - Filling up the DagBag from /home/airflow/sandbox/lib/python3.8/site-packages/airflow/example_dags/example_trigger_target_dag.py
[2022-09-12 00:41:51,948] {scheduler_job.py:643} INFO - DAG(s) dict_keys(['example_trigger_target_dag']) retrieved from /home/airflow/sandbox/lib/python3.8/site-packages/airflow/example_dags/example_trigger_target_dag.py
[2022-09-12 00:41:51,971] {logging_mixin.py:104} INFO - [2022-09-12 00:41:51,971] {dag.py:1832} INFO - Sync 1 DAGs
[2022-09-12 00:41:51,982] {logging_mixin.py:104} INFO - [2022-09-12 00:41:51,982] {dag.py:2305} INFO - Setting next_dagrun for example_trigger_target_dag to None
[2022-09-12 00:41:51,995] {scheduler_job.py:190} INFO - Processing /home/airflow/sandbox/lib/python3.8/site-packages/airflow/example_dags/example_trigger_target_dag.py took 0.061 seconds
[2022-09-12 00:42:22,168] {scheduler_job.py:182} INFO - Started process (PID=243732) to work on /home/airflow/sandbox/lib/python3.8/site-packages/airflow/example_dags/example_trigger_target_dag.py
[2022-09-12 00:42:22,182] {scheduler_job.py:633} INFO - Processing file /home/airflow/sandbox/lib/python3.8/site-packages/airflow/example_dags/example_trigger_target_dag.py for tasks to queue
[2022-09-12 00:42:22,182] {logging_mixin.py:104} INFO - [2022-09-12 00:42:22,182] {dagbag.py:487} INFO - Filling up the DagBag from /home/airflow/sandbox/lib/python3.8/site-packages/airflow/example_dags/example_trigger_target_dag.py
[2022-09-12 00:42:22,205] {scheduler_job.py:643} INFO - DAG(s) dict_keys(['example_trigger_target_dag']) retrieved from /home/airflow/sandbox/lib/python3.8/site-packages/airflow/example_dags/example_trigger_target_dag.py
[2022-09-12 00:42:22,233] {logging_mixin.py:104} INFO - [2022-09-12 00:42:22,233] {dag.py:1832} INFO - Sync 1 DAGs
[2022-09-12 00:42:22,265] {logging_mixin.py:104} INFO - [2022-09-12 00:42:22,264] {dag.py:2305} INFO - Setting next_dagrun for example_trigger_target_dag to None
[2022-09-12 00:42:22,295] {scheduler_job.py:190} INFO - Processing /home/airflow/sandbox/lib/python3.8/site-packages/airflow/example_dags/example_trigger_target_dag.py took 0.132 seconds
[2022-09-12 00:42:53,078] {scheduler_job.py:182} INFO - Started process (PID=244106) to work on /home/airflow/sandbox/lib/python3.8/site-packages/airflow/example_dags/example_trigger_target_dag.py
[2022-09-12 00:42:53,090] {scheduler_job.py:633} INFO - Processing file /home/airflow/sandbox/lib/python3.8/site-packages/airflow/example_dags/example_trigger_target_dag.py for tasks to queue
[2022-09-12 00:42:53,091] {logging_mixin.py:104} INFO - [2022-09-12 00:42:53,091] {dagbag.py:487} INFO - Filling up the DagBag from /home/airflow/sandbox/lib/python3.8/site-packages/airflow/example_dags/example_trigger_target_dag.py
[2022-09-12 00:42:53,109] {scheduler_job.py:643} INFO - DAG(s) dict_keys(['example_trigger_target_dag']) retrieved from /home/airflow/sandbox/lib/python3.8/site-packages/airflow/example_dags/example_trigger_target_dag.py
[2022-09-12 00:42:53,149] {logging_mixin.py:104} INFO - [2022-09-12 00:42:53,149] {dag.py:1832} INFO - Sync 1 DAGs
[2022-09-12 00:42:53,169] {logging_mixin.py:104} INFO - [2022-09-12 00:42:53,169] {dag.py:2305} INFO - Setting next_dagrun for example_trigger_target_dag to None
[2022-09-12 00:42:53,185] {scheduler_job.py:190} INFO - Processing /home/airflow/sandbox/lib/python3.8/site-packages/airflow/example_dags/example_trigger_target_dag.py took 0.112 seconds
