[2022-09-12 00:37:12,105] {scheduler_job.py:182} INFO - Started process (PID=240487) to work on /home/airflow/sandbox/lib/python3.8/site-packages/airflow/example_dags/example_branch_datetime_operator.py
[2022-09-12 00:37:12,541] {scheduler_job.py:633} INFO - Processing file /home/airflow/sandbox/lib/python3.8/site-packages/airflow/example_dags/example_branch_datetime_operator.py for tasks to queue
[2022-09-12 00:37:12,542] {logging_mixin.py:104} INFO - [2022-09-12 00:37:12,542] {dagbag.py:487} INFO - Filling up the DagBag from /home/airflow/sandbox/lib/python3.8/site-packages/airflow/example_dags/example_branch_datetime_operator.py
[2022-09-12 00:37:13,165] {scheduler_job.py:643} INFO - DAG(s) dict_keys(['example_branch_datetime_operator_2']) retrieved from /home/airflow/sandbox/lib/python3.8/site-packages/airflow/example_dags/example_branch_datetime_operator.py
[2022-09-12 00:37:30,582] {logging_mixin.py:104} INFO - [2022-09-12 00:37:30,582] {dag.py:1832} INFO - Sync 1 DAGs
[2022-09-12 00:37:31,088] {logging_mixin.py:104} INFO - [2022-09-12 00:37:31,088] {dag.py:2305} INFO - Setting next_dagrun for example_branch_datetime_operator_2 to 2022-09-10 00:00:00+00:00
[2022-09-12 00:37:31,386] {scheduler_job.py:190} INFO - Processing /home/airflow/sandbox/lib/python3.8/site-packages/airflow/example_dags/example_branch_datetime_operator.py took 19.618 seconds
[2022-09-12 00:38:33,066] {scheduler_job.py:182} INFO - Started process (PID=241193) to work on /home/airflow/sandbox/lib/python3.8/site-packages/airflow/example_dags/example_branch_datetime_operator.py
[2022-09-12 00:38:33,092] {scheduler_job.py:633} INFO - Processing file /home/airflow/sandbox/lib/python3.8/site-packages/airflow/example_dags/example_branch_datetime_operator.py for tasks to queue
[2022-09-12 00:38:33,111] {logging_mixin.py:104} INFO - [2022-09-12 00:38:33,111] {dagbag.py:487} INFO - Filling up the DagBag from /home/airflow/sandbox/lib/python3.8/site-packages/airflow/example_dags/example_branch_datetime_operator.py
[2022-09-12 00:38:33,159] {scheduler_job.py:643} INFO - DAG(s) dict_keys(['example_branch_datetime_operator_2']) retrieved from /home/airflow/sandbox/lib/python3.8/site-packages/airflow/example_dags/example_branch_datetime_operator.py
[2022-09-12 00:38:33,325] {logging_mixin.py:104} INFO - [2022-09-12 00:38:33,324] {dag.py:1832} INFO - Sync 1 DAGs
[2022-09-12 00:38:33,428] {logging_mixin.py:104} INFO - [2022-09-12 00:38:33,428] {dag.py:2305} INFO - Setting next_dagrun for example_branch_datetime_operator_2 to 2022-09-10 00:00:00+00:00
[2022-09-12 00:38:33,570] {scheduler_job.py:190} INFO - Processing /home/airflow/sandbox/lib/python3.8/site-packages/airflow/example_dags/example_branch_datetime_operator.py took 0.507 seconds
[2022-09-12 00:39:04,538] {scheduler_job.py:182} INFO - Started process (PID=241492) to work on /home/airflow/sandbox/lib/python3.8/site-packages/airflow/example_dags/example_branch_datetime_operator.py
[2022-09-12 00:39:04,553] {scheduler_job.py:633} INFO - Processing file /home/airflow/sandbox/lib/python3.8/site-packages/airflow/example_dags/example_branch_datetime_operator.py for tasks to queue
[2022-09-12 00:39:04,554] {logging_mixin.py:104} INFO - [2022-09-12 00:39:04,554] {dagbag.py:487} INFO - Filling up the DagBag from /home/airflow/sandbox/lib/python3.8/site-packages/airflow/example_dags/example_branch_datetime_operator.py
[2022-09-12 00:39:04,561] {scheduler_job.py:643} INFO - DAG(s) dict_keys(['example_branch_datetime_operator_2']) retrieved from /home/airflow/sandbox/lib/python3.8/site-packages/airflow/example_dags/example_branch_datetime_operator.py
[2022-09-12 00:39:04,604] {logging_mixin.py:104} INFO - [2022-09-12 00:39:04,604] {dag.py:1832} INFO - Sync 1 DAGs
[2022-09-12 00:39:04,631] {logging_mixin.py:104} INFO - [2022-09-12 00:39:04,631] {dag.py:2305} INFO - Setting next_dagrun for example_branch_datetime_operator_2 to 2022-09-10 00:00:00+00:00
[2022-09-12 00:39:04,653] {scheduler_job.py:190} INFO - Processing /home/airflow/sandbox/lib/python3.8/site-packages/airflow/example_dags/example_branch_datetime_operator.py took 0.120 seconds
[2022-09-12 00:39:34,754] {scheduler_job.py:182} INFO - Started process (PID=241712) to work on /home/airflow/sandbox/lib/python3.8/site-packages/airflow/example_dags/example_branch_datetime_operator.py
[2022-09-12 00:39:34,755] {scheduler_job.py:633} INFO - Processing file /home/airflow/sandbox/lib/python3.8/site-packages/airflow/example_dags/example_branch_datetime_operator.py for tasks to queue
[2022-09-12 00:39:34,762] {logging_mixin.py:104} INFO - [2022-09-12 00:39:34,761] {dagbag.py:487} INFO - Filling up the DagBag from /home/airflow/sandbox/lib/python3.8/site-packages/airflow/example_dags/example_branch_datetime_operator.py
[2022-09-12 00:39:34,773] {scheduler_job.py:643} INFO - DAG(s) dict_keys(['example_branch_datetime_operator_2']) retrieved from /home/airflow/sandbox/lib/python3.8/site-packages/airflow/example_dags/example_branch_datetime_operator.py
[2022-09-12 00:39:34,829] {logging_mixin.py:104} INFO - [2022-09-12 00:39:34,829] {dag.py:1832} INFO - Sync 1 DAGs
[2022-09-12 00:39:34,865] {logging_mixin.py:104} INFO - [2022-09-12 00:39:34,865] {dag.py:2305} INFO - Setting next_dagrun for example_branch_datetime_operator_2 to 2022-09-10 00:00:00+00:00
[2022-09-12 00:39:34,887] {scheduler_job.py:190} INFO - Processing /home/airflow/sandbox/lib/python3.8/site-packages/airflow/example_dags/example_branch_datetime_operator.py took 0.146 seconds
[2022-09-12 00:40:05,121] {scheduler_job.py:182} INFO - Started process (PID=241938) to work on /home/airflow/sandbox/lib/python3.8/site-packages/airflow/example_dags/example_branch_datetime_operator.py
[2022-09-12 00:40:05,123] {scheduler_job.py:633} INFO - Processing file /home/airflow/sandbox/lib/python3.8/site-packages/airflow/example_dags/example_branch_datetime_operator.py for tasks to queue
[2022-09-12 00:40:05,124] {logging_mixin.py:104} INFO - [2022-09-12 00:40:05,124] {dagbag.py:487} INFO - Filling up the DagBag from /home/airflow/sandbox/lib/python3.8/site-packages/airflow/example_dags/example_branch_datetime_operator.py
[2022-09-12 00:40:05,152] {scheduler_job.py:643} INFO - DAG(s) dict_keys(['example_branch_datetime_operator_2']) retrieved from /home/airflow/sandbox/lib/python3.8/site-packages/airflow/example_dags/example_branch_datetime_operator.py
[2022-09-12 00:40:05,195] {logging_mixin.py:104} INFO - [2022-09-12 00:40:05,195] {dag.py:1832} INFO - Sync 1 DAGs
[2022-09-12 00:40:05,226] {logging_mixin.py:104} INFO - [2022-09-12 00:40:05,225] {dag.py:2305} INFO - Setting next_dagrun for example_branch_datetime_operator_2 to 2022-09-10 00:00:00+00:00
[2022-09-12 00:40:05,255] {scheduler_job.py:190} INFO - Processing /home/airflow/sandbox/lib/python3.8/site-packages/airflow/example_dags/example_branch_datetime_operator.py took 0.144 seconds
[2022-09-12 00:40:36,000] {scheduler_job.py:182} INFO - Started process (PID=242413) to work on /home/airflow/sandbox/lib/python3.8/site-packages/airflow/example_dags/example_branch_datetime_operator.py
[2022-09-12 00:40:36,018] {scheduler_job.py:633} INFO - Processing file /home/airflow/sandbox/lib/python3.8/site-packages/airflow/example_dags/example_branch_datetime_operator.py for tasks to queue
[2022-09-12 00:40:36,025] {logging_mixin.py:104} INFO - [2022-09-12 00:40:36,025] {dagbag.py:487} INFO - Filling up the DagBag from /home/airflow/sandbox/lib/python3.8/site-packages/airflow/example_dags/example_branch_datetime_operator.py
[2022-09-12 00:40:36,069] {scheduler_job.py:643} INFO - DAG(s) dict_keys(['example_branch_datetime_operator_2']) retrieved from /home/airflow/sandbox/lib/python3.8/site-packages/airflow/example_dags/example_branch_datetime_operator.py
[2022-09-12 00:40:36,172] {logging_mixin.py:104} INFO - [2022-09-12 00:40:36,172] {dag.py:1832} INFO - Sync 1 DAGs
[2022-09-12 00:40:36,233] {logging_mixin.py:104} INFO - [2022-09-12 00:40:36,233] {dag.py:2305} INFO - Setting next_dagrun for example_branch_datetime_operator_2 to 2022-09-10 00:00:00+00:00
[2022-09-12 00:40:36,280] {scheduler_job.py:190} INFO - Processing /home/airflow/sandbox/lib/python3.8/site-packages/airflow/example_dags/example_branch_datetime_operator.py took 0.285 seconds
[2022-09-12 00:41:07,027] {scheduler_job.py:182} INFO - Started process (PID=242729) to work on /home/airflow/sandbox/lib/python3.8/site-packages/airflow/example_dags/example_branch_datetime_operator.py
[2022-09-12 00:41:07,032] {scheduler_job.py:633} INFO - Processing file /home/airflow/sandbox/lib/python3.8/site-packages/airflow/example_dags/example_branch_datetime_operator.py for tasks to queue
[2022-09-12 00:41:07,032] {logging_mixin.py:104} INFO - [2022-09-12 00:41:07,032] {dagbag.py:487} INFO - Filling up the DagBag from /home/airflow/sandbox/lib/python3.8/site-packages/airflow/example_dags/example_branch_datetime_operator.py
[2022-09-12 00:41:07,039] {scheduler_job.py:643} INFO - DAG(s) dict_keys(['example_branch_datetime_operator_2']) retrieved from /home/airflow/sandbox/lib/python3.8/site-packages/airflow/example_dags/example_branch_datetime_operator.py
[2022-09-12 00:41:07,097] {logging_mixin.py:104} INFO - [2022-09-12 00:41:07,097] {dag.py:1832} INFO - Sync 1 DAGs
[2022-09-12 00:41:07,128] {logging_mixin.py:104} INFO - [2022-09-12 00:41:07,128] {dag.py:2305} INFO - Setting next_dagrun for example_branch_datetime_operator_2 to 2022-09-10 00:00:00+00:00
[2022-09-12 00:41:07,149] {scheduler_job.py:190} INFO - Processing /home/airflow/sandbox/lib/python3.8/site-packages/airflow/example_dags/example_branch_datetime_operator.py took 0.125 seconds
[2022-09-12 00:41:37,212] {scheduler_job.py:182} INFO - Started process (PID=243101) to work on /home/airflow/sandbox/lib/python3.8/site-packages/airflow/example_dags/example_branch_datetime_operator.py
[2022-09-12 00:41:37,221] {scheduler_job.py:633} INFO - Processing file /home/airflow/sandbox/lib/python3.8/site-packages/airflow/example_dags/example_branch_datetime_operator.py for tasks to queue
[2022-09-12 00:41:37,222] {logging_mixin.py:104} INFO - [2022-09-12 00:41:37,222] {dagbag.py:487} INFO - Filling up the DagBag from /home/airflow/sandbox/lib/python3.8/site-packages/airflow/example_dags/example_branch_datetime_operator.py
[2022-09-12 00:41:37,230] {scheduler_job.py:643} INFO - DAG(s) dict_keys(['example_branch_datetime_operator_2']) retrieved from /home/airflow/sandbox/lib/python3.8/site-packages/airflow/example_dags/example_branch_datetime_operator.py
[2022-09-12 00:41:37,257] {logging_mixin.py:104} INFO - [2022-09-12 00:41:37,257] {dag.py:1832} INFO - Sync 1 DAGs
[2022-09-12 00:41:37,276] {logging_mixin.py:104} INFO - [2022-09-12 00:41:37,275] {dag.py:2305} INFO - Setting next_dagrun for example_branch_datetime_operator_2 to 2022-09-10 00:00:00+00:00
[2022-09-12 00:41:37,288] {scheduler_job.py:190} INFO - Processing /home/airflow/sandbox/lib/python3.8/site-packages/airflow/example_dags/example_branch_datetime_operator.py took 0.082 seconds
[2022-09-12 00:42:07,802] {scheduler_job.py:182} INFO - Started process (PID=243401) to work on /home/airflow/sandbox/lib/python3.8/site-packages/airflow/example_dags/example_branch_datetime_operator.py
[2022-09-12 00:42:07,808] {scheduler_job.py:633} INFO - Processing file /home/airflow/sandbox/lib/python3.8/site-packages/airflow/example_dags/example_branch_datetime_operator.py for tasks to queue
[2022-09-12 00:42:07,811] {logging_mixin.py:104} INFO - [2022-09-12 00:42:07,809] {dagbag.py:487} INFO - Filling up the DagBag from /home/airflow/sandbox/lib/python3.8/site-packages/airflow/example_dags/example_branch_datetime_operator.py
[2022-09-12 00:42:07,817] {scheduler_job.py:643} INFO - DAG(s) dict_keys(['example_branch_datetime_operator_2']) retrieved from /home/airflow/sandbox/lib/python3.8/site-packages/airflow/example_dags/example_branch_datetime_operator.py
[2022-09-12 00:42:07,858] {logging_mixin.py:104} INFO - [2022-09-12 00:42:07,857] {dag.py:1832} INFO - Sync 1 DAGs
[2022-09-12 00:42:07,879] {logging_mixin.py:104} INFO - [2022-09-12 00:42:07,878] {dag.py:2305} INFO - Setting next_dagrun for example_branch_datetime_operator_2 to 2022-09-10 00:00:00+00:00
[2022-09-12 00:42:07,898] {scheduler_job.py:190} INFO - Processing /home/airflow/sandbox/lib/python3.8/site-packages/airflow/example_dags/example_branch_datetime_operator.py took 0.101 seconds
[2022-09-12 00:42:38,228] {scheduler_job.py:182} INFO - Started process (PID=243965) to work on /home/airflow/sandbox/lib/python3.8/site-packages/airflow/example_dags/example_branch_datetime_operator.py
[2022-09-12 00:42:38,236] {scheduler_job.py:633} INFO - Processing file /home/airflow/sandbox/lib/python3.8/site-packages/airflow/example_dags/example_branch_datetime_operator.py for tasks to queue
[2022-09-12 00:42:38,238] {logging_mixin.py:104} INFO - [2022-09-12 00:42:38,238] {dagbag.py:487} INFO - Filling up the DagBag from /home/airflow/sandbox/lib/python3.8/site-packages/airflow/example_dags/example_branch_datetime_operator.py
[2022-09-12 00:42:38,252] {scheduler_job.py:643} INFO - DAG(s) dict_keys(['example_branch_datetime_operator_2']) retrieved from /home/airflow/sandbox/lib/python3.8/site-packages/airflow/example_dags/example_branch_datetime_operator.py
[2022-09-12 00:42:38,278] {logging_mixin.py:104} INFO - [2022-09-12 00:42:38,278] {dag.py:1832} INFO - Sync 1 DAGs
[2022-09-12 00:42:38,295] {logging_mixin.py:104} INFO - [2022-09-12 00:42:38,295] {dag.py:2305} INFO - Setting next_dagrun for example_branch_datetime_operator_2 to 2022-09-10 00:00:00+00:00
[2022-09-12 00:42:38,308] {scheduler_job.py:190} INFO - Processing /home/airflow/sandbox/lib/python3.8/site-packages/airflow/example_dags/example_branch_datetime_operator.py took 0.091 seconds
[2022-09-12 00:43:09,222] {scheduler_job.py:182} INFO - Started process (PID=244263) to work on /home/airflow/sandbox/lib/python3.8/site-packages/airflow/example_dags/example_branch_datetime_operator.py
[2022-09-12 00:43:09,228] {scheduler_job.py:633} INFO - Processing file /home/airflow/sandbox/lib/python3.8/site-packages/airflow/example_dags/example_branch_datetime_operator.py for tasks to queue
[2022-09-12 00:43:09,233] {logging_mixin.py:104} INFO - [2022-09-12 00:43:09,233] {dagbag.py:487} INFO - Filling up the DagBag from /home/airflow/sandbox/lib/python3.8/site-packages/airflow/example_dags/example_branch_datetime_operator.py
[2022-09-12 00:43:09,259] {scheduler_job.py:643} INFO - DAG(s) dict_keys(['example_branch_datetime_operator_2']) retrieved from /home/airflow/sandbox/lib/python3.8/site-packages/airflow/example_dags/example_branch_datetime_operator.py
[2022-09-12 00:43:09,328] {logging_mixin.py:104} INFO - [2022-09-12 00:43:09,328] {dag.py:1832} INFO - Sync 1 DAGs
[2022-09-12 00:43:09,361] {logging_mixin.py:104} INFO - [2022-09-12 00:43:09,361] {dag.py:2305} INFO - Setting next_dagrun for example_branch_datetime_operator_2 to 2022-09-10 00:00:00+00:00
[2022-09-12 00:43:09,377] {scheduler_job.py:190} INFO - Processing /home/airflow/sandbox/lib/python3.8/site-packages/airflow/example_dags/example_branch_datetime_operator.py took 0.159 seconds
