[2022-09-12 00:38:15,033] {scheduler_job.py:182} INFO - Started process (PID=240981) to work on /home/airflow/sandbox/lib/python3.8/site-packages/airflow/example_dags/example_dag_decorator.py
[2022-09-12 00:38:15,124] {scheduler_job.py:633} INFO - Processing file /home/airflow/sandbox/lib/python3.8/site-packages/airflow/example_dags/example_dag_decorator.py for tasks to queue
[2022-09-12 00:38:15,124] {logging_mixin.py:104} INFO - [2022-09-12 00:38:15,124] {dagbag.py:487} INFO - Filling up the DagBag from /home/airflow/sandbox/lib/python3.8/site-packages/airflow/example_dags/example_dag_decorator.py
[2022-09-12 00:38:15,225] {scheduler_job.py:643} INFO - DAG(s) dict_keys(['example_dag_decorator']) retrieved from /home/airflow/sandbox/lib/python3.8/site-packages/airflow/example_dags/example_dag_decorator.py
[2022-09-12 00:38:18,177] {logging_mixin.py:104} INFO - [2022-09-12 00:38:18,177] {dag.py:1832} INFO - Sync 1 DAGs
[2022-09-12 00:38:18,309] {logging_mixin.py:104} INFO - [2022-09-12 00:38:18,309] {dag.py:2305} INFO - Setting next_dagrun for example_dag_decorator to None
[2022-09-12 00:38:18,395] {scheduler_job.py:190} INFO - Processing /home/airflow/sandbox/lib/python3.8/site-packages/airflow/example_dags/example_dag_decorator.py took 3.366 seconds
[2022-09-12 00:38:49,037] {scheduler_job.py:182} INFO - Started process (PID=241387) to work on /home/airflow/sandbox/lib/python3.8/site-packages/airflow/example_dags/example_dag_decorator.py
[2022-09-12 00:38:49,040] {scheduler_job.py:633} INFO - Processing file /home/airflow/sandbox/lib/python3.8/site-packages/airflow/example_dags/example_dag_decorator.py for tasks to queue
[2022-09-12 00:38:49,056] {logging_mixin.py:104} INFO - [2022-09-12 00:38:49,056] {dagbag.py:487} INFO - Filling up the DagBag from /home/airflow/sandbox/lib/python3.8/site-packages/airflow/example_dags/example_dag_decorator.py
[2022-09-12 00:38:49,357] {scheduler_job.py:643} INFO - DAG(s) dict_keys(['example_dag_decorator']) retrieved from /home/airflow/sandbox/lib/python3.8/site-packages/airflow/example_dags/example_dag_decorator.py
[2022-09-12 00:38:52,100] {logging_mixin.py:104} INFO - [2022-09-12 00:38:52,100] {dag.py:1832} INFO - Sync 1 DAGs
[2022-09-12 00:38:52,145] {logging_mixin.py:104} INFO - [2022-09-12 00:38:52,145] {dag.py:2305} INFO - Setting next_dagrun for example_dag_decorator to None
[2022-09-12 00:38:52,198] {scheduler_job.py:190} INFO - Processing /home/airflow/sandbox/lib/python3.8/site-packages/airflow/example_dags/example_dag_decorator.py took 3.338 seconds
[2022-09-12 00:39:22,785] {scheduler_job.py:182} INFO - Started process (PID=241628) to work on /home/airflow/sandbox/lib/python3.8/site-packages/airflow/example_dags/example_dag_decorator.py
[2022-09-12 00:39:22,799] {scheduler_job.py:633} INFO - Processing file /home/airflow/sandbox/lib/python3.8/site-packages/airflow/example_dags/example_dag_decorator.py for tasks to queue
[2022-09-12 00:39:22,805] {logging_mixin.py:104} INFO - [2022-09-12 00:39:22,805] {dagbag.py:487} INFO - Filling up the DagBag from /home/airflow/sandbox/lib/python3.8/site-packages/airflow/example_dags/example_dag_decorator.py
[2022-09-12 00:39:22,837] {scheduler_job.py:643} INFO - DAG(s) dict_keys(['example_dag_decorator']) retrieved from /home/airflow/sandbox/lib/python3.8/site-packages/airflow/example_dags/example_dag_decorator.py
[2022-09-12 00:39:23,173] {logging_mixin.py:104} INFO - [2022-09-12 00:39:23,173] {dag.py:1832} INFO - Sync 1 DAGs
[2022-09-12 00:39:23,186] {logging_mixin.py:104} INFO - [2022-09-12 00:39:23,186] {dag.py:2305} INFO - Setting next_dagrun for example_dag_decorator to None
[2022-09-12 00:39:23,203] {scheduler_job.py:190} INFO - Processing /home/airflow/sandbox/lib/python3.8/site-packages/airflow/example_dags/example_dag_decorator.py took 0.421 seconds
[2022-09-12 00:39:53,453] {scheduler_job.py:182} INFO - Started process (PID=241854) to work on /home/airflow/sandbox/lib/python3.8/site-packages/airflow/example_dags/example_dag_decorator.py
[2022-09-12 00:39:53,465] {scheduler_job.py:633} INFO - Processing file /home/airflow/sandbox/lib/python3.8/site-packages/airflow/example_dags/example_dag_decorator.py for tasks to queue
[2022-09-12 00:39:53,466] {logging_mixin.py:104} INFO - [2022-09-12 00:39:53,466] {dagbag.py:487} INFO - Filling up the DagBag from /home/airflow/sandbox/lib/python3.8/site-packages/airflow/example_dags/example_dag_decorator.py
[2022-09-12 00:39:53,553] {scheduler_job.py:643} INFO - DAG(s) dict_keys(['example_dag_decorator']) retrieved from /home/airflow/sandbox/lib/python3.8/site-packages/airflow/example_dags/example_dag_decorator.py
[2022-09-12 00:39:54,145] {logging_mixin.py:104} INFO - [2022-09-12 00:39:54,145] {dag.py:1832} INFO - Sync 1 DAGs
[2022-09-12 00:39:54,169] {logging_mixin.py:104} INFO - [2022-09-12 00:39:54,169] {dag.py:2305} INFO - Setting next_dagrun for example_dag_decorator to None
[2022-09-12 00:39:54,201] {scheduler_job.py:190} INFO - Processing /home/airflow/sandbox/lib/python3.8/site-packages/airflow/example_dags/example_dag_decorator.py took 0.752 seconds
[2022-09-12 00:40:24,575] {scheduler_job.py:182} INFO - Started process (PID=242337) to work on /home/airflow/sandbox/lib/python3.8/site-packages/airflow/example_dags/example_dag_decorator.py
[2022-09-12 00:40:24,581] {scheduler_job.py:633} INFO - Processing file /home/airflow/sandbox/lib/python3.8/site-packages/airflow/example_dags/example_dag_decorator.py for tasks to queue
[2022-09-12 00:40:24,594] {logging_mixin.py:104} INFO - [2022-09-12 00:40:24,594] {dagbag.py:487} INFO - Filling up the DagBag from /home/airflow/sandbox/lib/python3.8/site-packages/airflow/example_dags/example_dag_decorator.py
[2022-09-12 00:40:24,656] {scheduler_job.py:643} INFO - DAG(s) dict_keys(['example_dag_decorator']) retrieved from /home/airflow/sandbox/lib/python3.8/site-packages/airflow/example_dags/example_dag_decorator.py
[2022-09-12 00:40:28,321] {logging_mixin.py:104} INFO - [2022-09-12 00:40:28,321] {dag.py:1832} INFO - Sync 1 DAGs
[2022-09-12 00:40:28,456] {logging_mixin.py:104} INFO - [2022-09-12 00:40:28,455] {dag.py:2305} INFO - Setting next_dagrun for example_dag_decorator to None
[2022-09-12 00:40:28,558] {scheduler_job.py:190} INFO - Processing /home/airflow/sandbox/lib/python3.8/site-packages/airflow/example_dags/example_dag_decorator.py took 4.001 seconds
[2022-09-12 00:40:58,886] {scheduler_job.py:182} INFO - Started process (PID=242655) to work on /home/airflow/sandbox/lib/python3.8/site-packages/airflow/example_dags/example_dag_decorator.py
[2022-09-12 00:40:58,894] {scheduler_job.py:633} INFO - Processing file /home/airflow/sandbox/lib/python3.8/site-packages/airflow/example_dags/example_dag_decorator.py for tasks to queue
[2022-09-12 00:40:58,899] {logging_mixin.py:104} INFO - [2022-09-12 00:40:58,899] {dagbag.py:487} INFO - Filling up the DagBag from /home/airflow/sandbox/lib/python3.8/site-packages/airflow/example_dags/example_dag_decorator.py
[2022-09-12 00:40:58,925] {scheduler_job.py:643} INFO - DAG(s) dict_keys(['example_dag_decorator']) retrieved from /home/airflow/sandbox/lib/python3.8/site-packages/airflow/example_dags/example_dag_decorator.py
[2022-09-12 00:40:59,333] {logging_mixin.py:104} INFO - [2022-09-12 00:40:59,333] {dag.py:1832} INFO - Sync 1 DAGs
[2022-09-12 00:40:59,346] {logging_mixin.py:104} INFO - [2022-09-12 00:40:59,346] {dag.py:2305} INFO - Setting next_dagrun for example_dag_decorator to None
[2022-09-12 00:40:59,363] {scheduler_job.py:190} INFO - Processing /home/airflow/sandbox/lib/python3.8/site-packages/airflow/example_dags/example_dag_decorator.py took 0.482 seconds
[2022-09-12 00:41:30,353] {scheduler_job.py:182} INFO - Started process (PID=242985) to work on /home/airflow/sandbox/lib/python3.8/site-packages/airflow/example_dags/example_dag_decorator.py
[2022-09-12 00:41:30,367] {scheduler_job.py:633} INFO - Processing file /home/airflow/sandbox/lib/python3.8/site-packages/airflow/example_dags/example_dag_decorator.py for tasks to queue
[2022-09-12 00:41:30,371] {logging_mixin.py:104} INFO - [2022-09-12 00:41:30,371] {dagbag.py:487} INFO - Filling up the DagBag from /home/airflow/sandbox/lib/python3.8/site-packages/airflow/example_dags/example_dag_decorator.py
[2022-09-12 00:41:30,395] {scheduler_job.py:643} INFO - DAG(s) dict_keys(['example_dag_decorator']) retrieved from /home/airflow/sandbox/lib/python3.8/site-packages/airflow/example_dags/example_dag_decorator.py
[2022-09-12 00:41:31,292] {logging_mixin.py:104} INFO - [2022-09-12 00:41:31,292] {dag.py:1832} INFO - Sync 1 DAGs
[2022-09-12 00:41:31,353] {logging_mixin.py:104} INFO - [2022-09-12 00:41:31,353] {dag.py:2305} INFO - Setting next_dagrun for example_dag_decorator to None
[2022-09-12 00:41:31,598] {scheduler_job.py:190} INFO - Processing /home/airflow/sandbox/lib/python3.8/site-packages/airflow/example_dags/example_dag_decorator.py took 1.248 seconds
[2022-09-12 00:42:01,704] {scheduler_job.py:182} INFO - Started process (PID=243336) to work on /home/airflow/sandbox/lib/python3.8/site-packages/airflow/example_dags/example_dag_decorator.py
[2022-09-12 00:42:01,707] {scheduler_job.py:633} INFO - Processing file /home/airflow/sandbox/lib/python3.8/site-packages/airflow/example_dags/example_dag_decorator.py for tasks to queue
[2022-09-12 00:42:01,710] {logging_mixin.py:104} INFO - [2022-09-12 00:42:01,710] {dagbag.py:487} INFO - Filling up the DagBag from /home/airflow/sandbox/lib/python3.8/site-packages/airflow/example_dags/example_dag_decorator.py
[2022-09-12 00:42:01,733] {scheduler_job.py:643} INFO - DAG(s) dict_keys(['example_dag_decorator']) retrieved from /home/airflow/sandbox/lib/python3.8/site-packages/airflow/example_dags/example_dag_decorator.py
[2022-09-12 00:42:06,417] {logging_mixin.py:104} INFO - [2022-09-12 00:42:06,417] {dag.py:1832} INFO - Sync 1 DAGs
[2022-09-12 00:42:06,565] {logging_mixin.py:104} INFO - [2022-09-12 00:42:06,565] {dag.py:2305} INFO - Setting next_dagrun for example_dag_decorator to None
[2022-09-12 00:42:06,679] {scheduler_job.py:190} INFO - Processing /home/airflow/sandbox/lib/python3.8/site-packages/airflow/example_dags/example_dag_decorator.py took 4.979 seconds
[2022-09-12 00:42:36,797] {scheduler_job.py:182} INFO - Started process (PID=243919) to work on /home/airflow/sandbox/lib/python3.8/site-packages/airflow/example_dags/example_dag_decorator.py
[2022-09-12 00:42:36,805] {scheduler_job.py:633} INFO - Processing file /home/airflow/sandbox/lib/python3.8/site-packages/airflow/example_dags/example_dag_decorator.py for tasks to queue
[2022-09-12 00:42:36,812] {logging_mixin.py:104} INFO - [2022-09-12 00:42:36,812] {dagbag.py:487} INFO - Filling up the DagBag from /home/airflow/sandbox/lib/python3.8/site-packages/airflow/example_dags/example_dag_decorator.py
[2022-09-12 00:42:36,842] {scheduler_job.py:643} INFO - DAG(s) dict_keys(['example_dag_decorator']) retrieved from /home/airflow/sandbox/lib/python3.8/site-packages/airflow/example_dags/example_dag_decorator.py
[2022-09-12 00:42:37,303] {logging_mixin.py:104} INFO - [2022-09-12 00:42:37,302] {dag.py:1832} INFO - Sync 1 DAGs
[2022-09-12 00:42:37,331] {logging_mixin.py:104} INFO - [2022-09-12 00:42:37,330] {dag.py:2305} INFO - Setting next_dagrun for example_dag_decorator to None
[2022-09-12 00:42:37,504] {scheduler_job.py:190} INFO - Processing /home/airflow/sandbox/lib/python3.8/site-packages/airflow/example_dags/example_dag_decorator.py took 0.715 seconds
[2022-09-12 00:43:08,477] {scheduler_job.py:182} INFO - Started process (PID=244238) to work on /home/airflow/sandbox/lib/python3.8/site-packages/airflow/example_dags/example_dag_decorator.py
[2022-09-12 00:43:08,484] {scheduler_job.py:633} INFO - Processing file /home/airflow/sandbox/lib/python3.8/site-packages/airflow/example_dags/example_dag_decorator.py for tasks to queue
[2022-09-12 00:43:08,491] {logging_mixin.py:104} INFO - [2022-09-12 00:43:08,485] {dagbag.py:487} INFO - Filling up the DagBag from /home/airflow/sandbox/lib/python3.8/site-packages/airflow/example_dags/example_dag_decorator.py
[2022-09-12 00:43:08,527] {scheduler_job.py:643} INFO - DAG(s) dict_keys(['example_dag_decorator']) retrieved from /home/airflow/sandbox/lib/python3.8/site-packages/airflow/example_dags/example_dag_decorator.py
[2022-09-12 00:43:09,212] {logging_mixin.py:104} INFO - [2022-09-12 00:43:09,212] {dag.py:1832} INFO - Sync 1 DAGs
[2022-09-12 00:43:09,241] {logging_mixin.py:104} INFO - [2022-09-12 00:43:09,241] {dag.py:2305} INFO - Setting next_dagrun for example_dag_decorator to None
[2022-09-12 00:43:09,260] {scheduler_job.py:190} INFO - Processing /home/airflow/sandbox/lib/python3.8/site-packages/airflow/example_dags/example_dag_decorator.py took 0.787 seconds
