[2022-09-12 00:36:38,690] {scheduler_job.py:182} INFO - Started process (PID=239336) to work on /home/airflow/sandbox/lib/python3.8/site-packages/airflow/example_dags/example_task_group_decorator.py
[2022-09-12 00:36:38,761] {scheduler_job.py:633} INFO - Processing file /home/airflow/sandbox/lib/python3.8/site-packages/airflow/example_dags/example_task_group_decorator.py for tasks to queue
[2022-09-12 00:36:38,762] {logging_mixin.py:104} INFO - [2022-09-12 00:36:38,762] {dagbag.py:487} INFO - Filling up the DagBag from /home/airflow/sandbox/lib/python3.8/site-packages/airflow/example_dags/example_task_group_decorator.py
[2022-09-12 00:36:39,859] {scheduler_job.py:643} INFO - DAG(s) dict_keys(['example_task_group_decorator']) retrieved from /home/airflow/sandbox/lib/python3.8/site-packages/airflow/example_dags/example_task_group_decorator.py
[2022-09-12 00:36:55,074] {logging_mixin.py:104} INFO - [2022-09-12 00:36:55,073] {dag.py:1832} INFO - Sync 1 DAGs
[2022-09-12 00:36:55,206] {logging_mixin.py:104} INFO - [2022-09-12 00:36:55,206] {dag.py:2305} INFO - Setting next_dagrun for example_task_group_decorator to 2022-09-10 00:00:00+00:00
[2022-09-12 00:36:55,362] {scheduler_job.py:190} INFO - Processing /home/airflow/sandbox/lib/python3.8/site-packages/airflow/example_dags/example_task_group_decorator.py took 16.933 seconds
[2022-09-12 00:38:27,648] {scheduler_job.py:182} INFO - Started process (PID=241141) to work on /home/airflow/sandbox/lib/python3.8/site-packages/airflow/example_dags/example_task_group_decorator.py
[2022-09-12 00:38:27,649] {scheduler_job.py:633} INFO - Processing file /home/airflow/sandbox/lib/python3.8/site-packages/airflow/example_dags/example_task_group_decorator.py for tasks to queue
[2022-09-12 00:38:27,650] {logging_mixin.py:104} INFO - [2022-09-12 00:38:27,650] {dagbag.py:487} INFO - Filling up the DagBag from /home/airflow/sandbox/lib/python3.8/site-packages/airflow/example_dags/example_task_group_decorator.py
[2022-09-12 00:38:27,739] {scheduler_job.py:643} INFO - DAG(s) dict_keys(['example_task_group_decorator']) retrieved from /home/airflow/sandbox/lib/python3.8/site-packages/airflow/example_dags/example_task_group_decorator.py
[2022-09-12 00:38:29,267] {logging_mixin.py:104} INFO - [2022-09-12 00:38:29,266] {dag.py:1832} INFO - Sync 1 DAGs
[2022-09-12 00:38:29,678] {logging_mixin.py:104} INFO - [2022-09-12 00:38:29,678] {dag.py:2305} INFO - Setting next_dagrun for example_task_group_decorator to 2022-09-10 00:00:00+00:00
[2022-09-12 00:38:29,871] {scheduler_job.py:190} INFO - Processing /home/airflow/sandbox/lib/python3.8/site-packages/airflow/example_dags/example_task_group_decorator.py took 2.262 seconds
[2022-09-12 00:39:00,665] {scheduler_job.py:182} INFO - Started process (PID=241456) to work on /home/airflow/sandbox/lib/python3.8/site-packages/airflow/example_dags/example_task_group_decorator.py
[2022-09-12 00:39:00,674] {scheduler_job.py:633} INFO - Processing file /home/airflow/sandbox/lib/python3.8/site-packages/airflow/example_dags/example_task_group_decorator.py for tasks to queue
[2022-09-12 00:39:00,684] {logging_mixin.py:104} INFO - [2022-09-12 00:39:00,684] {dagbag.py:487} INFO - Filling up the DagBag from /home/airflow/sandbox/lib/python3.8/site-packages/airflow/example_dags/example_task_group_decorator.py
[2022-09-12 00:39:01,030] {scheduler_job.py:643} INFO - DAG(s) dict_keys(['example_task_group_decorator']) retrieved from /home/airflow/sandbox/lib/python3.8/site-packages/airflow/example_dags/example_task_group_decorator.py
[2022-09-12 00:39:03,594] {logging_mixin.py:104} INFO - [2022-09-12 00:39:03,593] {dag.py:1832} INFO - Sync 1 DAGs
[2022-09-12 00:39:03,628] {logging_mixin.py:104} INFO - [2022-09-12 00:39:03,628] {dag.py:2305} INFO - Setting next_dagrun for example_task_group_decorator to 2022-09-10 00:00:00+00:00
[2022-09-12 00:39:03,667] {scheduler_job.py:190} INFO - Processing /home/airflow/sandbox/lib/python3.8/site-packages/airflow/example_dags/example_task_group_decorator.py took 3.180 seconds
[2022-09-12 00:39:34,147] {scheduler_job.py:182} INFO - Started process (PID=241699) to work on /home/airflow/sandbox/lib/python3.8/site-packages/airflow/example_dags/example_task_group_decorator.py
[2022-09-12 00:39:34,150] {scheduler_job.py:633} INFO - Processing file /home/airflow/sandbox/lib/python3.8/site-packages/airflow/example_dags/example_task_group_decorator.py for tasks to queue
[2022-09-12 00:39:34,151] {logging_mixin.py:104} INFO - [2022-09-12 00:39:34,151] {dagbag.py:487} INFO - Filling up the DagBag from /home/airflow/sandbox/lib/python3.8/site-packages/airflow/example_dags/example_task_group_decorator.py
[2022-09-12 00:39:34,196] {scheduler_job.py:643} INFO - DAG(s) dict_keys(['example_task_group_decorator']) retrieved from /home/airflow/sandbox/lib/python3.8/site-packages/airflow/example_dags/example_task_group_decorator.py
[2022-09-12 00:39:34,672] {logging_mixin.py:104} INFO - [2022-09-12 00:39:34,671] {dag.py:1832} INFO - Sync 1 DAGs
[2022-09-12 00:39:34,686] {logging_mixin.py:104} INFO - [2022-09-12 00:39:34,686] {dag.py:2305} INFO - Setting next_dagrun for example_task_group_decorator to 2022-09-10 00:00:00+00:00
[2022-09-12 00:39:34,702] {scheduler_job.py:190} INFO - Processing /home/airflow/sandbox/lib/python3.8/site-packages/airflow/example_dags/example_task_group_decorator.py took 0.572 seconds
[2022-09-12 00:40:04,734] {scheduler_job.py:182} INFO - Started process (PID=241931) to work on /home/airflow/sandbox/lib/python3.8/site-packages/airflow/example_dags/example_task_group_decorator.py
[2022-09-12 00:40:04,735] {scheduler_job.py:633} INFO - Processing file /home/airflow/sandbox/lib/python3.8/site-packages/airflow/example_dags/example_task_group_decorator.py for tasks to queue
[2022-09-12 00:40:04,736] {logging_mixin.py:104} INFO - [2022-09-12 00:40:04,736] {dagbag.py:487} INFO - Filling up the DagBag from /home/airflow/sandbox/lib/python3.8/site-packages/airflow/example_dags/example_task_group_decorator.py
[2022-09-12 00:40:04,755] {scheduler_job.py:643} INFO - DAG(s) dict_keys(['example_task_group_decorator']) retrieved from /home/airflow/sandbox/lib/python3.8/site-packages/airflow/example_dags/example_task_group_decorator.py
[2022-09-12 00:40:05,055] {logging_mixin.py:104} INFO - [2022-09-12 00:40:05,055] {dag.py:1832} INFO - Sync 1 DAGs
[2022-09-12 00:40:05,068] {logging_mixin.py:104} INFO - [2022-09-12 00:40:05,067] {dag.py:2305} INFO - Setting next_dagrun for example_task_group_decorator to 2022-09-10 00:00:00+00:00
[2022-09-12 00:40:05,087] {scheduler_job.py:190} INFO - Processing /home/airflow/sandbox/lib/python3.8/site-packages/airflow/example_dags/example_task_group_decorator.py took 0.356 seconds
[2022-09-12 00:40:35,208] {scheduler_job.py:182} INFO - Started process (PID=242405) to work on /home/airflow/sandbox/lib/python3.8/site-packages/airflow/example_dags/example_task_group_decorator.py
[2022-09-12 00:40:35,215] {scheduler_job.py:633} INFO - Processing file /home/airflow/sandbox/lib/python3.8/site-packages/airflow/example_dags/example_task_group_decorator.py for tasks to queue
[2022-09-12 00:40:35,219] {logging_mixin.py:104} INFO - [2022-09-12 00:40:35,217] {dagbag.py:487} INFO - Filling up the DagBag from /home/airflow/sandbox/lib/python3.8/site-packages/airflow/example_dags/example_task_group_decorator.py
[2022-09-12 00:40:35,273] {scheduler_job.py:643} INFO - DAG(s) dict_keys(['example_task_group_decorator']) retrieved from /home/airflow/sandbox/lib/python3.8/site-packages/airflow/example_dags/example_task_group_decorator.py
[2022-09-12 00:40:35,873] {logging_mixin.py:104} INFO - [2022-09-12 00:40:35,873] {dag.py:1832} INFO - Sync 1 DAGs
[2022-09-12 00:40:35,892] {logging_mixin.py:104} INFO - [2022-09-12 00:40:35,892] {dag.py:2305} INFO - Setting next_dagrun for example_task_group_decorator to 2022-09-10 00:00:00+00:00
[2022-09-12 00:40:35,922] {scheduler_job.py:190} INFO - Processing /home/airflow/sandbox/lib/python3.8/site-packages/airflow/example_dags/example_task_group_decorator.py took 0.725 seconds
[2022-09-12 00:41:06,828] {scheduler_job.py:182} INFO - Started process (PID=242719) to work on /home/airflow/sandbox/lib/python3.8/site-packages/airflow/example_dags/example_task_group_decorator.py
[2022-09-12 00:41:06,835] {scheduler_job.py:633} INFO - Processing file /home/airflow/sandbox/lib/python3.8/site-packages/airflow/example_dags/example_task_group_decorator.py for tasks to queue
[2022-09-12 00:41:06,836] {logging_mixin.py:104} INFO - [2022-09-12 00:41:06,836] {dagbag.py:487} INFO - Filling up the DagBag from /home/airflow/sandbox/lib/python3.8/site-packages/airflow/example_dags/example_task_group_decorator.py
[2022-09-12 00:41:06,868] {scheduler_job.py:643} INFO - DAG(s) dict_keys(['example_task_group_decorator']) retrieved from /home/airflow/sandbox/lib/python3.8/site-packages/airflow/example_dags/example_task_group_decorator.py
[2022-09-12 00:41:07,467] {logging_mixin.py:104} INFO - [2022-09-12 00:41:07,467] {dag.py:1832} INFO - Sync 1 DAGs
[2022-09-12 00:41:07,492] {logging_mixin.py:104} INFO - [2022-09-12 00:41:07,492] {dag.py:2305} INFO - Setting next_dagrun for example_task_group_decorator to 2022-09-10 00:00:00+00:00
[2022-09-12 00:41:07,508] {scheduler_job.py:190} INFO - Processing /home/airflow/sandbox/lib/python3.8/site-packages/airflow/example_dags/example_task_group_decorator.py took 0.684 seconds
[2022-09-12 00:41:38,273] {scheduler_job.py:182} INFO - Started process (PID=243107) to work on /home/airflow/sandbox/lib/python3.8/site-packages/airflow/example_dags/example_task_group_decorator.py
[2022-09-12 00:41:38,282] {scheduler_job.py:633} INFO - Processing file /home/airflow/sandbox/lib/python3.8/site-packages/airflow/example_dags/example_task_group_decorator.py for tasks to queue
[2022-09-12 00:41:38,283] {logging_mixin.py:104} INFO - [2022-09-12 00:41:38,283] {dagbag.py:487} INFO - Filling up the DagBag from /home/airflow/sandbox/lib/python3.8/site-packages/airflow/example_dags/example_task_group_decorator.py
[2022-09-12 00:41:38,318] {scheduler_job.py:643} INFO - DAG(s) dict_keys(['example_task_group_decorator']) retrieved from /home/airflow/sandbox/lib/python3.8/site-packages/airflow/example_dags/example_task_group_decorator.py
[2022-09-12 00:41:39,237] {logging_mixin.py:104} INFO - [2022-09-12 00:41:39,237] {dag.py:1832} INFO - Sync 1 DAGs
[2022-09-12 00:41:39,267] {logging_mixin.py:104} INFO - [2022-09-12 00:41:39,267] {dag.py:2305} INFO - Setting next_dagrun for example_task_group_decorator to 2022-09-10 00:00:00+00:00
[2022-09-12 00:41:39,319] {scheduler_job.py:190} INFO - Processing /home/airflow/sandbox/lib/python3.8/site-packages/airflow/example_dags/example_task_group_decorator.py took 1.075 seconds
[2022-09-12 00:42:11,980] {scheduler_job.py:182} INFO - Started process (PID=243458) to work on /home/airflow/sandbox/lib/python3.8/site-packages/airflow/example_dags/example_task_group_decorator.py
[2022-09-12 00:42:11,982] {scheduler_job.py:633} INFO - Processing file /home/airflow/sandbox/lib/python3.8/site-packages/airflow/example_dags/example_task_group_decorator.py for tasks to queue
[2022-09-12 00:42:11,982] {logging_mixin.py:104} INFO - [2022-09-12 00:42:11,982] {dagbag.py:487} INFO - Filling up the DagBag from /home/airflow/sandbox/lib/python3.8/site-packages/airflow/example_dags/example_task_group_decorator.py
[2022-09-12 00:42:12,046] {scheduler_job.py:643} INFO - DAG(s) dict_keys(['example_task_group_decorator']) retrieved from /home/airflow/sandbox/lib/python3.8/site-packages/airflow/example_dags/example_task_group_decorator.py
[2022-09-12 00:42:14,189] {logging_mixin.py:104} INFO - [2022-09-12 00:42:14,189] {dag.py:1832} INFO - Sync 1 DAGs
[2022-09-12 00:42:14,252] {logging_mixin.py:104} INFO - [2022-09-12 00:42:14,252] {dag.py:2305} INFO - Setting next_dagrun for example_task_group_decorator to 2022-09-10 00:00:00+00:00
[2022-09-12 00:42:14,303] {scheduler_job.py:190} INFO - Processing /home/airflow/sandbox/lib/python3.8/site-packages/airflow/example_dags/example_task_group_decorator.py took 2.336 seconds
[2022-09-12 00:42:44,453] {scheduler_job.py:182} INFO - Started process (PID=244038) to work on /home/airflow/sandbox/lib/python3.8/site-packages/airflow/example_dags/example_task_group_decorator.py
[2022-09-12 00:42:44,454] {scheduler_job.py:633} INFO - Processing file /home/airflow/sandbox/lib/python3.8/site-packages/airflow/example_dags/example_task_group_decorator.py for tasks to queue
[2022-09-12 00:42:44,455] {logging_mixin.py:104} INFO - [2022-09-12 00:42:44,455] {dagbag.py:487} INFO - Filling up the DagBag from /home/airflow/sandbox/lib/python3.8/site-packages/airflow/example_dags/example_task_group_decorator.py
[2022-09-12 00:42:44,480] {scheduler_job.py:643} INFO - DAG(s) dict_keys(['example_task_group_decorator']) retrieved from /home/airflow/sandbox/lib/python3.8/site-packages/airflow/example_dags/example_task_group_decorator.py
[2022-09-12 00:42:44,895] {logging_mixin.py:104} INFO - [2022-09-12 00:42:44,895] {dag.py:1832} INFO - Sync 1 DAGs
[2022-09-12 00:42:44,915] {logging_mixin.py:104} INFO - [2022-09-12 00:42:44,912] {dag.py:2305} INFO - Setting next_dagrun for example_task_group_decorator to 2022-09-10 00:00:00+00:00
[2022-09-12 00:42:44,948] {scheduler_job.py:190} INFO - Processing /home/airflow/sandbox/lib/python3.8/site-packages/airflow/example_dags/example_task_group_decorator.py took 0.534 seconds
