[2022-09-12 00:37:59,003] {scheduler_job.py:182} INFO - Started process (PID=240921) to work on /home/airflow/sandbox/lib/python3.8/site-packages/airflow/example_dags/example_skip_dag.py
[2022-09-12 00:37:59,011] {scheduler_job.py:633} INFO - Processing file /home/airflow/sandbox/lib/python3.8/site-packages/airflow/example_dags/example_skip_dag.py for tasks to queue
[2022-09-12 00:37:59,012] {logging_mixin.py:104} INFO - [2022-09-12 00:37:59,012] {dagbag.py:487} INFO - Filling up the DagBag from /home/airflow/sandbox/lib/python3.8/site-packages/airflow/example_dags/example_skip_dag.py
[2022-09-12 00:37:59,064] {scheduler_job.py:643} INFO - DAG(s) dict_keys(['example_skip_dag']) retrieved from /home/airflow/sandbox/lib/python3.8/site-packages/airflow/example_dags/example_skip_dag.py
[2022-09-12 00:38:01,276] {logging_mixin.py:104} INFO - [2022-09-12 00:38:01,275] {dag.py:1832} INFO - Sync 1 DAGs
[2022-09-12 00:38:01,436] {logging_mixin.py:104} INFO - [2022-09-12 00:38:01,435] {dag.py:2305} INFO - Setting next_dagrun for example_skip_dag to 2022-09-10 00:00:00+00:00
[2022-09-12 00:38:01,638] {scheduler_job.py:190} INFO - Processing /home/airflow/sandbox/lib/python3.8/site-packages/airflow/example_dags/example_skip_dag.py took 2.668 seconds
[2022-09-12 00:38:37,439] {scheduler_job.py:182} INFO - Started process (PID=241301) to work on /home/airflow/sandbox/lib/python3.8/site-packages/airflow/example_dags/example_skip_dag.py
[2022-09-12 00:38:37,440] {scheduler_job.py:633} INFO - Processing file /home/airflow/sandbox/lib/python3.8/site-packages/airflow/example_dags/example_skip_dag.py for tasks to queue
[2022-09-12 00:38:37,441] {logging_mixin.py:104} INFO - [2022-09-12 00:38:37,441] {dagbag.py:487} INFO - Filling up the DagBag from /home/airflow/sandbox/lib/python3.8/site-packages/airflow/example_dags/example_skip_dag.py
[2022-09-12 00:38:37,448] {scheduler_job.py:643} INFO - DAG(s) dict_keys(['example_skip_dag']) retrieved from /home/airflow/sandbox/lib/python3.8/site-packages/airflow/example_dags/example_skip_dag.py
[2022-09-12 00:38:37,569] {logging_mixin.py:104} INFO - [2022-09-12 00:38:37,569] {dag.py:1832} INFO - Sync 1 DAGs
[2022-09-12 00:38:37,656] {logging_mixin.py:104} INFO - [2022-09-12 00:38:37,656] {dag.py:2305} INFO - Setting next_dagrun for example_skip_dag to 2022-09-10 00:00:00+00:00
[2022-09-12 00:38:37,711] {scheduler_job.py:190} INFO - Processing /home/airflow/sandbox/lib/python3.8/site-packages/airflow/example_dags/example_skip_dag.py took 0.304 seconds
[2022-09-12 00:39:08,657] {scheduler_job.py:182} INFO - Started process (PID=241558) to work on /home/airflow/sandbox/lib/python3.8/site-packages/airflow/example_dags/example_skip_dag.py
[2022-09-12 00:39:08,665] {scheduler_job.py:633} INFO - Processing file /home/airflow/sandbox/lib/python3.8/site-packages/airflow/example_dags/example_skip_dag.py for tasks to queue
[2022-09-12 00:39:08,668] {logging_mixin.py:104} INFO - [2022-09-12 00:39:08,668] {dagbag.py:487} INFO - Filling up the DagBag from /home/airflow/sandbox/lib/python3.8/site-packages/airflow/example_dags/example_skip_dag.py
[2022-09-12 00:39:08,741] {scheduler_job.py:643} INFO - DAG(s) dict_keys(['example_skip_dag']) retrieved from /home/airflow/sandbox/lib/python3.8/site-packages/airflow/example_dags/example_skip_dag.py
[2022-09-12 00:39:09,457] {logging_mixin.py:104} INFO - [2022-09-12 00:39:09,456] {dag.py:1832} INFO - Sync 1 DAGs
[2022-09-12 00:39:09,900] {logging_mixin.py:104} INFO - [2022-09-12 00:39:09,900] {dag.py:2305} INFO - Setting next_dagrun for example_skip_dag to 2022-09-10 00:00:00+00:00
[2022-09-12 00:39:10,005] {scheduler_job.py:190} INFO - Processing /home/airflow/sandbox/lib/python3.8/site-packages/airflow/example_dags/example_skip_dag.py took 1.360 seconds
[2022-09-12 00:39:40,861] {scheduler_job.py:182} INFO - Started process (PID=241787) to work on /home/airflow/sandbox/lib/python3.8/site-packages/airflow/example_dags/example_skip_dag.py
[2022-09-12 00:39:40,867] {scheduler_job.py:633} INFO - Processing file /home/airflow/sandbox/lib/python3.8/site-packages/airflow/example_dags/example_skip_dag.py for tasks to queue
[2022-09-12 00:39:40,876] {logging_mixin.py:104} INFO - [2022-09-12 00:39:40,875] {dagbag.py:487} INFO - Filling up the DagBag from /home/airflow/sandbox/lib/python3.8/site-packages/airflow/example_dags/example_skip_dag.py
[2022-09-12 00:39:40,880] {scheduler_job.py:643} INFO - DAG(s) dict_keys(['example_skip_dag']) retrieved from /home/airflow/sandbox/lib/python3.8/site-packages/airflow/example_dags/example_skip_dag.py
[2022-09-12 00:39:40,951] {logging_mixin.py:104} INFO - [2022-09-12 00:39:40,951] {dag.py:1832} INFO - Sync 1 DAGs
[2022-09-12 00:39:40,981] {logging_mixin.py:104} INFO - [2022-09-12 00:39:40,981] {dag.py:2305} INFO - Setting next_dagrun for example_skip_dag to 2022-09-10 00:00:00+00:00
[2022-09-12 00:39:41,007] {scheduler_job.py:190} INFO - Processing /home/airflow/sandbox/lib/python3.8/site-packages/airflow/example_dags/example_skip_dag.py took 0.159 seconds
[2022-09-12 00:40:11,426] {scheduler_job.py:182} INFO - Started process (PID=242139) to work on /home/airflow/sandbox/lib/python3.8/site-packages/airflow/example_dags/example_skip_dag.py
[2022-09-12 00:40:11,434] {scheduler_job.py:633} INFO - Processing file /home/airflow/sandbox/lib/python3.8/site-packages/airflow/example_dags/example_skip_dag.py for tasks to queue
[2022-09-12 00:40:11,435] {logging_mixin.py:104} INFO - [2022-09-12 00:40:11,435] {dagbag.py:487} INFO - Filling up the DagBag from /home/airflow/sandbox/lib/python3.8/site-packages/airflow/example_dags/example_skip_dag.py
[2022-09-12 00:40:11,440] {scheduler_job.py:643} INFO - DAG(s) dict_keys(['example_skip_dag']) retrieved from /home/airflow/sandbox/lib/python3.8/site-packages/airflow/example_dags/example_skip_dag.py
[2022-09-12 00:40:11,489] {logging_mixin.py:104} INFO - [2022-09-12 00:40:11,489] {dag.py:1832} INFO - Sync 1 DAGs
[2022-09-12 00:40:11,513] {logging_mixin.py:104} INFO - [2022-09-12 00:40:11,513] {dag.py:2305} INFO - Setting next_dagrun for example_skip_dag to 2022-09-10 00:00:00+00:00
[2022-09-12 00:40:11,531] {scheduler_job.py:190} INFO - Processing /home/airflow/sandbox/lib/python3.8/site-packages/airflow/example_dags/example_skip_dag.py took 0.109 seconds
[2022-09-12 00:40:42,396] {scheduler_job.py:182} INFO - Started process (PID=242488) to work on /home/airflow/sandbox/lib/python3.8/site-packages/airflow/example_dags/example_skip_dag.py
[2022-09-12 00:40:42,402] {scheduler_job.py:633} INFO - Processing file /home/airflow/sandbox/lib/python3.8/site-packages/airflow/example_dags/example_skip_dag.py for tasks to queue
[2022-09-12 00:40:42,406] {logging_mixin.py:104} INFO - [2022-09-12 00:40:42,406] {dagbag.py:487} INFO - Filling up the DagBag from /home/airflow/sandbox/lib/python3.8/site-packages/airflow/example_dags/example_skip_dag.py
[2022-09-12 00:40:42,418] {scheduler_job.py:643} INFO - DAG(s) dict_keys(['example_skip_dag']) retrieved from /home/airflow/sandbox/lib/python3.8/site-packages/airflow/example_dags/example_skip_dag.py
[2022-09-12 00:40:42,501] {logging_mixin.py:104} INFO - [2022-09-12 00:40:42,501] {dag.py:1832} INFO - Sync 1 DAGs
[2022-09-12 00:40:42,542] {logging_mixin.py:104} INFO - [2022-09-12 00:40:42,542] {dag.py:2305} INFO - Setting next_dagrun for example_skip_dag to 2022-09-10 00:00:00+00:00
[2022-09-12 00:40:42,573] {scheduler_job.py:190} INFO - Processing /home/airflow/sandbox/lib/python3.8/site-packages/airflow/example_dags/example_skip_dag.py took 0.181 seconds
[2022-09-12 00:41:14,078] {scheduler_job.py:182} INFO - Started process (PID=242836) to work on /home/airflow/sandbox/lib/python3.8/site-packages/airflow/example_dags/example_skip_dag.py
[2022-09-12 00:41:14,080] {scheduler_job.py:633} INFO - Processing file /home/airflow/sandbox/lib/python3.8/site-packages/airflow/example_dags/example_skip_dag.py for tasks to queue
[2022-09-12 00:41:14,081] {logging_mixin.py:104} INFO - [2022-09-12 00:41:14,081] {dagbag.py:487} INFO - Filling up the DagBag from /home/airflow/sandbox/lib/python3.8/site-packages/airflow/example_dags/example_skip_dag.py
[2022-09-12 00:41:14,087] {scheduler_job.py:643} INFO - DAG(s) dict_keys(['example_skip_dag']) retrieved from /home/airflow/sandbox/lib/python3.8/site-packages/airflow/example_dags/example_skip_dag.py
[2022-09-12 00:41:14,128] {logging_mixin.py:104} INFO - [2022-09-12 00:41:14,128] {dag.py:1832} INFO - Sync 1 DAGs
[2022-09-12 00:41:14,155] {logging_mixin.py:104} INFO - [2022-09-12 00:41:14,155] {dag.py:2305} INFO - Setting next_dagrun for example_skip_dag to 2022-09-10 00:00:00+00:00
[2022-09-12 00:41:14,191] {scheduler_job.py:190} INFO - Processing /home/airflow/sandbox/lib/python3.8/site-packages/airflow/example_dags/example_skip_dag.py took 0.117 seconds
[2022-09-12 00:41:45,432] {scheduler_job.py:182} INFO - Started process (PID=243179) to work on /home/airflow/sandbox/lib/python3.8/site-packages/airflow/example_dags/example_skip_dag.py
[2022-09-12 00:41:45,436] {scheduler_job.py:633} INFO - Processing file /home/airflow/sandbox/lib/python3.8/site-packages/airflow/example_dags/example_skip_dag.py for tasks to queue
[2022-09-12 00:41:45,440] {logging_mixin.py:104} INFO - [2022-09-12 00:41:45,440] {dagbag.py:487} INFO - Filling up the DagBag from /home/airflow/sandbox/lib/python3.8/site-packages/airflow/example_dags/example_skip_dag.py
[2022-09-12 00:41:45,452] {scheduler_job.py:643} INFO - DAG(s) dict_keys(['example_skip_dag']) retrieved from /home/airflow/sandbox/lib/python3.8/site-packages/airflow/example_dags/example_skip_dag.py
[2022-09-12 00:41:45,517] {logging_mixin.py:104} INFO - [2022-09-12 00:41:45,517] {dag.py:1832} INFO - Sync 1 DAGs
[2022-09-12 00:41:45,538] {logging_mixin.py:104} INFO - [2022-09-12 00:41:45,538] {dag.py:2305} INFO - Setting next_dagrun for example_skip_dag to 2022-09-10 00:00:00+00:00
[2022-09-12 00:41:45,563] {scheduler_job.py:190} INFO - Processing /home/airflow/sandbox/lib/python3.8/site-packages/airflow/example_dags/example_skip_dag.py took 0.134 seconds
[2022-09-12 00:42:17,339] {scheduler_job.py:182} INFO - Started process (PID=243547) to work on /home/airflow/sandbox/lib/python3.8/site-packages/airflow/example_dags/example_skip_dag.py
[2022-09-12 00:42:17,351] {scheduler_job.py:633} INFO - Processing file /home/airflow/sandbox/lib/python3.8/site-packages/airflow/example_dags/example_skip_dag.py for tasks to queue
[2022-09-12 00:42:17,360] {logging_mixin.py:104} INFO - [2022-09-12 00:42:17,360] {dagbag.py:487} INFO - Filling up the DagBag from /home/airflow/sandbox/lib/python3.8/site-packages/airflow/example_dags/example_skip_dag.py
[2022-09-12 00:42:17,369] {scheduler_job.py:643} INFO - DAG(s) dict_keys(['example_skip_dag']) retrieved from /home/airflow/sandbox/lib/python3.8/site-packages/airflow/example_dags/example_skip_dag.py
[2022-09-12 00:42:17,445] {logging_mixin.py:104} INFO - [2022-09-12 00:42:17,445] {dag.py:1832} INFO - Sync 1 DAGs
[2022-09-12 00:42:17,474] {logging_mixin.py:104} INFO - [2022-09-12 00:42:17,473] {dag.py:2305} INFO - Setting next_dagrun for example_skip_dag to 2022-09-10 00:00:00+00:00
[2022-09-12 00:42:17,515] {scheduler_job.py:190} INFO - Processing /home/airflow/sandbox/lib/python3.8/site-packages/airflow/example_dags/example_skip_dag.py took 0.181 seconds
[2022-09-12 00:42:48,394] {scheduler_job.py:182} INFO - Started process (PID=244069) to work on /home/airflow/sandbox/lib/python3.8/site-packages/airflow/example_dags/example_skip_dag.py
[2022-09-12 00:42:48,405] {scheduler_job.py:633} INFO - Processing file /home/airflow/sandbox/lib/python3.8/site-packages/airflow/example_dags/example_skip_dag.py for tasks to queue
[2022-09-12 00:42:48,405] {logging_mixin.py:104} INFO - [2022-09-12 00:42:48,405] {dagbag.py:487} INFO - Filling up the DagBag from /home/airflow/sandbox/lib/python3.8/site-packages/airflow/example_dags/example_skip_dag.py
[2022-09-12 00:42:48,409] {scheduler_job.py:643} INFO - DAG(s) dict_keys(['example_skip_dag']) retrieved from /home/airflow/sandbox/lib/python3.8/site-packages/airflow/example_dags/example_skip_dag.py
[2022-09-12 00:42:48,468] {logging_mixin.py:104} INFO - [2022-09-12 00:42:48,468] {dag.py:1832} INFO - Sync 1 DAGs
[2022-09-12 00:42:48,492] {logging_mixin.py:104} INFO - [2022-09-12 00:42:48,492] {dag.py:2305} INFO - Setting next_dagrun for example_skip_dag to 2022-09-10 00:00:00+00:00
[2022-09-12 00:42:48,520] {scheduler_job.py:190} INFO - Processing /home/airflow/sandbox/lib/python3.8/site-packages/airflow/example_dags/example_skip_dag.py took 0.131 seconds
