[2022-09-12 00:37:33,431] {scheduler_job.py:182} INFO - Started process (PID=240744) to work on /home/airflow/sandbox/lib/python3.8/site-packages/airflow/example_dags/example_kubernetes_executor.py
[2022-09-12 00:37:33,807] {scheduler_job.py:633} INFO - Processing file /home/airflow/sandbox/lib/python3.8/site-packages/airflow/example_dags/example_kubernetes_executor.py for tasks to queue
[2022-09-12 00:37:33,824] {logging_mixin.py:104} INFO - [2022-09-12 00:37:33,823] {dagbag.py:487} INFO - Filling up the DagBag from /home/airflow/sandbox/lib/python3.8/site-packages/airflow/example_dags/example_kubernetes_executor.py
[2022-09-12 00:37:34,285] {scheduler_job.py:643} INFO - DAG(s) dict_keys(['example_kubernetes_executor']) retrieved from /home/airflow/sandbox/lib/python3.8/site-packages/airflow/example_dags/example_kubernetes_executor.py
[2022-09-12 00:37:41,697] {logging_mixin.py:104} INFO - [2022-09-12 00:37:41,697] {dag.py:1832} INFO - Sync 1 DAGs
[2022-09-12 00:37:42,028] {logging_mixin.py:104} INFO - [2022-09-12 00:37:42,028] {dag.py:2305} INFO - Setting next_dagrun for example_kubernetes_executor to None
[2022-09-12 00:37:42,465] {scheduler_job.py:190} INFO - Processing /home/airflow/sandbox/lib/python3.8/site-packages/airflow/example_dags/example_kubernetes_executor.py took 9.777 seconds
[2022-09-12 00:38:34,124] {scheduler_job.py:182} INFO - Started process (PID=241226) to work on /home/airflow/sandbox/lib/python3.8/site-packages/airflow/example_dags/example_kubernetes_executor.py
[2022-09-12 00:38:34,142] {scheduler_job.py:633} INFO - Processing file /home/airflow/sandbox/lib/python3.8/site-packages/airflow/example_dags/example_kubernetes_executor.py for tasks to queue
[2022-09-12 00:38:34,146] {logging_mixin.py:104} INFO - [2022-09-12 00:38:34,146] {dagbag.py:487} INFO - Filling up the DagBag from /home/airflow/sandbox/lib/python3.8/site-packages/airflow/example_dags/example_kubernetes_executor.py
[2022-09-12 00:38:34,169] {scheduler_job.py:643} INFO - DAG(s) dict_keys(['example_kubernetes_executor']) retrieved from /home/airflow/sandbox/lib/python3.8/site-packages/airflow/example_dags/example_kubernetes_executor.py
[2022-09-12 00:38:34,337] {logging_mixin.py:104} INFO - [2022-09-12 00:38:34,337] {dag.py:1832} INFO - Sync 1 DAGs
[2022-09-12 00:38:34,394] {logging_mixin.py:104} INFO - [2022-09-12 00:38:34,394] {dag.py:2305} INFO - Setting next_dagrun for example_kubernetes_executor to None
[2022-09-12 00:38:34,454] {scheduler_job.py:190} INFO - Processing /home/airflow/sandbox/lib/python3.8/site-packages/airflow/example_dags/example_kubernetes_executor.py took 0.333 seconds
[2022-09-12 00:39:04,838] {scheduler_job.py:182} INFO - Started process (PID=241505) to work on /home/airflow/sandbox/lib/python3.8/site-packages/airflow/example_dags/example_kubernetes_executor.py
[2022-09-12 00:39:04,852] {scheduler_job.py:633} INFO - Processing file /home/airflow/sandbox/lib/python3.8/site-packages/airflow/example_dags/example_kubernetes_executor.py for tasks to queue
[2022-09-12 00:39:04,853] {logging_mixin.py:104} INFO - [2022-09-12 00:39:04,852] {dagbag.py:487} INFO - Filling up the DagBag from /home/airflow/sandbox/lib/python3.8/site-packages/airflow/example_dags/example_kubernetes_executor.py
[2022-09-12 00:39:04,886] {scheduler_job.py:643} INFO - DAG(s) dict_keys(['example_kubernetes_executor']) retrieved from /home/airflow/sandbox/lib/python3.8/site-packages/airflow/example_dags/example_kubernetes_executor.py
[2022-09-12 00:39:05,015] {logging_mixin.py:104} INFO - [2022-09-12 00:39:05,015] {dag.py:1832} INFO - Sync 1 DAGs
[2022-09-12 00:39:05,059] {logging_mixin.py:104} INFO - [2022-09-12 00:39:05,059] {dag.py:2305} INFO - Setting next_dagrun for example_kubernetes_executor to None
[2022-09-12 00:39:05,080] {scheduler_job.py:190} INFO - Processing /home/airflow/sandbox/lib/python3.8/site-packages/airflow/example_dags/example_kubernetes_executor.py took 0.246 seconds
[2022-09-12 00:39:35,224] {scheduler_job.py:182} INFO - Started process (PID=241729) to work on /home/airflow/sandbox/lib/python3.8/site-packages/airflow/example_dags/example_kubernetes_executor.py
[2022-09-12 00:39:35,229] {scheduler_job.py:633} INFO - Processing file /home/airflow/sandbox/lib/python3.8/site-packages/airflow/example_dags/example_kubernetes_executor.py for tasks to queue
[2022-09-12 00:39:35,232] {logging_mixin.py:104} INFO - [2022-09-12 00:39:35,232] {dagbag.py:487} INFO - Filling up the DagBag from /home/airflow/sandbox/lib/python3.8/site-packages/airflow/example_dags/example_kubernetes_executor.py
[2022-09-12 00:39:35,252] {scheduler_job.py:643} INFO - DAG(s) dict_keys(['example_kubernetes_executor']) retrieved from /home/airflow/sandbox/lib/python3.8/site-packages/airflow/example_dags/example_kubernetes_executor.py
[2022-09-12 00:39:35,291] {logging_mixin.py:104} INFO - [2022-09-12 00:39:35,291] {dag.py:1832} INFO - Sync 1 DAGs
[2022-09-12 00:39:35,317] {logging_mixin.py:104} INFO - [2022-09-12 00:39:35,317] {dag.py:2305} INFO - Setting next_dagrun for example_kubernetes_executor to None
[2022-09-12 00:39:35,349] {scheduler_job.py:190} INFO - Processing /home/airflow/sandbox/lib/python3.8/site-packages/airflow/example_dags/example_kubernetes_executor.py took 0.128 seconds
[2022-09-12 00:40:06,293] {scheduler_job.py:182} INFO - Started process (PID=241956) to work on /home/airflow/sandbox/lib/python3.8/site-packages/airflow/example_dags/example_kubernetes_executor.py
[2022-09-12 00:40:06,300] {scheduler_job.py:633} INFO - Processing file /home/airflow/sandbox/lib/python3.8/site-packages/airflow/example_dags/example_kubernetes_executor.py for tasks to queue
[2022-09-12 00:40:06,301] {logging_mixin.py:104} INFO - [2022-09-12 00:40:06,300] {dagbag.py:487} INFO - Filling up the DagBag from /home/airflow/sandbox/lib/python3.8/site-packages/airflow/example_dags/example_kubernetes_executor.py
[2022-09-12 00:40:06,320] {scheduler_job.py:643} INFO - DAG(s) dict_keys(['example_kubernetes_executor']) retrieved from /home/airflow/sandbox/lib/python3.8/site-packages/airflow/example_dags/example_kubernetes_executor.py
[2022-09-12 00:40:06,371] {logging_mixin.py:104} INFO - [2022-09-12 00:40:06,371] {dag.py:1832} INFO - Sync 1 DAGs
[2022-09-12 00:40:06,392] {logging_mixin.py:104} INFO - [2022-09-12 00:40:06,392] {dag.py:2305} INFO - Setting next_dagrun for example_kubernetes_executor to None
[2022-09-12 00:40:06,407] {scheduler_job.py:190} INFO - Processing /home/airflow/sandbox/lib/python3.8/site-packages/airflow/example_dags/example_kubernetes_executor.py took 0.117 seconds
[2022-09-12 00:40:36,703] {scheduler_job.py:182} INFO - Started process (PID=242432) to work on /home/airflow/sandbox/lib/python3.8/site-packages/airflow/example_dags/example_kubernetes_executor.py
[2022-09-12 00:40:36,705] {scheduler_job.py:633} INFO - Processing file /home/airflow/sandbox/lib/python3.8/site-packages/airflow/example_dags/example_kubernetes_executor.py for tasks to queue
[2022-09-12 00:40:36,706] {logging_mixin.py:104} INFO - [2022-09-12 00:40:36,706] {dagbag.py:487} INFO - Filling up the DagBag from /home/airflow/sandbox/lib/python3.8/site-packages/airflow/example_dags/example_kubernetes_executor.py
[2022-09-12 00:40:36,715] {scheduler_job.py:643} INFO - DAG(s) dict_keys(['example_kubernetes_executor']) retrieved from /home/airflow/sandbox/lib/python3.8/site-packages/airflow/example_dags/example_kubernetes_executor.py
[2022-09-12 00:40:36,742] {logging_mixin.py:104} INFO - [2022-09-12 00:40:36,742] {dag.py:1832} INFO - Sync 1 DAGs
[2022-09-12 00:40:36,759] {logging_mixin.py:104} INFO - [2022-09-12 00:40:36,759] {dag.py:2305} INFO - Setting next_dagrun for example_kubernetes_executor to None
[2022-09-12 00:40:36,778] {scheduler_job.py:190} INFO - Processing /home/airflow/sandbox/lib/python3.8/site-packages/airflow/example_dags/example_kubernetes_executor.py took 0.083 seconds
[2022-09-12 00:41:07,349] {scheduler_job.py:182} INFO - Started process (PID=242741) to work on /home/airflow/sandbox/lib/python3.8/site-packages/airflow/example_dags/example_kubernetes_executor.py
[2022-09-12 00:41:07,350] {scheduler_job.py:633} INFO - Processing file /home/airflow/sandbox/lib/python3.8/site-packages/airflow/example_dags/example_kubernetes_executor.py for tasks to queue
[2022-09-12 00:41:07,351] {logging_mixin.py:104} INFO - [2022-09-12 00:41:07,351] {dagbag.py:487} INFO - Filling up the DagBag from /home/airflow/sandbox/lib/python3.8/site-packages/airflow/example_dags/example_kubernetes_executor.py
[2022-09-12 00:41:07,369] {scheduler_job.py:643} INFO - DAG(s) dict_keys(['example_kubernetes_executor']) retrieved from /home/airflow/sandbox/lib/python3.8/site-packages/airflow/example_dags/example_kubernetes_executor.py
[2022-09-12 00:41:07,420] {logging_mixin.py:104} INFO - [2022-09-12 00:41:07,420] {dag.py:1832} INFO - Sync 1 DAGs
[2022-09-12 00:41:07,455] {logging_mixin.py:104} INFO - [2022-09-12 00:41:07,455] {dag.py:2305} INFO - Setting next_dagrun for example_kubernetes_executor to None
[2022-09-12 00:41:07,469] {scheduler_job.py:190} INFO - Processing /home/airflow/sandbox/lib/python3.8/site-packages/airflow/example_dags/example_kubernetes_executor.py took 0.123 seconds
[2022-09-12 00:41:38,476] {scheduler_job.py:182} INFO - Started process (PID=243117) to work on /home/airflow/sandbox/lib/python3.8/site-packages/airflow/example_dags/example_kubernetes_executor.py
[2022-09-12 00:41:38,478] {scheduler_job.py:633} INFO - Processing file /home/airflow/sandbox/lib/python3.8/site-packages/airflow/example_dags/example_kubernetes_executor.py for tasks to queue
[2022-09-12 00:41:38,478] {logging_mixin.py:104} INFO - [2022-09-12 00:41:38,478] {dagbag.py:487} INFO - Filling up the DagBag from /home/airflow/sandbox/lib/python3.8/site-packages/airflow/example_dags/example_kubernetes_executor.py
[2022-09-12 00:41:38,497] {scheduler_job.py:643} INFO - DAG(s) dict_keys(['example_kubernetes_executor']) retrieved from /home/airflow/sandbox/lib/python3.8/site-packages/airflow/example_dags/example_kubernetes_executor.py
[2022-09-12 00:41:38,556] {logging_mixin.py:104} INFO - [2022-09-12 00:41:38,556] {dag.py:1832} INFO - Sync 1 DAGs
[2022-09-12 00:41:38,648] {logging_mixin.py:104} INFO - [2022-09-12 00:41:38,648] {dag.py:2305} INFO - Setting next_dagrun for example_kubernetes_executor to None
[2022-09-12 00:41:38,798] {scheduler_job.py:190} INFO - Processing /home/airflow/sandbox/lib/python3.8/site-packages/airflow/example_dags/example_kubernetes_executor.py took 0.324 seconds
[2022-09-12 00:42:11,557] {scheduler_job.py:182} INFO - Started process (PID=243445) to work on /home/airflow/sandbox/lib/python3.8/site-packages/airflow/example_dags/example_kubernetes_executor.py
[2022-09-12 00:42:11,560] {scheduler_job.py:633} INFO - Processing file /home/airflow/sandbox/lib/python3.8/site-packages/airflow/example_dags/example_kubernetes_executor.py for tasks to queue
[2022-09-12 00:42:11,561] {logging_mixin.py:104} INFO - [2022-09-12 00:42:11,561] {dagbag.py:487} INFO - Filling up the DagBag from /home/airflow/sandbox/lib/python3.8/site-packages/airflow/example_dags/example_kubernetes_executor.py
[2022-09-12 00:42:11,615] {scheduler_job.py:643} INFO - DAG(s) dict_keys(['example_kubernetes_executor']) retrieved from /home/airflow/sandbox/lib/python3.8/site-packages/airflow/example_dags/example_kubernetes_executor.py
[2022-09-12 00:42:11,730] {logging_mixin.py:104} INFO - [2022-09-12 00:42:11,730] {dag.py:1832} INFO - Sync 1 DAGs
[2022-09-12 00:42:11,762] {logging_mixin.py:104} INFO - [2022-09-12 00:42:11,762] {dag.py:2305} INFO - Setting next_dagrun for example_kubernetes_executor to None
[2022-09-12 00:42:11,817] {scheduler_job.py:190} INFO - Processing /home/airflow/sandbox/lib/python3.8/site-packages/airflow/example_dags/example_kubernetes_executor.py took 0.301 seconds
[2022-09-12 00:42:42,448] {scheduler_job.py:182} INFO - Started process (PID=244005) to work on /home/airflow/sandbox/lib/python3.8/site-packages/airflow/example_dags/example_kubernetes_executor.py
[2022-09-12 00:42:42,450] {scheduler_job.py:633} INFO - Processing file /home/airflow/sandbox/lib/python3.8/site-packages/airflow/example_dags/example_kubernetes_executor.py for tasks to queue
[2022-09-12 00:42:42,452] {logging_mixin.py:104} INFO - [2022-09-12 00:42:42,451] {dagbag.py:487} INFO - Filling up the DagBag from /home/airflow/sandbox/lib/python3.8/site-packages/airflow/example_dags/example_kubernetes_executor.py
[2022-09-12 00:42:42,463] {scheduler_job.py:643} INFO - DAG(s) dict_keys(['example_kubernetes_executor']) retrieved from /home/airflow/sandbox/lib/python3.8/site-packages/airflow/example_dags/example_kubernetes_executor.py
[2022-09-12 00:42:42,565] {logging_mixin.py:104} INFO - [2022-09-12 00:42:42,565] {dag.py:1832} INFO - Sync 1 DAGs
[2022-09-12 00:42:42,590] {logging_mixin.py:104} INFO - [2022-09-12 00:42:42,590] {dag.py:2305} INFO - Setting next_dagrun for example_kubernetes_executor to None
[2022-09-12 00:42:42,627] {scheduler_job.py:190} INFO - Processing /home/airflow/sandbox/lib/python3.8/site-packages/airflow/example_dags/example_kubernetes_executor.py took 0.186 seconds
[2022-09-12 00:43:13,366] {scheduler_job.py:182} INFO - Started process (PID=244299) to work on /home/airflow/sandbox/lib/python3.8/site-packages/airflow/example_dags/example_kubernetes_executor.py
[2022-09-12 00:43:13,371] {scheduler_job.py:633} INFO - Processing file /home/airflow/sandbox/lib/python3.8/site-packages/airflow/example_dags/example_kubernetes_executor.py for tasks to queue
[2022-09-12 00:43:13,378] {logging_mixin.py:104} INFO - [2022-09-12 00:43:13,378] {dagbag.py:487} INFO - Filling up the DagBag from /home/airflow/sandbox/lib/python3.8/site-packages/airflow/example_dags/example_kubernetes_executor.py
[2022-09-12 00:43:13,387] {scheduler_job.py:643} INFO - DAG(s) dict_keys(['example_kubernetes_executor']) retrieved from /home/airflow/sandbox/lib/python3.8/site-packages/airflow/example_dags/example_kubernetes_executor.py
[2022-09-12 00:43:13,458] {logging_mixin.py:104} INFO - [2022-09-12 00:43:13,458] {dag.py:1832} INFO - Sync 1 DAGs
[2022-09-12 00:43:13,486] {logging_mixin.py:104} INFO - [2022-09-12 00:43:13,486] {dag.py:2305} INFO - Setting next_dagrun for example_kubernetes_executor to None
[2022-09-12 00:43:14,162] {scheduler_job.py:190} INFO - Processing /home/airflow/sandbox/lib/python3.8/site-packages/airflow/example_dags/example_kubernetes_executor.py took 0.801 seconds
