[2022-09-12 00:38:18,488] {scheduler_job.py:182} INFO - Started process (PID=241022) to work on /home/airflow/sandbox/lib/python3.8/site-packages/airflow/example_dags/example_xcom.py
[2022-09-12 00:38:18,546] {scheduler_job.py:633} INFO - Processing file /home/airflow/sandbox/lib/python3.8/site-packages/airflow/example_dags/example_xcom.py for tasks to queue
[2022-09-12 00:38:18,560] {logging_mixin.py:104} INFO - [2022-09-12 00:38:18,560] {dagbag.py:487} INFO - Filling up the DagBag from /home/airflow/sandbox/lib/python3.8/site-packages/airflow/example_dags/example_xcom.py
[2022-09-12 00:38:18,602] {scheduler_job.py:643} INFO - DAG(s) dict_keys(['example_xcom']) retrieved from /home/airflow/sandbox/lib/python3.8/site-packages/airflow/example_dags/example_xcom.py
[2022-09-12 00:38:21,197] {logging_mixin.py:104} INFO - [2022-09-12 00:38:21,197] {dag.py:1832} INFO - Sync 1 DAGs
[2022-09-12 00:38:21,294] {logging_mixin.py:104} INFO - [2022-09-12 00:38:21,293] {dag.py:2305} INFO - Setting next_dagrun for example_xcom to 2022-09-10 00:00:00+00:00
[2022-09-12 00:38:21,445] {scheduler_job.py:190} INFO - Processing /home/airflow/sandbox/lib/python3.8/site-packages/airflow/example_dags/example_xcom.py took 2.962 seconds
[2022-09-12 00:38:52,286] {scheduler_job.py:182} INFO - Started process (PID=241411) to work on /home/airflow/sandbox/lib/python3.8/site-packages/airflow/example_dags/example_xcom.py
[2022-09-12 00:38:52,305] {scheduler_job.py:633} INFO - Processing file /home/airflow/sandbox/lib/python3.8/site-packages/airflow/example_dags/example_xcom.py for tasks to queue
[2022-09-12 00:38:52,313] {logging_mixin.py:104} INFO - [2022-09-12 00:38:52,313] {dagbag.py:487} INFO - Filling up the DagBag from /home/airflow/sandbox/lib/python3.8/site-packages/airflow/example_dags/example_xcom.py
[2022-09-12 00:38:52,330] {scheduler_job.py:643} INFO - DAG(s) dict_keys(['example_xcom']) retrieved from /home/airflow/sandbox/lib/python3.8/site-packages/airflow/example_dags/example_xcom.py
[2022-09-12 00:38:52,444] {logging_mixin.py:104} INFO - [2022-09-12 00:38:52,444] {dag.py:1832} INFO - Sync 1 DAGs
[2022-09-12 00:38:52,520] {logging_mixin.py:104} INFO - [2022-09-12 00:38:52,520] {dag.py:2305} INFO - Setting next_dagrun for example_xcom to 2022-09-10 00:00:00+00:00
[2022-09-12 00:38:52,562] {scheduler_job.py:190} INFO - Processing /home/airflow/sandbox/lib/python3.8/site-packages/airflow/example_dags/example_xcom.py took 0.280 seconds
[2022-09-12 00:39:22,805] {scheduler_job.py:182} INFO - Started process (PID=241630) to work on /home/airflow/sandbox/lib/python3.8/site-packages/airflow/example_dags/example_xcom.py
[2022-09-12 00:39:22,811] {scheduler_job.py:633} INFO - Processing file /home/airflow/sandbox/lib/python3.8/site-packages/airflow/example_dags/example_xcom.py for tasks to queue
[2022-09-12 00:39:22,812] {logging_mixin.py:104} INFO - [2022-09-12 00:39:22,812] {dagbag.py:487} INFO - Filling up the DagBag from /home/airflow/sandbox/lib/python3.8/site-packages/airflow/example_dags/example_xcom.py
[2022-09-12 00:39:22,818] {scheduler_job.py:643} INFO - DAG(s) dict_keys(['example_xcom']) retrieved from /home/airflow/sandbox/lib/python3.8/site-packages/airflow/example_dags/example_xcom.py
[2022-09-12 00:39:22,880] {logging_mixin.py:104} INFO - [2022-09-12 00:39:22,880] {dag.py:1832} INFO - Sync 1 DAGs
[2022-09-12 00:39:22,908] {logging_mixin.py:104} INFO - [2022-09-12 00:39:22,907] {dag.py:2305} INFO - Setting next_dagrun for example_xcom to 2022-09-10 00:00:00+00:00
[2022-09-12 00:39:22,932] {scheduler_job.py:190} INFO - Processing /home/airflow/sandbox/lib/python3.8/site-packages/airflow/example_dags/example_xcom.py took 0.136 seconds
[2022-09-12 00:39:53,499] {scheduler_job.py:182} INFO - Started process (PID=241856) to work on /home/airflow/sandbox/lib/python3.8/site-packages/airflow/example_dags/example_xcom.py
[2022-09-12 00:39:53,504] {scheduler_job.py:633} INFO - Processing file /home/airflow/sandbox/lib/python3.8/site-packages/airflow/example_dags/example_xcom.py for tasks to queue
[2022-09-12 00:39:53,516] {logging_mixin.py:104} INFO - [2022-09-12 00:39:53,515] {dagbag.py:487} INFO - Filling up the DagBag from /home/airflow/sandbox/lib/python3.8/site-packages/airflow/example_dags/example_xcom.py
[2022-09-12 00:39:53,528] {scheduler_job.py:643} INFO - DAG(s) dict_keys(['example_xcom']) retrieved from /home/airflow/sandbox/lib/python3.8/site-packages/airflow/example_dags/example_xcom.py
[2022-09-12 00:39:53,696] {logging_mixin.py:104} INFO - [2022-09-12 00:39:53,696] {dag.py:1832} INFO - Sync 1 DAGs
[2022-09-12 00:39:53,766] {logging_mixin.py:104} INFO - [2022-09-12 00:39:53,766] {dag.py:2305} INFO - Setting next_dagrun for example_xcom to 2022-09-10 00:00:00+00:00
[2022-09-12 00:39:53,840] {scheduler_job.py:190} INFO - Processing /home/airflow/sandbox/lib/python3.8/site-packages/airflow/example_dags/example_xcom.py took 0.354 seconds
[2022-09-12 00:40:24,256] {scheduler_job.py:182} INFO - Started process (PID=242331) to work on /home/airflow/sandbox/lib/python3.8/site-packages/airflow/example_dags/example_xcom.py
[2022-09-12 00:40:24,263] {scheduler_job.py:633} INFO - Processing file /home/airflow/sandbox/lib/python3.8/site-packages/airflow/example_dags/example_xcom.py for tasks to queue
[2022-09-12 00:40:24,298] {logging_mixin.py:104} INFO - [2022-09-12 00:40:24,298] {dagbag.py:487} INFO - Filling up the DagBag from /home/airflow/sandbox/lib/python3.8/site-packages/airflow/example_dags/example_xcom.py
[2022-09-12 00:40:24,308] {scheduler_job.py:643} INFO - DAG(s) dict_keys(['example_xcom']) retrieved from /home/airflow/sandbox/lib/python3.8/site-packages/airflow/example_dags/example_xcom.py
[2022-09-12 00:40:24,422] {logging_mixin.py:104} INFO - [2022-09-12 00:40:24,422] {dag.py:1832} INFO - Sync 1 DAGs
[2022-09-12 00:40:24,459] {logging_mixin.py:104} INFO - [2022-09-12 00:40:24,459] {dag.py:2305} INFO - Setting next_dagrun for example_xcom to 2022-09-10 00:00:00+00:00
[2022-09-12 00:40:24,497] {scheduler_job.py:190} INFO - Processing /home/airflow/sandbox/lib/python3.8/site-packages/airflow/example_dags/example_xcom.py took 0.293 seconds
[2022-09-12 00:40:54,674] {scheduler_job.py:182} INFO - Started process (PID=242605) to work on /home/airflow/sandbox/lib/python3.8/site-packages/airflow/example_dags/example_xcom.py
[2022-09-12 00:40:54,676] {scheduler_job.py:633} INFO - Processing file /home/airflow/sandbox/lib/python3.8/site-packages/airflow/example_dags/example_xcom.py for tasks to queue
[2022-09-12 00:40:54,686] {logging_mixin.py:104} INFO - [2022-09-12 00:40:54,686] {dagbag.py:487} INFO - Filling up the DagBag from /home/airflow/sandbox/lib/python3.8/site-packages/airflow/example_dags/example_xcom.py
[2022-09-12 00:40:54,703] {scheduler_job.py:643} INFO - DAG(s) dict_keys(['example_xcom']) retrieved from /home/airflow/sandbox/lib/python3.8/site-packages/airflow/example_dags/example_xcom.py
[2022-09-12 00:40:54,767] {logging_mixin.py:104} INFO - [2022-09-12 00:40:54,767] {dag.py:1832} INFO - Sync 1 DAGs
[2022-09-12 00:40:54,817] {logging_mixin.py:104} INFO - [2022-09-12 00:40:54,817] {dag.py:2305} INFO - Setting next_dagrun for example_xcom to 2022-09-10 00:00:00+00:00
[2022-09-12 00:40:54,849] {scheduler_job.py:190} INFO - Processing /home/airflow/sandbox/lib/python3.8/site-packages/airflow/example_dags/example_xcom.py took 0.196 seconds
[2022-09-12 00:41:24,971] {scheduler_job.py:182} INFO - Started process (PID=242922) to work on /home/airflow/sandbox/lib/python3.8/site-packages/airflow/example_dags/example_xcom.py
[2022-09-12 00:41:24,985] {scheduler_job.py:633} INFO - Processing file /home/airflow/sandbox/lib/python3.8/site-packages/airflow/example_dags/example_xcom.py for tasks to queue
[2022-09-12 00:41:24,987] {logging_mixin.py:104} INFO - [2022-09-12 00:41:24,987] {dagbag.py:487} INFO - Filling up the DagBag from /home/airflow/sandbox/lib/python3.8/site-packages/airflow/example_dags/example_xcom.py
[2022-09-12 00:41:24,998] {scheduler_job.py:643} INFO - DAG(s) dict_keys(['example_xcom']) retrieved from /home/airflow/sandbox/lib/python3.8/site-packages/airflow/example_dags/example_xcom.py
[2022-09-12 00:41:25,306] {logging_mixin.py:104} INFO - [2022-09-12 00:41:25,306] {dag.py:1832} INFO - Sync 1 DAGs
[2022-09-12 00:41:25,505] {logging_mixin.py:104} INFO - [2022-09-12 00:41:25,505] {dag.py:2305} INFO - Setting next_dagrun for example_xcom to 2022-09-10 00:00:00+00:00
[2022-09-12 00:41:25,573] {scheduler_job.py:190} INFO - Processing /home/airflow/sandbox/lib/python3.8/site-packages/airflow/example_dags/example_xcom.py took 0.618 seconds
[2022-09-12 00:41:56,081] {scheduler_job.py:182} INFO - Started process (PID=243255) to work on /home/airflow/sandbox/lib/python3.8/site-packages/airflow/example_dags/example_xcom.py
[2022-09-12 00:41:56,092] {scheduler_job.py:633} INFO - Processing file /home/airflow/sandbox/lib/python3.8/site-packages/airflow/example_dags/example_xcom.py for tasks to queue
[2022-09-12 00:41:56,096] {logging_mixin.py:104} INFO - [2022-09-12 00:41:56,096] {dagbag.py:487} INFO - Filling up the DagBag from /home/airflow/sandbox/lib/python3.8/site-packages/airflow/example_dags/example_xcom.py
[2022-09-12 00:41:56,118] {scheduler_job.py:643} INFO - DAG(s) dict_keys(['example_xcom']) retrieved from /home/airflow/sandbox/lib/python3.8/site-packages/airflow/example_dags/example_xcom.py
[2022-09-12 00:41:56,171] {logging_mixin.py:104} INFO - [2022-09-12 00:41:56,171] {dag.py:1832} INFO - Sync 1 DAGs
[2022-09-12 00:41:56,196] {logging_mixin.py:104} INFO - [2022-09-12 00:41:56,196] {dag.py:2305} INFO - Setting next_dagrun for example_xcom to 2022-09-10 00:00:00+00:00
[2022-09-12 00:41:56,230] {scheduler_job.py:190} INFO - Processing /home/airflow/sandbox/lib/python3.8/site-packages/airflow/example_dags/example_xcom.py took 0.152 seconds
[2022-09-12 00:42:26,382] {scheduler_job.py:182} INFO - Started process (PID=243821) to work on /home/airflow/sandbox/lib/python3.8/site-packages/airflow/example_dags/example_xcom.py
[2022-09-12 00:42:26,393] {scheduler_job.py:633} INFO - Processing file /home/airflow/sandbox/lib/python3.8/site-packages/airflow/example_dags/example_xcom.py for tasks to queue
[2022-09-12 00:42:26,396] {logging_mixin.py:104} INFO - [2022-09-12 00:42:26,396] {dagbag.py:487} INFO - Filling up the DagBag from /home/airflow/sandbox/lib/python3.8/site-packages/airflow/example_dags/example_xcom.py
[2022-09-12 00:42:26,408] {scheduler_job.py:643} INFO - DAG(s) dict_keys(['example_xcom']) retrieved from /home/airflow/sandbox/lib/python3.8/site-packages/airflow/example_dags/example_xcom.py
[2022-09-12 00:42:26,772] {logging_mixin.py:104} INFO - [2022-09-12 00:42:26,772] {dag.py:1832} INFO - Sync 1 DAGs
[2022-09-12 00:42:26,845] {logging_mixin.py:104} INFO - [2022-09-12 00:42:26,845] {dag.py:2305} INFO - Setting next_dagrun for example_xcom to 2022-09-10 00:00:00+00:00
[2022-09-12 00:42:26,961] {scheduler_job.py:190} INFO - Processing /home/airflow/sandbox/lib/python3.8/site-packages/airflow/example_dags/example_xcom.py took 0.583 seconds
[2022-09-12 00:42:57,263] {scheduler_job.py:182} INFO - Started process (PID=244121) to work on /home/airflow/sandbox/lib/python3.8/site-packages/airflow/example_dags/example_xcom.py
[2022-09-12 00:42:57,270] {scheduler_job.py:633} INFO - Processing file /home/airflow/sandbox/lib/python3.8/site-packages/airflow/example_dags/example_xcom.py for tasks to queue
[2022-09-12 00:42:57,271] {logging_mixin.py:104} INFO - [2022-09-12 00:42:57,271] {dagbag.py:487} INFO - Filling up the DagBag from /home/airflow/sandbox/lib/python3.8/site-packages/airflow/example_dags/example_xcom.py
[2022-09-12 00:42:57,337] {scheduler_job.py:643} INFO - DAG(s) dict_keys(['example_xcom']) retrieved from /home/airflow/sandbox/lib/python3.8/site-packages/airflow/example_dags/example_xcom.py
[2022-09-12 00:42:57,468] {logging_mixin.py:104} INFO - [2022-09-12 00:42:57,468] {dag.py:1832} INFO - Sync 1 DAGs
[2022-09-12 00:42:57,523] {logging_mixin.py:104} INFO - [2022-09-12 00:42:57,523] {dag.py:2305} INFO - Setting next_dagrun for example_xcom to 2022-09-10 00:00:00+00:00
[2022-09-12 00:42:57,571] {scheduler_job.py:190} INFO - Processing /home/airflow/sandbox/lib/python3.8/site-packages/airflow/example_dags/example_xcom.py took 0.311 seconds
