[2022-09-12 00:36:35,239] {scheduler_job.py:182} INFO - Started process (PID=239213) to work on /home/airflow/sandbox/lib/python3.8/site-packages/airflow/example_dags/example_external_task_marker_dag.py
[2022-09-12 00:36:35,276] {scheduler_job.py:633} INFO - Processing file /home/airflow/sandbox/lib/python3.8/site-packages/airflow/example_dags/example_external_task_marker_dag.py for tasks to queue
[2022-09-12 00:36:35,312] {logging_mixin.py:104} INFO - [2022-09-12 00:36:35,312] {dagbag.py:487} INFO - Filling up the DagBag from /home/airflow/sandbox/lib/python3.8/site-packages/airflow/example_dags/example_external_task_marker_dag.py
[2022-09-12 00:36:36,538] {scheduler_job.py:643} INFO - DAG(s) dict_keys(['example_external_task_marker_parent', 'example_external_task_marker_child']) retrieved from /home/airflow/sandbox/lib/python3.8/site-packages/airflow/example_dags/example_external_task_marker_dag.py
[2022-09-12 00:36:54,112] {logging_mixin.py:104} INFO - [2022-09-12 00:36:54,112] {dag.py:1832} INFO - Sync 2 DAGs
[2022-09-12 00:36:54,353] {logging_mixin.py:104} INFO - [2022-09-12 00:36:54,353] {dag.py:2305} INFO - Setting next_dagrun for example_external_task_marker_child to None
[2022-09-12 00:36:54,355] {logging_mixin.py:104} INFO - [2022-09-12 00:36:54,355] {dag.py:2305} INFO - Setting next_dagrun for example_external_task_marker_parent to None
[2022-09-12 00:36:54,554] {scheduler_job.py:190} INFO - Processing /home/airflow/sandbox/lib/python3.8/site-packages/airflow/example_dags/example_external_task_marker_dag.py took 19.442 seconds
[2022-09-12 00:38:27,114] {scheduler_job.py:182} INFO - Started process (PID=241120) to work on /home/airflow/sandbox/lib/python3.8/site-packages/airflow/example_dags/example_external_task_marker_dag.py
[2022-09-12 00:38:27,119] {scheduler_job.py:633} INFO - Processing file /home/airflow/sandbox/lib/python3.8/site-packages/airflow/example_dags/example_external_task_marker_dag.py for tasks to queue
[2022-09-12 00:38:27,120] {logging_mixin.py:104} INFO - [2022-09-12 00:38:27,120] {dagbag.py:487} INFO - Filling up the DagBag from /home/airflow/sandbox/lib/python3.8/site-packages/airflow/example_dags/example_external_task_marker_dag.py
[2022-09-12 00:38:27,157] {scheduler_job.py:643} INFO - DAG(s) dict_keys(['example_external_task_marker_parent', 'example_external_task_marker_child']) retrieved from /home/airflow/sandbox/lib/python3.8/site-packages/airflow/example_dags/example_external_task_marker_dag.py
[2022-09-12 00:38:27,339] {logging_mixin.py:104} INFO - [2022-09-12 00:38:27,339] {dag.py:1832} INFO - Sync 2 DAGs
[2022-09-12 00:38:27,456] {logging_mixin.py:104} INFO - [2022-09-12 00:38:27,456] {dag.py:2305} INFO - Setting next_dagrun for example_external_task_marker_child to None
[2022-09-12 00:38:27,457] {logging_mixin.py:104} INFO - [2022-09-12 00:38:27,457] {dag.py:2305} INFO - Setting next_dagrun for example_external_task_marker_parent to None
[2022-09-12 00:38:27,527] {scheduler_job.py:190} INFO - Processing /home/airflow/sandbox/lib/python3.8/site-packages/airflow/example_dags/example_external_task_marker_dag.py took 0.463 seconds
[2022-09-12 00:38:58,934] {scheduler_job.py:182} INFO - Started process (PID=241448) to work on /home/airflow/sandbox/lib/python3.8/site-packages/airflow/example_dags/example_external_task_marker_dag.py
[2022-09-12 00:38:58,941] {scheduler_job.py:633} INFO - Processing file /home/airflow/sandbox/lib/python3.8/site-packages/airflow/example_dags/example_external_task_marker_dag.py for tasks to queue
[2022-09-12 00:38:58,947] {logging_mixin.py:104} INFO - [2022-09-12 00:38:58,947] {dagbag.py:487} INFO - Filling up the DagBag from /home/airflow/sandbox/lib/python3.8/site-packages/airflow/example_dags/example_external_task_marker_dag.py
[2022-09-12 00:38:59,062] {scheduler_job.py:643} INFO - DAG(s) dict_keys(['example_external_task_marker_parent', 'example_external_task_marker_child']) retrieved from /home/airflow/sandbox/lib/python3.8/site-packages/airflow/example_dags/example_external_task_marker_dag.py
[2022-09-12 00:38:59,314] {logging_mixin.py:104} INFO - [2022-09-12 00:38:59,314] {dag.py:1832} INFO - Sync 2 DAGs
[2022-09-12 00:38:59,483] {logging_mixin.py:104} INFO - [2022-09-12 00:38:59,483] {dag.py:2305} INFO - Setting next_dagrun for example_external_task_marker_child to None
[2022-09-12 00:38:59,485] {logging_mixin.py:104} INFO - [2022-09-12 00:38:59,485] {dag.py:2305} INFO - Setting next_dagrun for example_external_task_marker_parent to None
[2022-09-12 00:38:59,594] {scheduler_job.py:190} INFO - Processing /home/airflow/sandbox/lib/python3.8/site-packages/airflow/example_dags/example_external_task_marker_dag.py took 0.733 seconds
[2022-09-12 00:39:29,713] {scheduler_job.py:182} INFO - Started process (PID=241677) to work on /home/airflow/sandbox/lib/python3.8/site-packages/airflow/example_dags/example_external_task_marker_dag.py
[2022-09-12 00:39:29,718] {scheduler_job.py:633} INFO - Processing file /home/airflow/sandbox/lib/python3.8/site-packages/airflow/example_dags/example_external_task_marker_dag.py for tasks to queue
[2022-09-12 00:39:29,727] {logging_mixin.py:104} INFO - [2022-09-12 00:39:29,726] {dagbag.py:487} INFO - Filling up the DagBag from /home/airflow/sandbox/lib/python3.8/site-packages/airflow/example_dags/example_external_task_marker_dag.py
[2022-09-12 00:39:29,845] {scheduler_job.py:643} INFO - DAG(s) dict_keys(['example_external_task_marker_parent', 'example_external_task_marker_child']) retrieved from /home/airflow/sandbox/lib/python3.8/site-packages/airflow/example_dags/example_external_task_marker_dag.py
[2022-09-12 00:39:29,955] {logging_mixin.py:104} INFO - [2022-09-12 00:39:29,955] {dag.py:1832} INFO - Sync 2 DAGs
[2022-09-12 00:39:29,970] {logging_mixin.py:104} INFO - [2022-09-12 00:39:29,970] {dag.py:2305} INFO - Setting next_dagrun for example_external_task_marker_child to None
[2022-09-12 00:39:29,971] {logging_mixin.py:104} INFO - [2022-09-12 00:39:29,970] {dag.py:2305} INFO - Setting next_dagrun for example_external_task_marker_parent to None
[2022-09-12 00:39:29,982] {scheduler_job.py:190} INFO - Processing /home/airflow/sandbox/lib/python3.8/site-packages/airflow/example_dags/example_external_task_marker_dag.py took 0.327 seconds
[2022-09-12 00:40:00,348] {scheduler_job.py:182} INFO - Started process (PID=241892) to work on /home/airflow/sandbox/lib/python3.8/site-packages/airflow/example_dags/example_external_task_marker_dag.py
[2022-09-12 00:40:00,352] {scheduler_job.py:633} INFO - Processing file /home/airflow/sandbox/lib/python3.8/site-packages/airflow/example_dags/example_external_task_marker_dag.py for tasks to queue
[2022-09-12 00:40:00,352] {logging_mixin.py:104} INFO - [2022-09-12 00:40:00,352] {dagbag.py:487} INFO - Filling up the DagBag from /home/airflow/sandbox/lib/python3.8/site-packages/airflow/example_dags/example_external_task_marker_dag.py
[2022-09-12 00:40:00,359] {scheduler_job.py:643} INFO - DAG(s) dict_keys(['example_external_task_marker_parent', 'example_external_task_marker_child']) retrieved from /home/airflow/sandbox/lib/python3.8/site-packages/airflow/example_dags/example_external_task_marker_dag.py
[2022-09-12 00:40:00,436] {logging_mixin.py:104} INFO - [2022-09-12 00:40:00,435] {dag.py:1832} INFO - Sync 2 DAGs
[2022-09-12 00:40:00,455] {logging_mixin.py:104} INFO - [2022-09-12 00:40:00,455] {dag.py:2305} INFO - Setting next_dagrun for example_external_task_marker_child to None
[2022-09-12 00:40:00,460] {logging_mixin.py:104} INFO - [2022-09-12 00:40:00,460] {dag.py:2305} INFO - Setting next_dagrun for example_external_task_marker_parent to None
[2022-09-12 00:40:00,482] {scheduler_job.py:190} INFO - Processing /home/airflow/sandbox/lib/python3.8/site-packages/airflow/example_dags/example_external_task_marker_dag.py took 0.137 seconds
[2022-09-12 00:40:31,600] {scheduler_job.py:182} INFO - Started process (PID=242372) to work on /home/airflow/sandbox/lib/python3.8/site-packages/airflow/example_dags/example_external_task_marker_dag.py
[2022-09-12 00:40:31,623] {scheduler_job.py:633} INFO - Processing file /home/airflow/sandbox/lib/python3.8/site-packages/airflow/example_dags/example_external_task_marker_dag.py for tasks to queue
[2022-09-12 00:40:31,626] {logging_mixin.py:104} INFO - [2022-09-12 00:40:31,626] {dagbag.py:487} INFO - Filling up the DagBag from /home/airflow/sandbox/lib/python3.8/site-packages/airflow/example_dags/example_external_task_marker_dag.py
[2022-09-12 00:40:31,882] {scheduler_job.py:643} INFO - DAG(s) dict_keys(['example_external_task_marker_parent', 'example_external_task_marker_child']) retrieved from /home/airflow/sandbox/lib/python3.8/site-packages/airflow/example_dags/example_external_task_marker_dag.py
[2022-09-12 00:40:32,188] {logging_mixin.py:104} INFO - [2022-09-12 00:40:32,188] {dag.py:1832} INFO - Sync 2 DAGs
[2022-09-12 00:40:32,365] {logging_mixin.py:104} INFO - [2022-09-12 00:40:32,361] {dag.py:2305} INFO - Setting next_dagrun for example_external_task_marker_child to None
[2022-09-12 00:40:32,372] {logging_mixin.py:104} INFO - [2022-09-12 00:40:32,372] {dag.py:2305} INFO - Setting next_dagrun for example_external_task_marker_parent to None
[2022-09-12 00:40:32,396] {scheduler_job.py:190} INFO - Processing /home/airflow/sandbox/lib/python3.8/site-packages/airflow/example_dags/example_external_task_marker_dag.py took 0.816 seconds
[2022-09-12 00:41:02,442] {scheduler_job.py:182} INFO - Started process (PID=242679) to work on /home/airflow/sandbox/lib/python3.8/site-packages/airflow/example_dags/example_external_task_marker_dag.py
[2022-09-12 00:41:02,443] {scheduler_job.py:633} INFO - Processing file /home/airflow/sandbox/lib/python3.8/site-packages/airflow/example_dags/example_external_task_marker_dag.py for tasks to queue
[2022-09-12 00:41:02,444] {logging_mixin.py:104} INFO - [2022-09-12 00:41:02,444] {dagbag.py:487} INFO - Filling up the DagBag from /home/airflow/sandbox/lib/python3.8/site-packages/airflow/example_dags/example_external_task_marker_dag.py
[2022-09-12 00:41:02,451] {scheduler_job.py:643} INFO - DAG(s) dict_keys(['example_external_task_marker_parent', 'example_external_task_marker_child']) retrieved from /home/airflow/sandbox/lib/python3.8/site-packages/airflow/example_dags/example_external_task_marker_dag.py
[2022-09-12 00:41:02,479] {logging_mixin.py:104} INFO - [2022-09-12 00:41:02,479] {dag.py:1832} INFO - Sync 2 DAGs
[2022-09-12 00:41:02,492] {logging_mixin.py:104} INFO - [2022-09-12 00:41:02,492] {dag.py:2305} INFO - Setting next_dagrun for example_external_task_marker_child to None
[2022-09-12 00:41:02,493] {logging_mixin.py:104} INFO - [2022-09-12 00:41:02,493] {dag.py:2305} INFO - Setting next_dagrun for example_external_task_marker_parent to None
[2022-09-12 00:41:02,509] {scheduler_job.py:190} INFO - Processing /home/airflow/sandbox/lib/python3.8/site-packages/airflow/example_dags/example_external_task_marker_dag.py took 0.070 seconds
[2022-09-12 00:41:32,668] {scheduler_job.py:182} INFO - Started process (PID=243026) to work on /home/airflow/sandbox/lib/python3.8/site-packages/airflow/example_dags/example_external_task_marker_dag.py
[2022-09-12 00:41:32,669] {scheduler_job.py:633} INFO - Processing file /home/airflow/sandbox/lib/python3.8/site-packages/airflow/example_dags/example_external_task_marker_dag.py for tasks to queue
[2022-09-12 00:41:32,670] {logging_mixin.py:104} INFO - [2022-09-12 00:41:32,670] {dagbag.py:487} INFO - Filling up the DagBag from /home/airflow/sandbox/lib/python3.8/site-packages/airflow/example_dags/example_external_task_marker_dag.py
[2022-09-12 00:41:32,680] {scheduler_job.py:643} INFO - DAG(s) dict_keys(['example_external_task_marker_parent', 'example_external_task_marker_child']) retrieved from /home/airflow/sandbox/lib/python3.8/site-packages/airflow/example_dags/example_external_task_marker_dag.py
[2022-09-12 00:41:32,714] {logging_mixin.py:104} INFO - [2022-09-12 00:41:32,714] {dag.py:1832} INFO - Sync 2 DAGs
[2022-09-12 00:41:32,725] {logging_mixin.py:104} INFO - [2022-09-12 00:41:32,725] {dag.py:2305} INFO - Setting next_dagrun for example_external_task_marker_child to None
[2022-09-12 00:41:32,727] {logging_mixin.py:104} INFO - [2022-09-12 00:41:32,727] {dag.py:2305} INFO - Setting next_dagrun for example_external_task_marker_parent to None
[2022-09-12 00:41:32,738] {scheduler_job.py:190} INFO - Processing /home/airflow/sandbox/lib/python3.8/site-packages/airflow/example_dags/example_external_task_marker_dag.py took 0.075 seconds
[2022-09-12 00:42:03,428] {scheduler_job.py:182} INFO - Started process (PID=243340) to work on /home/airflow/sandbox/lib/python3.8/site-packages/airflow/example_dags/example_external_task_marker_dag.py
[2022-09-12 00:42:03,517] {scheduler_job.py:633} INFO - Processing file /home/airflow/sandbox/lib/python3.8/site-packages/airflow/example_dags/example_external_task_marker_dag.py for tasks to queue
[2022-09-12 00:42:03,531] {logging_mixin.py:104} INFO - [2022-09-12 00:42:03,531] {dagbag.py:487} INFO - Filling up the DagBag from /home/airflow/sandbox/lib/python3.8/site-packages/airflow/example_dags/example_external_task_marker_dag.py
[2022-09-12 00:42:04,148] {scheduler_job.py:643} INFO - DAG(s) dict_keys(['example_external_task_marker_parent', 'example_external_task_marker_child']) retrieved from /home/airflow/sandbox/lib/python3.8/site-packages/airflow/example_dags/example_external_task_marker_dag.py
[2022-09-12 00:42:05,211] {logging_mixin.py:104} INFO - [2022-09-12 00:42:05,210] {dag.py:1832} INFO - Sync 2 DAGs
[2022-09-12 00:42:06,133] {logging_mixin.py:104} INFO - [2022-09-12 00:42:06,133] {dag.py:2305} INFO - Setting next_dagrun for example_external_task_marker_child to None
[2022-09-12 00:42:06,137] {logging_mixin.py:104} INFO - [2022-09-12 00:42:06,137] {dag.py:2305} INFO - Setting next_dagrun for example_external_task_marker_parent to None
[2022-09-12 00:42:06,364] {scheduler_job.py:190} INFO - Processing /home/airflow/sandbox/lib/python3.8/site-packages/airflow/example_dags/example_external_task_marker_dag.py took 3.082 seconds
[2022-09-12 00:42:36,777] {scheduler_job.py:182} INFO - Started process (PID=243918) to work on /home/airflow/sandbox/lib/python3.8/site-packages/airflow/example_dags/example_external_task_marker_dag.py
[2022-09-12 00:42:36,793] {scheduler_job.py:633} INFO - Processing file /home/airflow/sandbox/lib/python3.8/site-packages/airflow/example_dags/example_external_task_marker_dag.py for tasks to queue
[2022-09-12 00:42:36,798] {logging_mixin.py:104} INFO - [2022-09-12 00:42:36,798] {dagbag.py:487} INFO - Filling up the DagBag from /home/airflow/sandbox/lib/python3.8/site-packages/airflow/example_dags/example_external_task_marker_dag.py
[2022-09-12 00:42:36,811] {scheduler_job.py:643} INFO - DAG(s) dict_keys(['example_external_task_marker_parent', 'example_external_task_marker_child']) retrieved from /home/airflow/sandbox/lib/python3.8/site-packages/airflow/example_dags/example_external_task_marker_dag.py
[2022-09-12 00:42:36,892] {logging_mixin.py:104} INFO - [2022-09-12 00:42:36,892] {dag.py:1832} INFO - Sync 2 DAGs
[2022-09-12 00:42:36,959] {logging_mixin.py:104} INFO - [2022-09-12 00:42:36,958] {dag.py:2305} INFO - Setting next_dagrun for example_external_task_marker_child to None
[2022-09-12 00:42:36,960] {logging_mixin.py:104} INFO - [2022-09-12 00:42:36,960] {dag.py:2305} INFO - Setting next_dagrun for example_external_task_marker_parent to None
[2022-09-12 00:42:37,006] {scheduler_job.py:190} INFO - Processing /home/airflow/sandbox/lib/python3.8/site-packages/airflow/example_dags/example_external_task_marker_dag.py took 0.232 seconds
[2022-09-12 00:43:07,152] {scheduler_job.py:182} INFO - Started process (PID=244217) to work on /home/airflow/sandbox/lib/python3.8/site-packages/airflow/example_dags/example_external_task_marker_dag.py
[2022-09-12 00:43:07,154] {scheduler_job.py:633} INFO - Processing file /home/airflow/sandbox/lib/python3.8/site-packages/airflow/example_dags/example_external_task_marker_dag.py for tasks to queue
[2022-09-12 00:43:07,155] {logging_mixin.py:104} INFO - [2022-09-12 00:43:07,155] {dagbag.py:487} INFO - Filling up the DagBag from /home/airflow/sandbox/lib/python3.8/site-packages/airflow/example_dags/example_external_task_marker_dag.py
[2022-09-12 00:43:07,179] {scheduler_job.py:643} INFO - DAG(s) dict_keys(['example_external_task_marker_parent', 'example_external_task_marker_child']) retrieved from /home/airflow/sandbox/lib/python3.8/site-packages/airflow/example_dags/example_external_task_marker_dag.py
[2022-09-12 00:43:07,228] {logging_mixin.py:104} INFO - [2022-09-12 00:43:07,228] {dag.py:1832} INFO - Sync 2 DAGs
[2022-09-12 00:43:07,267] {logging_mixin.py:104} INFO - [2022-09-12 00:43:07,267] {dag.py:2305} INFO - Setting next_dagrun for example_external_task_marker_child to None
[2022-09-12 00:43:07,269] {logging_mixin.py:104} INFO - [2022-09-12 00:43:07,269] {dag.py:2305} INFO - Setting next_dagrun for example_external_task_marker_parent to None
[2022-09-12 00:43:07,285] {scheduler_job.py:190} INFO - Processing /home/airflow/sandbox/lib/python3.8/site-packages/airflow/example_dags/example_external_task_marker_dag.py took 0.142 seconds
