[2022-09-12 00:38:10,172] {scheduler_job.py:182} INFO - Started process (PID=240962) to work on /home/airflow/sandbox/lib/python3.8/site-packages/airflow/example_dags/tutorial_taskflow_api_etl.py
[2022-09-12 00:38:10,218] {scheduler_job.py:633} INFO - Processing file /home/airflow/sandbox/lib/python3.8/site-packages/airflow/example_dags/tutorial_taskflow_api_etl.py for tasks to queue
[2022-09-12 00:38:10,222] {logging_mixin.py:104} INFO - [2022-09-12 00:38:10,222] {dagbag.py:487} INFO - Filling up the DagBag from /home/airflow/sandbox/lib/python3.8/site-packages/airflow/example_dags/tutorial_taskflow_api_etl.py
[2022-09-12 00:38:10,281] {scheduler_job.py:643} INFO - DAG(s) dict_keys(['tutorial_taskflow_api_etl']) retrieved from /home/airflow/sandbox/lib/python3.8/site-packages/airflow/example_dags/tutorial_taskflow_api_etl.py
[2022-09-12 00:38:14,467] {logging_mixin.py:104} INFO - [2022-09-12 00:38:14,467] {dag.py:1832} INFO - Sync 1 DAGs
[2022-09-12 00:38:14,646] {logging_mixin.py:104} INFO - [2022-09-12 00:38:14,646] {dag.py:2305} INFO - Setting next_dagrun for tutorial_taskflow_api_etl to None
[2022-09-12 00:38:14,860] {scheduler_job.py:190} INFO - Processing /home/airflow/sandbox/lib/python3.8/site-packages/airflow/example_dags/tutorial_taskflow_api_etl.py took 4.801 seconds
[2022-09-12 00:38:45,247] {scheduler_job.py:182} INFO - Started process (PID=241373) to work on /home/airflow/sandbox/lib/python3.8/site-packages/airflow/example_dags/tutorial_taskflow_api_etl.py
[2022-09-12 00:38:45,275] {scheduler_job.py:633} INFO - Processing file /home/airflow/sandbox/lib/python3.8/site-packages/airflow/example_dags/tutorial_taskflow_api_etl.py for tasks to queue
[2022-09-12 00:38:45,285] {logging_mixin.py:104} INFO - [2022-09-12 00:38:45,284] {dagbag.py:487} INFO - Filling up the DagBag from /home/airflow/sandbox/lib/python3.8/site-packages/airflow/example_dags/tutorial_taskflow_api_etl.py
[2022-09-12 00:38:45,558] {scheduler_job.py:643} INFO - DAG(s) dict_keys(['tutorial_taskflow_api_etl']) retrieved from /home/airflow/sandbox/lib/python3.8/site-packages/airflow/example_dags/tutorial_taskflow_api_etl.py
[2022-09-12 00:38:50,363] {logging_mixin.py:104} INFO - [2022-09-12 00:38:50,363] {dag.py:1832} INFO - Sync 1 DAGs
[2022-09-12 00:38:50,443] {logging_mixin.py:104} INFO - [2022-09-12 00:38:50,443] {dag.py:2305} INFO - Setting next_dagrun for tutorial_taskflow_api_etl to None
[2022-09-12 00:38:50,533] {scheduler_job.py:190} INFO - Processing /home/airflow/sandbox/lib/python3.8/site-packages/airflow/example_dags/tutorial_taskflow_api_etl.py took 5.353 seconds
[2022-09-12 00:39:21,163] {scheduler_job.py:182} INFO - Started process (PID=241609) to work on /home/airflow/sandbox/lib/python3.8/site-packages/airflow/example_dags/tutorial_taskflow_api_etl.py
[2022-09-12 00:39:21,167] {scheduler_job.py:633} INFO - Processing file /home/airflow/sandbox/lib/python3.8/site-packages/airflow/example_dags/tutorial_taskflow_api_etl.py for tasks to queue
[2022-09-12 00:39:21,168] {logging_mixin.py:104} INFO - [2022-09-12 00:39:21,167] {dagbag.py:487} INFO - Filling up the DagBag from /home/airflow/sandbox/lib/python3.8/site-packages/airflow/example_dags/tutorial_taskflow_api_etl.py
[2022-09-12 00:39:21,216] {scheduler_job.py:643} INFO - DAG(s) dict_keys(['tutorial_taskflow_api_etl']) retrieved from /home/airflow/sandbox/lib/python3.8/site-packages/airflow/example_dags/tutorial_taskflow_api_etl.py
[2022-09-12 00:39:21,649] {logging_mixin.py:104} INFO - [2022-09-12 00:39:21,649] {dag.py:1832} INFO - Sync 1 DAGs
[2022-09-12 00:39:21,677] {logging_mixin.py:104} INFO - [2022-09-12 00:39:21,677] {dag.py:2305} INFO - Setting next_dagrun for tutorial_taskflow_api_etl to None
[2022-09-12 00:39:21,702] {scheduler_job.py:190} INFO - Processing /home/airflow/sandbox/lib/python3.8/site-packages/airflow/example_dags/tutorial_taskflow_api_etl.py took 0.550 seconds
[2022-09-12 00:39:52,433] {scheduler_job.py:182} INFO - Started process (PID=241836) to work on /home/airflow/sandbox/lib/python3.8/site-packages/airflow/example_dags/tutorial_taskflow_api_etl.py
[2022-09-12 00:39:52,434] {scheduler_job.py:633} INFO - Processing file /home/airflow/sandbox/lib/python3.8/site-packages/airflow/example_dags/tutorial_taskflow_api_etl.py for tasks to queue
[2022-09-12 00:39:52,435] {logging_mixin.py:104} INFO - [2022-09-12 00:39:52,435] {dagbag.py:487} INFO - Filling up the DagBag from /home/airflow/sandbox/lib/python3.8/site-packages/airflow/example_dags/tutorial_taskflow_api_etl.py
[2022-09-12 00:39:52,460] {scheduler_job.py:643} INFO - DAG(s) dict_keys(['tutorial_taskflow_api_etl']) retrieved from /home/airflow/sandbox/lib/python3.8/site-packages/airflow/example_dags/tutorial_taskflow_api_etl.py
[2022-09-12 00:39:53,303] {logging_mixin.py:104} INFO - [2022-09-12 00:39:53,302] {dag.py:1832} INFO - Sync 1 DAGs
[2022-09-12 00:39:53,334] {logging_mixin.py:104} INFO - [2022-09-12 00:39:53,333] {dag.py:2305} INFO - Setting next_dagrun for tutorial_taskflow_api_etl to None
[2022-09-12 00:39:53,377] {scheduler_job.py:190} INFO - Processing /home/airflow/sandbox/lib/python3.8/site-packages/airflow/example_dags/tutorial_taskflow_api_etl.py took 0.961 seconds
[2022-09-12 00:40:23,840] {scheduler_job.py:182} INFO - Started process (PID=242325) to work on /home/airflow/sandbox/lib/python3.8/site-packages/airflow/example_dags/tutorial_taskflow_api_etl.py
[2022-09-12 00:40:23,854] {scheduler_job.py:633} INFO - Processing file /home/airflow/sandbox/lib/python3.8/site-packages/airflow/example_dags/tutorial_taskflow_api_etl.py for tasks to queue
[2022-09-12 00:40:23,855] {logging_mixin.py:104} INFO - [2022-09-12 00:40:23,855] {dagbag.py:487} INFO - Filling up the DagBag from /home/airflow/sandbox/lib/python3.8/site-packages/airflow/example_dags/tutorial_taskflow_api_etl.py
[2022-09-12 00:40:23,868] {scheduler_job.py:643} INFO - DAG(s) dict_keys(['tutorial_taskflow_api_etl']) retrieved from /home/airflow/sandbox/lib/python3.8/site-packages/airflow/example_dags/tutorial_taskflow_api_etl.py
[2022-09-12 00:40:26,431] {logging_mixin.py:104} INFO - [2022-09-12 00:40:26,430] {dag.py:1832} INFO - Sync 1 DAGs
[2022-09-12 00:40:26,594] {logging_mixin.py:104} INFO - [2022-09-12 00:40:26,593] {dag.py:2305} INFO - Setting next_dagrun for tutorial_taskflow_api_etl to None
[2022-09-12 00:40:26,748] {scheduler_job.py:190} INFO - Processing /home/airflow/sandbox/lib/python3.8/site-packages/airflow/example_dags/tutorial_taskflow_api_etl.py took 2.912 seconds
[2022-09-12 00:40:57,878] {scheduler_job.py:182} INFO - Started process (PID=242649) to work on /home/airflow/sandbox/lib/python3.8/site-packages/airflow/example_dags/tutorial_taskflow_api_etl.py
[2022-09-12 00:40:57,879] {scheduler_job.py:633} INFO - Processing file /home/airflow/sandbox/lib/python3.8/site-packages/airflow/example_dags/tutorial_taskflow_api_etl.py for tasks to queue
[2022-09-12 00:40:57,880] {logging_mixin.py:104} INFO - [2022-09-12 00:40:57,880] {dagbag.py:487} INFO - Filling up the DagBag from /home/airflow/sandbox/lib/python3.8/site-packages/airflow/example_dags/tutorial_taskflow_api_etl.py
[2022-09-12 00:40:57,889] {scheduler_job.py:643} INFO - DAG(s) dict_keys(['tutorial_taskflow_api_etl']) retrieved from /home/airflow/sandbox/lib/python3.8/site-packages/airflow/example_dags/tutorial_taskflow_api_etl.py
[2022-09-12 00:40:58,143] {logging_mixin.py:104} INFO - [2022-09-12 00:40:58,143] {dag.py:1832} INFO - Sync 1 DAGs
[2022-09-12 00:40:58,157] {logging_mixin.py:104} INFO - [2022-09-12 00:40:58,156] {dag.py:2305} INFO - Setting next_dagrun for tutorial_taskflow_api_etl to None
[2022-09-12 00:40:58,174] {scheduler_job.py:190} INFO - Processing /home/airflow/sandbox/lib/python3.8/site-packages/airflow/example_dags/tutorial_taskflow_api_etl.py took 0.300 seconds
[2022-09-12 00:41:28,694] {scheduler_job.py:182} INFO - Started process (PID=242966) to work on /home/airflow/sandbox/lib/python3.8/site-packages/airflow/example_dags/tutorial_taskflow_api_etl.py
[2022-09-12 00:41:28,699] {scheduler_job.py:633} INFO - Processing file /home/airflow/sandbox/lib/python3.8/site-packages/airflow/example_dags/tutorial_taskflow_api_etl.py for tasks to queue
[2022-09-12 00:41:28,700] {logging_mixin.py:104} INFO - [2022-09-12 00:41:28,700] {dagbag.py:487} INFO - Filling up the DagBag from /home/airflow/sandbox/lib/python3.8/site-packages/airflow/example_dags/tutorial_taskflow_api_etl.py
[2022-09-12 00:41:28,721] {scheduler_job.py:643} INFO - DAG(s) dict_keys(['tutorial_taskflow_api_etl']) retrieved from /home/airflow/sandbox/lib/python3.8/site-packages/airflow/example_dags/tutorial_taskflow_api_etl.py
[2022-09-12 00:41:29,138] {logging_mixin.py:104} INFO - [2022-09-12 00:41:29,138] {dag.py:1832} INFO - Sync 1 DAGs
[2022-09-12 00:41:29,154] {logging_mixin.py:104} INFO - [2022-09-12 00:41:29,154] {dag.py:2305} INFO - Setting next_dagrun for tutorial_taskflow_api_etl to None
[2022-09-12 00:41:29,167] {scheduler_job.py:190} INFO - Processing /home/airflow/sandbox/lib/python3.8/site-packages/airflow/example_dags/tutorial_taskflow_api_etl.py took 0.483 seconds
[2022-09-12 00:41:59,330] {scheduler_job.py:182} INFO - Started process (PID=243281) to work on /home/airflow/sandbox/lib/python3.8/site-packages/airflow/example_dags/tutorial_taskflow_api_etl.py
[2022-09-12 00:41:59,358] {scheduler_job.py:633} INFO - Processing file /home/airflow/sandbox/lib/python3.8/site-packages/airflow/example_dags/tutorial_taskflow_api_etl.py for tasks to queue
[2022-09-12 00:41:59,371] {logging_mixin.py:104} INFO - [2022-09-12 00:41:59,371] {dagbag.py:487} INFO - Filling up the DagBag from /home/airflow/sandbox/lib/python3.8/site-packages/airflow/example_dags/tutorial_taskflow_api_etl.py
[2022-09-12 00:41:59,413] {scheduler_job.py:643} INFO - DAG(s) dict_keys(['tutorial_taskflow_api_etl']) retrieved from /home/airflow/sandbox/lib/python3.8/site-packages/airflow/example_dags/tutorial_taskflow_api_etl.py
[2022-09-12 00:42:01,440] {logging_mixin.py:104} INFO - [2022-09-12 00:42:01,439] {dag.py:1832} INFO - Sync 1 DAGs
[2022-09-12 00:42:01,636] {logging_mixin.py:104} INFO - [2022-09-12 00:42:01,636] {dag.py:2305} INFO - Setting next_dagrun for tutorial_taskflow_api_etl to None
[2022-09-12 00:42:01,669] {scheduler_job.py:190} INFO - Processing /home/airflow/sandbox/lib/python3.8/site-packages/airflow/example_dags/tutorial_taskflow_api_etl.py took 2.342 seconds
[2022-09-12 00:42:33,127] {scheduler_job.py:182} INFO - Started process (PID=243879) to work on /home/airflow/sandbox/lib/python3.8/site-packages/airflow/example_dags/tutorial_taskflow_api_etl.py
[2022-09-12 00:42:33,358] {scheduler_job.py:633} INFO - Processing file /home/airflow/sandbox/lib/python3.8/site-packages/airflow/example_dags/tutorial_taskflow_api_etl.py for tasks to queue
[2022-09-12 00:42:33,361] {logging_mixin.py:104} INFO - [2022-09-12 00:42:33,361] {dagbag.py:487} INFO - Filling up the DagBag from /home/airflow/sandbox/lib/python3.8/site-packages/airflow/example_dags/tutorial_taskflow_api_etl.py
[2022-09-12 00:42:33,717] {scheduler_job.py:643} INFO - DAG(s) dict_keys(['tutorial_taskflow_api_etl']) retrieved from /home/airflow/sandbox/lib/python3.8/site-packages/airflow/example_dags/tutorial_taskflow_api_etl.py
[2022-09-12 00:42:34,727] {logging_mixin.py:104} INFO - [2022-09-12 00:42:34,727] {dag.py:1832} INFO - Sync 1 DAGs
[2022-09-12 00:42:34,778] {logging_mixin.py:104} INFO - [2022-09-12 00:42:34,778] {dag.py:2305} INFO - Setting next_dagrun for tutorial_taskflow_api_etl to None
[2022-09-12 00:42:34,857] {scheduler_job.py:190} INFO - Processing /home/airflow/sandbox/lib/python3.8/site-packages/airflow/example_dags/tutorial_taskflow_api_etl.py took 1.845 seconds
[2022-09-12 00:43:05,254] {scheduler_job.py:182} INFO - Started process (PID=244197) to work on /home/airflow/sandbox/lib/python3.8/site-packages/airflow/example_dags/tutorial_taskflow_api_etl.py
[2022-09-12 00:43:05,256] {scheduler_job.py:633} INFO - Processing file /home/airflow/sandbox/lib/python3.8/site-packages/airflow/example_dags/tutorial_taskflow_api_etl.py for tasks to queue
[2022-09-12 00:43:05,262] {logging_mixin.py:104} INFO - [2022-09-12 00:43:05,262] {dagbag.py:487} INFO - Filling up the DagBag from /home/airflow/sandbox/lib/python3.8/site-packages/airflow/example_dags/tutorial_taskflow_api_etl.py
[2022-09-12 00:43:05,295] {scheduler_job.py:643} INFO - DAG(s) dict_keys(['tutorial_taskflow_api_etl']) retrieved from /home/airflow/sandbox/lib/python3.8/site-packages/airflow/example_dags/tutorial_taskflow_api_etl.py
[2022-09-12 00:43:05,751] {logging_mixin.py:104} INFO - [2022-09-12 00:43:05,751] {dag.py:1832} INFO - Sync 1 DAGs
[2022-09-12 00:43:05,766] {logging_mixin.py:104} INFO - [2022-09-12 00:43:05,766] {dag.py:2305} INFO - Setting next_dagrun for tutorial_taskflow_api_etl to None
[2022-09-12 00:43:05,786] {scheduler_job.py:190} INFO - Processing /home/airflow/sandbox/lib/python3.8/site-packages/airflow/example_dags/tutorial_taskflow_api_etl.py took 0.564 seconds
