[2022-09-12 00:37:49,713] {scheduler_job.py:182} INFO - Started process (PID=240867) to work on /home/airflow/sandbox/lib/python3.8/site-packages/airflow/example_dags/tutorial.py
[2022-09-12 00:37:49,768] {scheduler_job.py:633} INFO - Processing file /home/airflow/sandbox/lib/python3.8/site-packages/airflow/example_dags/tutorial.py for tasks to queue
[2022-09-12 00:37:49,792] {logging_mixin.py:104} INFO - [2022-09-12 00:37:49,791] {dagbag.py:487} INFO - Filling up the DagBag from /home/airflow/sandbox/lib/python3.8/site-packages/airflow/example_dags/tutorial.py
[2022-09-12 00:37:49,911] {scheduler_job.py:643} INFO - DAG(s) dict_keys(['tutorial']) retrieved from /home/airflow/sandbox/lib/python3.8/site-packages/airflow/example_dags/tutorial.py
[2022-09-12 00:37:54,762] {logging_mixin.py:104} INFO - [2022-09-12 00:37:54,762] {dag.py:1832} INFO - Sync 1 DAGs
[2022-09-12 00:37:54,889] {logging_mixin.py:104} INFO - [2022-09-12 00:37:54,889] {dag.py:2305} INFO - Setting next_dagrun for tutorial to 2022-09-10 00:00:00+00:00
[2022-09-12 00:37:55,179] {scheduler_job.py:190} INFO - Processing /home/airflow/sandbox/lib/python3.8/site-packages/airflow/example_dags/tutorial.py took 5.470 seconds
[2022-09-12 00:38:35,605] {scheduler_job.py:182} INFO - Started process (PID=241249) to work on /home/airflow/sandbox/lib/python3.8/site-packages/airflow/example_dags/tutorial.py
[2022-09-12 00:38:35,648] {scheduler_job.py:633} INFO - Processing file /home/airflow/sandbox/lib/python3.8/site-packages/airflow/example_dags/tutorial.py for tasks to queue
[2022-09-12 00:38:35,650] {logging_mixin.py:104} INFO - [2022-09-12 00:38:35,650] {dagbag.py:487} INFO - Filling up the DagBag from /home/airflow/sandbox/lib/python3.8/site-packages/airflow/example_dags/tutorial.py
[2022-09-12 00:38:35,659] {scheduler_job.py:643} INFO - DAG(s) dict_keys(['tutorial']) retrieved from /home/airflow/sandbox/lib/python3.8/site-packages/airflow/example_dags/tutorial.py
[2022-09-12 00:38:35,818] {logging_mixin.py:104} INFO - [2022-09-12 00:38:35,817] {dag.py:1832} INFO - Sync 1 DAGs
[2022-09-12 00:38:35,856] {logging_mixin.py:104} INFO - [2022-09-12 00:38:35,856] {dag.py:2305} INFO - Setting next_dagrun for tutorial to 2022-09-10 00:00:00+00:00
[2022-09-12 00:38:35,926] {scheduler_job.py:190} INFO - Processing /home/airflow/sandbox/lib/python3.8/site-packages/airflow/example_dags/tutorial.py took 0.323 seconds
[2022-09-12 00:39:06,702] {scheduler_job.py:182} INFO - Started process (PID=241523) to work on /home/airflow/sandbox/lib/python3.8/site-packages/airflow/example_dags/tutorial.py
[2022-09-12 00:39:06,704] {scheduler_job.py:633} INFO - Processing file /home/airflow/sandbox/lib/python3.8/site-packages/airflow/example_dags/tutorial.py for tasks to queue
[2022-09-12 00:39:06,705] {logging_mixin.py:104} INFO - [2022-09-12 00:39:06,705] {dagbag.py:487} INFO - Filling up the DagBag from /home/airflow/sandbox/lib/python3.8/site-packages/airflow/example_dags/tutorial.py
[2022-09-12 00:39:06,747] {scheduler_job.py:643} INFO - DAG(s) dict_keys(['tutorial']) retrieved from /home/airflow/sandbox/lib/python3.8/site-packages/airflow/example_dags/tutorial.py
[2022-09-12 00:39:06,886] {logging_mixin.py:104} INFO - [2022-09-12 00:39:06,886] {dag.py:1832} INFO - Sync 1 DAGs
[2022-09-12 00:39:06,939] {logging_mixin.py:104} INFO - [2022-09-12 00:39:06,939] {dag.py:2305} INFO - Setting next_dagrun for tutorial to 2022-09-10 00:00:00+00:00
[2022-09-12 00:39:06,986] {scheduler_job.py:190} INFO - Processing /home/airflow/sandbox/lib/python3.8/site-packages/airflow/example_dags/tutorial.py took 0.302 seconds
[2022-09-12 00:39:37,064] {scheduler_job.py:182} INFO - Started process (PID=241747) to work on /home/airflow/sandbox/lib/python3.8/site-packages/airflow/example_dags/tutorial.py
[2022-09-12 00:39:37,066] {scheduler_job.py:633} INFO - Processing file /home/airflow/sandbox/lib/python3.8/site-packages/airflow/example_dags/tutorial.py for tasks to queue
[2022-09-12 00:39:37,067] {logging_mixin.py:104} INFO - [2022-09-12 00:39:37,066] {dagbag.py:487} INFO - Filling up the DagBag from /home/airflow/sandbox/lib/python3.8/site-packages/airflow/example_dags/tutorial.py
[2022-09-12 00:39:37,079] {scheduler_job.py:643} INFO - DAG(s) dict_keys(['tutorial']) retrieved from /home/airflow/sandbox/lib/python3.8/site-packages/airflow/example_dags/tutorial.py
[2022-09-12 00:39:37,118] {logging_mixin.py:104} INFO - [2022-09-12 00:39:37,118] {dag.py:1832} INFO - Sync 1 DAGs
[2022-09-12 00:39:37,143] {logging_mixin.py:104} INFO - [2022-09-12 00:39:37,143] {dag.py:2305} INFO - Setting next_dagrun for tutorial to 2022-09-10 00:00:00+00:00
[2022-09-12 00:39:37,161] {scheduler_job.py:190} INFO - Processing /home/airflow/sandbox/lib/python3.8/site-packages/airflow/example_dags/tutorial.py took 0.102 seconds
[2022-09-12 00:40:07,460] {scheduler_job.py:182} INFO - Started process (PID=241969) to work on /home/airflow/sandbox/lib/python3.8/site-packages/airflow/example_dags/tutorial.py
[2022-09-12 00:40:07,466] {scheduler_job.py:633} INFO - Processing file /home/airflow/sandbox/lib/python3.8/site-packages/airflow/example_dags/tutorial.py for tasks to queue
[2022-09-12 00:40:07,470] {logging_mixin.py:104} INFO - [2022-09-12 00:40:07,470] {dagbag.py:487} INFO - Filling up the DagBag from /home/airflow/sandbox/lib/python3.8/site-packages/airflow/example_dags/tutorial.py
[2022-09-12 00:40:07,483] {scheduler_job.py:643} INFO - DAG(s) dict_keys(['tutorial']) retrieved from /home/airflow/sandbox/lib/python3.8/site-packages/airflow/example_dags/tutorial.py
[2022-09-12 00:40:07,536] {logging_mixin.py:104} INFO - [2022-09-12 00:40:07,536] {dag.py:1832} INFO - Sync 1 DAGs
[2022-09-12 00:40:07,562] {logging_mixin.py:104} INFO - [2022-09-12 00:40:07,562] {dag.py:2305} INFO - Setting next_dagrun for tutorial to 2022-09-10 00:00:00+00:00
[2022-09-12 00:40:07,589] {scheduler_job.py:190} INFO - Processing /home/airflow/sandbox/lib/python3.8/site-packages/airflow/example_dags/tutorial.py took 0.132 seconds
[2022-09-12 00:40:37,771] {scheduler_job.py:182} INFO - Started process (PID=242440) to work on /home/airflow/sandbox/lib/python3.8/site-packages/airflow/example_dags/tutorial.py
[2022-09-12 00:40:37,796] {scheduler_job.py:633} INFO - Processing file /home/airflow/sandbox/lib/python3.8/site-packages/airflow/example_dags/tutorial.py for tasks to queue
[2022-09-12 00:40:37,797] {logging_mixin.py:104} INFO - [2022-09-12 00:40:37,797] {dagbag.py:487} INFO - Filling up the DagBag from /home/airflow/sandbox/lib/python3.8/site-packages/airflow/example_dags/tutorial.py
[2022-09-12 00:40:37,858] {scheduler_job.py:643} INFO - DAG(s) dict_keys(['tutorial']) retrieved from /home/airflow/sandbox/lib/python3.8/site-packages/airflow/example_dags/tutorial.py
[2022-09-12 00:40:37,922] {logging_mixin.py:104} INFO - [2022-09-12 00:40:37,921] {dag.py:1832} INFO - Sync 1 DAGs
[2022-09-12 00:40:37,947] {logging_mixin.py:104} INFO - [2022-09-12 00:40:37,947] {dag.py:2305} INFO - Setting next_dagrun for tutorial to 2022-09-10 00:00:00+00:00
[2022-09-12 00:40:37,971] {scheduler_job.py:190} INFO - Processing /home/airflow/sandbox/lib/python3.8/site-packages/airflow/example_dags/tutorial.py took 0.220 seconds
[2022-09-12 00:41:08,521] {scheduler_job.py:182} INFO - Started process (PID=242753) to work on /home/airflow/sandbox/lib/python3.8/site-packages/airflow/example_dags/tutorial.py
[2022-09-12 00:41:08,525] {scheduler_job.py:633} INFO - Processing file /home/airflow/sandbox/lib/python3.8/site-packages/airflow/example_dags/tutorial.py for tasks to queue
[2022-09-12 00:41:08,527] {logging_mixin.py:104} INFO - [2022-09-12 00:41:08,527] {dagbag.py:487} INFO - Filling up the DagBag from /home/airflow/sandbox/lib/python3.8/site-packages/airflow/example_dags/tutorial.py
[2022-09-12 00:41:08,542] {scheduler_job.py:643} INFO - DAG(s) dict_keys(['tutorial']) retrieved from /home/airflow/sandbox/lib/python3.8/site-packages/airflow/example_dags/tutorial.py
[2022-09-12 00:41:08,621] {logging_mixin.py:104} INFO - [2022-09-12 00:41:08,620] {dag.py:1832} INFO - Sync 1 DAGs
[2022-09-12 00:41:08,652] {logging_mixin.py:104} INFO - [2022-09-12 00:41:08,652] {dag.py:2305} INFO - Setting next_dagrun for tutorial to 2022-09-10 00:00:00+00:00
[2022-09-12 00:41:08,683] {scheduler_job.py:190} INFO - Processing /home/airflow/sandbox/lib/python3.8/site-packages/airflow/example_dags/tutorial.py took 0.165 seconds
[2022-09-12 00:41:39,064] {scheduler_job.py:182} INFO - Started process (PID=243132) to work on /home/airflow/sandbox/lib/python3.8/site-packages/airflow/example_dags/tutorial.py
[2022-09-12 00:41:39,070] {scheduler_job.py:633} INFO - Processing file /home/airflow/sandbox/lib/python3.8/site-packages/airflow/example_dags/tutorial.py for tasks to queue
[2022-09-12 00:41:39,071] {logging_mixin.py:104} INFO - [2022-09-12 00:41:39,070] {dagbag.py:487} INFO - Filling up the DagBag from /home/airflow/sandbox/lib/python3.8/site-packages/airflow/example_dags/tutorial.py
[2022-09-12 00:41:39,081] {scheduler_job.py:643} INFO - DAG(s) dict_keys(['tutorial']) retrieved from /home/airflow/sandbox/lib/python3.8/site-packages/airflow/example_dags/tutorial.py
[2022-09-12 00:41:39,163] {logging_mixin.py:104} INFO - [2022-09-12 00:41:39,163] {dag.py:1832} INFO - Sync 1 DAGs
[2022-09-12 00:41:39,255] {logging_mixin.py:104} INFO - [2022-09-12 00:41:39,255] {dag.py:2305} INFO - Setting next_dagrun for tutorial to 2022-09-10 00:00:00+00:00
[2022-09-12 00:41:39,289] {scheduler_job.py:190} INFO - Processing /home/airflow/sandbox/lib/python3.8/site-packages/airflow/example_dags/tutorial.py took 0.232 seconds
[2022-09-12 00:42:12,082] {scheduler_job.py:182} INFO - Started process (PID=243463) to work on /home/airflow/sandbox/lib/python3.8/site-packages/airflow/example_dags/tutorial.py
[2022-09-12 00:42:12,099] {scheduler_job.py:633} INFO - Processing file /home/airflow/sandbox/lib/python3.8/site-packages/airflow/example_dags/tutorial.py for tasks to queue
[2022-09-12 00:42:12,108] {logging_mixin.py:104} INFO - [2022-09-12 00:42:12,108] {dagbag.py:487} INFO - Filling up the DagBag from /home/airflow/sandbox/lib/python3.8/site-packages/airflow/example_dags/tutorial.py
[2022-09-12 00:42:12,150] {scheduler_job.py:643} INFO - DAG(s) dict_keys(['tutorial']) retrieved from /home/airflow/sandbox/lib/python3.8/site-packages/airflow/example_dags/tutorial.py
[2022-09-12 00:42:12,273] {logging_mixin.py:104} INFO - [2022-09-12 00:42:12,272] {dag.py:1832} INFO - Sync 1 DAGs
[2022-09-12 00:42:12,312] {logging_mixin.py:104} INFO - [2022-09-12 00:42:12,312] {dag.py:2305} INFO - Setting next_dagrun for tutorial to 2022-09-10 00:00:00+00:00
[2022-09-12 00:42:12,352] {scheduler_job.py:190} INFO - Processing /home/airflow/sandbox/lib/python3.8/site-packages/airflow/example_dags/tutorial.py took 0.275 seconds
[2022-09-12 00:42:42,770] {scheduler_job.py:182} INFO - Started process (PID=244019) to work on /home/airflow/sandbox/lib/python3.8/site-packages/airflow/example_dags/tutorial.py
[2022-09-12 00:42:42,775] {scheduler_job.py:633} INFO - Processing file /home/airflow/sandbox/lib/python3.8/site-packages/airflow/example_dags/tutorial.py for tasks to queue
[2022-09-12 00:42:42,780] {logging_mixin.py:104} INFO - [2022-09-12 00:42:42,780] {dagbag.py:487} INFO - Filling up the DagBag from /home/airflow/sandbox/lib/python3.8/site-packages/airflow/example_dags/tutorial.py
[2022-09-12 00:42:42,839] {scheduler_job.py:643} INFO - DAG(s) dict_keys(['tutorial']) retrieved from /home/airflow/sandbox/lib/python3.8/site-packages/airflow/example_dags/tutorial.py
[2022-09-12 00:42:43,007] {logging_mixin.py:104} INFO - [2022-09-12 00:42:43,007] {dag.py:1832} INFO - Sync 1 DAGs
[2022-09-12 00:42:43,061] {logging_mixin.py:104} INFO - [2022-09-12 00:42:43,061] {dag.py:2305} INFO - Setting next_dagrun for tutorial to 2022-09-10 00:00:00+00:00
[2022-09-12 00:42:43,111] {scheduler_job.py:190} INFO - Processing /home/airflow/sandbox/lib/python3.8/site-packages/airflow/example_dags/tutorial.py took 0.348 seconds
[2022-09-12 00:43:14,751] {scheduler_job.py:182} INFO - Started process (PID=244347) to work on /home/airflow/sandbox/lib/python3.8/site-packages/airflow/example_dags/tutorial.py
[2022-09-12 00:43:14,760] {scheduler_job.py:633} INFO - Processing file /home/airflow/sandbox/lib/python3.8/site-packages/airflow/example_dags/tutorial.py for tasks to queue
[2022-09-12 00:43:14,765] {logging_mixin.py:104} INFO - [2022-09-12 00:43:14,765] {dagbag.py:487} INFO - Filling up the DagBag from /home/airflow/sandbox/lib/python3.8/site-packages/airflow/example_dags/tutorial.py
[2022-09-12 00:43:14,772] {scheduler_job.py:643} INFO - DAG(s) dict_keys(['tutorial']) retrieved from /home/airflow/sandbox/lib/python3.8/site-packages/airflow/example_dags/tutorial.py
[2022-09-12 00:43:15,444] {logging_mixin.py:104} INFO - [2022-09-12 00:43:15,444] {process_utils.py:207} INFO - Waiting up to 5 seconds for processes to exit...
