[2022-09-13 02:26:58,008] {taskinstance.py:876} INFO - Dependencies all met for <TaskInstance: xcom_dag.processing_data.training_model_c 2022-09-13T02:26:18.795706+00:00 [queued]>
[2022-09-13 02:26:58,084] {taskinstance.py:876} INFO - Dependencies all met for <TaskInstance: xcom_dag.processing_data.training_model_c 2022-09-13T02:26:18.795706+00:00 [queued]>
[2022-09-13 02:26:58,084] {taskinstance.py:1067} INFO - 
--------------------------------------------------------------------------------
[2022-09-13 02:26:58,084] {taskinstance.py:1068} INFO - Starting attempt 1 of 1
[2022-09-13 02:26:58,084] {taskinstance.py:1069} INFO - 
--------------------------------------------------------------------------------
[2022-09-13 02:26:58,141] {taskinstance.py:1087} INFO - Executing <Task(PythonOperator): processing_data.training_model_c> on 2022-09-13T02:26:18.795706+00:00
[2022-09-13 02:26:58,143] {standard_task_runner.py:52} INFO - Started process 38576 to run task
[2022-09-13 02:26:58,221] {standard_task_runner.py:76} INFO - Running: ['airflow', 'tasks', 'run', 'xcom_dag', 'processing_data.training_model_c', '2022-09-13T02:26:18.795706+00:00', '--job-id', '39', '--pool', 'default_pool', '--raw', '--subdir', 'DAGS_FOLDER/xcom_dag.py', '--cfg-path', '/tmp/tmps59nnon_', '--error-file', '/tmp/tmpmahzufkh']
[2022-09-13 02:26:58,234] {standard_task_runner.py:77} INFO - Job 39: Subtask processing_data.training_model_c
[2022-09-13 02:26:58,776] {logging_mixin.py:104} INFO - Running <TaskInstance: xcom_dag.processing_data.training_model_c 2022-09-13T02:26:18.795706+00:00 [running]> on host airflowvm
[2022-09-13 02:26:59,170] {taskinstance.py:1280} INFO - Exporting the following env vars:
AIRFLOW_CTX_DAG_OWNER=airflow
AIRFLOW_CTX_DAG_ID=xcom_dag
AIRFLOW_CTX_TASK_ID=processing_data.training_model_c
AIRFLOW_CTX_EXECUTION_DATE=2022-09-13T02:26:18.795706+00:00
AIRFLOW_CTX_DAG_RUN_ID=manual__2022-09-13T02:26:18.795706+00:00
[2022-09-13 02:26:59,260] {python.py:151} INFO - Done. Returned value was: None
[2022-09-13 02:26:59,316] {taskinstance.py:1184} INFO - Marking task as SUCCESS. dag_id=xcom_dag, task_id=processing_data.training_model_c, execution_date=20220913T022618, start_date=20220913T022658, end_date=20220913T022659
[2022-09-13 02:26:59,417] {taskinstance.py:1245} INFO - 1 downstream tasks scheduled from follow-on schedule check
[2022-09-13 02:26:59,438] {local_task_job.py:151} INFO - Task exited with return code 0
