[2022-09-13 02:43:04,230] {taskinstance.py:876} INFO - Dependencies all met for <TaskInstance: xcom_dag.processing_data.training_model_c 2022-09-12T00:00:00+00:00 [queued]>
[2022-09-13 02:43:04,506] {taskinstance.py:876} INFO - Dependencies all met for <TaskInstance: xcom_dag.processing_data.training_model_c 2022-09-12T00:00:00+00:00 [queued]>
[2022-09-13 02:43:04,509] {taskinstance.py:1067} INFO - 
--------------------------------------------------------------------------------
[2022-09-13 02:43:04,509] {taskinstance.py:1068} INFO - Starting attempt 2 of 2
[2022-09-13 02:43:04,509] {taskinstance.py:1069} INFO - 
--------------------------------------------------------------------------------
[2022-09-13 02:43:04,609] {taskinstance.py:1087} INFO - Executing <Task(PythonOperator): processing_data.training_model_c> on 2022-09-12T00:00:00+00:00
[2022-09-13 02:43:04,634] {standard_task_runner.py:52} INFO - Started process 43714 to run task
[2022-09-13 02:43:04,778] {standard_task_runner.py:76} INFO - Running: ['airflow', 'tasks', 'run', 'xcom_dag', 'processing_data.training_model_c', '2022-09-12T00:00:00+00:00', '--job-id', '53', '--pool', 'default_pool', '--raw', '--subdir', 'DAGS_FOLDER/xcom_dag.py', '--cfg-path', '/tmp/tmpybyvgd7s', '--error-file', '/tmp/tmpttigfrcg']
[2022-09-13 02:43:04,791] {standard_task_runner.py:77} INFO - Job 53: Subtask processing_data.training_model_c
[2022-09-13 02:43:06,261] {logging_mixin.py:104} INFO - Running <TaskInstance: xcom_dag.processing_data.training_model_c 2022-09-12T00:00:00+00:00 [running]> on host airflowvm
[2022-09-13 02:43:07,378] {taskinstance.py:1280} INFO - Exporting the following env vars:
AIRFLOW_CTX_DAG_OWNER=airflow
AIRFLOW_CTX_DAG_ID=xcom_dag
AIRFLOW_CTX_TASK_ID=processing_data.training_model_c
AIRFLOW_CTX_EXECUTION_DATE=2022-09-12T00:00:00+00:00
AIRFLOW_CTX_DAG_RUN_ID=scheduled__2022-09-12T00:00:00+00:00
[2022-09-13 02:43:07,839] {python.py:151} INFO - Done. Returned value was: None
[2022-09-13 02:43:08,094] {taskinstance.py:1184} INFO - Marking task as SUCCESS. dag_id=xcom_dag, task_id=processing_data.training_model_c, execution_date=20220912T000000, start_date=20220913T024304, end_date=20220913T024308
[2022-09-13 02:43:08,476] {taskinstance.py:1245} INFO - 0 downstream tasks scheduled from follow-on schedule check
[2022-09-13 02:43:08,521] {local_task_job.py:151} INFO - Task exited with return code 0
