[2022-09-13 03:16:42,000] {taskinstance.py:876} INFO - Dependencies all met for <TaskInstance: xcom_dag.processing_data.training_model_a 2022-09-13T03:16:11.674367+00:00 [queued]>
[2022-09-13 03:16:42,069] {taskinstance.py:876} INFO - Dependencies all met for <TaskInstance: xcom_dag.processing_data.training_model_a 2022-09-13T03:16:11.674367+00:00 [queued]>
[2022-09-13 03:16:42,070] {taskinstance.py:1067} INFO - 
--------------------------------------------------------------------------------
[2022-09-13 03:16:42,070] {taskinstance.py:1068} INFO - Starting attempt 1 of 1
[2022-09-13 03:16:42,073] {taskinstance.py:1069} INFO - 
--------------------------------------------------------------------------------
[2022-09-13 03:16:42,117] {taskinstance.py:1087} INFO - Executing <Task(PythonOperator): processing_data.training_model_a> on 2022-09-13T03:16:11.674367+00:00
[2022-09-13 03:16:42,133] {standard_task_runner.py:52} INFO - Started process 49504 to run task
[2022-09-13 03:16:42,157] {standard_task_runner.py:76} INFO - Running: ['airflow', 'tasks', 'run', 'xcom_dag', 'processing_data.training_model_a', '2022-09-13T03:16:11.674367+00:00', '--job-id', '63', '--pool', 'default_pool', '--raw', '--subdir', 'DAGS_FOLDER/xcom_dag.py', '--cfg-path', '/tmp/tmpo6gsvun3', '--error-file', '/tmp/tmpc0qzlo4w']
[2022-09-13 03:16:42,168] {standard_task_runner.py:77} INFO - Job 63: Subtask processing_data.training_model_a
[2022-09-13 03:16:42,622] {logging_mixin.py:104} INFO - Running <TaskInstance: xcom_dag.processing_data.training_model_a 2022-09-13T03:16:11.674367+00:00 [running]> on host airflowvm
[2022-09-13 03:16:43,203] {taskinstance.py:1280} INFO - Exporting the following env vars:
AIRFLOW_CTX_DAG_OWNER=airflow
AIRFLOW_CTX_DAG_ID=xcom_dag
AIRFLOW_CTX_TASK_ID=processing_data.training_model_a
AIRFLOW_CTX_EXECUTION_DATE=2022-09-13T03:16:11.674367+00:00
AIRFLOW_CTX_DAG_RUN_ID=manual__2022-09-13T03:16:11.674367+00:00
[2022-09-13 03:16:43,348] {python.py:151} INFO - Done. Returned value was: None
[2022-09-13 03:16:43,419] {taskinstance.py:1184} INFO - Marking task as SUCCESS. dag_id=xcom_dag, task_id=processing_data.training_model_a, execution_date=20220913T031611, start_date=20220913T031642, end_date=20220913T031643
[2022-09-13 03:16:43,576] {taskinstance.py:1245} INFO - 0 downstream tasks scheduled from follow-on schedule check
[2022-09-13 03:16:43,592] {local_task_job.py:151} INFO - Task exited with return code 0
