[2022-09-13 03:16:44,827] {taskinstance.py:876} INFO - Dependencies all met for <TaskInstance: xcom_dag.choose_model 2022-09-13T03:16:11.674367+00:00 [queued]>
[2022-09-13 03:16:44,855] {taskinstance.py:876} INFO - Dependencies all met for <TaskInstance: xcom_dag.choose_model 2022-09-13T03:16:11.674367+00:00 [queued]>
[2022-09-13 03:16:44,855] {taskinstance.py:1067} INFO - 
--------------------------------------------------------------------------------
[2022-09-13 03:16:44,855] {taskinstance.py:1068} INFO - Starting attempt 1 of 1
[2022-09-13 03:16:44,856] {taskinstance.py:1069} INFO - 
--------------------------------------------------------------------------------
[2022-09-13 03:16:44,867] {taskinstance.py:1087} INFO - Executing <Task(BranchPythonOperator): choose_model> on 2022-09-13T03:16:11.674367+00:00
[2022-09-13 03:16:44,870] {standard_task_runner.py:52} INFO - Started process 49690 to run task
[2022-09-13 03:16:44,879] {standard_task_runner.py:76} INFO - Running: ['airflow', 'tasks', 'run', 'xcom_dag', 'choose_model', '2022-09-13T03:16:11.674367+00:00', '--job-id', '66', '--pool', 'default_pool', '--raw', '--subdir', 'DAGS_FOLDER/xcom_dag.py', '--cfg-path', '/tmp/tmps0ib3g2e', '--error-file', '/tmp/tmp5v1p_xg1']
[2022-09-13 03:16:44,879] {standard_task_runner.py:77} INFO - Job 66: Subtask choose_model
[2022-09-13 03:16:44,996] {logging_mixin.py:104} INFO - Running <TaskInstance: xcom_dag.choose_model 2022-09-13T03:16:11.674367+00:00 [running]> on host airflowvm
[2022-09-13 03:16:45,126] {taskinstance.py:1280} INFO - Exporting the following env vars:
AIRFLOW_CTX_DAG_OWNER=airflow
AIRFLOW_CTX_DAG_ID=xcom_dag
AIRFLOW_CTX_TASK_ID=choose_model
AIRFLOW_CTX_EXECUTION_DATE=2022-09-13T03:16:11.674367+00:00
AIRFLOW_CTX_DAG_RUN_ID=manual__2022-09-13T03:16:11.674367+00:00
[2022-09-13 03:16:45,137] {logging_mixin.py:104} INFO - these are your accuracies [8.331285346552708, 8.945903744729673, 6.102900435040603]
[2022-09-13 03:16:45,138] {python.py:151} INFO - Done. Returned value was: accurate
[2022-09-13 03:16:45,138] {skipmixin.py:124} INFO - Following branch accurate
[2022-09-13 03:16:45,149] {skipmixin.py:155} INFO - Skipping tasks ['inaccurate']
[2022-09-13 03:16:45,232] {taskinstance.py:1184} INFO - Marking task as SUCCESS. dag_id=xcom_dag, task_id=choose_model, execution_date=20220913T031611, start_date=20220913T031644, end_date=20220913T031645
[2022-09-13 03:16:45,274] {taskinstance.py:1245} INFO - 1 downstream tasks scheduled from follow-on schedule check
[2022-09-13 03:16:45,303] {local_task_job.py:151} INFO - Task exited with return code 0
