[2022-09-08 00:00:28,429] {taskinstance.py:826} INFO - Dependencies all met for <TaskInstance: parallel_dag.task_2 2022-09-07T00:00:00+00:00 [queued]>
[2022-09-08 00:00:28,438] {taskinstance.py:826} INFO - Dependencies all met for <TaskInstance: parallel_dag.task_2 2022-09-07T00:00:00+00:00 [queued]>
[2022-09-08 00:00:28,438] {taskinstance.py:1017} INFO - 
--------------------------------------------------------------------------------
[2022-09-08 00:00:28,438] {taskinstance.py:1018} INFO - Starting attempt 1 of 1
[2022-09-08 00:00:28,438] {taskinstance.py:1019} INFO - 
--------------------------------------------------------------------------------
[2022-09-08 00:00:28,460] {taskinstance.py:1038} INFO - Executing <Task(BashOperator): task_2> on 2022-09-07T00:00:00+00:00
[2022-09-08 00:00:28,463] {standard_task_runner.py:51} INFO - Started process 80359 to run task
[2022-09-08 00:00:28,471] {standard_task_runner.py:75} INFO - Running: ['airflow', 'tasks', 'run', 'parallel_dag', 'task_2', '2022-09-07T00:00:00+00:00', '--job-id', '17', '--pool', 'default_pool', '--raw', '--subdir', 'DAGS_FOLDER/parallel_dag.py', '--cfg-path', '/tmp/tmpwbkopmwu']
[2022-09-08 00:00:28,472] {standard_task_runner.py:76} INFO - Job 17: Subtask task_2
[2022-09-08 00:00:28,540] {logging_mixin.py:103} INFO - Running <TaskInstance: parallel_dag.task_2 2022-09-07T00:00:00+00:00 [running]> on host airflowvm
[2022-09-08 00:00:28,594] {taskinstance.py:1230} INFO - Exporting the following env vars:
AIRFLOW_CTX_DAG_OWNER=airflow
AIRFLOW_CTX_DAG_ID=parallel_dag
AIRFLOW_CTX_TASK_ID=task_2
AIRFLOW_CTX_EXECUTION_DATE=2022-09-07T00:00:00+00:00
AIRFLOW_CTX_DAG_RUN_ID=scheduled__2022-09-07T00:00:00+00:00
[2022-09-08 00:00:28,594] {bash.py:135} INFO - Tmp dir root location: 
 /tmp
[2022-09-08 00:00:28,595] {bash.py:158} INFO - Running command: sleep 3
[2022-09-08 00:00:28,601] {bash.py:169} INFO - Output:
[2022-09-08 00:00:31,604] {bash.py:177} INFO - Command exited with return code 0
[2022-09-08 00:00:31,637] {taskinstance.py:1135} INFO - Marking task as SUCCESS. dag_id=parallel_dag, task_id=task_2, execution_date=20220907T000000, start_date=20220908T000028, end_date=20220908T000031
[2022-09-08 00:00:31,664] {taskinstance.py:1195} INFO - 0 downstream tasks scheduled from follow-on schedule check
[2022-09-08 00:00:31,696] {local_task_job.py:118} INFO - Task exited with return code 0
