[2022-09-13 02:34:00,441] {taskinstance.py:876} INFO - Dependencies all met for <TaskInstance: xcom_dag.processing_data.training_model_c 2022-09-13T02:33:53.660173+00:00 [queued]>
[2022-09-13 02:34:00,511] {taskinstance.py:876} INFO - Dependencies all met for <TaskInstance: xcom_dag.processing_data.training_model_c 2022-09-13T02:33:53.660173+00:00 [queued]>
[2022-09-13 02:34:00,511] {taskinstance.py:1067} INFO - 
--------------------------------------------------------------------------------
[2022-09-13 02:34:00,511] {taskinstance.py:1068} INFO - Starting attempt 1 of 1
[2022-09-13 02:34:00,511] {taskinstance.py:1069} INFO - 
--------------------------------------------------------------------------------
[2022-09-13 02:34:00,550] {taskinstance.py:1087} INFO - Executing <Task(PythonOperator): processing_data.training_model_c> on 2022-09-13T02:33:53.660173+00:00
[2022-09-13 02:34:00,552] {standard_task_runner.py:52} INFO - Started process 41120 to run task
[2022-09-13 02:34:00,565] {standard_task_runner.py:76} INFO - Running: ['airflow', 'tasks', 'run', 'xcom_dag', 'processing_data.training_model_c', '2022-09-13T02:33:53.660173+00:00', '--job-id', '44', '--pool', 'default_pool', '--raw', '--subdir', 'DAGS_FOLDER/xcom_dag.py', '--cfg-path', '/tmp/tmp91ee6jco', '--error-file', '/tmp/tmp6vn2s2bv']
[2022-09-13 02:34:00,585] {standard_task_runner.py:77} INFO - Job 44: Subtask processing_data.training_model_c
[2022-09-13 02:34:00,778] {logging_mixin.py:104} INFO - Running <TaskInstance: xcom_dag.processing_data.training_model_c 2022-09-13T02:33:53.660173+00:00 [running]> on host airflowvm
[2022-09-13 02:34:01,276] {taskinstance.py:1280} INFO - Exporting the following env vars:
AIRFLOW_CTX_DAG_OWNER=airflow
AIRFLOW_CTX_DAG_ID=xcom_dag
AIRFLOW_CTX_TASK_ID=processing_data.training_model_c
AIRFLOW_CTX_EXECUTION_DATE=2022-09-13T02:33:53.660173+00:00
AIRFLOW_CTX_DAG_RUN_ID=manual__2022-09-13T02:33:53.660173+00:00
[2022-09-13 02:34:01,416] {python.py:151} INFO - Done. Returned value was: None
[2022-09-13 02:34:01,471] {taskinstance.py:1184} INFO - Marking task as SUCCESS. dag_id=xcom_dag, task_id=processing_data.training_model_c, execution_date=20220913T023353, start_date=20220913T023400, end_date=20220913T023401
[2022-09-13 02:34:01,646] {taskinstance.py:1245} INFO - 0 downstream tasks scheduled from follow-on schedule check
[2022-09-13 02:34:01,652] {local_task_job.py:151} INFO - Task exited with return code 0
