[2022-09-11 04:36:16,205] {taskinstance.py:876} INFO - Dependencies all met for <TaskInstance: parallel_dag.task_3 2022-09-10T00:00:00+00:00 [queued]>
[2022-09-11 04:36:16,293] {taskinstance.py:876} INFO - Dependencies all met for <TaskInstance: parallel_dag.task_3 2022-09-10T00:00:00+00:00 [queued]>
[2022-09-11 04:36:16,297] {taskinstance.py:1067} INFO - 
--------------------------------------------------------------------------------
[2022-09-11 04:36:16,297] {taskinstance.py:1068} INFO - Starting attempt 1 of 1
[2022-09-11 04:36:16,297] {taskinstance.py:1069} INFO - 
--------------------------------------------------------------------------------
[2022-09-11 04:36:16,336] {taskinstance.py:1087} INFO - Executing <Task(BashOperator): task_3> on 2022-09-10T00:00:00+00:00
[2022-09-11 04:36:16,338] {standard_task_runner.py:52} INFO - Started process 198841 to run task
[2022-09-11 04:36:16,347] {standard_task_runner.py:76} INFO - Running: ['airflow', 'tasks', 'run', 'parallel_dag', 'task_3', '2022-09-10T00:00:00+00:00', '--job-id', '4', '--pool', 'default_pool', '--raw', '--subdir', 'DAGS_FOLDER/parallel_dag.py', '--cfg-path', '/tmp/tmp11odo4ju', '--error-file', '/tmp/tmprz0iml80']
[2022-09-11 04:36:16,370] {standard_task_runner.py:77} INFO - Job 4: Subtask task_3
[2022-09-11 04:36:16,623] {logging_mixin.py:104} INFO - Running <TaskInstance: parallel_dag.task_3 2022-09-10T00:00:00+00:00 [running]> on host airflowvm
[2022-09-11 04:36:16,909] {taskinstance.py:1280} INFO - Exporting the following env vars:
AIRFLOW_CTX_DAG_OWNER=airflow
AIRFLOW_CTX_DAG_ID=parallel_dag
AIRFLOW_CTX_TASK_ID=task_3
AIRFLOW_CTX_EXECUTION_DATE=2022-09-10T00:00:00+00:00
AIRFLOW_CTX_DAG_RUN_ID=scheduled__2022-09-10T00:00:00+00:00
[2022-09-11 04:36:16,910] {subprocess.py:52} INFO - Tmp dir root location: 
 /tmp
[2022-09-11 04:36:16,910] {subprocess.py:63} INFO - Running command: ['bash', '-c', 'sleep 3']
[2022-09-11 04:36:16,936] {subprocess.py:75} INFO - Output:
[2022-09-11 04:36:19,947] {subprocess.py:83} INFO - Command exited with return code 0
[2022-09-11 04:36:20,267] {taskinstance.py:1184} INFO - Marking task as SUCCESS. dag_id=parallel_dag, task_id=task_3, execution_date=20220910T000000, start_date=20220911T043616, end_date=20220911T043620
[2022-09-11 04:36:20,439] {taskinstance.py:1245} INFO - 0 downstream tasks scheduled from follow-on schedule check
[2022-09-11 04:36:20,495] {local_task_job.py:151} INFO - Task exited with return code 0
