[2022-09-12 01:18:42,767] {taskinstance.py:876} INFO - Dependencies all met for <TaskInstance: parallel_dag.task_1 2022-09-11T00:00:00+00:00 [queued]>
[2022-09-12 01:18:42,783] {taskinstance.py:876} INFO - Dependencies all met for <TaskInstance: parallel_dag.task_1 2022-09-11T00:00:00+00:00 [queued]>
[2022-09-12 01:18:42,783] {taskinstance.py:1067} INFO - 
--------------------------------------------------------------------------------
[2022-09-12 01:18:42,783] {taskinstance.py:1068} INFO - Starting attempt 3 of 3
[2022-09-12 01:18:42,783] {taskinstance.py:1069} INFO - 
--------------------------------------------------------------------------------
[2022-09-12 01:18:42,807] {taskinstance.py:1087} INFO - Executing <Task(BashOperator): task_1> on 2022-09-11T00:00:00+00:00
[2022-09-12 01:18:42,877] {standard_task_runner.py:52} INFO - Started process 251398 to run task
[2022-09-12 01:18:42,884] {standard_task_runner.py:76} INFO - Running: ['airflow', 'tasks', 'run', 'parallel_dag', 'task_1', '2022-09-11T00:00:00+00:00', '--job-id', '14', '--pool', 'default_pool', '--raw', '--subdir', 'DAGS_FOLDER/parallel_dag.py', '--cfg-path', '/tmp/tmp7tr_uorw', '--error-file', '/tmp/tmprhh2mihw']
[2022-09-12 01:18:42,884] {standard_task_runner.py:77} INFO - Job 14: Subtask task_1
[2022-09-12 01:18:42,962] {logging_mixin.py:104} INFO - Running <TaskInstance: parallel_dag.task_1 2022-09-11T00:00:00+00:00 [running]> on host airflowvm
[2022-09-12 01:18:43,078] {taskinstance.py:1280} INFO - Exporting the following env vars:
AIRFLOW_CTX_DAG_OWNER=airflow
AIRFLOW_CTX_DAG_ID=parallel_dag
AIRFLOW_CTX_TASK_ID=task_1
AIRFLOW_CTX_EXECUTION_DATE=2022-09-11T00:00:00+00:00
AIRFLOW_CTX_DAG_RUN_ID=scheduled__2022-09-11T00:00:00+00:00
[2022-09-12 01:18:43,079] {subprocess.py:52} INFO - Tmp dir root location: 
 /tmp
[2022-09-12 01:18:43,085] {subprocess.py:63} INFO - Running command: ['bash', '-c', 'sleep 3']
[2022-09-12 01:18:43,148] {subprocess.py:75} INFO - Output:
[2022-09-12 01:18:46,168] {subprocess.py:83} INFO - Command exited with return code 0
[2022-09-12 01:18:46,227] {taskinstance.py:1184} INFO - Marking task as SUCCESS. dag_id=parallel_dag, task_id=task_1, execution_date=20220911T000000, start_date=20220912T011842, end_date=20220912T011846
[2022-09-12 01:18:46,285] {taskinstance.py:1245} INFO - 1 downstream tasks scheduled from follow-on schedule check
[2022-09-12 01:18:46,308] {local_task_job.py:151} INFO - Task exited with return code 0
