[2022-09-12 23:28:23,610] {taskinstance.py:876} INFO - Dependencies all met for <TaskInstance: parallel_dag.task_1 2022-09-11T00:00:00+00:00 [queued]>
[2022-09-12 23:28:23,703] {taskinstance.py:876} INFO - Dependencies all met for <TaskInstance: parallel_dag.task_1 2022-09-11T00:00:00+00:00 [queued]>
[2022-09-12 23:28:23,712] {taskinstance.py:1067} INFO - 
--------------------------------------------------------------------------------
[2022-09-12 23:28:23,712] {taskinstance.py:1068} INFO - Starting attempt 4 of 4
[2022-09-12 23:28:23,713] {taskinstance.py:1069} INFO - 
--------------------------------------------------------------------------------
[2022-09-12 23:28:23,882] {taskinstance.py:1087} INFO - Executing <Task(BashOperator): task_1> on 2022-09-11T00:00:00+00:00
[2022-09-12 23:28:23,887] {standard_task_runner.py:52} INFO - Started process 5632 to run task
[2022-09-12 23:28:23,908] {standard_task_runner.py:76} INFO - Running: ['airflow', 'tasks', 'run', 'parallel_dag', 'task_1', '2022-09-11T00:00:00+00:00', '--job-id', '21', '--pool', 'default_pool', '--raw', '--subdir', 'DAGS_FOLDER/parallel_dag.py', '--cfg-path', '/tmp/tmpdar50fvd', '--error-file', '/tmp/tmprp795fsf']
[2022-09-12 23:28:23,909] {standard_task_runner.py:77} INFO - Job 21: Subtask task_1
[2022-09-12 23:28:24,157] {logging_mixin.py:104} INFO - Running <TaskInstance: parallel_dag.task_1 2022-09-11T00:00:00+00:00 [running]> on host airflowvm
[2022-09-12 23:28:24,983] {taskinstance.py:1280} INFO - Exporting the following env vars:
AIRFLOW_CTX_DAG_OWNER=airflow
AIRFLOW_CTX_DAG_ID=parallel_dag
AIRFLOW_CTX_TASK_ID=task_1
AIRFLOW_CTX_EXECUTION_DATE=2022-09-11T00:00:00+00:00
AIRFLOW_CTX_DAG_RUN_ID=scheduled__2022-09-11T00:00:00+00:00
[2022-09-12 23:28:24,984] {subprocess.py:52} INFO - Tmp dir root location: 
 /tmp
[2022-09-12 23:28:24,985] {subprocess.py:63} INFO - Running command: ['bash', '-c', 'sleep 3']
[2022-09-12 23:28:25,026] {subprocess.py:75} INFO - Output:
[2022-09-12 23:28:28,055] {subprocess.py:83} INFO - Command exited with return code 0
[2022-09-12 23:28:28,184] {taskinstance.py:1184} INFO - Marking task as SUCCESS. dag_id=parallel_dag, task_id=task_1, execution_date=20220911T000000, start_date=20220912T232823, end_date=20220912T232828
[2022-09-12 23:28:28,276] {taskinstance.py:1245} INFO - 2 downstream tasks scheduled from follow-on schedule check
[2022-09-12 23:28:28,304] {local_task_job.py:151} INFO - Task exited with return code 0
