[2022-09-13 00:39:06,554] {taskinstance.py:876} INFO - Dependencies all met for <TaskInstance: xcom_dag.downloading_data 2022-09-12T00:00:00+00:00 [queued]>
[2022-09-13 00:39:06,648] {taskinstance.py:876} INFO - Dependencies all met for <TaskInstance: xcom_dag.downloading_data 2022-09-12T00:00:00+00:00 [queued]>
[2022-09-13 00:39:06,648] {taskinstance.py:1067} INFO - 
--------------------------------------------------------------------------------
[2022-09-13 00:39:06,648] {taskinstance.py:1068} INFO - Starting attempt 1 of 1
[2022-09-13 00:39:06,651] {taskinstance.py:1069} INFO - 
--------------------------------------------------------------------------------
[2022-09-13 00:39:06,672] {taskinstance.py:1087} INFO - Executing <Task(BashOperator): downloading_data> on 2022-09-12T00:00:00+00:00
[2022-09-13 00:39:06,674] {standard_task_runner.py:52} INFO - Started process 27223 to run task
[2022-09-13 00:39:06,689] {standard_task_runner.py:76} INFO - Running: ['airflow', 'tasks', 'run', 'xcom_dag', 'downloading_data', '2022-09-12T00:00:00+00:00', '--job-id', '30', '--pool', 'default_pool', '--raw', '--subdir', 'DAGS_FOLDER/xcom_dag.py', '--cfg-path', '/tmp/tmpvgg3qoi9', '--error-file', '/tmp/tmp88dflsa5']
[2022-09-13 00:39:06,694] {standard_task_runner.py:77} INFO - Job 30: Subtask downloading_data
[2022-09-13 00:39:06,872] {logging_mixin.py:104} INFO - Running <TaskInstance: xcom_dag.downloading_data 2022-09-12T00:00:00+00:00 [running]> on host airflowvm
[2022-09-13 00:39:07,137] {taskinstance.py:1280} INFO - Exporting the following env vars:
AIRFLOW_CTX_DAG_OWNER=airflow
AIRFLOW_CTX_DAG_ID=xcom_dag
AIRFLOW_CTX_TASK_ID=downloading_data
AIRFLOW_CTX_EXECUTION_DATE=2022-09-12T00:00:00+00:00
AIRFLOW_CTX_DAG_RUN_ID=scheduled__2022-09-12T00:00:00+00:00
[2022-09-13 00:39:07,144] {subprocess.py:52} INFO - Tmp dir root location: 
 /tmp
[2022-09-13 00:39:07,146] {subprocess.py:63} INFO - Running command: ['bash', '-c', 'sleep 3']
[2022-09-13 00:39:07,187] {subprocess.py:75} INFO - Output:
[2022-09-13 00:39:10,226] {subprocess.py:83} INFO - Command exited with return code 0
[2022-09-13 00:39:10,447] {taskinstance.py:1184} INFO - Marking task as SUCCESS. dag_id=xcom_dag, task_id=downloading_data, execution_date=20220912T000000, start_date=20220913T003906, end_date=20220913T003910
[2022-09-13 00:39:10,734] {taskinstance.py:1245} INFO - 3 downstream tasks scheduled from follow-on schedule check
[2022-09-13 00:39:10,796] {local_task_job.py:151} INFO - Task exited with return code 0
