[2022-09-13 02:42:56,744] {taskinstance.py:876} INFO - Dependencies all met for <TaskInstance: xcom_dag.downloading_data 2022-09-12T00:00:00+00:00 [queued]>
[2022-09-13 02:42:56,855] {taskinstance.py:876} INFO - Dependencies all met for <TaskInstance: xcom_dag.downloading_data 2022-09-12T00:00:00+00:00 [queued]>
[2022-09-13 02:42:56,856] {taskinstance.py:1067} INFO - 
--------------------------------------------------------------------------------
[2022-09-13 02:42:56,857] {taskinstance.py:1068} INFO - Starting attempt 2 of 2
[2022-09-13 02:42:56,868] {taskinstance.py:1069} INFO - 
--------------------------------------------------------------------------------
[2022-09-13 02:42:56,912] {taskinstance.py:1087} INFO - Executing <Task(BashOperator): downloading_data> on 2022-09-12T00:00:00+00:00
[2022-09-13 02:42:56,917] {standard_task_runner.py:52} INFO - Started process 43348 to run task
[2022-09-13 02:42:57,036] {standard_task_runner.py:76} INFO - Running: ['airflow', 'tasks', 'run', 'xcom_dag', 'downloading_data', '2022-09-12T00:00:00+00:00', '--job-id', '49', '--pool', 'default_pool', '--raw', '--subdir', 'DAGS_FOLDER/xcom_dag.py', '--cfg-path', '/tmp/tmp6_u5epk3', '--error-file', '/tmp/tmp5gf12p6n']
[2022-09-13 02:42:57,118] {standard_task_runner.py:77} INFO - Job 49: Subtask downloading_data
[2022-09-13 02:42:57,773] {logging_mixin.py:104} INFO - Running <TaskInstance: xcom_dag.downloading_data 2022-09-12T00:00:00+00:00 [running]> on host airflowvm
[2022-09-13 02:42:58,204] {taskinstance.py:1280} INFO - Exporting the following env vars:
AIRFLOW_CTX_DAG_OWNER=airflow
AIRFLOW_CTX_DAG_ID=xcom_dag
AIRFLOW_CTX_TASK_ID=downloading_data
AIRFLOW_CTX_EXECUTION_DATE=2022-09-12T00:00:00+00:00
AIRFLOW_CTX_DAG_RUN_ID=scheduled__2022-09-12T00:00:00+00:00
[2022-09-13 02:42:58,205] {subprocess.py:52} INFO - Tmp dir root location: 
 /tmp
[2022-09-13 02:42:58,205] {subprocess.py:63} INFO - Running command: ['bash', '-c', 'sleep 3']
[2022-09-13 02:42:58,231] {subprocess.py:75} INFO - Output:
[2022-09-13 02:43:01,256] {subprocess.py:83} INFO - Command exited with return code 0
[2022-09-13 02:43:01,273] {taskinstance.py:1184} INFO - Marking task as SUCCESS. dag_id=xcom_dag, task_id=downloading_data, execution_date=20220912T000000, start_date=20220913T024256, end_date=20220913T024301
[2022-09-13 02:43:01,356] {taskinstance.py:1245} INFO - 3 downstream tasks scheduled from follow-on schedule check
[2022-09-13 02:43:01,361] {local_task_job.py:151} INFO - Task exited with return code 0
