[2022-09-13 02:26:57,873] {taskinstance.py:876} INFO - Dependencies all met for <TaskInstance: xcom_dag.processing_data.training_model_b 2022-09-13T02:26:18.795706+00:00 [queued]>
[2022-09-13 02:26:57,933] {taskinstance.py:876} INFO - Dependencies all met for <TaskInstance: xcom_dag.processing_data.training_model_b 2022-09-13T02:26:18.795706+00:00 [queued]>
[2022-09-13 02:26:57,933] {taskinstance.py:1067} INFO - 
--------------------------------------------------------------------------------
[2022-09-13 02:26:57,933] {taskinstance.py:1068} INFO - Starting attempt 1 of 1
[2022-09-13 02:26:57,933] {taskinstance.py:1069} INFO - 
--------------------------------------------------------------------------------
[2022-09-13 02:26:57,959] {taskinstance.py:1087} INFO - Executing <Task(PythonOperator): processing_data.training_model_b> on 2022-09-13T02:26:18.795706+00:00
[2022-09-13 02:26:57,963] {standard_task_runner.py:52} INFO - Started process 38572 to run task
[2022-09-13 02:26:58,026] {standard_task_runner.py:76} INFO - Running: ['airflow', 'tasks', 'run', 'xcom_dag', 'processing_data.training_model_b', '2022-09-13T02:26:18.795706+00:00', '--job-id', '38', '--pool', 'default_pool', '--raw', '--subdir', 'DAGS_FOLDER/xcom_dag.py', '--cfg-path', '/tmp/tmpmvihsipj', '--error-file', '/tmp/tmpq87e4dbc']
[2022-09-13 02:26:58,043] {standard_task_runner.py:77} INFO - Job 38: Subtask processing_data.training_model_b
[2022-09-13 02:26:58,462] {logging_mixin.py:104} INFO - Running <TaskInstance: xcom_dag.processing_data.training_model_b 2022-09-13T02:26:18.795706+00:00 [running]> on host airflowvm
[2022-09-13 02:26:58,910] {taskinstance.py:1280} INFO - Exporting the following env vars:
AIRFLOW_CTX_DAG_OWNER=airflow
AIRFLOW_CTX_DAG_ID=xcom_dag
AIRFLOW_CTX_TASK_ID=processing_data.training_model_b
AIRFLOW_CTX_EXECUTION_DATE=2022-09-13T02:26:18.795706+00:00
AIRFLOW_CTX_DAG_RUN_ID=manual__2022-09-13T02:26:18.795706+00:00
[2022-09-13 02:26:59,013] {python.py:151} INFO - Done. Returned value was: None
[2022-09-13 02:26:59,042] {taskinstance.py:1184} INFO - Marking task as SUCCESS. dag_id=xcom_dag, task_id=processing_data.training_model_b, execution_date=20220913T022618, start_date=20220913T022657, end_date=20220913T022659
[2022-09-13 02:26:59,232] {taskinstance.py:1245} INFO - 0 downstream tasks scheduled from follow-on schedule check
[2022-09-13 02:26:59,265] {local_task_job.py:151} INFO - Task exited with return code 0
