[2022-09-13 02:43:04,598] {taskinstance.py:876} INFO - Dependencies all met for <TaskInstance: xcom_dag.processing_data.training_model_a 2022-09-13T02:26:18.795706+00:00 [queued]>
[2022-09-13 02:43:04,882] {taskinstance.py:876} INFO - Dependencies all met for <TaskInstance: xcom_dag.processing_data.training_model_a 2022-09-13T02:26:18.795706+00:00 [queued]>
[2022-09-13 02:43:04,882] {taskinstance.py:1067} INFO - 
--------------------------------------------------------------------------------
[2022-09-13 02:43:04,883] {taskinstance.py:1068} INFO - Starting attempt 2 of 2
[2022-09-13 02:43:04,883] {taskinstance.py:1069} INFO - 
--------------------------------------------------------------------------------
[2022-09-13 02:43:04,974] {taskinstance.py:1087} INFO - Executing <Task(PythonOperator): processing_data.training_model_a> on 2022-09-13T02:26:18.795706+00:00
[2022-09-13 02:43:05,016] {standard_task_runner.py:52} INFO - Started process 43722 to run task
[2022-09-13 02:43:05,175] {standard_task_runner.py:76} INFO - Running: ['airflow', 'tasks', 'run', 'xcom_dag', 'processing_data.training_model_a', '2022-09-13T02:26:18.795706+00:00', '--job-id', '54', '--pool', 'default_pool', '--raw', '--subdir', 'DAGS_FOLDER/xcom_dag.py', '--cfg-path', '/tmp/tmp1zn4cavz', '--error-file', '/tmp/tmpu2qbs9q2']
[2022-09-13 02:43:05,210] {standard_task_runner.py:77} INFO - Job 54: Subtask processing_data.training_model_a
[2022-09-13 02:43:06,784] {logging_mixin.py:104} INFO - Running <TaskInstance: xcom_dag.processing_data.training_model_a 2022-09-13T02:26:18.795706+00:00 [running]> on host airflowvm
[2022-09-13 02:43:07,972] {taskinstance.py:1280} INFO - Exporting the following env vars:
AIRFLOW_CTX_DAG_OWNER=airflow
AIRFLOW_CTX_DAG_ID=xcom_dag
AIRFLOW_CTX_TASK_ID=processing_data.training_model_a
AIRFLOW_CTX_EXECUTION_DATE=2022-09-13T02:26:18.795706+00:00
AIRFLOW_CTX_DAG_RUN_ID=manual__2022-09-13T02:26:18.795706+00:00
[2022-09-13 02:43:08,274] {python.py:151} INFO - Done. Returned value was: None
[2022-09-13 02:43:08,485] {taskinstance.py:1184} INFO - Marking task as SUCCESS. dag_id=xcom_dag, task_id=processing_data.training_model_a, execution_date=20220913T022618, start_date=20220913T024304, end_date=20220913T024308
[2022-09-13 02:43:09,038] {taskinstance.py:1245} INFO - 0 downstream tasks scheduled from follow-on schedule check
[2022-09-13 02:43:09,072] {local_task_job.py:151} INFO - Task exited with return code 0
