[2022-09-13 00:00:06,539] {taskinstance.py:876} INFO - Dependencies all met for <TaskInstance: parallel_dag.processing_tasks.task_3 2022-09-12T00:00:00+00:00 [queued]>
[2022-09-13 00:00:06,669] {taskinstance.py:876} INFO - Dependencies all met for <TaskInstance: parallel_dag.processing_tasks.task_3 2022-09-12T00:00:00+00:00 [queued]>
[2022-09-13 00:00:06,669] {taskinstance.py:1067} INFO - 
--------------------------------------------------------------------------------
[2022-09-13 00:00:06,669] {taskinstance.py:1068} INFO - Starting attempt 1 of 1
[2022-09-13 00:00:06,677] {taskinstance.py:1069} INFO - 
--------------------------------------------------------------------------------
[2022-09-13 00:00:06,835] {taskinstance.py:1087} INFO - Executing <Task(BashOperator): processing_tasks.task_3> on 2022-09-12T00:00:00+00:00
[2022-09-13 00:00:06,873] {standard_task_runner.py:52} INFO - Started process 19903 to run task
[2022-09-13 00:00:06,937] {standard_task_runner.py:76} INFO - Running: ['airflow', 'tasks', 'run', 'parallel_dag', 'processing_tasks.task_3', '2022-09-12T00:00:00+00:00', '--job-id', '26', '--pool', 'default_pool', '--raw', '--subdir', 'DAGS_FOLDER/parallel_dag.py', '--cfg-path', '/tmp/tmpt2gvahe_', '--error-file', '/tmp/tmpgqp8pkak']
[2022-09-13 00:00:06,940] {standard_task_runner.py:77} INFO - Job 26: Subtask processing_tasks.task_3
[2022-09-13 00:00:07,617] {logging_mixin.py:104} INFO - Running <TaskInstance: parallel_dag.processing_tasks.task_3 2022-09-12T00:00:00+00:00 [running]> on host airflowvm
[2022-09-13 00:00:07,872] {taskinstance.py:1280} INFO - Exporting the following env vars:
AIRFLOW_CTX_DAG_OWNER=airflow
AIRFLOW_CTX_DAG_ID=parallel_dag
AIRFLOW_CTX_TASK_ID=processing_tasks.task_3
AIRFLOW_CTX_EXECUTION_DATE=2022-09-12T00:00:00+00:00
AIRFLOW_CTX_DAG_RUN_ID=scheduled__2022-09-12T00:00:00+00:00
[2022-09-13 00:00:07,872] {subprocess.py:52} INFO - Tmp dir root location: 
 /tmp
[2022-09-13 00:00:07,873] {subprocess.py:63} INFO - Running command: ['bash', '-c', 'sleep 3']
[2022-09-13 00:00:07,884] {subprocess.py:75} INFO - Output:
[2022-09-13 00:00:10,896] {subprocess.py:83} INFO - Command exited with return code 0
[2022-09-13 00:00:11,044] {taskinstance.py:1184} INFO - Marking task as SUCCESS. dag_id=parallel_dag, task_id=processing_tasks.task_3, execution_date=20220912T000000, start_date=20220913T000006, end_date=20220913T000011
[2022-09-13 00:00:11,160] {taskinstance.py:1245} INFO - 0 downstream tasks scheduled from follow-on schedule check
[2022-09-13 00:00:11,187] {local_task_job.py:151} INFO - Task exited with return code 0
