[2022-09-13 00:00:11,824] {taskinstance.py:876} INFO - Dependencies all met for <TaskInstance: parallel_dag.task_4 2022-09-12T00:00:00+00:00 [queued]>
[2022-09-13 00:00:11,976] {taskinstance.py:876} INFO - Dependencies all met for <TaskInstance: parallel_dag.task_4 2022-09-12T00:00:00+00:00 [queued]>
[2022-09-13 00:00:11,976] {taskinstance.py:1067} INFO - 
--------------------------------------------------------------------------------
[2022-09-13 00:00:11,976] {taskinstance.py:1068} INFO - Starting attempt 1 of 1
[2022-09-13 00:00:11,976] {taskinstance.py:1069} INFO - 
--------------------------------------------------------------------------------
[2022-09-13 00:00:11,998] {taskinstance.py:1087} INFO - Executing <Task(BashOperator): task_4> on 2022-09-12T00:00:00+00:00
[2022-09-13 00:00:12,001] {standard_task_runner.py:52} INFO - Started process 20079 to run task
[2022-09-13 00:00:12,018] {standard_task_runner.py:76} INFO - Running: ['airflow', 'tasks', 'run', 'parallel_dag', 'task_4', '2022-09-12T00:00:00+00:00', '--job-id', '28', '--pool', 'default_pool', '--raw', '--subdir', 'DAGS_FOLDER/parallel_dag.py', '--cfg-path', '/tmp/tmpe6293elo', '--error-file', '/tmp/tmpmt9ebmcb']
[2022-09-13 00:00:12,025] {standard_task_runner.py:77} INFO - Job 28: Subtask task_4
[2022-09-13 00:00:12,156] {logging_mixin.py:104} INFO - Running <TaskInstance: parallel_dag.task_4 2022-09-12T00:00:00+00:00 [running]> on host airflowvm
[2022-09-13 00:00:12,285] {taskinstance.py:1280} INFO - Exporting the following env vars:
AIRFLOW_CTX_DAG_OWNER=airflow
AIRFLOW_CTX_DAG_ID=parallel_dag
AIRFLOW_CTX_TASK_ID=task_4
AIRFLOW_CTX_EXECUTION_DATE=2022-09-12T00:00:00+00:00
AIRFLOW_CTX_DAG_RUN_ID=scheduled__2022-09-12T00:00:00+00:00
[2022-09-13 00:00:12,287] {subprocess.py:52} INFO - Tmp dir root location: 
 /tmp
[2022-09-13 00:00:12,288] {subprocess.py:63} INFO - Running command: ['bash', '-c', 'sleep 3']
[2022-09-13 00:00:12,301] {subprocess.py:75} INFO - Output:
[2022-09-13 00:00:15,308] {subprocess.py:83} INFO - Command exited with return code 0
[2022-09-13 00:00:15,434] {taskinstance.py:1184} INFO - Marking task as SUCCESS. dag_id=parallel_dag, task_id=task_4, execution_date=20220912T000000, start_date=20220913T000011, end_date=20220913T000015
[2022-09-13 00:00:15,568] {taskinstance.py:1245} INFO - 0 downstream tasks scheduled from follow-on schedule check
[2022-09-13 00:00:15,577] {local_task_job.py:151} INFO - Task exited with return code 0
